<?xml version="1.0" encoding="UTF-8"?>
<coverage generated="1776067015038" clover="3.2.0">
  <project timestamp="1776067015038" name="All files">
    <metrics statements="1325" coveredstatements="1325" conditionals="351" coveredconditionals="351" methods="92" coveredmethods="92" elements="1768" coveredelements="1768" complexity="0" loc="1325" ncloc="1325" packages="11" files="69" classes="69"/>
    <package name="controllers">
      <metrics statements="279" coveredstatements="279" conditionals="62" coveredconditionals="62" methods="35" coveredmethods="35"/>
      <file name="inbound.js" path="D:\MAGANG PT REVELWARE TECHNOLOGY\PROJECT\backend-api\template-backend-yogiravelware\src\controllers\inbound.js">
        <metrics statements="47" coveredstatements="47" conditionals="10" coveredconditionals="10" methods="5" coveredmethods="5"/>
        <line num="1" count="1" type="stmt"/>
        <line num="2" count="1" type="stmt"/>
        <line num="3" count="1" type="stmt"/>
        <line num="7" count="1" type="stmt"/>
        <line num="10" count="1" type="stmt"/>
        <line num="11" count="2" type="stmt"/>
        <line num="12" count="2" type="stmt"/>
        <line num="13" count="2" type="stmt"/>
        <line num="14" count="1" type="stmt"/>
        <line num="16" count="1" type="stmt"/>
        <line num="21" count="1" type="stmt"/>
        <line num="22" count="2" type="stmt"/>
        <line num="23" count="2" type="stmt"/>
        <line num="24" count="2" type="stmt"/>
        <line num="25" count="1" type="stmt"/>
        <line num="27" count="1" type="stmt"/>
        <line num="32" count="1" type="stmt"/>
        <line num="33" count="2" type="stmt"/>
        <line num="34" count="2" type="stmt"/>
        <line num="35" count="2" type="stmt"/>
        <line num="36" count="1" type="stmt"/>
        <line num="38" count="1" type="stmt"/>
        <line num="43" count="1" type="stmt"/>
        <line num="44" count="4" type="stmt"/>
        <line num="45" count="4" type="stmt"/>
        <line num="47" count="4" type="stmt"/>
        <line num="48" count="4" type="cond" truecount="2" falsecount="0"/>
        <line num="49" count="1" type="stmt"/>
        <line num="55" count="3" type="stmt"/>
        <line num="59" count="2" type="cond" truecount="2" falsecount="0"/>
        <line num="60" count="1" type="stmt"/>
        <line num="62" count="1" type="stmt"/>
        <line num="64" count="1" type="stmt"/>
        <line num="69" count="1" type="stmt"/>
        <line num="70" count="5" type="stmt"/>
        <line num="71" count="5" type="stmt"/>
        <line num="73" count="5" type="stmt"/>
        <line num="74" count="5" type="cond" truecount="2" falsecount="0"/>
        <line num="75" count="1" type="stmt"/>
        <line num="81" count="4" type="cond" truecount="2" falsecount="0"/>
        <line num="82" count="1" type="stmt"/>
        <line num="88" count="3" type="stmt"/>
        <line num="93" count="2" type="cond" truecount="2" falsecount="0"/>
        <line num="94" count="1" type="stmt"/>
        <line num="96" count="1" type="stmt"/>
        <line num="98" count="1" type="stmt"/>
        <line num="102" count="1" type="stmt"/>
      </file>
      <file name="item.js" path="D:\MAGANG PT REVELWARE TECHNOLOGY\PROJECT\backend-api\template-backend-yogiravelware\src\controllers\item.js">
        <metrics statements="53" coveredstatements="53" conditionals="2" coveredconditionals="2" methods="8" coveredmethods="8"/>
        <line num="1" count="1" type="stmt"/>
        <line num="2" count="1" type="stmt"/>
        <line num="3" count="1" type="stmt"/>
        <line num="6" count="1" type="stmt"/>
        <line num="7" count="2" type="stmt"/>
        <line num="8" count="2" type="stmt"/>
        <line num="9" count="2" type="stmt"/>
        <line num="10" count="1" type="stmt"/>
        <line num="12" count="1" type="stmt"/>
        <line num="17" count="1" type="stmt"/>
        <line num="18" count="2" type="stmt"/>
        <line num="19" count="2" type="stmt"/>
        <line num="20" count="2" type="stmt"/>
        <line num="21" count="1" type="stmt"/>
        <line num="23" count="1" type="stmt"/>
        <line num="28" count="1" type="stmt"/>
        <line num="29" count="2" type="stmt"/>
        <line num="30" count="2" type="stmt"/>
        <line num="31" count="2" type="stmt"/>
        <line num="32" count="1" type="stmt"/>
        <line num="34" count="1" type="stmt"/>
        <line num="39" count="1" type="stmt"/>
        <line num="40" count="2" type="stmt"/>
        <line num="41" count="2" type="stmt"/>
        <line num="42" count="2" type="stmt"/>
        <line num="43" count="1" type="stmt"/>
        <line num="45" count="1" type="stmt"/>
        <line num="50" count="1" type="stmt"/>
        <line num="51" count="2" type="stmt"/>
        <line num="52" count="2" type="stmt"/>
        <line num="53" count="2" type="stmt"/>
        <line num="54" count="1" type="stmt"/>
        <line num="56" count="1" type="stmt"/>
        <line num="61" count="1" type="stmt"/>
        <line num="62" count="3" type="stmt"/>
        <line num="63" count="3" type="stmt"/>
        <line num="64" count="3" type="cond" truecount="2" falsecount="0"/>
        <line num="65" count="3" type="stmt"/>
        <line num="66" count="2" type="stmt"/>
        <line num="68" count="1" type="stmt"/>
        <line num="73" count="1" type="stmt"/>
        <line num="74" count="2" type="stmt"/>
        <line num="75" count="2" type="stmt"/>
        <line num="76" count="2" type="stmt"/>
        <line num="77" count="1" type="stmt"/>
        <line num="79" count="1" type="stmt"/>
        <line num="84" count="1" type="stmt"/>
        <line num="85" count="2" type="stmt"/>
        <line num="86" count="2" type="stmt"/>
        <line num="87" count="2" type="stmt"/>
        <line num="88" count="1" type="stmt"/>
        <line num="90" count="1" type="stmt"/>
        <line num="94" count="1" type="stmt"/>
      </file>
      <file name="location.js" path="D:\MAGANG PT REVELWARE TECHNOLOGY\PROJECT\backend-api\template-backend-yogiravelware\src\controllers\location.js">
        <metrics statements="65" coveredstatements="65" conditionals="48" coveredconditionals="48" methods="5" coveredmethods="5"/>
        <line num="1" count="1" type="stmt"/>
        <line num="2" count="1" type="stmt"/>
        <line num="3" count="1" type="stmt"/>
        <line num="7" count="1" type="stmt"/>
        <line num="10" count="1" type="stmt"/>
        <line num="11" count="5" type="stmt"/>
        <line num="12" count="5" type="stmt"/>
        <line num="14" count="5" type="stmt"/>
        <line num="15" count="5" type="cond" truecount="2" falsecount="0"/>
        <line num="16" count="1" type="stmt"/>
        <line num="24" count="4" type="stmt"/>
        <line num="26" count="4" type="stmt"/>
        <line num="30" count="4" type="cond" truecount="2" falsecount="0"/>
        <line num="31" count="1" type="stmt"/>
        <line num="38" count="3" type="stmt"/>
        <line num="42" count="3" type="cond" truecount="2" falsecount="0"/>
        <line num="43" count="1" type="stmt"/>
        <line num="50" count="2" type="stmt"/>
        <line num="62" count="1" type="stmt"/>
        <line num="78" count="1" type="stmt"/>
        <line num="83" count="1" type="stmt"/>
        <line num="84" count="2" type="stmt"/>
        <line num="85" count="2" type="stmt"/>
        <line num="86" count="2" type="stmt"/>
        <line num="101" count="1" type="stmt"/>
        <line num="108" count="1" type="stmt"/>
        <line num="113" count="1" type="stmt"/>
        <line num="114" count="3" type="stmt"/>
        <line num="115" count="3" type="stmt"/>
        <line num="116" count="3" type="stmt"/>
        <line num="130" count="2" type="cond" truecount="2" falsecount="0"/>
        <line num="131" count="1" type="stmt"/>
        <line num="138" count="1" type="stmt"/>
        <line num="142" count="1" type="stmt"/>
        <line num="147" count="1" type="stmt"/>
        <line num="148" count="7" type="stmt"/>
        <line num="149" count="7" type="stmt"/>
        <line num="151" count="7" type="stmt"/>
        <line num="152" count="7" type="cond" truecount="2" falsecount="0"/>
        <line num="153" count="1" type="stmt"/>
        <line num="160" count="6" type="stmt"/>
        <line num="162" count="5" type="cond" truecount="2" falsecount="0"/>
        <line num="163" count="1" type="stmt"/>
        <line num="170" count="4" type="stmt"/>
        <line num="172" count="4" type="cond" truecount="4" falsecount="0"/>
        <line num="173" count="2" type="stmt"/>
        <line num="176" count="2" type="cond" truecount="2" falsecount="0"/>
        <line num="177" count="1" type="stmt"/>
        <line num="185" count="3" type="cond" truecount="4" falsecount="0"/>
        <line num="186" count="2" type="stmt"/>
        <line num="189" count="2" type="cond" truecount="2" falsecount="0"/>
        <line num="190" count="1" type="stmt"/>
        <line num="198" count="2" type="stmt"/>
        <line num="210" count="2" type="stmt"/>
        <line num="226" count="1" type="stmt"/>
        <line num="231" count="1" type="stmt"/>
        <line num="232" count="3" type="stmt"/>
        <line num="233" count="3" type="stmt"/>
        <line num="234" count="3" type="stmt"/>
        <line num="236" count="2" type="cond" truecount="2" falsecount="0"/>
        <line num="237" count="1" type="stmt"/>
        <line num="244" count="1" type="stmt"/>
        <line num="246" count="1" type="stmt"/>
        <line num="250" count="1" type="stmt"/>
        <line num="254" count="1" type="stmt"/>
      </file>
      <file name="outbound.js" path="D:\MAGANG PT REVELWARE TECHNOLOGY\PROJECT\backend-api\template-backend-yogiravelware\src\controllers\outbound.js">
        <metrics statements="28" coveredstatements="28" conditionals="0" coveredconditionals="0" methods="4" coveredmethods="4"/>
        <line num="1" count="1" type="stmt"/>
        <line num="2" count="1" type="stmt"/>
        <line num="3" count="1" type="stmt"/>
        <line num="6" count="1" type="stmt"/>
        <line num="7" count="2" type="stmt"/>
        <line num="8" count="2" type="stmt"/>
        <line num="9" count="2" type="stmt"/>
        <line num="10" count="1" type="stmt"/>
        <line num="12" count="1" type="stmt"/>
        <line num="17" count="1" type="stmt"/>
        <line num="18" count="2" type="stmt"/>
        <line num="19" count="2" type="stmt"/>
        <line num="20" count="2" type="stmt"/>
        <line num="21" count="1" type="stmt"/>
        <line num="23" count="1" type="stmt"/>
        <line num="28" count="1" type="stmt"/>
        <line num="29" count="2" type="stmt"/>
        <line num="30" count="2" type="stmt"/>
        <line num="31" count="2" type="stmt"/>
        <line num="32" count="1" type="stmt"/>
        <line num="34" count="1" type="stmt"/>
        <line num="39" count="1" type="stmt"/>
        <line num="40" count="2" type="stmt"/>
        <line num="41" count="2" type="stmt"/>
        <line num="42" count="2" type="stmt"/>
        <line num="43" count="1" type="stmt"/>
        <line num="45" count="1" type="stmt"/>
        <line num="49" count="1" type="stmt"/>
      </file>
      <file name="role.js" path="D:\MAGANG PT REVELWARE TECHNOLOGY\PROJECT\backend-api\template-backend-yogiravelware\src\controllers\role.js">
        <metrics statements="33" coveredstatements="33" conditionals="2" coveredconditionals="2" methods="5" coveredmethods="5"/>
        <line num="1" count="1" type="stmt"/>
        <line num="2" count="1" type="stmt"/>
        <line num="3" count="1" type="stmt"/>
        <line num="4" count="1" type="stmt"/>
        <line num="5" count="1" type="stmt"/>
        <line num="7" count="1" type="stmt"/>
        <line num="8" count="2" type="stmt"/>
        <line num="9" count="2" type="stmt"/>
        <line num="10" count="2" type="stmt"/>
        <line num="21" count="1" type="stmt"/>
        <line num="22" count="1" type="stmt"/>
        <line num="23" count="1" type="stmt"/>
        <line num="24" count="1" type="stmt"/>
        <line num="25" count="1" type="stmt"/>
        <line num="28" count="1" type="stmt"/>
        <line num="30" count="1" type="stmt"/>
        <line num="31" count="1" type="stmt"/>
        <line num="35" count="1" type="stmt"/>
        <line num="36" count="2" type="stmt"/>
        <line num="37" count="2" type="stmt"/>
        <line num="38" count="1" type="stmt"/>
        <line num="40" count="1" type="stmt"/>
        <line num="41" count="1" type="stmt"/>
        <line num="45" count="1" type="stmt"/>
        <line num="46" count="3" type="stmt"/>
        <line num="47" count="3" type="stmt"/>
        <line num="49" count="3" type="stmt"/>
        <line num="50" count="3" type="stmt"/>
        <line num="51" count="1" type="stmt"/>
        <line num="53" count="2" type="stmt"/>
        <line num="54" count="2" type="cond" truecount="2" falsecount="0"/>
        <line num="55" count="2" type="stmt"/>
        <line num="59" count="1" type="stmt"/>
      </file>
      <file name="user.js" path="D:\MAGANG PT REVELWARE TECHNOLOGY\PROJECT\backend-api\template-backend-yogiravelware\src\controllers\user.js">
        <metrics statements="53" coveredstatements="53" conditionals="0" coveredconditionals="0" methods="8" coveredmethods="8"/>
        <line num="2" count="1" type="stmt"/>
        <line num="3" count="1" type="stmt"/>
        <line num="4" count="1" type="stmt"/>
        <line num="7" count="1" type="stmt"/>
        <line num="8" count="2" type="stmt"/>
        <line num="9" count="2" type="stmt"/>
        <line num="10" count="2" type="stmt"/>
        <line num="11" count="1" type="stmt"/>
        <line num="13" count="1" type="stmt"/>
        <line num="18" count="1" type="stmt"/>
        <line num="19" count="2" type="stmt"/>
        <line num="20" count="2" type="stmt"/>
        <line num="21" count="2" type="stmt"/>
        <line num="22" count="1" type="stmt"/>
        <line num="24" count="1" type="stmt"/>
        <line num="29" count="1" type="stmt"/>
        <line num="30" count="2" type="stmt"/>
        <line num="31" count="2" type="stmt"/>
        <line num="32" count="2" type="stmt"/>
        <line num="33" count="1" type="stmt"/>
        <line num="35" count="1" type="stmt"/>
        <line num="40" count="1" type="stmt"/>
        <line num="41" count="2" type="stmt"/>
        <line num="42" count="2" type="stmt"/>
        <line num="43" count="2" type="stmt"/>
        <line num="44" count="1" type="stmt"/>
        <line num="46" count="1" type="stmt"/>
        <line num="51" count="1" type="stmt"/>
        <line num="52" count="2" type="stmt"/>
        <line num="53" count="2" type="stmt"/>
        <line num="54" count="2" type="stmt"/>
        <line num="55" count="1" type="stmt"/>
        <line num="57" count="1" type="stmt"/>
        <line num="62" count="1" type="stmt"/>
        <line num="63" count="2" type="stmt"/>
        <line num="64" count="2" type="stmt"/>
        <line num="65" count="2" type="stmt"/>
        <line num="66" count="1" type="stmt"/>
        <line num="68" count="1" type="stmt"/>
        <line num="73" count="1" type="stmt"/>
        <line num="74" count="2" type="stmt"/>
        <line num="75" count="2" type="stmt"/>
        <line num="76" count="2" type="stmt"/>
        <line num="77" count="1" type="stmt"/>
        <line num="79" count="1" type="stmt"/>
        <line num="83" count="1" type="stmt"/>
        <line num="84" count="2" type="stmt"/>
        <line num="85" count="2" type="stmt"/>
        <line num="86" count="2" type="stmt"/>
        <line num="87" count="2" type="stmt"/>
        <line num="88" count="1" type="stmt"/>
        <line num="90" count="1" type="stmt"/>
        <line num="94" count="1" type="stmt"/>
      </file>
    </package>
    <package name="middlewares">
      <metrics statements="48" coveredstatements="48" conditionals="11" coveredconditionals="11" methods="6" coveredmethods="6"/>
      <file name="auth-middleware.js" path="D:\MAGANG PT REVELWARE TECHNOLOGY\PROJECT\backend-api\template-backend-yogiravelware\src\middlewares\auth-middleware.js">
        <metrics statements="15" coveredstatements="15" conditionals="2" coveredconditionals="2" methods="1" coveredmethods="1"/>
        <line num="2" count="1" type="stmt"/>
        <line num="3" count="1" type="stmt"/>
        <line num="4" count="1" type="stmt"/>
        <line num="6" count="1" type="stmt"/>
        <line num="7" count="4" type="stmt"/>
        <line num="9" count="4" type="cond" truecount="2" falsecount="0"/>
        <line num="10" count="2" type="stmt"/>
        <line num="13" count="2" type="stmt"/>
        <line num="15" count="2" type="stmt"/>
        <line num="16" count="2" type="stmt"/>
        <line num="17" count="1" type="stmt"/>
        <line num="22" count="1" type="stmt"/>
        <line num="24" count="1" type="stmt"/>
        <line num="25" count="1" type="stmt"/>
        <line num="29" count="1" type="stmt"/>
      </file>
      <file name="error-middleware.js" path="D:\MAGANG PT REVELWARE TECHNOLOGY\PROJECT\backend-api\template-backend-yogiravelware\src\middlewares\error-middleware.js">
        <metrics statements="8" coveredstatements="8" conditionals="5" coveredconditionals="5" methods="1" coveredmethods="1"/>
        <line num="2" count="1" type="stmt"/>
        <line num="3" count="1" type="stmt"/>
        <line num="5" count="1" type="stmt"/>
        <line num="6" count="2" type="cond" truecount="3" falsecount="0"/>
        <line num="7" count="2" type="cond" truecount="2" falsecount="0"/>
        <line num="9" count="2" type="stmt"/>
        <line num="11" count="2" type="stmt"/>
        <line num="14" count="1" type="stmt"/>
      </file>
      <file name="permission-middleware.js" path="D:\MAGANG PT REVELWARE TECHNOLOGY\PROJECT\backend-api\template-backend-yogiravelware\src\middlewares\permission-middleware.js">
        <metrics statements="17" coveredstatements="17" conditionals="4" coveredconditionals="4" methods="2" coveredmethods="2"/>
        <line num="1" count="1" type="stmt"/>
        <line num="2" count="1" type="stmt"/>
        <line num="3" count="1" type="stmt"/>
        <line num="5" count="1" type="stmt"/>
        <line num="6" count="4" type="stmt"/>
        <line num="7" count="4" type="stmt"/>
        <line num="8" count="4" type="cond" truecount="2" falsecount="0"/>
        <line num="9" count="1" type="stmt"/>
        <line num="10" count="1" type="stmt"/>
        <line num="13" count="3" type="stmt"/>
        <line num="15" count="2" type="cond" truecount="2" falsecount="0"/>
        <line num="16" count="1" type="stmt"/>
        <line num="17" count="1" type="stmt"/>
        <line num="22" count="1" type="stmt"/>
        <line num="24" count="1" type="stmt"/>
        <line num="25" count="1" type="stmt"/>
        <line num="30" count="1" type="stmt"/>
      </file>
      <file name="request-logger.js" path="D:\MAGANG PT REVELWARE TECHNOLOGY\PROJECT\backend-api\template-backend-yogiravelware\src\middlewares\request-logger.js">
        <metrics statements="8" coveredstatements="8" conditionals="0" coveredconditionals="0" methods="2" coveredmethods="2"/>
        <line num="1" count="1" type="stmt"/>
        <line num="3" count="1" type="stmt"/>
        <line num="4" count="1" type="stmt"/>
        <line num="5" count="1" type="stmt"/>
        <line num="6" count="1" type="stmt"/>
        <line num="7" count="1" type="stmt"/>
        <line num="11" count="1" type="stmt"/>
        <line num="14" count="1" type="stmt"/>
      </file>
    </package>
    <package name="models">
      <metrics statements="66" coveredstatements="66" conditionals="0" coveredconditionals="0" methods="0" coveredmethods="0"/>
      <file name="Inbound.js" path="D:\MAGANG PT REVELWARE TECHNOLOGY\PROJECT\backend-api\template-backend-yogiravelware\src\models\Inbound.js">
        <metrics statements="4" coveredstatements="4" conditionals="0" coveredconditionals="0" methods="0" coveredmethods="0"/>
        <line num="1" count="6" type="stmt"/>
        <line num="2" count="6" type="stmt"/>
        <line num="4" count="6" type="stmt"/>
        <line num="37" count="6" type="stmt"/>
      </file>
      <file name="InboundItem.js" path="D:\MAGANG PT REVELWARE TECHNOLOGY\PROJECT\backend-api\template-backend-yogiravelware\src\models\InboundItem.js">
        <metrics statements="4" coveredstatements="4" conditionals="0" coveredconditionals="0" methods="0" coveredmethods="0"/>
        <line num="1" count="6" type="stmt"/>
        <line num="2" count="6" type="stmt"/>
        <line num="4" count="6" type="stmt"/>
        <line num="44" count="6" type="stmt"/>
      </file>
      <file name="InboundReceivingLog.js" path="D:\MAGANG PT REVELWARE TECHNOLOGY\PROJECT\backend-api\template-backend-yogiravelware\src\models\InboundReceivingLog.js">
        <metrics statements="4" coveredstatements="4" conditionals="0" coveredconditionals="0" methods="0" coveredmethods="0"/>
        <line num="1" count="2" type="stmt"/>
        <line num="2" count="2" type="stmt"/>
        <line num="4" count="2" type="stmt"/>
        <line num="36" count="2" type="stmt"/>
      </file>
      <file name="InventoryMovement.js" path="D:\MAGANG PT REVELWARE TECHNOLOGY\PROJECT\backend-api\template-backend-yogiravelware\src\models\InventoryMovement.js">
        <metrics statements="4" coveredstatements="4" conditionals="0" coveredconditionals="0" methods="0" coveredmethods="0"/>
        <line num="1" count="13" type="stmt"/>
        <line num="2" count="13" type="stmt"/>
        <line num="4" count="13" type="stmt"/>
        <line num="63" count="13" type="stmt"/>
      </file>
      <file name="Item.js" path="D:\MAGANG PT REVELWARE TECHNOLOGY\PROJECT\backend-api\template-backend-yogiravelware\src\models\Item.js">
        <metrics statements="11" coveredstatements="11" conditionals="0" coveredconditionals="0" methods="0" coveredmethods="0"/>
        <line num="1" count="13" type="stmt"/>
        <line num="2" count="13" type="stmt"/>
        <line num="4" count="13" type="stmt"/>
        <line num="56" count="13" type="stmt"/>
        <line num="57" count="13" type="stmt"/>
        <line num="58" count="13" type="stmt"/>
        <line num="60" count="13" type="stmt"/>
        <line num="67" count="13" type="stmt"/>
        <line num="72" count="13" type="stmt"/>
        <line num="77" count="13" type="stmt"/>
        <line num="82" count="13" type="stmt"/>
      </file>
      <file name="ItemLocation.js" path="D:\MAGANG PT REVELWARE TECHNOLOGY\PROJECT\backend-api\template-backend-yogiravelware\src\models\ItemLocation.js">
        <metrics statements="4" coveredstatements="4" conditionals="0" coveredconditionals="0" methods="0" coveredmethods="0"/>
        <line num="1" count="13" type="stmt"/>
        <line num="2" count="13" type="stmt"/>
        <line num="4" count="13" type="stmt"/>
        <line num="48" count="13" type="stmt"/>
      </file>
      <file name="Location.js" path="D:\MAGANG PT REVELWARE TECHNOLOGY\PROJECT\backend-api\template-backend-yogiravelware\src\models\Location.js">
        <metrics statements="4" coveredstatements="4" conditionals="0" coveredconditionals="0" methods="0" coveredmethods="0"/>
        <line num="1" count="16" type="stmt"/>
        <line num="2" count="16" type="stmt"/>
        <line num="4" count="16" type="stmt"/>
        <line num="58" count="16" type="stmt"/>
      </file>
      <file name="Outbound.js" path="D:\MAGANG PT REVELWARE TECHNOLOGY\PROJECT\backend-api\template-backend-yogiravelware\src\models\Outbound.js">
        <metrics statements="4" coveredstatements="4" conditionals="0" coveredconditionals="0" methods="0" coveredmethods="0"/>
        <line num="1" count="5" type="stmt"/>
        <line num="2" count="5" type="stmt"/>
        <line num="4" count="5" type="stmt"/>
        <line num="41" count="5" type="stmt"/>
      </file>
      <file name="OutboundItem.js" path="D:\MAGANG PT REVELWARE TECHNOLOGY\PROJECT\backend-api\template-backend-yogiravelware\src\models\OutboundItem.js">
        <metrics statements="4" coveredstatements="4" conditionals="0" coveredconditionals="0" methods="0" coveredmethods="0"/>
        <line num="1" count="5" type="stmt"/>
        <line num="2" count="5" type="stmt"/>
        <line num="4" count="5" type="stmt"/>
        <line num="44" count="5" type="stmt"/>
      </file>
      <file name="Permission.js" path="D:\MAGANG PT REVELWARE TECHNOLOGY\PROJECT\backend-api\template-backend-yogiravelware\src\models\Permission.js">
        <metrics statements="4" coveredstatements="4" conditionals="0" coveredconditionals="0" methods="0" coveredmethods="0"/>
        <line num="1" count="8" type="stmt"/>
        <line num="2" count="8" type="stmt"/>
        <line num="4" count="8" type="stmt"/>
        <line num="35" count="8" type="stmt"/>
      </file>
      <file name="Role.js" path="D:\MAGANG PT REVELWARE TECHNOLOGY\PROJECT\backend-api\template-backend-yogiravelware\src\models\Role.js">
        <metrics statements="4" coveredstatements="4" conditionals="0" coveredconditionals="0" methods="0" coveredmethods="0"/>
        <line num="1" count="14" type="stmt"/>
        <line num="2" count="14" type="stmt"/>
        <line num="4" count="14" type="stmt"/>
        <line num="31" count="14" type="stmt"/>
      </file>
      <file name="RolePermission.js" path="D:\MAGANG PT REVELWARE TECHNOLOGY\PROJECT\backend-api\template-backend-yogiravelware\src\models\RolePermission.js">
        <metrics statements="8" coveredstatements="8" conditionals="0" coveredconditionals="0" methods="0" coveredmethods="0"/>
        <line num="1" count="2" type="stmt"/>
        <line num="2" count="2" type="stmt"/>
        <line num="3" count="2" type="stmt"/>
        <line num="4" count="2" type="stmt"/>
        <line num="6" count="2" type="stmt"/>
        <line num="38" count="2" type="stmt"/>
        <line num="43" count="2" type="stmt"/>
        <line num="49" count="2" type="stmt"/>
      </file>
      <file name="User.js" path="D:\MAGANG PT REVELWARE TECHNOLOGY\PROJECT\backend-api\template-backend-yogiravelware\src\models\User.js">
        <metrics statements="7" coveredstatements="7" conditionals="0" coveredconditionals="0" methods="0" coveredmethods="0"/>
        <line num="1" count="8" type="stmt"/>
        <line num="2" count="8" type="stmt"/>
        <line num="3" count="8" type="stmt"/>
        <line num="5" count="8" type="stmt"/>
        <line num="50" count="8" type="stmt"/>
        <line num="51" count="8" type="stmt"/>
        <line num="53" count="8" type="stmt"/>
      </file>
    </package>
    <package name="services.inbound">
      <metrics statements="178" coveredstatements="178" conditionals="50" coveredconditionals="50" methods="9" coveredmethods="9"/>
      <file name="create-inbound-service.js" path="D:\MAGANG PT REVELWARE TECHNOLOGY\PROJECT\backend-api\template-backend-yogiravelware\src\services\inbound\create-inbound-service.js">
        <metrics statements="34" coveredstatements="34" conditionals="6" coveredconditionals="6" methods="1" coveredmethods="1"/>
        <line num="1" count="2" type="stmt"/>
        <line num="2" count="2" type="stmt"/>
        <line num="3" count="2" type="stmt"/>
        <line num="4" count="2" type="stmt"/>
        <line num="5" count="2" type="stmt"/>
        <line num="8" count="2" type="stmt"/>
        <line num="9" count="4" type="stmt"/>
        <line num="10" count="4" type="stmt"/>
        <line num="11" count="4" type="cond" truecount="2" falsecount="0"/>
        <line num="12" count="1" type="stmt"/>
        <line num="13" count="1" type="stmt"/>
        <line num="14" count="1" type="stmt"/>
        <line num="15" count="1" type="stmt"/>
        <line num="18" count="3" type="stmt"/>
        <line num="21" count="3" type="stmt"/>
        <line num="22" count="3" type="cond" truecount="2" falsecount="0"/>
        <line num="23" count="1" type="stmt"/>
        <line num="24" count="1" type="stmt"/>
        <line num="25" count="1" type="stmt"/>
        <line num="26" count="1" type="stmt"/>
        <line num="30" count="2" type="stmt"/>
        <line num="34" count="2" type="stmt"/>
        <line num="37" count="2" type="stmt"/>
        <line num="38" count="2" type="stmt"/>
        <line num="39" count="2" type="cond" truecount="2" falsecount="0"/>
        <line num="40" count="1" type="stmt"/>
        <line num="41" count="1" type="stmt"/>
        <line num="42" count="1" type="stmt"/>
        <line num="43" count="1" type="stmt"/>
        <line num="48" count="1" type="stmt"/>
        <line num="49" count="1" type="stmt"/>
        <line num="56" count="1" type="stmt"/>
        <line num="58" count="1" type="stmt"/>
        <line num="61" count="2" type="stmt"/>
      </file>
      <file name="get-inbound-detail-service.js" path="D:\MAGANG PT REVELWARE TECHNOLOGY\PROJECT\backend-api\template-backend-yogiravelware\src\services\inbound\get-inbound-detail-service.js">
        <metrics statements="19" coveredstatements="19" conditionals="8" coveredconditionals="8" methods="2" coveredmethods="2"/>
        <line num="1" count="2" type="stmt"/>
        <line num="2" count="2" type="stmt"/>
        <line num="3" count="2" type="stmt"/>
        <line num="4" count="2" type="stmt"/>
        <line num="7" count="2" type="stmt"/>
        <line num="8" count="3" type="stmt"/>
        <line num="9" count="3" type="stmt"/>
        <line num="10" count="3" type="cond" truecount="2" falsecount="0"/>
        <line num="11" count="1" type="stmt"/>
        <line num="12" count="1" type="stmt"/>
        <line num="13" count="1" type="stmt"/>
        <line num="14" count="1" type="stmt"/>
        <line num="17" count="2" type="stmt"/>
        <line num="23" count="2" type="stmt"/>
        <line num="25" count="2" type="stmt"/>
        <line num="29" count="2" type="stmt"/>
        <line num="37" count="2" type="stmt"/>
        <line num="38" count="2" type="stmt"/>
        <line num="44" count="2" type="stmt"/>
      </file>
      <file name="get-inbounds-service.js" path="D:\MAGANG PT REVELWARE TECHNOLOGY\PROJECT\backend-api\template-backend-yogiravelware\src\services\inbound\get-inbounds-service.js">
        <metrics statements="13" coveredstatements="13" conditionals="6" coveredconditionals="6" methods="2" coveredmethods="2"/>
        <line num="1" count="2" type="stmt"/>
        <line num="2" count="2" type="stmt"/>
        <line num="3" count="2" type="stmt"/>
        <line num="4" count="2" type="stmt"/>
        <line num="7" count="2" type="stmt"/>
        <line num="8" count="1" type="stmt"/>
        <line num="9" count="1" type="stmt"/>
        <line num="15" count="1" type="stmt"/>
        <line num="17" count="2" type="stmt"/>
        <line num="23" count="2" type="stmt"/>
        <line num="32" count="1" type="stmt"/>
        <line num="33" count="1" type="stmt"/>
        <line num="36" count="2" type="stmt"/>
      </file>
      <file name="index.js" path="D:\MAGANG PT REVELWARE TECHNOLOGY\PROJECT\backend-api\template-backend-yogiravelware\src\services\inbound\index.js">
        <metrics statements="6" coveredstatements="6" conditionals="0" coveredconditionals="0" methods="0" coveredmethods="0"/>
        <line num="1" count="1" type="stmt"/>
        <line num="2" count="1" type="stmt"/>
        <line num="3" count="1" type="stmt"/>
        <line num="4" count="1" type="stmt"/>
        <line num="5" count="1" type="stmt"/>
        <line num="7" count="1" type="stmt"/>
      </file>
      <file name="scan-item-service.js" path="D:\MAGANG PT REVELWARE TECHNOLOGY\PROJECT\backend-api\template-backend-yogiravelware\src\services\inbound\scan-item-service.js">
        <metrics statements="31" coveredstatements="31" conditionals="10" coveredconditionals="10" methods="1" coveredmethods="1"/>
        <line num="1" count="2" type="stmt"/>
        <line num="2" count="2" type="stmt"/>
        <line num="3" count="2" type="stmt"/>
        <line num="4" count="2" type="stmt"/>
        <line num="5" count="2" type="stmt"/>
        <line num="7" count="2" type="stmt"/>
        <line num="8" count="7" type="stmt"/>
        <line num="9" count="7" type="stmt"/>
        <line num="11" count="7" type="stmt"/>
        <line num="12" count="6" type="cond" truecount="2" falsecount="0"/>
        <line num="13" count="1" type="stmt"/>
        <line num="14" count="1" type="stmt"/>
        <line num="19" count="5" type="cond" truecount="2" falsecount="0"/>
        <line num="20" count="1" type="stmt"/>
        <line num="21" count="1" type="stmt"/>
        <line num="27" count="4" type="stmt"/>
        <line num="31" count="4" type="cond" truecount="2" falsecount="0"/>
        <line num="32" count="1" type="stmt"/>
        <line num="33" count="1" type="stmt"/>
        <line num="39" count="3" type="stmt"/>
        <line num="46" count="3" type="cond" truecount="2" falsecount="0"/>
        <line num="47" count="1" type="stmt"/>
        <line num="48" count="1" type="stmt"/>
        <line num="54" count="2" type="cond" truecount="2" falsecount="0"/>
        <line num="55" count="1" type="stmt"/>
        <line num="56" count="1" type="stmt"/>
        <line num="62" count="1" type="stmt"/>
        <line num="63" count="1" type="stmt"/>
        <line num="86" count="1" type="stmt"/>
        <line num="87" count="1" type="stmt"/>
        <line num="96" count="2" type="stmt"/>
      </file>
      <file name="set-location-service.js" path="D:\MAGANG PT REVELWARE TECHNOLOGY\PROJECT\backend-api\template-backend-yogiravelware\src\services\inbound\set-location-service.js">
        <metrics statements="75" coveredstatements="75" conditionals="20" coveredconditionals="20" methods="3" coveredmethods="3"/>
        <line num="1" count="2" type="stmt"/>
        <line num="2" count="2" type="stmt"/>
        <line num="3" count="2" type="stmt"/>
        <line num="4" count="2" type="stmt"/>
        <line num="5" count="2" type="stmt"/>
        <line num="6" count="2" type="stmt"/>
        <line num="7" count="2" type="stmt"/>
        <line num="8" count="2" type="stmt"/>
        <line num="9" count="2" type="stmt"/>
        <line num="10" count="2" type="stmt"/>
        <line num="11" count="2" type="stmt"/>
        <line num="13" count="2" type="stmt"/>
        <line num="14" count="12" type="stmt"/>
        <line num="17" count="12" type="stmt"/>
        <line num="18" count="12" type="stmt"/>
        <line num="20" count="11" type="stmt"/>
        <line num="25" count="10" type="cond" truecount="2" falsecount="0"/>
        <line num="26" count="1" type="stmt"/>
        <line num="27" count="1" type="stmt"/>
        <line num="28" count="1" type="stmt"/>
        <line num="33" count="9" type="cond" truecount="2" falsecount="0"/>
        <line num="34" count="1" type="stmt"/>
        <line num="35" count="1" type="stmt"/>
        <line num="36" count="1" type="stmt"/>
        <line num="42" count="8" type="stmt"/>
        <line num="43" count="8" type="cond" truecount="2" falsecount="0"/>
        <line num="44" count="1" type="stmt"/>
        <line num="45" count="1" type="stmt"/>
        <line num="46" count="1" type="stmt"/>
        <line num="51" count="7" type="stmt"/>
        <line num="59" count="7" type="cond" truecount="2" falsecount="0"/>
        <line num="60" count="1" type="stmt"/>
        <line num="61" count="1" type="stmt"/>
        <line num="62" count="1" type="stmt"/>
        <line num="68" count="6" type="cond" truecount="2" falsecount="0"/>
        <line num="69" count="1" type="stmt"/>
        <line num="70" count="1" type="stmt"/>
        <line num="71" count="1" type="stmt"/>
        <line num="77" count="5" type="stmt"/>
        <line num="78" count="5" type="stmt"/>
        <line num="79" count="5" type="stmt"/>
        <line num="82" count="5" type="stmt"/>
        <line num="88" count="5" type="stmt"/>
        <line num="91" count="5" type="stmt"/>
        <line num="96" count="5" type="cond" truecount="2" falsecount="0"/>
        <line num="98" count="4" type="stmt"/>
        <line num="103" count="4" type="cond" truecount="2" falsecount="0"/>
        <line num="104" count="3" type="stmt"/>
        <line num="105" count="3" type="stmt"/>
        <line num="107" count="1" type="stmt"/>
        <line num="113" count="4" type="stmt"/>
        <line num="116" count="4" type="stmt"/>
        <line num="117" count="4" type="stmt"/>
        <line num="120" count="4" type="stmt"/>
        <line num="129" count="4" type="stmt"/>
        <line num="133" count="5" type="stmt"/>
        <line num="138" count="5" type="stmt"/>
        <line num="139" count="6" type="stmt"/>
        <line num="143" count="5" type="cond" truecount="2" falsecount="0"/>
        <line num="144" count="1" type="stmt"/>
        <line num="145" count="1" type="stmt"/>
        <line num="146" count="1" type="stmt"/>
        <line num="147" count="4" type="cond" truecount="2" falsecount="0"/>
        <line num="148" count="1" type="stmt"/>
        <line num="149" count="1" type="stmt"/>
        <line num="150" count="1" type="stmt"/>
        <line num="153" count="5" type="stmt"/>
        <line num="154" count="5" type="stmt"/>
        <line num="157" count="5" type="stmt"/>
        <line num="158" count="7" type="stmt"/>
        <line num="161" count="5" type="stmt"/>
        <line num="194" count="2" type="cond" truecount="2" falsecount="0"/>
        <line num="195" count="2" type="stmt"/>
        <line num="196" count="2" type="stmt"/>
        <line num="205" count="2" type="stmt"/>
      </file>
    </package>
    <package name="services.inventory">
      <metrics statements="63" coveredstatements="63" conditionals="26" coveredconditionals="26" methods="1" coveredmethods="1"/>
      <file name="transfer-location-service.js" path="D:\MAGANG PT REVELWARE TECHNOLOGY\PROJECT\backend-api\template-backend-yogiravelware\src\services\inventory\transfer-location-service.js">
        <metrics statements="63" coveredstatements="63" conditionals="26" coveredconditionals="26" methods="1" coveredmethods="1"/>
        <line num="1" count="1" type="stmt"/>
        <line num="2" count="1" type="stmt"/>
        <line num="3" count="1" type="stmt"/>
        <line num="4" count="1" type="stmt"/>
        <line num="5" count="1" type="stmt"/>
        <line num="6" count="1" type="stmt"/>
        <line num="7" count="1" type="stmt"/>
        <line num="8" count="1" type="stmt"/>
        <line num="10" count="1" type="stmt"/>
        <line num="11" count="10" type="stmt"/>
        <line num="13" count="10" type="stmt"/>
        <line num="14" count="10" type="cond" truecount="2" falsecount="0"/>
        <line num="15" count="1" type="stmt"/>
        <line num="16" count="1" type="stmt"/>
        <line num="17" count="1" type="stmt"/>
        <line num="18" count="1" type="stmt"/>
        <line num="21" count="9" type="stmt"/>
        <line num="23" count="9" type="cond" truecount="2" falsecount="0"/>
        <line num="24" count="1" type="stmt"/>
        <line num="25" count="1" type="stmt"/>
        <line num="26" count="1" type="stmt"/>
        <line num="30" count="8" type="stmt"/>
        <line num="31" count="8" type="stmt"/>
        <line num="33" count="7" type="stmt"/>
        <line num="34" count="7" type="cond" truecount="2" falsecount="0"/>
        <line num="35" count="1" type="stmt"/>
        <line num="36" count="1" type="stmt"/>
        <line num="37" count="1" type="stmt"/>
        <line num="41" count="6" type="stmt"/>
        <line num="42" count="6" type="stmt"/>
        <line num="44" count="6" type="cond" truecount="4" falsecount="0"/>
        <line num="45" count="1" type="stmt"/>
        <line num="46" count="1" type="stmt"/>
        <line num="47" count="1" type="stmt"/>
        <line num="49" count="5" type="cond" truecount="4" falsecount="0"/>
        <line num="50" count="1" type="stmt"/>
        <line num="51" count="1" type="stmt"/>
        <line num="52" count="1" type="stmt"/>
        <line num="56" count="4" type="stmt"/>
        <line num="61" count="4" type="cond" truecount="4" falsecount="0"/>
        <line num="62" count="2" type="cond" truecount="2" falsecount="0"/>
        <line num="63" count="2" type="stmt"/>
        <line num="64" count="2" type="stmt"/>
        <line num="69" count="2" type="stmt"/>
        <line num="71" count="2" type="cond" truecount="2" falsecount="0"/>
        <line num="72" count="1" type="stmt"/>
        <line num="73" count="1" type="stmt"/>
        <line num="75" count="1" type="stmt"/>
        <line num="78" count="2" type="stmt"/>
        <line num="89" count="2" type="stmt"/>
        <line num="94" count="2" type="cond" truecount="2" falsecount="0"/>
        <line num="95" count="1" type="stmt"/>
        <line num="96" count="1" type="stmt"/>
        <line num="98" count="1" type="stmt"/>
        <line num="105" count="2" type="stmt"/>
        <line num="117" count="2" type="stmt"/>
        <line num="119" count="2" type="stmt"/>
        <line num="120" count="2" type="stmt"/>
        <line num="122" count="2" type="stmt"/>
        <line num="135" count="6" type="cond" truecount="2" falsecount="0"/>
        <line num="136" count="6" type="stmt"/>
        <line num="137" count="6" type="stmt"/>
        <line num="141" count="1" type="stmt"/>
      </file>
    </package>
    <package name="services.item">
      <metrics statements="202" coveredstatements="202" conditionals="52" coveredconditionals="52" methods="8" coveredmethods="8"/>
      <file name="delete-item-service.js" path="D:\MAGANG PT REVELWARE TECHNOLOGY\PROJECT\backend-api\template-backend-yogiravelware\src\services\item\delete-item-service.js">
        <metrics statements="14" coveredstatements="14" conditionals="2" coveredconditionals="2" methods="1" coveredmethods="1"/>
        <line num="1" count="2" type="stmt"/>
        <line num="2" count="2" type="stmt"/>
        <line num="5" count="2" type="stmt"/>
        <line num="6" count="2" type="stmt"/>
        <line num="7" count="2" type="stmt"/>
        <line num="8" count="2" type="cond" truecount="2" falsecount="0"/>
        <line num="9" count="1" type="stmt"/>
        <line num="10" count="1" type="stmt"/>
        <line num="11" count="1" type="stmt"/>
        <line num="12" count="1" type="stmt"/>
        <line num="15" count="1" type="stmt"/>
        <line num="16" count="1" type="stmt"/>
        <line num="17" count="1" type="stmt"/>
        <line num="20" count="2" type="stmt"/>
      </file>
      <file name="get-item-by-id-service.js" path="D:\MAGANG PT REVELWARE TECHNOLOGY\PROJECT\backend-api\template-backend-yogiravelware\src\services\item\get-item-by-id-service.js">
        <metrics statements="14" coveredstatements="14" conditionals="2" coveredconditionals="2" methods="1" coveredmethods="1"/>
        <line num="1" count="2" type="stmt"/>
        <line num="2" count="2" type="stmt"/>
        <line num="3" count="2" type="stmt"/>
        <line num="6" count="2" type="stmt"/>
        <line num="7" count="2" type="stmt"/>
        <line num="8" count="2" type="stmt"/>
        <line num="27" count="2" type="cond" truecount="2" falsecount="0"/>
        <line num="28" count="1" type="stmt"/>
        <line num="29" count="1" type="stmt"/>
        <line num="30" count="1" type="stmt"/>
        <line num="31" count="1" type="stmt"/>
        <line num="33" count="1" type="stmt"/>
        <line num="34" count="1" type="stmt"/>
        <line num="37" count="2" type="stmt"/>
      </file>
      <file name="get-item-history-service.js" path="D:\MAGANG PT REVELWARE TECHNOLOGY\PROJECT\backend-api\template-backend-yogiravelware\src\services\item\get-item-history-service.js">
        <metrics statements="14" coveredstatements="14" conditionals="2" coveredconditionals="2" methods="1" coveredmethods="1"/>
        <line num="1" count="2" type="stmt"/>
        <line num="2" count="2" type="stmt"/>
        <line num="3" count="2" type="stmt"/>
        <line num="4" count="2" type="stmt"/>
        <line num="6" count="2" type="stmt"/>
        <line num="7" count="2" type="stmt"/>
        <line num="9" count="2" type="stmt"/>
        <line num="10" count="2" type="cond" truecount="2" falsecount="0"/>
        <line num="11" count="1" type="stmt"/>
        <line num="12" count="1" type="stmt"/>
        <line num="13" count="1" type="stmt"/>
        <line num="16" count="1" type="stmt"/>
        <line num="28" count="1" type="stmt"/>
        <line num="31" count="2" type="stmt"/>
      </file>
      <file name="get-items-service.js" path="D:\MAGANG PT REVELWARE TECHNOLOGY\PROJECT\backend-api\template-backend-yogiravelware\src\services\item\get-items-service.js">
        <metrics statements="9" coveredstatements="9" conditionals="0" coveredconditionals="0" methods="1" coveredmethods="1"/>
        <line num="1" count="2" type="stmt"/>
        <line num="2" count="2" type="stmt"/>
        <line num="3" count="2" type="stmt"/>
        <line num="6" count="2" type="stmt"/>
        <line num="7" count="1" type="stmt"/>
        <line num="8" count="1" type="stmt"/>
        <line num="28" count="1" type="stmt"/>
        <line num="29" count="1" type="stmt"/>
        <line num="32" count="2" type="stmt"/>
      </file>
      <file name="get-reconciliation-service.js" path="D:\MAGANG PT REVELWARE TECHNOLOGY\PROJECT\backend-api\template-backend-yogiravelware\src\services\item\get-reconciliation-service.js">
        <metrics statements="11" coveredstatements="11" conditionals="0" coveredconditionals="0" methods="1" coveredmethods="1"/>
        <line num="1" count="2" type="stmt"/>
        <line num="2" count="2" type="stmt"/>
        <line num="8" count="2" type="stmt"/>
        <line num="9" count="2" type="stmt"/>
        <line num="11" count="2" type="stmt"/>
        <line num="14" count="2" type="stmt"/>
        <line num="26" count="1" type="stmt"/>
        <line num="27" count="1" type="stmt"/>
        <line num="29" count="1" type="stmt"/>
        <line num="30" count="1" type="stmt"/>
        <line num="34" count="2" type="stmt"/>
      </file>
      <file name="index.js" path="D:\MAGANG PT REVELWARE TECHNOLOGY\PROJECT\backend-api\template-backend-yogiravelware\src\services\item\index.js">
        <metrics statements="9" coveredstatements="9" conditionals="0" coveredconditionals="0" methods="0" coveredmethods="0"/>
        <line num="1" count="1" type="stmt"/>
        <line num="2" count="1" type="stmt"/>
        <line num="3" count="1" type="stmt"/>
        <line num="4" count="1" type="stmt"/>
        <line num="5" count="1" type="stmt"/>
        <line num="6" count="1" type="stmt"/>
        <line num="7" count="1" type="stmt"/>
        <line num="8" count="1" type="stmt"/>
        <line num="10" count="1" type="stmt"/>
      </file>
      <file name="register-item-service.js" path="D:\MAGANG PT REVELWARE TECHNOLOGY\PROJECT\backend-api\template-backend-yogiravelware\src\services\item\register-item-service.js">
        <metrics statements="50" coveredstatements="50" conditionals="16" coveredconditionals="16" methods="1" coveredmethods="1"/>
        <line num="1" count="2" type="stmt"/>
        <line num="2" count="2" type="stmt"/>
        <line num="3" count="2" type="stmt"/>
        <line num="4" count="2" type="stmt"/>
        <line num="5" count="2" type="stmt"/>
        <line num="6" count="2" type="stmt"/>
        <line num="7" count="2" type="stmt"/>
        <line num="10" count="2" type="stmt"/>
        <line num="11" count="8" type="stmt"/>
        <line num="13" count="8" type="cond" truecount="2" falsecount="0"/>
        <line num="14" count="1" type="stmt"/>
        <line num="15" count="1" type="stmt"/>
        <line num="16" count="1" type="stmt"/>
        <line num="19" count="7" type="stmt"/>
        <line num="20" count="7" type="cond" truecount="2" falsecount="0"/>
        <line num="21" count="1" type="stmt"/>
        <line num="22" count="1" type="stmt"/>
        <line num="23" count="1" type="stmt"/>
        <line num="24" count="1" type="stmt"/>
        <line num="27" count="6" type="stmt"/>
        <line num="29" count="6" type="stmt"/>
        <line num="31" count="6" type="stmt"/>
        <line num="33" count="6" type="stmt"/>
        <line num="34" count="6" type="cond" truecount="2" falsecount="0"/>
        <line num="35" count="1" type="stmt"/>
        <line num="36" count="1" type="stmt"/>
        <line num="37" count="1" type="stmt"/>
        <line num="41" count="5" type="stmt"/>
        <line num="42" count="5" type="cond" truecount="2" falsecount="0"/>
        <line num="43" count="1" type="stmt"/>
        <line num="44" count="1" type="stmt"/>
        <line num="45" count="1" type="stmt"/>
        <line num="49" count="4" type="stmt"/>
        <line num="52" count="4" type="cond" truecount="2" falsecount="0"/>
        <line num="53" count="3" type="stmt"/>
        <line num="56" count="3" type="cond" truecount="2" falsecount="0"/>
        <line num="57" count="2" type="stmt"/>
        <line num="62" count="2" type="cond" truecount="2" falsecount="0"/>
        <line num="63" count="1" type="stmt"/>
        <line num="64" count="1" type="stmt"/>
        <line num="67" count="1" type="stmt"/>
        <line num="71" count="3" type="cond" truecount="2" falsecount="0"/>
        <line num="72" count="2" type="stmt"/>
        <line num="80" count="4" type="stmt"/>
        <line num="81" count="4" type="stmt"/>
        <line num="82" count="4" type="stmt"/>
        <line num="84" count="2" type="stmt"/>
        <line num="85" count="2" type="stmt"/>
        <line num="86" count="2" type="stmt"/>
        <line num="90" count="2" type="stmt"/>
      </file>
      <file name="set-stock-opname-service.js" path="D:\MAGANG PT REVELWARE TECHNOLOGY\PROJECT\backend-api\template-backend-yogiravelware\src\services\item\set-stock-opname-service.js">
        <metrics statements="41" coveredstatements="41" conditionals="10" coveredconditionals="10" methods="1" coveredmethods="1"/>
        <line num="1" count="2" type="stmt"/>
        <line num="2" count="2" type="stmt"/>
        <line num="3" count="2" type="stmt"/>
        <line num="4" count="2" type="stmt"/>
        <line num="5" count="2" type="stmt"/>
        <line num="6" count="2" type="stmt"/>
        <line num="8" count="2" type="stmt"/>
        <line num="9" count="5" type="stmt"/>
        <line num="10" count="5" type="stmt"/>
        <line num="12" count="5" type="stmt"/>
        <line num="14" count="5" type="stmt"/>
        <line num="15" count="5" type="stmt"/>
        <line num="16" count="5" type="cond" truecount="2" falsecount="0"/>
        <line num="17" count="1" type="stmt"/>
        <line num="18" count="1" type="stmt"/>
        <line num="19" count="1" type="stmt"/>
        <line num="22" count="4" type="stmt"/>
        <line num="23" count="4" type="cond" truecount="2" falsecount="0"/>
        <line num="24" count="1" type="stmt"/>
        <line num="25" count="1" type="stmt"/>
        <line num="26" count="1" type="stmt"/>
        <line num="30" count="3" type="stmt"/>
        <line num="35" count="3" type="stmt"/>
        <line num="36" count="3" type="cond" truecount="2" falsecount="0"/>
        <line num="37" count="2" type="stmt"/>
        <line num="40" count="1" type="stmt"/>
        <line num="47" count="3" type="stmt"/>
        <line num="50" count="3" type="stmt"/>
        <line num="51" count="3" type="stmt"/>
        <line num="54" count="3" type="stmt"/>
        <line num="59" count="3" type="stmt"/>
        <line num="60" count="3" type="stmt"/>
        <line num="63" count="3" type="cond" truecount="2" falsecount="0"/>
        <line num="64" count="3" type="stmt"/>
        <line num="74" count="3" type="stmt"/>
        <line num="75" count="3" type="stmt"/>
        <line num="77" count="3" type="stmt"/>
        <line num="83" count="2" type="stmt"/>
        <line num="84" count="2" type="stmt"/>
        <line num="85" count="2" type="stmt"/>
        <line num="89" count="2" type="stmt"/>
      </file>
      <file name="update-item-service.js" path="D:\MAGANG PT REVELWARE TECHNOLOGY\PROJECT\backend-api\template-backend-yogiravelware\src\services\item\update-item-service.js">
        <metrics statements="40" coveredstatements="40" conditionals="20" coveredconditionals="20" methods="1" coveredmethods="1"/>
        <line num="1" count="2" type="stmt"/>
        <line num="2" count="2" type="stmt"/>
        <line num="3" count="2" type="stmt"/>
        <line num="4" count="2" type="stmt"/>
        <line num="7" count="2" type="stmt"/>
        <line num="8" count="7" type="stmt"/>
        <line num="10" count="7" type="cond" truecount="4" falsecount="0"/>
        <line num="11" count="1" type="stmt"/>
        <line num="12" count="1" type="stmt"/>
        <line num="13" count="1" type="stmt"/>
        <line num="15" count="6" type="stmt"/>
        <line num="16" count="6" type="cond" truecount="2" falsecount="0"/>
        <line num="17" count="1" type="stmt"/>
        <line num="18" count="1" type="stmt"/>
        <line num="19" count="1" type="stmt"/>
        <line num="20" count="1" type="stmt"/>
        <line num="23" count="5" type="stmt"/>
        <line num="24" count="5" type="cond" truecount="2" falsecount="0"/>
        <line num="25" count="1" type="stmt"/>
        <line num="26" count="1" type="stmt"/>
        <line num="27" count="1" type="stmt"/>
        <line num="28" count="1" type="stmt"/>
        <line num="32" count="4" type="cond" truecount="4" falsecount="0"/>
        <line num="33" count="2" type="stmt"/>
        <line num="34" count="2" type="cond" truecount="2" falsecount="0"/>
        <line num="35" count="1" type="stmt"/>
        <line num="36" count="1" type="stmt"/>
        <line num="37" count="1" type="stmt"/>
        <line num="38" count="1" type="stmt"/>
        <line num="43" count="3" type="cond" truecount="4" falsecount="0"/>
        <line num="44" count="2" type="stmt"/>
        <line num="45" count="2" type="cond" truecount="2" falsecount="0"/>
        <line num="46" count="1" type="stmt"/>
        <line num="47" count="1" type="stmt"/>
        <line num="48" count="1" type="stmt"/>
        <line num="49" count="1" type="stmt"/>
        <line num="53" count="2" type="stmt"/>
        <line num="54" count="2" type="stmt"/>
        <line num="55" count="2" type="stmt"/>
        <line num="58" count="2" type="stmt"/>
      </file>
    </package>
    <package name="services.outbound">
      <metrics statements="155" coveredstatements="155" conditionals="50" coveredconditionals="50" methods="7" coveredmethods="7"/>
      <file name="create-outbound-service.js" path="D:\MAGANG PT REVELWARE TECHNOLOGY\PROJECT\backend-api\template-backend-yogiravelware\src\services\outbound\create-outbound-service.js">
        <metrics statements="34" coveredstatements="34" conditionals="6" coveredconditionals="6" methods="1" coveredmethods="1"/>
        <line num="1" count="2" type="stmt"/>
        <line num="2" count="2" type="stmt"/>
        <line num="3" count="2" type="stmt"/>
        <line num="4" count="2" type="stmt"/>
        <line num="5" count="2" type="stmt"/>
        <line num="8" count="2" type="stmt"/>
        <line num="9" count="4" type="stmt"/>
        <line num="10" count="4" type="stmt"/>
        <line num="11" count="4" type="cond" truecount="2" falsecount="0"/>
        <line num="12" count="1" type="stmt"/>
        <line num="13" count="1" type="stmt"/>
        <line num="14" count="1" type="stmt"/>
        <line num="15" count="1" type="stmt"/>
        <line num="18" count="3" type="stmt"/>
        <line num="21" count="3" type="stmt"/>
        <line num="22" count="3" type="cond" truecount="2" falsecount="0"/>
        <line num="23" count="1" type="stmt"/>
        <line num="24" count="1" type="stmt"/>
        <line num="25" count="1" type="stmt"/>
        <line num="26" count="1" type="stmt"/>
        <line num="30" count="2" type="stmt"/>
        <line num="35" count="2" type="stmt"/>
        <line num="38" count="2" type="stmt"/>
        <line num="39" count="2" type="stmt"/>
        <line num="40" count="2" type="cond" truecount="2" falsecount="0"/>
        <line num="41" count="1" type="stmt"/>
        <line num="42" count="1" type="stmt"/>
        <line num="43" count="1" type="stmt"/>
        <line num="44" count="1" type="stmt"/>
        <line num="49" count="1" type="stmt"/>
        <line num="50" count="1" type="stmt"/>
        <line num="57" count="1" type="stmt"/>
        <line num="59" count="1" type="stmt"/>
        <line num="62" count="2" type="stmt"/>
      </file>
      <file name="get-outbound-detail-service.js" path="D:\MAGANG PT REVELWARE TECHNOLOGY\PROJECT\backend-api\template-backend-yogiravelware\src\services\outbound\get-outbound-detail-service.js">
        <metrics statements="19" coveredstatements="19" conditionals="10" coveredconditionals="10" methods="2" coveredmethods="2"/>
        <line num="1" count="2" type="stmt"/>
        <line num="2" count="2" type="stmt"/>
        <line num="3" count="2" type="stmt"/>
        <line num="4" count="2" type="stmt"/>
        <line num="7" count="2" type="stmt"/>
        <line num="8" count="2" type="stmt"/>
        <line num="9" count="2" type="stmt"/>
        <line num="10" count="2" type="cond" truecount="2" falsecount="0"/>
        <line num="11" count="1" type="stmt"/>
        <line num="12" count="1" type="stmt"/>
        <line num="13" count="1" type="stmt"/>
        <line num="14" count="1" type="stmt"/>
        <line num="17" count="1" type="stmt"/>
        <line num="21" count="1" type="stmt"/>
        <line num="24" count="1" type="stmt"/>
        <line num="26" count="1" type="stmt"/>
        <line num="30" count="1" type="stmt"/>
        <line num="40" count="1" type="stmt"/>
        <line num="46" count="2" type="stmt"/>
      </file>
      <file name="get-outbounds-service.js" path="D:\MAGANG PT REVELWARE TECHNOLOGY\PROJECT\backend-api\template-backend-yogiravelware\src\services\outbound\get-outbounds-service.js">
        <metrics statements="12" coveredstatements="12" conditionals="6" coveredconditionals="6" methods="2" coveredmethods="2"/>
        <line num="1" count="2" type="stmt"/>
        <line num="2" count="2" type="stmt"/>
        <line num="3" count="2" type="stmt"/>
        <line num="6" count="2" type="stmt"/>
        <line num="7" count="2" type="stmt"/>
        <line num="8" count="2" type="stmt"/>
        <line num="14" count="2" type="stmt"/>
        <line num="16" count="2" type="stmt"/>
        <line num="22" count="2" type="stmt"/>
        <line num="31" count="2" type="stmt"/>
        <line num="32" count="2" type="stmt"/>
        <line num="35" count="2" type="stmt"/>
      </file>
      <file name="index.js" path="D:\MAGANG PT REVELWARE TECHNOLOGY\PROJECT\backend-api\template-backend-yogiravelware\src\services\outbound\index.js">
        <metrics statements="5" coveredstatements="5" conditionals="0" coveredconditionals="0" methods="0" coveredmethods="0"/>
        <line num="1" count="1" type="stmt"/>
        <line num="2" count="1" type="stmt"/>
        <line num="3" count="1" type="stmt"/>
        <line num="4" count="1" type="stmt"/>
        <line num="6" count="1" type="stmt"/>
      </file>
      <file name="scan-rfid-picking-service.js" path="D:\MAGANG PT REVELWARE TECHNOLOGY\PROJECT\backend-api\template-backend-yogiravelware\src\services\outbound\scan-rfid-picking-service.js">
        <metrics statements="85" coveredstatements="85" conditionals="28" coveredconditionals="28" methods="2" coveredmethods="2"/>
        <line num="1" count="2" type="stmt"/>
        <line num="2" count="2" type="stmt"/>
        <line num="3" count="2" type="stmt"/>
        <line num="4" count="2" type="stmt"/>
        <line num="5" count="2" type="stmt"/>
        <line num="6" count="2" type="stmt"/>
        <line num="7" count="2" type="stmt"/>
        <line num="8" count="2" type="stmt"/>
        <line num="9" count="2" type="stmt"/>
        <line num="10" count="2" type="stmt"/>
        <line num="13" count="2" type="stmt"/>
        <line num="14" count="14" type="stmt"/>
        <line num="16" count="14" type="stmt"/>
        <line num="17" count="14" type="cond" truecount="2" falsecount="0"/>
        <line num="18" count="1" type="stmt"/>
        <line num="19" count="1" type="stmt"/>
        <line num="20" count="1" type="stmt"/>
        <line num="21" count="1" type="stmt"/>
        <line num="24" count="13" type="stmt"/>
        <line num="26" count="13" type="stmt"/>
        <line num="27" count="13" type="stmt"/>
        <line num="29" count="12" type="stmt"/>
        <line num="30" count="12" type="cond" truecount="2" falsecount="0"/>
        <line num="31" count="1" type="stmt"/>
        <line num="32" count="1" type="stmt"/>
        <line num="33" count="1" type="stmt"/>
        <line num="34" count="1" type="stmt"/>
        <line num="38" count="11" type="cond" truecount="2" falsecount="0"/>
        <line num="39" count="1" type="stmt"/>
        <line num="40" count="1" type="stmt"/>
        <line num="41" count="1" type="stmt"/>
        <line num="42" count="1" type="stmt"/>
        <line num="46" count="10" type="stmt"/>
        <line num="50" count="10" type="cond" truecount="4" falsecount="0"/>
        <line num="51" count="1" type="stmt"/>
        <line num="52" count="1" type="stmt"/>
        <line num="53" count="1" type="stmt"/>
        <line num="54" count="1" type="stmt"/>
        <line num="58" count="9" type="stmt"/>
        <line num="62" count="9" type="cond" truecount="2" falsecount="0"/>
        <line num="63" count="1" type="stmt"/>
        <line num="64" count="1" type="stmt"/>
        <line num="65" count="1" type="stmt"/>
        <line num="66" count="1" type="stmt"/>
        <line num="70" count="8" type="stmt"/>
        <line num="78" count="8" type="cond" truecount="2" falsecount="0"/>
        <line num="79" count="1" type="stmt"/>
        <line num="80" count="1" type="stmt"/>
        <line num="81" count="1" type="stmt"/>
        <line num="82" count="1" type="stmt"/>
        <line num="86" count="7" type="cond" truecount="2" falsecount="0"/>
        <line num="87" count="1" type="stmt"/>
        <line num="88" count="1" type="stmt"/>
        <line num="89" count="1" type="stmt"/>
        <line num="90" count="1" type="stmt"/>
        <line num="94" count="6" type="stmt"/>
        <line num="99" count="6" type="cond" truecount="4" falsecount="0"/>
        <line num="100" count="2" type="stmt"/>
        <line num="101" count="2" type="stmt"/>
        <line num="102" count="2" type="stmt"/>
        <line num="103" count="2" type="stmt"/>
        <line num="107" count="4" type="stmt"/>
        <line num="108" count="4" type="stmt"/>
        <line num="111" count="4" type="stmt"/>
        <line num="112" count="4" type="stmt"/>
        <line num="114" count="4" type="cond" truecount="2" falsecount="0"/>
        <line num="115" count="1" type="stmt"/>
        <line num="117" count="3" type="stmt"/>
        <line num="121" count="4" type="stmt"/>
        <line num="124" count="4" type="stmt"/>
        <line num="135" count="4" type="stmt"/>
        <line num="140" count="4" type="stmt"/>
        <line num="143" count="4" type="cond" truecount="2" falsecount="0"/>
        <line num="144" count="2" type="stmt"/>
        <line num="145" count="2" type="stmt"/>
        <line num="146" count="2" type="cond" truecount="2" falsecount="0"/>
        <line num="147" count="1" type="stmt"/>
        <line num="148" count="1" type="stmt"/>
        <line num="151" count="4" type="stmt"/>
        <line num="152" count="4" type="stmt"/>
        <line num="154" count="4" type="stmt"/>
        <line num="170" count="9" type="cond" truecount="2" falsecount="0"/>
        <line num="171" count="9" type="stmt"/>
        <line num="172" count="9" type="stmt"/>
        <line num="176" count="2" type="stmt"/>
      </file>
    </package>
    <package name="services.role">
      <metrics statements="71" coveredstatements="71" conditionals="26" coveredconditionals="26" methods="8" coveredmethods="8"/>
      <file name="assign-role-permissions-service.js" path="D:\MAGANG PT REVELWARE TECHNOLOGY\PROJECT\backend-api\template-backend-yogiravelware\src\services\role\assign-role-permissions-service.js">
        <metrics statements="26" coveredstatements="26" conditionals="8" coveredconditionals="8" methods="2" coveredmethods="2"/>
        <line num="1" count="2" type="stmt"/>
        <line num="2" count="2" type="stmt"/>
        <line num="3" count="2" type="stmt"/>
        <line num="4" count="2" type="stmt"/>
        <line num="5" count="2" type="stmt"/>
        <line num="7" count="2" type="stmt"/>
        <line num="8" count="5" type="stmt"/>
        <line num="10" count="5" type="stmt"/>
        <line num="11" count="5" type="cond" truecount="2" falsecount="0"/>
        <line num="12" count="1" type="stmt"/>
        <line num="13" count="1" type="stmt"/>
        <line num="14" count="1" type="stmt"/>
        <line num="15" count="1" type="stmt"/>
        <line num="18" count="4" type="stmt"/>
        <line num="20" count="4" type="stmt"/>
        <line num="22" count="4" type="stmt"/>
        <line num="28" count="3" type="cond" truecount="4" falsecount="0"/>
        <line num="29" count="2" type="stmt"/>
        <line num="33" count="1" type="stmt"/>
        <line num="36" count="3" type="stmt"/>
        <line num="37" count="3" type="stmt"/>
        <line num="38" count="3" type="cond" truecount="2" falsecount="0"/>
        <line num="40" count="1" type="stmt"/>
        <line num="41" count="1" type="stmt"/>
        <line num="42" count="1" type="stmt"/>
        <line num="46" count="2" type="stmt"/>
      </file>
      <file name="check-user-permission-service.js" path="D:\MAGANG PT REVELWARE TECHNOLOGY\PROJECT\backend-api\template-backend-yogiravelware\src\services\role\check-user-permission-service.js">
        <metrics statements="14" coveredstatements="14" conditionals="7" coveredconditionals="7" methods="1" coveredmethods="1"/>
        <line num="1" count="2" type="stmt"/>
        <line num="2" count="2" type="stmt"/>
        <line num="3" count="2" type="stmt"/>
        <line num="5" count="2" type="stmt"/>
        <line num="6" count="5" type="cond" truecount="5" falsecount="0"/>
        <line num="7" count="1" type="stmt"/>
        <line num="8" count="1" type="stmt"/>
        <line num="12" count="4" type="cond" truecount="2" falsecount="0"/>
        <line num="14" count="3" type="stmt"/>
        <line num="15" count="3" type="stmt"/>
        <line num="25" count="2" type="stmt"/>
        <line num="27" count="1" type="stmt"/>
        <line num="28" count="1" type="stmt"/>
        <line num="32" count="2" type="stmt"/>
      </file>
      <file name="get-permissions-service.js" path="D:\MAGANG PT REVELWARE TECHNOLOGY\PROJECT\backend-api\template-backend-yogiravelware\src\services\role\get-permissions-service.js">
        <metrics statements="15" coveredstatements="15" conditionals="2" coveredconditionals="2" methods="2" coveredmethods="2"/>
        <line num="1" count="2" type="stmt"/>
        <line num="2" count="2" type="stmt"/>
        <line num="4" count="2" type="stmt"/>
        <line num="5" count="2" type="stmt"/>
        <line num="6" count="2" type="stmt"/>
        <line num="7" count="2" type="stmt"/>
        <line num="12" count="1" type="stmt"/>
        <line num="13" count="3" type="cond" truecount="2" falsecount="0"/>
        <line num="14" count="2" type="stmt"/>
        <line num="16" count="3" type="stmt"/>
        <line num="22" count="3" type="stmt"/>
        <line num="25" count="1" type="stmt"/>
        <line num="27" count="1" type="stmt"/>
        <line num="28" count="1" type="stmt"/>
        <line num="32" count="2" type="stmt"/>
      </file>
      <file name="get-user-permissions-service.js" path="D:\MAGANG PT REVELWARE TECHNOLOGY\PROJECT\backend-api\template-backend-yogiravelware\src\services\role\get-user-permissions-service.js">
        <metrics statements="16" coveredstatements="16" conditionals="9" coveredconditionals="9" methods="3" coveredmethods="3"/>
        <line num="1" count="2" type="stmt"/>
        <line num="2" count="2" type="stmt"/>
        <line num="3" count="2" type="stmt"/>
        <line num="8" count="2" type="stmt"/>
        <line num="9" count="6" type="cond" truecount="5" falsecount="0"/>
        <line num="10" count="2" type="stmt"/>
        <line num="15" count="4" type="cond" truecount="2" falsecount="0"/>
        <line num="16" count="1" type="stmt"/>
        <line num="17" count="2" type="stmt"/>
        <line num="20" count="3" type="stmt"/>
        <line num="21" count="3" type="stmt"/>
        <line num="31" count="2" type="cond" truecount="2" falsecount="0"/>
        <line num="32" count="1" type="stmt"/>
        <line num="34" count="1" type="stmt"/>
        <line num="35" count="1" type="stmt"/>
        <line num="39" count="2" type="stmt"/>
      </file>
    </package>
    <package name="services.user">
      <metrics statements="175" coveredstatements="175" conditionals="40" coveredconditionals="40" methods="8" coveredmethods="8"/>
      <file name="assign-role-service.js" path="D:\MAGANG PT REVELWARE TECHNOLOGY\PROJECT\backend-api\template-backend-yogiravelware\src\services\user\assign-role-service.js">
        <metrics statements="22" coveredstatements="22" conditionals="4" coveredconditionals="4" methods="1" coveredmethods="1"/>
        <line num="1" count="2" type="stmt"/>
        <line num="2" count="2" type="stmt"/>
        <line num="3" count="2" type="stmt"/>
        <line num="6" count="2" type="stmt"/>
        <line num="7" count="3" type="stmt"/>
        <line num="8" count="3" type="stmt"/>
        <line num="9" count="3" type="cond" truecount="2" falsecount="0"/>
        <line num="10" count="1" type="stmt"/>
        <line num="11" count="1" type="stmt"/>
        <line num="12" count="1" type="stmt"/>
        <line num="13" count="1" type="stmt"/>
        <line num="16" count="2" type="stmt"/>
        <line num="17" count="2" type="cond" truecount="2" falsecount="0"/>
        <line num="18" count="1" type="stmt"/>
        <line num="19" count="1" type="stmt"/>
        <line num="20" count="1" type="stmt"/>
        <line num="21" count="1" type="stmt"/>
        <line num="24" count="1" type="stmt"/>
        <line num="25" count="1" type="stmt"/>
        <line num="27" count="1" type="stmt"/>
        <line num="28" count="1" type="stmt"/>
        <line num="31" count="2" type="stmt"/>
      </file>
      <file name="delete-user-service.js" path="D:\MAGANG PT REVELWARE TECHNOLOGY\PROJECT\backend-api\template-backend-yogiravelware\src\services\user\delete-user-service.js">
        <metrics statements="14" coveredstatements="14" conditionals="2" coveredconditionals="2" methods="1" coveredmethods="1"/>
        <line num="1" count="2" type="stmt"/>
        <line num="2" count="2" type="stmt"/>
        <line num="5" count="2" type="stmt"/>
        <line num="6" count="2" type="stmt"/>
        <line num="7" count="2" type="stmt"/>
        <line num="8" count="2" type="cond" truecount="2" falsecount="0"/>
        <line num="9" count="1" type="stmt"/>
        <line num="10" count="1" type="stmt"/>
        <line num="11" count="1" type="stmt"/>
        <line num="12" count="1" type="stmt"/>
        <line num="15" count="1" type="stmt"/>
        <line num="16" count="1" type="stmt"/>
        <line num="17" count="1" type="stmt"/>
        <line num="20" count="2" type="stmt"/>
      </file>
      <file name="get-user-by-id-service.js" path="D:\MAGANG PT REVELWARE TECHNOLOGY\PROJECT\backend-api\template-backend-yogiravelware\src\services\user\get-user-by-id-service.js">
        <metrics statements="13" coveredstatements="13" conditionals="2" coveredconditionals="2" methods="1" coveredmethods="1"/>
        <line num="1" count="2" type="stmt"/>
        <line num="2" count="2" type="stmt"/>
        <line num="5" count="2" type="stmt"/>
        <line num="6" count="2" type="stmt"/>
        <line num="7" count="2" type="stmt"/>
        <line num="10" count="2" type="cond" truecount="2" falsecount="0"/>
        <line num="11" count="1" type="stmt"/>
        <line num="12" count="1" type="stmt"/>
        <line num="13" count="1" type="stmt"/>
        <line num="14" count="1" type="stmt"/>
        <line num="16" count="1" type="stmt"/>
        <line num="17" count="1" type="stmt"/>
        <line num="20" count="2" type="stmt"/>
      </file>
      <file name="get-users-service.js" path="D:\MAGANG PT REVELWARE TECHNOLOGY\PROJECT\backend-api\template-backend-yogiravelware\src\services\user\get-users-service.js">
        <metrics statements="8" coveredstatements="8" conditionals="0" coveredconditionals="0" methods="1" coveredmethods="1"/>
        <line num="1" count="2" type="stmt"/>
        <line num="2" count="2" type="stmt"/>
        <line num="5" count="2" type="stmt"/>
        <line num="6" count="1" type="stmt"/>
        <line num="7" count="1" type="stmt"/>
        <line num="10" count="1" type="stmt"/>
        <line num="11" count="1" type="stmt"/>
        <line num="14" count="2" type="stmt"/>
      </file>
      <file name="index.js" path="D:\MAGANG PT REVELWARE TECHNOLOGY\PROJECT\backend-api\template-backend-yogiravelware\src\services\user\index.js">
        <metrics statements="8" coveredstatements="8" conditionals="0" coveredconditionals="0" methods="0" coveredmethods="0"/>
        <line num="1" count="1" type="stmt"/>
        <line num="2" count="1" type="stmt"/>
        <line num="3" count="1" type="stmt"/>
        <line num="4" count="1" type="stmt"/>
        <line num="5" count="1" type="stmt"/>
        <line num="6" count="1" type="stmt"/>
        <line num="7" count="1" type="stmt"/>
        <line num="9" count="1" type="stmt"/>
      </file>
      <file name="login-service.js" path="D:\MAGANG PT REVELWARE TECHNOLOGY\PROJECT\backend-api\template-backend-yogiravelware\src\services\user\login-service.js">
        <metrics statements="33" coveredstatements="33" conditionals="10" coveredconditionals="10" methods="1" coveredmethods="1"/>
        <line num="1" count="2" type="stmt"/>
        <line num="2" count="2" type="stmt"/>
        <line num="3" count="2" type="stmt"/>
        <line num="4" count="2" type="stmt"/>
        <line num="5" count="2" type="stmt"/>
        <line num="8" count="2" type="stmt"/>
        <line num="9" count="5" type="stmt"/>
        <line num="10" count="5" type="stmt"/>
        <line num="11" count="5" type="cond" truecount="2" falsecount="0"/>
        <line num="12" count="1" type="stmt"/>
        <line num="13" count="1" type="stmt"/>
        <line num="14" count="1" type="stmt"/>
        <line num="15" count="1" type="stmt"/>
        <line num="18" count="4" type="stmt"/>
        <line num="20" count="4" type="stmt"/>
        <line num="21" count="4" type="cond" truecount="2" falsecount="0"/>
        <line num="22" count="1" type="stmt"/>
        <line num="23" count="1" type="stmt"/>
        <line num="24" count="1" type="stmt"/>
        <line num="25" count="1" type="stmt"/>
        <line num="28" count="3" type="stmt"/>
        <line num="29" count="3" type="cond" truecount="2" falsecount="0"/>
        <line num="30" count="1" type="stmt"/>
        <line num="31" count="1" type="stmt"/>
        <line num="32" count="1" type="stmt"/>
        <line num="33" count="1" type="stmt"/>
        <line num="36" count="2" type="stmt"/>
        <line num="37" count="2" type="stmt"/>
        <line num="40" count="2" type="stmt"/>
        <line num="46" count="2" type="stmt"/>
        <line num="52" count="2" type="stmt"/>
        <line num="54" count="2" type="stmt"/>
        <line num="68" count="2" type="stmt"/>
      </file>
      <file name="refresh-token-service.js" path="D:\MAGANG PT REVELWARE TECHNOLOGY\PROJECT\backend-api\template-backend-yogiravelware\src\services\user\refresh-token-service.js">
        <metrics statements="23" coveredstatements="23" conditionals="8" coveredconditionals="8" methods="1" coveredmethods="1"/>
        <line num="1" count="1" type="stmt"/>
        <line num="2" count="1" type="stmt"/>
        <line num="4" count="1" type="stmt"/>
        <line num="5" count="5" type="cond" truecount="2" falsecount="0"/>
        <line num="6" count="1" type="stmt"/>
        <line num="7" count="1" type="stmt"/>
        <line num="8" count="1" type="stmt"/>
        <line num="11" count="4" type="stmt"/>
        <line num="12" count="4" type="stmt"/>
        <line num="17" count="3" type="stmt"/>
        <line num="18" count="3" type="stmt"/>
        <line num="20" count="3" type="cond" truecount="2" falsecount="0"/>
        <line num="21" count="1" type="stmt"/>
        <line num="22" count="1" type="stmt"/>
        <line num="23" count="1" type="stmt"/>
        <line num="26" count="2" type="stmt"/>
        <line num="32" count="2" type="stmt"/>
        <line num="34" count="2" type="cond" truecount="2" falsecount="0"/>
        <line num="35" count="1" type="stmt"/>
        <line num="36" count="1" type="stmt"/>
        <line num="37" count="1" type="stmt"/>
        <line num="38" count="1" type="stmt"/>
        <line num="42" count="1" type="stmt"/>
      </file>
      <file name="register-service.js" path="D:\MAGANG PT REVELWARE TECHNOLOGY\PROJECT\backend-api\template-backend-yogiravelware\src\services\user\register-service.js">
        <metrics statements="33" coveredstatements="33" conditionals="10" coveredconditionals="10" methods="1" coveredmethods="1"/>
        <line num="1" count="2" type="stmt"/>
        <line num="2" count="2" type="stmt"/>
        <line num="3" count="2" type="stmt"/>
        <line num="4" count="2" type="stmt"/>
        <line num="5" count="2" type="stmt"/>
        <line num="8" count="2" type="stmt"/>
        <line num="9" count="6" type="stmt"/>
        <line num="10" count="6" type="stmt"/>
        <line num="11" count="6" type="cond" truecount="2" falsecount="0"/>
        <line num="12" count="1" type="stmt"/>
        <line num="13" count="1" type="stmt"/>
        <line num="14" count="1" type="stmt"/>
        <line num="15" count="1" type="stmt"/>
        <line num="18" count="5" type="stmt"/>
        <line num="20" count="5" type="stmt"/>
        <line num="21" count="5" type="cond" truecount="2" falsecount="0"/>
        <line num="22" count="1" type="stmt"/>
        <line num="23" count="1" type="stmt"/>
        <line num="24" count="1" type="stmt"/>
        <line num="25" count="1" type="stmt"/>
        <line num="28" count="4" type="stmt"/>
        <line num="31" count="4" type="stmt"/>
        <line num="32" count="4" type="stmt"/>
        <line num="34" count="4" type="cond" truecount="2" falsecount="0"/>
        <line num="35" count="2" type="stmt"/>
        <line num="36" count="2" type="cond" truecount="2" falsecount="0"/>
        <line num="37" count="1" type="stmt"/>
        <line num="40" count="2" type="stmt"/>
        <line num="41" count="2" type="cond" truecount="2" falsecount="0"/>
        <line num="44" count="4" type="stmt"/>
        <line num="51" count="4" type="stmt"/>
        <line num="52" count="4" type="stmt"/>
        <line num="55" count="2" type="stmt"/>
      </file>
      <file name="update-user-service.js" path="D:\MAGANG PT REVELWARE TECHNOLOGY\PROJECT\backend-api\template-backend-yogiravelware\src\services\user\update-user-service.js">
        <metrics statements="21" coveredstatements="21" conditionals="4" coveredconditionals="4" methods="1" coveredmethods="1"/>
        <line num="1" count="2" type="stmt"/>
        <line num="2" count="2" type="stmt"/>
        <line num="3" count="2" type="stmt"/>
        <line num="6" count="2" type="stmt"/>
        <line num="7" count="3" type="stmt"/>
        <line num="8" count="3" type="stmt"/>
        <line num="9" count="3" type="cond" truecount="2" falsecount="0"/>
        <line num="10" count="1" type="stmt"/>
        <line num="11" count="1" type="stmt"/>
        <line num="12" count="1" type="stmt"/>
        <line num="13" count="1" type="stmt"/>
        <line num="16" count="2" type="stmt"/>
        <line num="17" count="2" type="cond" truecount="2" falsecount="0"/>
        <line num="18" count="1" type="stmt"/>
        <line num="19" count="1" type="stmt"/>
        <line num="20" count="1" type="stmt"/>
        <line num="21" count="1" type="stmt"/>
        <line num="24" count="1" type="stmt"/>
        <line num="25" count="1" type="stmt"/>
        <line num="26" count="1" type="stmt"/>
        <line num="29" count="2" type="stmt"/>
      </file>
    </package>
    <package name="utils">
      <metrics statements="47" coveredstatements="47" conditionals="26" coveredconditionals="26" methods="6" coveredmethods="6"/>
      <file name="database.js" path="D:\MAGANG PT REVELWARE TECHNOLOGY\PROJECT\backend-api\template-backend-yogiravelware\src\utils\database.js">
        <metrics statements="4" coveredstatements="4" conditionals="8" coveredconditionals="8" methods="0" coveredmethods="0"/>
        <line num="1" count="53" type="stmt"/>
        <line num="2" count="53" type="stmt"/>
        <line num="4" count="53" type="stmt"/>
        <line num="32" count="53" type="stmt"/>
      </file>
      <file name="logger.js" path="D:\MAGANG PT REVELWARE TECHNOLOGY\PROJECT\backend-api\template-backend-yogiravelware\src\utils\logger.js">
        <metrics statements="4" coveredstatements="4" conditionals="0" coveredconditionals="0" methods="0" coveredmethods="0"/>
        <line num="2" count="41" type="stmt"/>
        <line num="4" count="41" type="stmt"/>
        <line num="21" count="41" type="stmt"/>
        <line num="28" count="41" type="stmt"/>
      </file>
      <file name="permission.js" path="D:\MAGANG PT REVELWARE TECHNOLOGY\PROJECT\backend-api\template-backend-yogiravelware\src\utils\permission.js">
        <metrics statements="2" coveredstatements="2" conditionals="0" coveredconditionals="0" methods="0" coveredmethods="0"/>
        <line num="5" count="1" type="stmt"/>
        <line num="42" count="1" type="stmt"/>
      </file>
      <file name="reconciliation.js" path="D:\MAGANG PT REVELWARE TECHNOLOGY\PROJECT\backend-api\template-backend-yogiravelware\src\utils\reconciliation.js">
        <metrics statements="19" coveredstatements="19" conditionals="6" coveredconditionals="6" methods="1" coveredmethods="1"/>
        <line num="1" count="3" type="stmt"/>
        <line num="2" count="3" type="stmt"/>
        <line num="3" count="3" type="stmt"/>
        <line num="12" count="3" type="stmt"/>
        <line num="13" count="5" type="stmt"/>
        <line num="14" count="5" type="stmt"/>
        <line num="17" count="5" type="cond" truecount="2" falsecount="0"/>
        <line num="23" count="4" type="stmt"/>
        <line num="24" count="4" type="cond" truecount="2" falsecount="0"/>
        <line num="25" count="3" type="stmt"/>
        <line num="26" count="3" type="stmt"/>
        <line num="27" count="3" type="stmt"/>
        <line num="29" count="3" type="cond" truecount="2" falsecount="0"/>
        <line num="30" count="2" type="stmt"/>
        <line num="32" count="1" type="stmt"/>
        <line num="36" count="4" type="stmt"/>
        <line num="38" count="1" type="stmt"/>
        <line num="39" count="1" type="stmt"/>
        <line num="43" count="3" type="stmt"/>
      </file>
      <file name="response.js" path="D:\MAGANG PT REVELWARE TECHNOLOGY\PROJECT\backend-api\template-backend-yogiravelware\src\utils\response.js">
        <metrics statements="10" coveredstatements="10" conditionals="4" coveredconditionals="4" methods="4" coveredmethods="4"/>
        <line num="2" count="8" type="stmt"/>
        <line num="3" count="10" type="stmt"/>
        <line num="9" count="8" type="stmt"/>
        <line num="10" count="17" type="cond" truecount="2" falsecount="0"/>
        <line num="11" count="17" type="stmt"/>
        <line num="17" count="8" type="cond" truecount="1" falsecount="0"/>
        <line num="18" count="8" type="stmt"/>
        <line num="25" count="8" type="cond" truecount="1" falsecount="0"/>
        <line num="26" count="24" type="stmt"/>
        <line num="34" count="8" type="stmt"/>
      </file>
      <file name="rfid-validator.js" path="D:\MAGANG PT REVELWARE TECHNOLOGY\PROJECT\backend-api\template-backend-yogiravelware\src\utils\rfid-validator.js">
        <metrics statements="8" coveredstatements="8" conditionals="8" coveredconditionals="8" methods="1" coveredmethods="1"/>
        <line num="8" count="11" type="stmt"/>
        <line num="9" count="51" type="cond" truecount="2" falsecount="0"/>
        <line num="12" count="49" type="cond" truecount="2" falsecount="0"/>
        <line num="15" count="42" type="stmt"/>
        <line num="16" count="42" type="cond" truecount="2" falsecount="0"/>
        <line num="21" count="40" type="cond" truecount="2" falsecount="0"/>
        <line num="23" count="37" type="stmt"/>
        <line num="26" count="11" type="stmt"/>
      </file>
    </package>
    <package name="validations">
      <metrics statements="41" coveredstatements="41" conditionals="8" coveredconditionals="8" methods="4" coveredmethods="4"/>
      <file name="inbound-validation.js" path="D:\MAGANG PT REVELWARE TECHNOLOGY\PROJECT\backend-api\template-backend-yogiravelware\src\validations\inbound-validation.js">
        <metrics statements="9" coveredstatements="9" conditionals="2" coveredconditionals="2" methods="1" coveredmethods="1"/>
        <line num="1" count="2" type="stmt"/>
        <line num="2" count="2" type="stmt"/>
        <line num="4" count="2" type="stmt"/>
        <line num="17" count="2" type="stmt"/>
        <line num="19" count="2" type="cond" truecount="2" falsecount="0"/>
        <line num="20" count="1" type="stmt"/>
        <line num="22" count="1" type="stmt"/>
        <line num="26" count="2" type="stmt"/>
        <line num="31" count="2" type="stmt"/>
      </file>
      <file name="inventory-validation.js" path="D:\MAGANG PT REVELWARE TECHNOLOGY\PROJECT\backend-api\template-backend-yogiravelware\src\validations\inventory-validation.js">
        <metrics statements="3" coveredstatements="3" conditionals="0" coveredconditionals="0" methods="0" coveredmethods="0"/>
        <line num="1" count="2" type="stmt"/>
        <line num="3" count="2" type="stmt"/>
        <line num="10" count="2" type="stmt"/>
      </file>
      <file name="item-validation.js" path="D:\MAGANG PT REVELWARE TECHNOLOGY\PROJECT\backend-api\template-backend-yogiravelware\src\validations\item-validation.js">
        <metrics statements="11" coveredstatements="11" conditionals="4" coveredconditionals="4" methods="2" coveredmethods="2"/>
        <line num="1" count="4" type="stmt"/>
        <line num="2" count="4" type="stmt"/>
        <line num="4" count="4" type="stmt"/>
        <line num="6" count="9" type="cond" truecount="2" falsecount="0"/>
        <line num="7" count="1" type="stmt"/>
        <line num="9" count="8" type="stmt"/>
        <line num="19" count="4" type="stmt"/>
        <line num="21" count="4" type="cond" truecount="2" falsecount="0"/>
        <line num="22" count="1" type="stmt"/>
        <line num="24" count="3" type="stmt"/>
        <line num="33" count="4" type="stmt"/>
      </file>
      <file name="location-validation.js" path="D:\MAGANG PT REVELWARE TECHNOLOGY\PROJECT\backend-api\template-backend-yogiravelware\src\validations\location-validation.js">
        <metrics statements="4" coveredstatements="4" conditionals="0" coveredconditionals="0" methods="0" coveredmethods="0"/>
        <line num="1" count="2" type="stmt"/>
        <line num="3" count="2" type="stmt"/>
        <line num="12" count="2" type="stmt"/>
        <line num="22" count="2" type="stmt"/>
      </file>
      <file name="outbound-validation.js" path="D:\MAGANG PT REVELWARE TECHNOLOGY\PROJECT\backend-api\template-backend-yogiravelware\src\validations\outbound-validation.js">
        <metrics statements="8" coveredstatements="8" conditionals="2" coveredconditionals="2" methods="1" coveredmethods="1"/>
        <line num="1" count="4" type="stmt"/>
        <line num="2" count="4" type="stmt"/>
        <line num="4" count="4" type="stmt"/>
        <line num="18" count="4" type="stmt"/>
        <line num="20" count="15" type="cond" truecount="2" falsecount="0"/>
        <line num="21" count="1" type="stmt"/>
        <line num="23" count="14" type="stmt"/>
        <line num="28" count="4" type="stmt"/>
      </file>
      <file name="user-validation.js" path="D:\MAGANG PT REVELWARE TECHNOLOGY\PROJECT\backend-api\template-backend-yogiravelware\src\validations\user-validation.js">
        <metrics statements="6" coveredstatements="6" conditionals="0" coveredconditionals="0" methods="0" coveredmethods="0"/>
        <line num="2" count="6" type="stmt"/>
        <line num="4" count="6" type="stmt"/>
        <line num="11" count="6" type="stmt"/>
        <line num="16" count="6" type="stmt"/>
        <line num="22" count="6" type="stmt"/>
        <line num="26" count="6" type="stmt"/>
      </file>
    </package>
  </project>
</coverage>
