{"D:\\MAGANG PT REVELWARE TECHNOLOGY\\PROJECT\\backend-api\\template-backend-yogiravelware\\src\\controllers\\inbound.js": {"path":"D:\\MAGANG PT REVELWARE TECHNOLOGY\\PROJECT\\backend-api\\template-backend-yogiravelware\\src\\controllers\\inbound.js","statementMap":{"0":{"start":{"line":1,"column":23},"end":{"line":1,"column":53}},"1":{"start":{"line":2,"column":17},"end":{"line":2,"column":45}},"2":{"start":{"line":3,"column":15},"end":{"line":3,"column":41}},"3":{"start":{"line":7,"column":4},"end":{"line":7,"column":48}},"4":{"start":{"line":10,"column":22},"end":{"line":18,"column":1}},"5":{"start":{"line":11,"column":2},"end":{"line":11,"column":43}},"6":{"start":{"line":12,"column":2},"end":{"line":17,"column":3}},"7":{"start":{"line":13,"column":19},"end":{"line":13,"column":63}},"8":{"start":{"line":14,"column":4},"end":{"line":14,"column":51}},"9":{"start":{"line":16,"column":4},"end":{"line":16,"column":14}},"10":{"start":{"line":21,"column":20},"end":{"line":29,"column":1}},"11":{"start":{"line":22,"column":2},"end":{"line":22,"column":39}},"12":{"start":{"line":23,"column":2},"end":{"line":28,"column":3}},"13":{"start":{"line":24,"column":21},"end":{"line":24,"column":55}},"14":{"start":{"line":25,"column":4},"end":{"line":25,"column":41}},"15":{"start":{"line":27,"column":4},"end":{"line":27,"column":14}},"16":{"start":{"line":32,"column":25},"end":{"line":40,"column":1}},"17":{"start":{"line":33,"column":2},"end":{"line":33,"column":66}},"18":{"start":{"line":34,"column":2},"end":{"line":39,"column":3}},"19":{"start":{"line":35,"column":19},"end":{"line":35,"column":71}},"20":{"start":{"line":36,"column":4},"end":{"line":36,"column":39}},"21":{"start":{"line":38,"column":4},"end":{"line":38,"column":14}},"22":{"start":{"line":43,"column":17},"end":{"line":66,"column":1}},"23":{"start":{"line":44,"column":2},"end":{"line":44,"column":68}},"24":{"start":{"line":45,"column":2},"end":{"line":65,"column":3}},"25":{"start":{"line":47,"column":29},"end":{"line":47,"column":62}},"26":{"start":{"line":48,"column":4},"end":{"line":53,"column":5}},"27":{"start":{"line":49,"column":6},"end":{"line":52,"column":9}},"28":{"start":{"line":55,"column":19},"end":{"line":58,"column":5}},"29":{"start":{"line":59,"column":4},"end":{"line":61,"column":5}},"30":{"start":{"line":60,"column":6},"end":{"line":60,"column":56}},"31":{"start":{"line":62,"column":4},"end":{"line":62,"column":44}},"32":{"start":{"line":64,"column":4},"end":{"line":64,"column":14}},"33":{"start":{"line":69,"column":20},"end":{"line":100,"column":1}},"34":{"start":{"line":70,"column":2},"end":{"line":70,"column":71}},"35":{"start":{"line":71,"column":2},"end":{"line":99,"column":3}},"36":{"start":{"line":73,"column":29},"end":{"line":73,"column":65}},"37":{"start":{"line":74,"column":4},"end":{"line":79,"column":5}},"38":{"start":{"line":75,"column":6},"end":{"line":78,"column":9}},"39":{"start":{"line":81,"column":4},"end":{"line":86,"column":5}},"40":{"start":{"line":82,"column":6},"end":{"line":85,"column":9}},"41":{"start":{"line":88,"column":19},"end":{"line":92,"column":5}},"42":{"start":{"line":93,"column":4},"end":{"line":95,"column":5}},"43":{"start":{"line":94,"column":6},"end":{"line":94,"column":56}},"44":{"start":{"line":96,"column":4},"end":{"line":96,"column":44}},"45":{"start":{"line":98,"column":4},"end":{"line":98,"column":14}},"46":{"start":{"line":102,"column":0},"end":{"line":108,"column":2}}},"fnMap":{"0":{"name":"(anonymous_0)","decl":{"start":{"line":10,"column":22},"end":{"line":10,"column":23}},"loc":{"start":{"line":10,"column":48},"end":{"line":18,"column":1}},"line":10},"1":{"name":"(anonymous_1)","decl":{"start":{"line":21,"column":20},"end":{"line":21,"column":21}},"loc":{"start":{"line":21,"column":46},"end":{"line":29,"column":1}},"line":21},"2":{"name":"(anonymous_2)","decl":{"start":{"line":32,"column":25},"end":{"line":32,"column":26}},"loc":{"start":{"line":32,"column":51},"end":{"line":40,"column":1}},"line":32},"3":{"name":"(anonymous_3)","decl":{"start":{"line":43,"column":17},"end":{"line":43,"column":18}},"loc":{"start":{"line":43,"column":43},"end":{"line":66,"column":1}},"line":43},"4":{"name":"(anonymous_4)","decl":{"start":{"line":69,"column":20},"end":{"line":69,"column":21}},"loc":{"start":{"line":69,"column":46},"end":{"line":100,"column":1}},"line":69}},"branchMap":{"0":{"loc":{"start":{"line":48,"column":4},"end":{"line":53,"column":5}},"type":"if","locations":[{"start":{"line":48,"column":4},"end":{"line":53,"column":5}},{"start":{},"end":{}}],"line":48},"1":{"loc":{"start":{"line":59,"column":4},"end":{"line":61,"column":5}},"type":"if","locations":[{"start":{"line":59,"column":4},"end":{"line":61,"column":5}},{"start":{},"end":{}}],"line":59},"2":{"loc":{"start":{"line":74,"column":4},"end":{"line":79,"column":5}},"type":"if","locations":[{"start":{"line":74,"column":4},"end":{"line":79,"column":5}},{"start":{},"end":{}}],"line":74},"3":{"loc":{"start":{"line":81,"column":4},"end":{"line":86,"column":5}},"type":"if","locations":[{"start":{"line":81,"column":4},"end":{"line":86,"column":5}},{"start":{},"end":{}}],"line":81},"4":{"loc":{"start":{"line":93,"column":4},"end":{"line":95,"column":5}},"type":"if","locations":[{"start":{"line":93,"column":4},"end":{"line":95,"column":5}},{"start":{},"end":{}}],"line":93}},"s":{"0":1,"1":1,"2":1,"3":1,"4":1,"5":2,"6":2,"7":2,"8":1,"9":1,"10":1,"11":2,"12":2,"13":2,"14":1,"15":1,"16":1,"17":2,"18":2,"19":2,"20":1,"21":1,"22":1,"23":4,"24":4,"25":4,"26":4,"27":1,"28":3,"29":2,"30":1,"31":1,"32":1,"33":1,"34":5,"35":5,"36":5,"37":5,"38":1,"39":4,"40":1,"41":3,"42":2,"43":1,"44":1,"45":1,"46":1},"f":{"0":2,"1":2,"2":2,"3":4,"4":5},"b":{"0":[1,3],"1":[1,1],"2":[1,4],"3":[1,3],"4":[1,1]},"_coverageSchema":"1a1c01bbd47fc00a2c39e90264f33305004495a9","hash":"852b18b92a09d586126ee9dd582ed1e02ab5d68f"}
,"D:\\MAGANG PT REVELWARE TECHNOLOGY\\PROJECT\\backend-api\\template-backend-yogiravelware\\src\\controllers\\item.js": {"path":"D:\\MAGANG PT REVELWARE TECHNOLOGY\\PROJECT\\backend-api\\template-backend-yogiravelware\\src\\controllers\\item.js","statementMap":{"0":{"start":{"line":1,"column":20},"end":{"line":1,"column":47}},"1":{"start":{"line":2,"column":17},"end":{"line":2,"column":45}},"2":{"start":{"line":3,"column":15},"end":{"line":3,"column":41}},"3":{"start":{"line":6,"column":21},"end":{"line":14,"column":1}},"4":{"start":{"line":7,"column":2},"end":{"line":7,"column":40}},"5":{"start":{"line":8,"column":2},"end":{"line":13,"column":3}},"6":{"start":{"line":9,"column":19},"end":{"line":9,"column":59}},"7":{"start":{"line":10,"column":4},"end":{"line":10,"column":51}},"8":{"start":{"line":12,"column":4},"end":{"line":12,"column":14}},"9":{"start":{"line":17,"column":17},"end":{"line":25,"column":1}},"10":{"start":{"line":18,"column":2},"end":{"line":18,"column":36}},"11":{"start":{"line":19,"column":2},"end":{"line":24,"column":3}},"12":{"start":{"line":20,"column":18},"end":{"line":20,"column":46}},"13":{"start":{"line":21,"column":4},"end":{"line":21,"column":38}},"14":{"start":{"line":23,"column":4},"end":{"line":23,"column":14}},"15":{"start":{"line":28,"column":20},"end":{"line":36,"column":1}},"16":{"start":{"line":29,"column":2},"end":{"line":29,"column":57}},"17":{"start":{"line":30,"column":2},"end":{"line":35,"column":3}},"18":{"start":{"line":31,"column":17},"end":{"line":31,"column":61}},"19":{"start":{"line":32,"column":4},"end":{"line":32,"column":37}},"20":{"start":{"line":34,"column":4},"end":{"line":34,"column":14}},"21":{"start":{"line":39,"column":19},"end":{"line":47,"column":1}},"22":{"start":{"line":40,"column":2},"end":{"line":40,"column":57}},"23":{"start":{"line":41,"column":2},"end":{"line":46,"column":3}},"24":{"start":{"line":42,"column":19},"end":{"line":42,"column":72}},"25":{"start":{"line":43,"column":4},"end":{"line":43,"column":39}},"26":{"start":{"line":45,"column":4},"end":{"line":45,"column":14}},"27":{"start":{"line":50,"column":19},"end":{"line":58,"column":1}},"28":{"start":{"line":51,"column":2},"end":{"line":51,"column":57}},"29":{"start":{"line":52,"column":2},"end":{"line":57,"column":3}},"30":{"start":{"line":53,"column":19},"end":{"line":53,"column":62}},"31":{"start":{"line":54,"column":4},"end":{"line":54,"column":39}},"32":{"start":{"line":56,"column":4},"end":{"line":56,"column":14}},"33":{"start":{"line":61,"column":23},"end":{"line":70,"column":1}},"34":{"start":{"line":62,"column":2},"end":{"line":62,"column":41}},"35":{"start":{"line":63,"column":2},"end":{"line":69,"column":3}},"36":{"start":{"line":64,"column":19},"end":{"line":64,"column":54}},"37":{"start":{"line":65,"column":19},"end":{"line":65,"column":69}},"38":{"start":{"line":66,"column":4},"end":{"line":66,"column":39}},"39":{"start":{"line":68,"column":4},"end":{"line":68,"column":14}},"40":{"start":{"line":73,"column":23},"end":{"line":81,"column":1}},"41":{"start":{"line":74,"column":2},"end":{"line":74,"column":64}},"42":{"start":{"line":75,"column":2},"end":{"line":80,"column":3}},"43":{"start":{"line":76,"column":19},"end":{"line":76,"column":66}},"44":{"start":{"line":77,"column":4},"end":{"line":77,"column":39}},"45":{"start":{"line":79,"column":4},"end":{"line":79,"column":14}},"46":{"start":{"line":84,"column":26},"end":{"line":92,"column":1}},"47":{"start":{"line":85,"column":2},"end":{"line":85,"column":54}},"48":{"start":{"line":86,"column":2},"end":{"line":91,"column":3}},"49":{"start":{"line":87,"column":19},"end":{"line":87,"column":62}},"50":{"start":{"line":88,"column":4},"end":{"line":88,"column":39}},"51":{"start":{"line":90,"column":4},"end":{"line":90,"column":14}},"52":{"start":{"line":94,"column":0},"end":{"line":103,"column":2}}},"fnMap":{"0":{"name":"(anonymous_0)","decl":{"start":{"line":6,"column":21},"end":{"line":6,"column":22}},"loc":{"start":{"line":6,"column":47},"end":{"line":14,"column":1}},"line":6},"1":{"name":"(anonymous_1)","decl":{"start":{"line":17,"column":17},"end":{"line":17,"column":18}},"loc":{"start":{"line":17,"column":43},"end":{"line":25,"column":1}},"line":17},"2":{"name":"(anonymous_2)","decl":{"start":{"line":28,"column":20},"end":{"line":28,"column":21}},"loc":{"start":{"line":28,"column":46},"end":{"line":36,"column":1}},"line":28},"3":{"name":"(anonymous_3)","decl":{"start":{"line":39,"column":19},"end":{"line":39,"column":20}},"loc":{"start":{"line":39,"column":45},"end":{"line":47,"column":1}},"line":39},"4":{"name":"(anonymous_4)","decl":{"start":{"line":50,"column":19},"end":{"line":50,"column":20}},"loc":{"start":{"line":50,"column":45},"end":{"line":58,"column":1}},"line":50},"5":{"name":"(anonymous_5)","decl":{"start":{"line":61,"column":23},"end":{"line":61,"column":24}},"loc":{"start":{"line":61,"column":49},"end":{"line":70,"column":1}},"line":61},"6":{"name":"(anonymous_6)","decl":{"start":{"line":73,"column":23},"end":{"line":73,"column":24}},"loc":{"start":{"line":73,"column":49},"end":{"line":81,"column":1}},"line":73},"7":{"name":"(anonymous_7)","decl":{"start":{"line":84,"column":26},"end":{"line":84,"column":27}},"loc":{"start":{"line":84,"column":52},"end":{"line":92,"column":1}},"line":84}},"branchMap":{"0":{"loc":{"start":{"line":64,"column":19},"end":{"line":64,"column":54}},"type":"cond-expr","locations":[{"start":{"line":64,"column":30},"end":{"line":64,"column":47}},{"start":{"line":64,"column":50},"end":{"line":64,"column":54}}],"line":64}},"s":{"0":1,"1":1,"2":1,"3":1,"4":2,"5":2,"6":2,"7":1,"8":1,"9":1,"10":2,"11":2,"12":2,"13":1,"14":1,"15":1,"16":2,"17":2,"18":2,"19":1,"20":1,"21":1,"22":2,"23":2,"24":2,"25":1,"26":1,"27":1,"28":2,"29":2,"30":2,"31":1,"32":1,"33":1,"34":3,"35":3,"36":3,"37":3,"38":2,"39":1,"40":1,"41":2,"42":2,"43":2,"44":1,"45":1,"46":1,"47":2,"48":2,"49":2,"50":1,"51":1,"52":1},"f":{"0":2,"1":2,"2":2,"3":2,"4":2,"5":3,"6":2,"7":2},"b":{"0":[1,2]},"_coverageSchema":"1a1c01bbd47fc00a2c39e90264f33305004495a9","hash":"a8a00d7682508ecbf81b86be82758e72da19232f"}
,"D:\\MAGANG PT REVELWARE TECHNOLOGY\\PROJECT\\backend-api\\template-backend-yogiravelware\\src\\controllers\\location.js": {"path":"D:\\MAGANG PT REVELWARE TECHNOLOGY\\PROJECT\\backend-api\\template-backend-yogiravelware\\src\\controllers\\location.js","statementMap":{"0":{"start":{"line":1,"column":17},"end":{"line":1,"column":46}},"1":{"start":{"line":2,"column":43},"end":{"line":2,"column":71}},"2":{"start":{"line":3,"column":15},"end":{"line":3,"column":41}},"3":{"start":{"line":7,"column":4},"end":{"line":7,"column":49}},"4":{"start":{"line":10,"column":23},"end":{"line":80,"column":1}},"5":{"start":{"line":11,"column":2},"end":{"line":11,"column":53}},"6":{"start":{"line":12,"column":2},"end":{"line":79,"column":3}},"7":{"start":{"line":14,"column":29},"end":{"line":14,"column":68}},"8":{"start":{"line":15,"column":4},"end":{"line":21,"column":5}},"9":{"start":{"line":16,"column":6},"end":{"line":20,"column":8}},"10":{"start":{"line":24,"column":6},"end":{"line":24,"column":11}},"11":{"start":{"line":26,"column":27},"end":{"line":28,"column":6}},"12":{"start":{"line":30,"column":4},"end":{"line":36,"column":5}},"13":{"start":{"line":31,"column":6},"end":{"line":35,"column":8}},"14":{"start":{"line":38,"column":25},"end":{"line":40,"column":6}},"15":{"start":{"line":42,"column":4},"end":{"line":48,"column":5}},"16":{"start":{"line":43,"column":6},"end":{"line":47,"column":8}},"17":{"start":{"line":50,"column":21},"end":{"line":60,"column":6}},"18":{"start":{"line":62,"column":4},"end":{"line":76,"column":6}},"19":{"start":{"line":78,"column":4},"end":{"line":78,"column":14}},"20":{"start":{"line":83,"column":21},"end":{"line":110,"column":1}},"21":{"start":{"line":84,"column":2},"end":{"line":84,"column":40}},"22":{"start":{"line":85,"column":2},"end":{"line":109,"column":3}},"23":{"start":{"line":86,"column":22},"end":{"line":99,"column":6}},"24":{"start":{"line":101,"column":4},"end":{"line":106,"column":6}},"25":{"start":{"line":108,"column":4},"end":{"line":108,"column":14}},"26":{"start":{"line":113,"column":24},"end":{"line":144,"column":1}},"27":{"start":{"line":114,"column":2},"end":{"line":114,"column":61}},"28":{"start":{"line":115,"column":2},"end":{"line":143,"column":3}},"29":{"start":{"line":116,"column":21},"end":{"line":128,"column":6}},"30":{"start":{"line":130,"column":4},"end":{"line":136,"column":5}},"31":{"start":{"line":131,"column":6},"end":{"line":135,"column":8}},"32":{"start":{"line":138,"column":4},"end":{"line":140,"column":6}},"33":{"start":{"line":142,"column":4},"end":{"line":142,"column":14}},"34":{"start":{"line":147,"column":23},"end":{"line":228,"column":1}},"35":{"start":{"line":148,"column":2},"end":{"line":148,"column":73}},"36":{"start":{"line":149,"column":2},"end":{"line":227,"column":3}},"37":{"start":{"line":151,"column":29},"end":{"line":151,"column":68}},"38":{"start":{"line":152,"column":4},"end":{"line":158,"column":5}},"39":{"start":{"line":153,"column":6},"end":{"line":157,"column":8}},"40":{"start":{"line":160,"column":21},"end":{"line":160,"column":59}},"41":{"start":{"line":162,"column":4},"end":{"line":168,"column":5}},"42":{"start":{"line":163,"column":6},"end":{"line":167,"column":8}},"43":{"start":{"line":170,"column":86},"end":{"line":170,"column":91}},"44":{"start":{"line":172,"column":4},"end":{"line":183,"column":5}},"45":{"start":{"line":173,"column":23},"end":{"line":175,"column":8}},"46":{"start":{"line":176,"column":6},"end":{"line":182,"column":7}},"47":{"start":{"line":177,"column":8},"end":{"line":181,"column":10}},"48":{"start":{"line":185,"column":4},"end":{"line":196,"column":5}},"49":{"start":{"line":186,"column":23},"end":{"line":188,"column":8}},"50":{"start":{"line":189,"column":6},"end":{"line":195,"column":7}},"51":{"start":{"line":190,"column":8},"end":{"line":194,"column":10}},"52":{"start":{"line":198,"column":4},"end":{"line":208,"column":7}},"53":{"start":{"line":210,"column":4},"end":{"line":224,"column":6}},"54":{"start":{"line":226,"column":4},"end":{"line":226,"column":14}},"55":{"start":{"line":231,"column":23},"end":{"line":252,"column":1}},"56":{"start":{"line":232,"column":2},"end":{"line":232,"column":73}},"57":{"start":{"line":233,"column":2},"end":{"line":251,"column":3}},"58":{"start":{"line":234,"column":21},"end":{"line":234,"column":59}},"59":{"start":{"line":236,"column":4},"end":{"line":242,"column":5}},"60":{"start":{"line":237,"column":6},"end":{"line":241,"column":8}},"61":{"start":{"line":244,"column":4},"end":{"line":244,"column":29}},"62":{"start":{"line":246,"column":4},"end":{"line":248,"column":6}},"63":{"start":{"line":250,"column":4},"end":{"line":250,"column":14}},"64":{"start":{"line":254,"column":0},"end":{"line":260,"column":2}}},"fnMap":{"0":{"name":"(anonymous_0)","decl":{"start":{"line":10,"column":23},"end":{"line":10,"column":24}},"loc":{"start":{"line":10,"column":49},"end":{"line":80,"column":1}},"line":10},"1":{"name":"(anonymous_1)","decl":{"start":{"line":83,"column":21},"end":{"line":83,"column":22}},"loc":{"start":{"line":83,"column":47},"end":{"line":110,"column":1}},"line":83},"2":{"name":"(anonymous_2)","decl":{"start":{"line":113,"column":24},"end":{"line":113,"column":25}},"loc":{"start":{"line":113,"column":50},"end":{"line":144,"column":1}},"line":113},"3":{"name":"(anonymous_3)","decl":{"start":{"line":147,"column":23},"end":{"line":147,"column":24}},"loc":{"start":{"line":147,"column":49},"end":{"line":228,"column":1}},"line":147},"4":{"name":"(anonymous_4)","decl":{"start":{"line":231,"column":23},"end":{"line":231,"column":24}},"loc":{"start":{"line":231,"column":49},"end":{"line":252,"column":1}},"line":231}},"branchMap":{"0":{"loc":{"start":{"line":15,"column":4},"end":{"line":21,"column":5}},"type":"if","locations":[{"start":{"line":15,"column":4},"end":{"line":21,"column":5}},{"start":{},"end":{}}],"line":15},"1":{"loc":{"start":{"line":30,"column":4},"end":{"line":36,"column":5}},"type":"if","locations":[{"start":{"line":30,"column":4},"end":{"line":36,"column":5}},{"start":{},"end":{}}],"line":30},"2":{"loc":{"start":{"line":42,"column":4},"end":{"line":48,"column":5}},"type":"if","locations":[{"start":{"line":42,"column":4},"end":{"line":48,"column":5}},{"start":{},"end":{}}],"line":42},"3":{"loc":{"start":{"line":57,"column":8},"end":{"line":58,"column":48}},"type":"binary-expr","locations":[{"start":{"line":57,"column":8},"end":{"line":57,"column":21}},{"start":{"line":58,"column":8},"end":{"line":58,"column":48}}],"line":57},"4":{"loc":{"start":{"line":130,"column":4},"end":{"line":136,"column":5}},"type":"if","locations":[{"start":{"line":130,"column":4},"end":{"line":136,"column":5}},{"start":{},"end":{}}],"line":130},"5":{"loc":{"start":{"line":152,"column":4},"end":{"line":158,"column":5}},"type":"if","locations":[{"start":{"line":152,"column":4},"end":{"line":158,"column":5}},{"start":{},"end":{}}],"line":152},"6":{"loc":{"start":{"line":162,"column":4},"end":{"line":168,"column":5}},"type":"if","locations":[{"start":{"line":162,"column":4},"end":{"line":168,"column":5}},{"start":{},"end":{}}],"line":162},"7":{"loc":{"start":{"line":172,"column":4},"end":{"line":183,"column":5}},"type":"if","locations":[{"start":{"line":172,"column":4},"end":{"line":183,"column":5}},{"start":{},"end":{}}],"line":172},"8":{"loc":{"start":{"line":172,"column":8},"end":{"line":172,"column":65}},"type":"binary-expr","locations":[{"start":{"line":172,"column":8},"end":{"line":172,"column":21}},{"start":{"line":172,"column":25},"end":{"line":172,"column":65}}],"line":172},"9":{"loc":{"start":{"line":176,"column":6},"end":{"line":182,"column":7}},"type":"if","locations":[{"start":{"line":176,"column":6},"end":{"line":182,"column":7}},{"start":{},"end":{}}],"line":176},"10":{"loc":{"start":{"line":185,"column":4},"end":{"line":196,"column":5}},"type":"if","locations":[{"start":{"line":185,"column":4},"end":{"line":196,"column":5}},{"start":{},"end":{}}],"line":185},"11":{"loc":{"start":{"line":185,"column":8},"end":{"line":185,"column":53}},"type":"binary-expr","locations":[{"start":{"line":185,"column":8},"end":{"line":185,"column":17}},{"start":{"line":185,"column":21},"end":{"line":185,"column":53}}],"line":185},"12":{"loc":{"start":{"line":189,"column":6},"end":{"line":195,"column":7}},"type":"if","locations":[{"start":{"line":189,"column":6},"end":{"line":195,"column":7}},{"start":{},"end":{}}],"line":189},"13":{"loc":{"start":{"line":199,"column":21},"end":{"line":199,"column":60}},"type":"binary-expr","locations":[{"start":{"line":199,"column":21},"end":{"line":199,"column":34}},{"start":{"line":199,"column":38},"end":{"line":199,"column":60}}],"line":199},"14":{"loc":{"start":{"line":200,"column":17},"end":{"line":200,"column":48}},"type":"binary-expr","locations":[{"start":{"line":200,"column":17},"end":{"line":200,"column":26}},{"start":{"line":200,"column":30},"end":{"line":200,"column":48}}],"line":200},"15":{"loc":{"start":{"line":201,"column":17},"end":{"line":201,"column":48}},"type":"binary-expr","locations":[{"start":{"line":201,"column":17},"end":{"line":201,"column":26}},{"start":{"line":201,"column":30},"end":{"line":201,"column":48}}],"line":201},"16":{"loc":{"start":{"line":202,"column":12},"end":{"line":202,"column":33}},"type":"binary-expr","locations":[{"start":{"line":202,"column":12},"end":{"line":202,"column":16}},{"start":{"line":202,"column":20},"end":{"line":202,"column":33}}],"line":202},"17":{"loc":{"start":{"line":203,"column":11},"end":{"line":203,"column":30}},"type":"binary-expr","locations":[{"start":{"line":203,"column":11},"end":{"line":203,"column":14}},{"start":{"line":203,"column":18},"end":{"line":203,"column":30}}],"line":203},"18":{"loc":{"start":{"line":205,"column":8},"end":{"line":206,"column":103}},"type":"binary-expr","locations":[{"start":{"line":205,"column":8},"end":{"line":205,"column":21}},{"start":{"line":206,"column":8},"end":{"line":206,"column":103}}],"line":205},"19":{"loc":{"start":{"line":206,"column":11},"end":{"line":206,"column":42}},"type":"binary-expr","locations":[{"start":{"line":206,"column":11},"end":{"line":206,"column":20}},{"start":{"line":206,"column":24},"end":{"line":206,"column":42}}],"line":206},"20":{"loc":{"start":{"line":206,"column":48},"end":{"line":206,"column":69}},"type":"binary-expr","locations":[{"start":{"line":206,"column":48},"end":{"line":206,"column":52}},{"start":{"line":206,"column":56},"end":{"line":206,"column":69}}],"line":206},"21":{"loc":{"start":{"line":206,"column":75},"end":{"line":206,"column":94}},"type":"binary-expr","locations":[{"start":{"line":206,"column":75},"end":{"line":206,"column":78}},{"start":{"line":206,"column":82},"end":{"line":206,"column":94}}],"line":206},"22":{"loc":{"start":{"line":207,"column":14},"end":{"line":207,"column":39}},"type":"binary-expr","locations":[{"start":{"line":207,"column":14},"end":{"line":207,"column":20}},{"start":{"line":207,"column":24},"end":{"line":207,"column":39}}],"line":207},"23":{"loc":{"start":{"line":236,"column":4},"end":{"line":242,"column":5}},"type":"if","locations":[{"start":{"line":236,"column":4},"end":{"line":242,"column":5}},{"start":{},"end":{}}],"line":236}},"s":{"0":1,"1":1,"2":1,"3":1,"4":1,"5":5,"6":5,"7":5,"8":5,"9":1,"10":4,"11":4,"12":4,"13":1,"14":3,"15":3,"16":1,"17":2,"18":1,"19":1,"20":1,"21":2,"22":2,"23":2,"24":1,"25":1,"26":1,"27":3,"28":3,"29":3,"30":2,"31":1,"32":1,"33":1,"34":1,"35":7,"36":7,"37":7,"38":7,"39":1,"40":6,"41":5,"42":1,"43":4,"44":4,"45":2,"46":2,"47":1,"48":3,"49":2,"50":2,"51":1,"52":2,"53":2,"54":1,"55":1,"56":3,"57":3,"58":3,"59":2,"60":1,"61":1,"62":1,"63":1,"64":1},"f":{"0":5,"1":2,"2":3,"3":7,"4":3},"b":{"0":[1,4],"1":[1,3],"2":[1,2],"3":[2,2],"4":[1,1],"5":[1,6],"6":[1,4],"7":[2,2],"8":[4,2],"9":[1,1],"10":[2,1],"11":[3,2],"12":[1,1],"13":[2,1],"14":[2,1],"15":[2,2],"16":[2,2],"17":[2,2],"18":[2,2],"19":[2,2],"20":[2,2],"21":[2,2],"22":[2,2],"23":[1,1]},"_coverageSchema":"1a1c01bbd47fc00a2c39e90264f33305004495a9","hash":"cb9a0436a6698bc5de615403dcaec88707346ddc"}
,"D:\\MAGANG PT REVELWARE TECHNOLOGY\\PROJECT\\backend-api\\template-backend-yogiravelware\\src\\controllers\\outbound.js": {"path":"D:\\MAGANG PT REVELWARE TECHNOLOGY\\PROJECT\\backend-api\\template-backend-yogiravelware\\src\\controllers\\outbound.js","statementMap":{"0":{"start":{"line":1,"column":24},"end":{"line":1,"column":55}},"1":{"start":{"line":2,"column":17},"end":{"line":2,"column":45}},"2":{"start":{"line":3,"column":15},"end":{"line":3,"column":41}},"3":{"start":{"line":6,"column":23},"end":{"line":14,"column":1}},"4":{"start":{"line":7,"column":2},"end":{"line":7,"column":47}},"5":{"start":{"line":8,"column":2},"end":{"line":13,"column":3}},"6":{"start":{"line":9,"column":19},"end":{"line":9,"column":65}},"7":{"start":{"line":10,"column":4},"end":{"line":10,"column":51}},"8":{"start":{"line":12,"column":4},"end":{"line":12,"column":14}},"9":{"start":{"line":17,"column":21},"end":{"line":25,"column":1}},"10":{"start":{"line":18,"column":2},"end":{"line":18,"column":40}},"11":{"start":{"line":19,"column":2},"end":{"line":24,"column":3}},"12":{"start":{"line":20,"column":22},"end":{"line":20,"column":58}},"13":{"start":{"line":21,"column":4},"end":{"line":21,"column":42}},"14":{"start":{"line":23,"column":4},"end":{"line":23,"column":14}},"15":{"start":{"line":28,"column":26},"end":{"line":36,"column":1}},"16":{"start":{"line":29,"column":2},"end":{"line":29,"column":67}},"17":{"start":{"line":30,"column":2},"end":{"line":35,"column":3}},"18":{"start":{"line":31,"column":19},"end":{"line":31,"column":73}},"19":{"start":{"line":32,"column":4},"end":{"line":32,"column":39}},"20":{"start":{"line":34,"column":4},"end":{"line":34,"column":14}},"21":{"start":{"line":39,"column":24},"end":{"line":47,"column":1}},"22":{"start":{"line":40,"column":2},"end":{"line":40,"column":81}},"23":{"start":{"line":41,"column":2},"end":{"line":46,"column":3}},"24":{"start":{"line":42,"column":19},"end":{"line":42,"column":89}},"25":{"start":{"line":43,"column":4},"end":{"line":43,"column":39}},"26":{"start":{"line":45,"column":4},"end":{"line":45,"column":14}},"27":{"start":{"line":49,"column":0},"end":{"line":54,"column":2}}},"fnMap":{"0":{"name":"(anonymous_0)","decl":{"start":{"line":6,"column":23},"end":{"line":6,"column":24}},"loc":{"start":{"line":6,"column":49},"end":{"line":14,"column":1}},"line":6},"1":{"name":"(anonymous_1)","decl":{"start":{"line":17,"column":21},"end":{"line":17,"column":22}},"loc":{"start":{"line":17,"column":47},"end":{"line":25,"column":1}},"line":17},"2":{"name":"(anonymous_2)","decl":{"start":{"line":28,"column":26},"end":{"line":28,"column":27}},"loc":{"start":{"line":28,"column":52},"end":{"line":36,"column":1}},"line":28},"3":{"name":"(anonymous_3)","decl":{"start":{"line":39,"column":24},"end":{"line":39,"column":25}},"loc":{"start":{"line":39,"column":50},"end":{"line":47,"column":1}},"line":39}},"branchMap":{},"s":{"0":1,"1":1,"2":1,"3":1,"4":2,"5":2,"6":2,"7":1,"8":1,"9":1,"10":2,"11":2,"12":2,"13":1,"14":1,"15":1,"16":2,"17":2,"18":2,"19":1,"20":1,"21":1,"22":2,"23":2,"24":2,"25":1,"26":1,"27":1},"f":{"0":2,"1":2,"2":2,"3":2},"b":{},"_coverageSchema":"1a1c01bbd47fc00a2c39e90264f33305004495a9","hash":"e1de8f317ffe44c92b94fbd2ade2d71f6eed8519"}
,"D:\\MAGANG PT REVELWARE TECHNOLOGY\\PROJECT\\backend-api\\template-backend-yogiravelware\\src\\controllers\\role.js": {"path":"D:\\MAGANG PT REVELWARE TECHNOLOGY\\PROJECT\\backend-api\\template-backend-yogiravelware\\src\\controllers\\role.js","statementMap":{"0":{"start":{"line":1,"column":13},"end":{"line":1,"column":38}},"1":{"start":{"line":2,"column":30},"end":{"line":2,"column":81}},"2":{"start":{"line":3,"column":37},"end":{"line":3,"column":96}},"3":{"start":{"line":4,"column":17},"end":{"line":4,"column":45}},"4":{"start":{"line":5,"column":15},"end":{"line":5,"column":41}},"5":{"start":{"line":7,"column":17},"end":{"line":33,"column":1}},"6":{"start":{"line":8,"column":2},"end":{"line":32,"column":3}},"7":{"start":{"line":9,"column":23},"end":{"line":9,"column":54}},"8":{"start":{"line":10,"column":18},"end":{"line":18,"column":6}},"9":{"start":{"line":21,"column":31},"end":{"line":26,"column":6}},"10":{"start":{"line":22,"column":23},"end":{"line":22,"column":36}},"11":{"start":{"line":23,"column":6},"end":{"line":23,"column":69}},"12":{"start":{"line":23,"column":61},"end":{"line":23,"column":67}},"13":{"start":{"line":24,"column":6},"end":{"line":24,"column":34}},"14":{"start":{"line":25,"column":6},"end":{"line":25,"column":22}},"15":{"start":{"line":28,"column":4},"end":{"line":28,"column":70}},"16":{"start":{"line":30,"column":4},"end":{"line":30,"column":67}},"17":{"start":{"line":31,"column":4},"end":{"line":31,"column":73}},"18":{"start":{"line":35,"column":23},"end":{"line":43,"column":1}},"19":{"start":{"line":36,"column":2},"end":{"line":42,"column":3}},"20":{"start":{"line":37,"column":24},"end":{"line":37,"column":53}},"21":{"start":{"line":38,"column":4},"end":{"line":38,"column":63}},"22":{"start":{"line":40,"column":4},"end":{"line":40,"column":73}},"23":{"start":{"line":41,"column":4},"end":{"line":41,"column":73}},"24":{"start":{"line":45,"column":26},"end":{"line":57,"column":1}},"25":{"start":{"line":46,"column":17},"end":{"line":46,"column":27}},"26":{"start":{"line":47,"column":28},"end":{"line":47,"column":36}},"27":{"start":{"line":49,"column":2},"end":{"line":56,"column":3}},"28":{"start":{"line":50,"column":19},"end":{"line":50,"column":72}},"29":{"start":{"line":51,"column":4},"end":{"line":51,"column":58}},"30":{"start":{"line":53,"column":4},"end":{"line":53,"column":76}},"31":{"start":{"line":54,"column":19},"end":{"line":54,"column":38}},"32":{"start":{"line":55,"column":4},"end":{"line":55,"column":66}},"33":{"start":{"line":59,"column":0},"end":{"line":63,"column":2}}},"fnMap":{"0":{"name":"(anonymous_0)","decl":{"start":{"line":7,"column":17},"end":{"line":7,"column":18}},"loc":{"start":{"line":7,"column":37},"end":{"line":33,"column":1}},"line":7},"1":{"name":"(anonymous_1)","decl":{"start":{"line":21,"column":41},"end":{"line":21,"column":42}},"loc":{"start":{"line":21,"column":51},"end":{"line":26,"column":5}},"line":21},"2":{"name":"(anonymous_2)","decl":{"start":{"line":23,"column":54},"end":{"line":23,"column":55}},"loc":{"start":{"line":23,"column":61},"end":{"line":23,"column":67}},"line":23},"3":{"name":"(anonymous_3)","decl":{"start":{"line":35,"column":23},"end":{"line":35,"column":24}},"loc":{"start":{"line":35,"column":43},"end":{"line":43,"column":1}},"line":35},"4":{"name":"(anonymous_4)","decl":{"start":{"line":45,"column":26},"end":{"line":45,"column":27}},"loc":{"start":{"line":45,"column":46},"end":{"line":57,"column":1}},"line":45}},"branchMap":{"0":{"loc":{"start":{"line":54,"column":19},"end":{"line":54,"column":38}},"type":"binary-expr","locations":[{"start":{"line":54,"column":19},"end":{"line":54,"column":31}},{"start":{"line":54,"column":35},"end":{"line":54,"column":38}}],"line":54}},"s":{"0":1,"1":1,"2":1,"3":1,"4":1,"5":1,"6":2,"7":2,"8":2,"9":1,"10":1,"11":1,"12":1,"13":1,"14":1,"15":1,"16":1,"17":1,"18":1,"19":2,"20":2,"21":1,"22":1,"23":1,"24":1,"25":3,"26":3,"27":3,"28":3,"29":1,"30":2,"31":2,"32":2,"33":1},"f":{"0":2,"1":1,"2":1,"3":2,"4":3},"b":{"0":[2,1]},"_coverageSchema":"1a1c01bbd47fc00a2c39e90264f33305004495a9","hash":"ed6c64e759dcea8591c6bb1bdd2efb7822c42db6"}
,"D:\\MAGANG PT REVELWARE TECHNOLOGY\\PROJECT\\backend-api\\template-backend-yogiravelware\\src\\controllers\\user.js": {"path":"D:\\MAGANG PT REVELWARE TECHNOLOGY\\PROJECT\\backend-api\\template-backend-yogiravelware\\src\\controllers\\user.js","statementMap":{"0":{"start":{"line":2,"column":20},"end":{"line":2,"column":47}},"1":{"start":{"line":3,"column":17},"end":{"line":3,"column":45}},"2":{"start":{"line":4,"column":15},"end":{"line":4,"column":41}},"3":{"start":{"line":7,"column":21},"end":{"line":15,"column":1}},"4":{"start":{"line":8,"column":2},"end":{"line":8,"column":40}},"5":{"start":{"line":9,"column":2},"end":{"line":14,"column":3}},"6":{"start":{"line":10,"column":19},"end":{"line":10,"column":59}},"7":{"start":{"line":11,"column":4},"end":{"line":11,"column":51}},"8":{"start":{"line":13,"column":4},"end":{"line":13,"column":14}},"9":{"start":{"line":18,"column":18},"end":{"line":26,"column":1}},"10":{"start":{"line":19,"column":2},"end":{"line":19,"column":36}},"11":{"start":{"line":20,"column":2},"end":{"line":25,"column":3}},"12":{"start":{"line":21,"column":19},"end":{"line":21,"column":56}},"13":{"start":{"line":22,"column":4},"end":{"line":22,"column":39}},"14":{"start":{"line":24,"column":4},"end":{"line":24,"column":14}},"15":{"start":{"line":29,"column":17},"end":{"line":37,"column":1}},"16":{"start":{"line":30,"column":2},"end":{"line":30,"column":36}},"17":{"start":{"line":31,"column":2},"end":{"line":36,"column":3}},"18":{"start":{"line":32,"column":18},"end":{"line":32,"column":46}},"19":{"start":{"line":33,"column":4},"end":{"line":33,"column":38}},"20":{"start":{"line":35,"column":4},"end":{"line":35,"column":14}},"21":{"start":{"line":40,"column":20},"end":{"line":48,"column":1}},"22":{"start":{"line":41,"column":2},"end":{"line":41,"column":57}},"23":{"start":{"line":42,"column":2},"end":{"line":47,"column":3}},"24":{"start":{"line":43,"column":17},"end":{"line":43,"column":61}},"25":{"start":{"line":44,"column":4},"end":{"line":44,"column":37}},"26":{"start":{"line":46,"column":4},"end":{"line":46,"column":14}},"27":{"start":{"line":51,"column":19},"end":{"line":59,"column":1}},"28":{"start":{"line":52,"column":2},"end":{"line":52,"column":57}},"29":{"start":{"line":53,"column":2},"end":{"line":58,"column":3}},"30":{"start":{"line":54,"column":19},"end":{"line":54,"column":72}},"31":{"start":{"line":55,"column":4},"end":{"line":55,"column":39}},"32":{"start":{"line":57,"column":4},"end":{"line":57,"column":14}},"33":{"start":{"line":62,"column":19},"end":{"line":70,"column":1}},"34":{"start":{"line":63,"column":2},"end":{"line":63,"column":57}},"35":{"start":{"line":64,"column":2},"end":{"line":69,"column":3}},"36":{"start":{"line":65,"column":19},"end":{"line":65,"column":62}},"37":{"start":{"line":66,"column":4},"end":{"line":66,"column":39}},"38":{"start":{"line":68,"column":4},"end":{"line":68,"column":14}},"39":{"start":{"line":73,"column":19},"end":{"line":81,"column":1}},"40":{"start":{"line":74,"column":2},"end":{"line":74,"column":66}},"41":{"start":{"line":75,"column":2},"end":{"line":80,"column":3}},"42":{"start":{"line":76,"column":19},"end":{"line":76,"column":72}},"43":{"start":{"line":77,"column":4},"end":{"line":77,"column":39}},"44":{"start":{"line":79,"column":4},"end":{"line":79,"column":14}},"45":{"start":{"line":83,"column":21},"end":{"line":92,"column":1}},"46":{"start":{"line":84,"column":2},"end":{"line":84,"column":39}},"47":{"start":{"line":85,"column":2},"end":{"line":91,"column":3}},"48":{"start":{"line":86,"column":36},"end":{"line":86,"column":44}},"49":{"start":{"line":87,"column":19},"end":{"line":87,"column":56}},"50":{"start":{"line":88,"column":4},"end":{"line":88,"column":39}},"51":{"start":{"line":90,"column":4},"end":{"line":90,"column":14}},"52":{"start":{"line":94,"column":0},"end":{"line":103,"column":2}}},"fnMap":{"0":{"name":"(anonymous_0)","decl":{"start":{"line":7,"column":21},"end":{"line":7,"column":22}},"loc":{"start":{"line":7,"column":47},"end":{"line":15,"column":1}},"line":7},"1":{"name":"(anonymous_1)","decl":{"start":{"line":18,"column":18},"end":{"line":18,"column":19}},"loc":{"start":{"line":18,"column":44},"end":{"line":26,"column":1}},"line":18},"2":{"name":"(anonymous_2)","decl":{"start":{"line":29,"column":17},"end":{"line":29,"column":18}},"loc":{"start":{"line":29,"column":43},"end":{"line":37,"column":1}},"line":29},"3":{"name":"(anonymous_3)","decl":{"start":{"line":40,"column":20},"end":{"line":40,"column":21}},"loc":{"start":{"line":40,"column":46},"end":{"line":48,"column":1}},"line":40},"4":{"name":"(anonymous_4)","decl":{"start":{"line":51,"column":19},"end":{"line":51,"column":20}},"loc":{"start":{"line":51,"column":45},"end":{"line":59,"column":1}},"line":51},"5":{"name":"(anonymous_5)","decl":{"start":{"line":62,"column":19},"end":{"line":62,"column":20}},"loc":{"start":{"line":62,"column":45},"end":{"line":70,"column":1}},"line":62},"6":{"name":"(anonymous_6)","decl":{"start":{"line":73,"column":19},"end":{"line":73,"column":20}},"loc":{"start":{"line":73,"column":45},"end":{"line":81,"column":1}},"line":73},"7":{"name":"(anonymous_7)","decl":{"start":{"line":83,"column":21},"end":{"line":83,"column":22}},"loc":{"start":{"line":83,"column":47},"end":{"line":92,"column":1}},"line":83}},"branchMap":{},"s":{"0":1,"1":1,"2":1,"3":1,"4":2,"5":2,"6":2,"7":1,"8":1,"9":1,"10":2,"11":2,"12":2,"13":1,"14":1,"15":1,"16":2,"17":2,"18":2,"19":1,"20":1,"21":1,"22":2,"23":2,"24":2,"25":1,"26":1,"27":1,"28":2,"29":2,"30":2,"31":1,"32":1,"33":1,"34":2,"35":2,"36":2,"37":1,"38":1,"39":1,"40":2,"41":2,"42":2,"43":1,"44":1,"45":1,"46":2,"47":2,"48":2,"49":2,"50":1,"51":1,"52":1},"f":{"0":2,"1":2,"2":2,"3":2,"4":2,"5":2,"6":2,"7":2},"b":{},"_coverageSchema":"1a1c01bbd47fc00a2c39e90264f33305004495a9","hash":"0eaffc4232ff36c9166208b8a7ee82ff6a420b4c"}
,"D:\\MAGANG PT REVELWARE TECHNOLOGY\\PROJECT\\backend-api\\template-backend-yogiravelware\\src\\middlewares\\auth-middleware.js": {"path":"D:\\MAGANG PT REVELWARE TECHNOLOGY\\PROJECT\\backend-api\\template-backend-yogiravelware\\src\\middlewares\\auth-middleware.js","statementMap":{"0":{"start":{"line":2,"column":12},"end":{"line":2,"column":35}},"1":{"start":{"line":3,"column":17},"end":{"line":3,"column":45}},"2":{"start":{"line":4,"column":15},"end":{"line":4,"column":41}},"3":{"start":{"line":6,"column":23},"end":{"line":27,"column":1}},"4":{"start":{"line":7,"column":21},"end":{"line":7,"column":46}},"5":{"start":{"line":9,"column":2},"end":{"line":11,"column":3}},"6":{"start":{"line":10,"column":4},"end":{"line":10,"column":74}},"7":{"start":{"line":13,"column":16},"end":{"line":13,"column":40}},"8":{"start":{"line":15,"column":2},"end":{"line":26,"column":3}},"9":{"start":{"line":16,"column":20},"end":{"line":16,"column":61}},"10":{"start":{"line":17,"column":4},"end":{"line":21,"column":6}},"11":{"start":{"line":22,"column":4},"end":{"line":22,"column":11}},"12":{"start":{"line":24,"column":4},"end":{"line":24,"column":61}},"13":{"start":{"line":25,"column":4},"end":{"line":25,"column":74}},"14":{"start":{"line":29,"column":0},"end":{"line":29,"column":32}}},"fnMap":{"0":{"name":"(anonymous_0)","decl":{"start":{"line":6,"column":23},"end":{"line":6,"column":24}},"loc":{"start":{"line":6,"column":43},"end":{"line":27,"column":1}},"line":6}},"branchMap":{"0":{"loc":{"start":{"line":9,"column":2},"end":{"line":11,"column":3}},"type":"if","locations":[{"start":{"line":9,"column":2},"end":{"line":11,"column":3}},{"start":{},"end":{}}],"line":9}},"s":{"0":1,"1":1,"2":1,"3":1,"4":4,"5":4,"6":2,"7":2,"8":2,"9":2,"10":1,"11":1,"12":1,"13":1,"14":1},"f":{"0":4},"b":{"0":[2,2]},"_coverageSchema":"1a1c01bbd47fc00a2c39e90264f33305004495a9","hash":"128b98ea0e3150259b678a61efb21dc988bcddac"}
,"D:\\MAGANG PT REVELWARE TECHNOLOGY\\PROJECT\\backend-api\\template-backend-yogiravelware\\src\\middlewares\\error-middleware.js": {"path":"D:\\MAGANG PT REVELWARE TECHNOLOGY\\PROJECT\\backend-api\\template-backend-yogiravelware\\src\\middlewares\\error-middleware.js","statementMap":{"0":{"start":{"line":2,"column":17},"end":{"line":2,"column":45}},"1":{"start":{"line":3,"column":15},"end":{"line":3,"column":41}},"2":{"start":{"line":5,"column":24},"end":{"line":12,"column":1}},"3":{"start":{"line":6,"column":17},"end":{"line":6,"column":52}},"4":{"start":{"line":7,"column":18},"end":{"line":7,"column":56}},"5":{"start":{"line":9,"column":2},"end":{"line":9,"column":41}},"6":{"start":{"line":11,"column":2},"end":{"line":11,"column":51}},"7":{"start":{"line":14,"column":0},"end":{"line":14,"column":33}}},"fnMap":{"0":{"name":"(anonymous_0)","decl":{"start":{"line":5,"column":24},"end":{"line":5,"column":25}},"loc":{"start":{"line":5,"column":49},"end":{"line":12,"column":1}},"line":5}},"branchMap":{"0":{"loc":{"start":{"line":6,"column":17},"end":{"line":6,"column":52}},"type":"binary-expr","locations":[{"start":{"line":6,"column":17},"end":{"line":6,"column":27}},{"start":{"line":6,"column":31},"end":{"line":6,"column":45}},{"start":{"line":6,"column":49},"end":{"line":6,"column":52}}],"line":6},"1":{"loc":{"start":{"line":7,"column":18},"end":{"line":7,"column":56}},"type":"binary-expr","locations":[{"start":{"line":7,"column":18},"end":{"line":7,"column":29}},{"start":{"line":7,"column":33},"end":{"line":7,"column":56}}],"line":7}},"s":{"0":1,"1":1,"2":1,"3":2,"4":2,"5":2,"6":2,"7":1},"f":{"0":2},"b":{"0":[2,1,1],"1":[2,1]},"_coverageSchema":"1a1c01bbd47fc00a2c39e90264f33305004495a9","hash":"f51f49723ef838d570457fa8d7277901bcddf86f"}
,"D:\\MAGANG PT REVELWARE TECHNOLOGY\\PROJECT\\backend-api\\template-backend-yogiravelware\\src\\middlewares\\permission-middleware.js": {"path":"D:\\MAGANG PT REVELWARE TECHNOLOGY\\PROJECT\\backend-api\\template-backend-yogiravelware\\src\\middlewares\\permission-middleware.js","statementMap":{"0":{"start":{"line":1,"column":28},"end":{"line":1,"column":85}},"1":{"start":{"line":2,"column":17},"end":{"line":2,"column":45}},"2":{"start":{"line":3,"column":15},"end":{"line":3,"column":41}},"3":{"start":{"line":5,"column":18},"end":{"line":28,"column":1}},"4":{"start":{"line":6,"column":2},"end":{"line":27,"column":4}},"5":{"start":{"line":7,"column":4},"end":{"line":26,"column":5}},"6":{"start":{"line":8,"column":6},"end":{"line":11,"column":7}},"7":{"start":{"line":9,"column":8},"end":{"line":9,"column":78}},"8":{"start":{"line":10,"column":8},"end":{"line":10,"column":68}},"9":{"start":{"line":13,"column":28},"end":{"line":13,"column":83}},"10":{"start":{"line":15,"column":6},"end":{"line":20,"column":7}},"11":{"start":{"line":16,"column":8},"end":{"line":16,"column":99}},"12":{"start":{"line":17,"column":8},"end":{"line":19,"column":88}},"13":{"start":{"line":22,"column":6},"end":{"line":22,"column":13}},"14":{"start":{"line":24,"column":6},"end":{"line":24,"column":67}},"15":{"start":{"line":25,"column":6},"end":{"line":25,"column":75}},"16":{"start":{"line":30,"column":0},"end":{"line":30,"column":27}}},"fnMap":{"0":{"name":"(anonymous_0)","decl":{"start":{"line":5,"column":18},"end":{"line":5,"column":19}},"loc":{"start":{"line":5,"column":42},"end":{"line":28,"column":1}},"line":5},"1":{"name":"(anonymous_1)","decl":{"start":{"line":6,"column":9},"end":{"line":6,"column":10}},"loc":{"start":{"line":6,"column":35},"end":{"line":27,"column":3}},"line":6}},"branchMap":{"0":{"loc":{"start":{"line":8,"column":6},"end":{"line":11,"column":7}},"type":"if","locations":[{"start":{"line":8,"column":6},"end":{"line":11,"column":7}},{"start":{},"end":{}}],"line":8},"1":{"loc":{"start":{"line":15,"column":6},"end":{"line":20,"column":7}},"type":"if","locations":[{"start":{"line":15,"column":6},"end":{"line":20,"column":7}},{"start":{},"end":{}}],"line":15}},"s":{"0":1,"1":1,"2":1,"3":1,"4":4,"5":4,"6":4,"7":1,"8":1,"9":3,"10":2,"11":1,"12":1,"13":1,"14":1,"15":1,"16":1},"f":{"0":4,"1":4},"b":{"0":[1,3],"1":[1,1]},"_coverageSchema":"1a1c01bbd47fc00a2c39e90264f33305004495a9","hash":"02679c04c9f88614126b0500c3c263c208f8f78c"}
,"D:\\MAGANG PT REVELWARE TECHNOLOGY\\PROJECT\\backend-api\\template-backend-yogiravelware\\src\\middlewares\\request-logger.js": {"path":"D:\\MAGANG PT REVELWARE TECHNOLOGY\\PROJECT\\backend-api\\template-backend-yogiravelware\\src\\middlewares\\request-logger.js","statementMap":{"0":{"start":{"line":1,"column":15},"end":{"line":1,"column":41}},"1":{"start":{"line":3,"column":22},"end":{"line":12,"column":1}},"2":{"start":{"line":4,"column":16},"end":{"line":4,"column":26}},"3":{"start":{"line":5,"column":2},"end":{"line":10,"column":5}},"4":{"start":{"line":6,"column":21},"end":{"line":6,"column":39}},"5":{"start":{"line":7,"column":4},"end":{"line":9,"column":6}},"6":{"start":{"line":11,"column":2},"end":{"line":11,"column":9}},"7":{"start":{"line":14,"column":0},"end":{"line":14,"column":31}}},"fnMap":{"0":{"name":"(anonymous_0)","decl":{"start":{"line":3,"column":22},"end":{"line":3,"column":23}},"loc":{"start":{"line":3,"column":42},"end":{"line":12,"column":1}},"line":3},"1":{"name":"(anonymous_1)","decl":{"start":{"line":5,"column":19},"end":{"line":5,"column":20}},"loc":{"start":{"line":5,"column":25},"end":{"line":10,"column":3}},"line":5}},"branchMap":{},"s":{"0":1,"1":1,"2":1,"3":1,"4":1,"5":1,"6":1,"7":1},"f":{"0":1,"1":1},"b":{},"_coverageSchema":"1a1c01bbd47fc00a2c39e90264f33305004495a9","hash":"838d9eb14888141c426d89aec68a9abdd8a8bb26"}
,"D:\\MAGANG PT REVELWARE TECHNOLOGY\\PROJECT\\backend-api\\template-backend-yogiravelware\\src\\models\\Inbound.js": {"path":"D:\\MAGANG PT REVELWARE TECHNOLOGY\\PROJECT\\backend-api\\template-backend-yogiravelware\\src\\models\\Inbound.js","statementMap":{"0":{"start":{"line":1,"column":22},"end":{"line":1,"column":42}},"1":{"start":{"line":2,"column":18},"end":{"line":2,"column":46}},"2":{"start":{"line":4,"column":16},"end":{"line":35,"column":1}},"3":{"start":{"line":37,"column":0},"end":{"line":37,"column":25}}},"fnMap":{},"branchMap":{},"s":{"0":6,"1":6,"2":6,"3":6},"f":{},"b":{},"_coverageSchema":"1a1c01bbd47fc00a2c39e90264f33305004495a9","hash":"91b2e561274f235a99133674e292c90c82fc5b93"}
,"D:\\MAGANG PT REVELWARE TECHNOLOGY\\PROJECT\\backend-api\\template-backend-yogiravelware\\src\\models\\InboundItem.js": {"path":"D:\\MAGANG PT REVELWARE TECHNOLOGY\\PROJECT\\backend-api\\template-backend-yogiravelware\\src\\models\\InboundItem.js","statementMap":{"0":{"start":{"line":1,"column":22},"end":{"line":1,"column":42}},"1":{"start":{"line":2,"column":18},"end":{"line":2,"column":46}},"2":{"start":{"line":4,"column":20},"end":{"line":42,"column":1}},"3":{"start":{"line":44,"column":0},"end":{"line":44,"column":29}}},"fnMap":{},"branchMap":{},"s":{"0":6,"1":6,"2":6,"3":6},"f":{},"b":{},"_coverageSchema":"1a1c01bbd47fc00a2c39e90264f33305004495a9","hash":"d8eb2f540c4600ec6ab0c748303ade8da9ce2eac"}
,"D:\\MAGANG PT REVELWARE TECHNOLOGY\\PROJECT\\backend-api\\template-backend-yogiravelware\\src\\models\\InboundReceivingLog.js": {"path":"D:\\MAGANG PT REVELWARE TECHNOLOGY\\PROJECT\\backend-api\\template-backend-yogiravelware\\src\\models\\InboundReceivingLog.js","statementMap":{"0":{"start":{"line":1,"column":22},"end":{"line":1,"column":42}},"1":{"start":{"line":2,"column":18},"end":{"line":2,"column":46}},"2":{"start":{"line":4,"column":28},"end":{"line":34,"column":1}},"3":{"start":{"line":36,"column":0},"end":{"line":36,"column":37}}},"fnMap":{},"branchMap":{},"s":{"0":2,"1":2,"2":2,"3":2},"f":{},"b":{},"_coverageSchema":"1a1c01bbd47fc00a2c39e90264f33305004495a9","hash":"ed65541a0a2ba23a2846fd61125be91496a1153b"}
,"D:\\MAGANG PT REVELWARE TECHNOLOGY\\PROJECT\\backend-api\\template-backend-yogiravelware\\src\\models\\InventoryMovement.js": {"path":"D:\\MAGANG PT REVELWARE TECHNOLOGY\\PROJECT\\backend-api\\template-backend-yogiravelware\\src\\models\\InventoryMovement.js","statementMap":{"0":{"start":{"line":1,"column":22},"end":{"line":1,"column":42}},"1":{"start":{"line":2,"column":18},"end":{"line":2,"column":46}},"2":{"start":{"line":4,"column":26},"end":{"line":61,"column":1}},"3":{"start":{"line":63,"column":0},"end":{"line":63,"column":35}}},"fnMap":{},"branchMap":{},"s":{"0":12,"1":12,"2":12,"3":12},"f":{},"b":{},"_coverageSchema":"1a1c01bbd47fc00a2c39e90264f33305004495a9","hash":"e885eea1004c211594b8d6884f7867f8b214d1d7"}
,"D:\\MAGANG PT REVELWARE TECHNOLOGY\\PROJECT\\backend-api\\template-backend-yogiravelware\\src\\models\\Item.js": {"path":"D:\\MAGANG PT REVELWARE TECHNOLOGY\\PROJECT\\backend-api\\template-backend-yogiravelware\\src\\models\\Item.js","statementMap":{"0":{"start":{"line":1,"column":22},"end":{"line":1,"column":42}},"1":{"start":{"line":2,"column":18},"end":{"line":2,"column":46}},"2":{"start":{"line":4,"column":13},"end":{"line":54,"column":1}},"3":{"start":{"line":56,"column":17},"end":{"line":56,"column":38}},"4":{"start":{"line":57,"column":21},"end":{"line":57,"column":46}},"5":{"start":{"line":58,"column":26},"end":{"line":58,"column":56}},"6":{"start":{"line":60,"column":0},"end":{"line":65,"column":3}},"7":{"start":{"line":67,"column":0},"end":{"line":70,"column":3}},"8":{"start":{"line":72,"column":0},"end":{"line":75,"column":3}},"9":{"start":{"line":77,"column":0},"end":{"line":80,"column":3}},"10":{"start":{"line":82,"column":0},"end":{"line":82,"column":22}}},"fnMap":{},"branchMap":{},"s":{"0":12,"1":12,"2":12,"3":12,"4":12,"5":12,"6":12,"7":12,"8":12,"9":12,"10":12},"f":{},"b":{},"_coverageSchema":"1a1c01bbd47fc00a2c39e90264f33305004495a9","hash":"54966945e439602b0963c828a82dcd700f318264"}
,"D:\\MAGANG PT REVELWARE TECHNOLOGY\\PROJECT\\backend-api\\template-backend-yogiravelware\\src\\models\\ItemLocation.js": {"path":"D:\\MAGANG PT REVELWARE TECHNOLOGY\\PROJECT\\backend-api\\template-backend-yogiravelware\\src\\models\\ItemLocation.js","statementMap":{"0":{"start":{"line":1,"column":22},"end":{"line":1,"column":42}},"1":{"start":{"line":2,"column":18},"end":{"line":2,"column":46}},"2":{"start":{"line":4,"column":21},"end":{"line":46,"column":1}},"3":{"start":{"line":48,"column":0},"end":{"line":48,"column":30}}},"fnMap":{},"branchMap":{},"s":{"0":12,"1":12,"2":12,"3":12},"f":{},"b":{},"_coverageSchema":"1a1c01bbd47fc00a2c39e90264f33305004495a9","hash":"61a207715c76f51fddf28845ce31f62bac99dae1"}
,"D:\\MAGANG PT REVELWARE TECHNOLOGY\\PROJECT\\backend-api\\template-backend-yogiravelware\\src\\models\\Location.js": {"path":"D:\\MAGANG PT REVELWARE TECHNOLOGY\\PROJECT\\backend-api\\template-backend-yogiravelware\\src\\models\\Location.js","statementMap":{"0":{"start":{"line":1,"column":22},"end":{"line":1,"column":42}},"1":{"start":{"line":2,"column":18},"end":{"line":2,"column":46}},"2":{"start":{"line":4,"column":17},"end":{"line":56,"column":1}},"3":{"start":{"line":58,"column":0},"end":{"line":58,"column":26}}},"fnMap":{},"branchMap":{},"s":{"0":15,"1":15,"2":15,"3":15},"f":{},"b":{},"_coverageSchema":"1a1c01bbd47fc00a2c39e90264f33305004495a9","hash":"fb7e964cee49124884cb147379549ce9c4dfd310"}
,"D:\\MAGANG PT REVELWARE TECHNOLOGY\\PROJECT\\backend-api\\template-backend-yogiravelware\\src\\models\\Outbound.js": {"path":"D:\\MAGANG PT REVELWARE TECHNOLOGY\\PROJECT\\backend-api\\template-backend-yogiravelware\\src\\models\\Outbound.js","statementMap":{"0":{"start":{"line":1,"column":22},"end":{"line":1,"column":42}},"1":{"start":{"line":2,"column":18},"end":{"line":2,"column":46}},"2":{"start":{"line":4,"column":17},"end":{"line":39,"column":1}},"3":{"start":{"line":41,"column":0},"end":{"line":41,"column":26}}},"fnMap":{},"branchMap":{},"s":{"0":5,"1":5,"2":5,"3":5},"f":{},"b":{},"_coverageSchema":"1a1c01bbd47fc00a2c39e90264f33305004495a9","hash":"af36800447dd941313c378b6b30028c172bc40ae"}
,"D:\\MAGANG PT REVELWARE TECHNOLOGY\\PROJECT\\backend-api\\template-backend-yogiravelware\\src\\models\\OutboundItem.js": {"path":"D:\\MAGANG PT REVELWARE TECHNOLOGY\\PROJECT\\backend-api\\template-backend-yogiravelware\\src\\models\\OutboundItem.js","statementMap":{"0":{"start":{"line":1,"column":22},"end":{"line":1,"column":42}},"1":{"start":{"line":2,"column":18},"end":{"line":2,"column":46}},"2":{"start":{"line":4,"column":21},"end":{"line":42,"column":1}},"3":{"start":{"line":44,"column":0},"end":{"line":44,"column":30}}},"fnMap":{},"branchMap":{},"s":{"0":5,"1":5,"2":5,"3":5},"f":{},"b":{},"_coverageSchema":"1a1c01bbd47fc00a2c39e90264f33305004495a9","hash":"3851be6f531c341d1bf0f788e6e9895316a7c79d"}
,"D:\\MAGANG PT REVELWARE TECHNOLOGY\\PROJECT\\backend-api\\template-backend-yogiravelware\\src\\models\\Permission.js": {"path":"D:\\MAGANG PT REVELWARE TECHNOLOGY\\PROJECT\\backend-api\\template-backend-yogiravelware\\src\\models\\Permission.js","statementMap":{"0":{"start":{"line":1,"column":22},"end":{"line":1,"column":42}},"1":{"start":{"line":2,"column":18},"end":{"line":2,"column":46}},"2":{"start":{"line":4,"column":19},"end":{"line":33,"column":1}},"3":{"start":{"line":35,"column":0},"end":{"line":35,"column":28}}},"fnMap":{},"branchMap":{},"s":{"0":8,"1":8,"2":8,"3":8},"f":{},"b":{},"_coverageSchema":"1a1c01bbd47fc00a2c39e90264f33305004495a9","hash":"b0ffd09d3194b76da1db68edfb16bcc7eb5d1979"}
,"D:\\MAGANG PT REVELWARE TECHNOLOGY\\PROJECT\\backend-api\\template-backend-yogiravelware\\src\\models\\Role.js": {"path":"D:\\MAGANG PT REVELWARE TECHNOLOGY\\PROJECT\\backend-api\\template-backend-yogiravelware\\src\\models\\Role.js","statementMap":{"0":{"start":{"line":1,"column":22},"end":{"line":1,"column":42}},"1":{"start":{"line":2,"column":18},"end":{"line":2,"column":46}},"2":{"start":{"line":4,"column":13},"end":{"line":29,"column":1}},"3":{"start":{"line":31,"column":0},"end":{"line":31,"column":22}}},"fnMap":{},"branchMap":{},"s":{"0":14,"1":14,"2":14,"3":14},"f":{},"b":{},"_coverageSchema":"1a1c01bbd47fc00a2c39e90264f33305004495a9","hash":"732f0c16624f149b52a95f7a08f988755d7332d9"}
,"D:\\MAGANG PT REVELWARE TECHNOLOGY\\PROJECT\\backend-api\\template-backend-yogiravelware\\src\\models\\RolePermission.js": {"path":"D:\\MAGANG PT REVELWARE TECHNOLOGY\\PROJECT\\backend-api\\template-backend-yogiravelware\\src\\models\\RolePermission.js","statementMap":{"0":{"start":{"line":1,"column":22},"end":{"line":1,"column":42}},"1":{"start":{"line":2,"column":18},"end":{"line":2,"column":46}},"2":{"start":{"line":3,"column":13},"end":{"line":3,"column":30}},"3":{"start":{"line":4,"column":19},"end":{"line":4,"column":42}},"4":{"start":{"line":6,"column":23},"end":{"line":35,"column":1}},"5":{"start":{"line":38,"column":0},"end":{"line":42,"column":3}},"6":{"start":{"line":43,"column":0},"end":{"line":47,"column":3}},"7":{"start":{"line":49,"column":0},"end":{"line":49,"column":32}}},"fnMap":{},"branchMap":{},"s":{"0":2,"1":2,"2":2,"3":2,"4":2,"5":2,"6":2,"7":2},"f":{},"b":{},"_coverageSchema":"1a1c01bbd47fc00a2c39e90264f33305004495a9","hash":"d8b40ca9063a16cc1ab7171c020d260c6f3162f1"}
,"D:\\MAGANG PT REVELWARE TECHNOLOGY\\PROJECT\\backend-api\\template-backend-yogiravelware\\src\\models\\User.js": {"path":"D:\\MAGANG PT REVELWARE TECHNOLOGY\\PROJECT\\backend-api\\template-backend-yogiravelware\\src\\models\\User.js","statementMap":{"0":{"start":{"line":1,"column":22},"end":{"line":1,"column":42}},"1":{"start":{"line":2,"column":18},"end":{"line":2,"column":46}},"2":{"start":{"line":3,"column":13},"end":{"line":3,"column":30}},"3":{"start":{"line":5,"column":13},"end":{"line":47,"column":1}},"4":{"start":{"line":50,"column":0},"end":{"line":50,"column":48}},"5":{"start":{"line":51,"column":0},"end":{"line":51,"column":46}},"6":{"start":{"line":53,"column":0},"end":{"line":53,"column":22}}},"fnMap":{},"branchMap":{},"s":{"0":8,"1":8,"2":8,"3":8,"4":8,"5":8,"6":8},"f":{},"b":{},"_coverageSchema":"1a1c01bbd47fc00a2c39e90264f33305004495a9","hash":"c336d78aa664202d1a2c9886f3d8f688dd351ac5"}
,"D:\\MAGANG PT REVELWARE TECHNOLOGY\\PROJECT\\backend-api\\template-backend-yogiravelware\\src\\services\\inbound\\create-inbound-service.js": {"path":"D:\\MAGANG PT REVELWARE TECHNOLOGY\\PROJECT\\backend-api\\template-backend-yogiravelware\\src\\services\\inbound\\create-inbound-service.js","statementMap":{"0":{"start":{"line":1,"column":15},"end":{"line":1,"column":35}},"1":{"start":{"line":2,"column":16},"end":{"line":2,"column":47}},"2":{"start":{"line":3,"column":20},"end":{"line":3,"column":55}},"3":{"start":{"line":4,"column":13},"end":{"line":4,"column":41}},"4":{"start":{"line":5,"column":32},"end":{"line":5,"column":79}},"5":{"start":{"line":6,"column":15},"end":{"line":6,"column":44}},"6":{"start":{"line":9,"column":22},"end":{"line":47,"column":1}},"7":{"start":{"line":10,"column":2},"end":{"line":10,"column":55}},"8":{"start":{"line":11,"column":20},"end":{"line":11,"column":61}},"9":{"start":{"line":12,"column":2},"end":{"line":17,"column":3}},"10":{"start":{"line":13,"column":4},"end":{"line":13,"column":92}},"11":{"start":{"line":14,"column":16},"end":{"line":14,"column":51}},"12":{"start":{"line":15,"column":4},"end":{"line":15,"column":21}},"13":{"start":{"line":16,"column":4},"end":{"line":16,"column":14}},"14":{"start":{"line":19,"column":31},"end":{"line":19,"column":42}},"15":{"start":{"line":21,"column":21},"end":{"line":21,"column":68}},"16":{"start":{"line":22,"column":2},"end":{"line":27,"column":3}},"17":{"start":{"line":23,"column":4},"end":{"line":23,"column":74}},"18":{"start":{"line":24,"column":16},"end":{"line":24,"column":53}},"19":{"start":{"line":25,"column":4},"end":{"line":25,"column":21}},"20":{"start":{"line":26,"column":4},"end":{"line":26,"column":14}},"21":{"start":{"line":29,"column":32},"end":{"line":29,"column":69}},"22":{"start":{"line":30,"column":2},"end":{"line":30,"column":33}},"23":{"start":{"line":32,"column":18},"end":{"line":35,"column":4}},"24":{"start":{"line":36,"column":2},"end":{"line":36,"column":68}},"25":{"start":{"line":38,"column":2},"end":{"line":43,"column":7}},"26":{"start":{"line":38,"column":50},"end":{"line":43,"column":3}},"27":{"start":{"line":44,"column":2},"end":{"line":44,"column":67}},"28":{"start":{"line":46,"column":2},"end":{"line":46,"column":17}},"29":{"start":{"line":49,"column":0},"end":{"line":49,"column":35}}},"fnMap":{"0":{"name":"(anonymous_0)","decl":{"start":{"line":9,"column":22},"end":{"line":9,"column":23}},"loc":{"start":{"line":9,"column":45},"end":{"line":47,"column":1}},"line":9},"1":{"name":"(anonymous_1)","decl":{"start":{"line":38,"column":41},"end":{"line":38,"column":42}},"loc":{"start":{"line":38,"column":50},"end":{"line":43,"column":3}},"line":38}},"branchMap":{"0":{"loc":{"start":{"line":12,"column":2},"end":{"line":17,"column":3}},"type":"if","locations":[{"start":{"line":12,"column":2},"end":{"line":17,"column":3}},{"start":{},"end":{}}],"line":12},"1":{"loc":{"start":{"line":22,"column":2},"end":{"line":27,"column":3}},"type":"if","locations":[{"start":{"line":22,"column":2},"end":{"line":27,"column":3}},{"start":{},"end":{}}],"line":22}},"s":{"0":2,"1":2,"2":2,"3":2,"4":2,"5":2,"6":2,"7":4,"8":4,"9":4,"10":1,"11":1,"12":1,"13":1,"14":3,"15":3,"16":3,"17":1,"18":1,"19":1,"20":1,"21":2,"22":2,"23":1,"24":1,"25":1,"26":1,"27":1,"28":1,"29":2},"f":{"0":4,"1":1},"b":{"0":[1,3],"1":[1,2]},"_coverageSchema":"1a1c01bbd47fc00a2c39e90264f33305004495a9","hash":"0e666478bba83e29882bb4f3fd497f5b136a1261"}
,"D:\\MAGANG PT REVELWARE TECHNOLOGY\\PROJECT\\backend-api\\template-backend-yogiravelware\\src\\services\\inbound\\get-inbound-detail-service.js": {"path":"D:\\MAGANG PT REVELWARE TECHNOLOGY\\PROJECT\\backend-api\\template-backend-yogiravelware\\src\\services\\inbound\\get-inbound-detail-service.js","statementMap":{"0":{"start":{"line":1,"column":15},"end":{"line":1,"column":35}},"1":{"start":{"line":2,"column":16},"end":{"line":2,"column":47}},"2":{"start":{"line":3,"column":20},"end":{"line":3,"column":55}},"3":{"start":{"line":4,"column":13},"end":{"line":4,"column":41}},"4":{"start":{"line":5,"column":15},"end":{"line":5,"column":44}},"5":{"start":{"line":7,"column":25},"end":{"line":50,"column":1}},"6":{"start":{"line":8,"column":2},"end":{"line":8,"column":62}},"7":{"start":{"line":9,"column":18},"end":{"line":9,"column":51}},"8":{"start":{"line":10,"column":2},"end":{"line":15,"column":3}},"9":{"start":{"line":11,"column":4},"end":{"line":11,"column":59}},"10":{"start":{"line":12,"column":16},"end":{"line":12,"column":49}},"11":{"start":{"line":13,"column":4},"end":{"line":13,"column":21}},"12":{"start":{"line":14,"column":4},"end":{"line":14,"column":14}},"13":{"start":{"line":17,"column":23},"end":{"line":21,"column":4}},"14":{"start":{"line":23,"column":19},"end":{"line":23,"column":58}},"15":{"start":{"line":23,"column":44},"end":{"line":23,"column":57}},"16":{"start":{"line":24,"column":24},"end":{"line":28,"column":4}},"17":{"start":{"line":30,"column":22},"end":{"line":33,"column":8}},"18":{"start":{"line":31,"column":4},"end":{"line":31,"column":36}},"19":{"start":{"line":32,"column":4},"end":{"line":32,"column":15}},"20":{"start":{"line":35,"column":27},"end":{"line":43,"column":4}},"21":{"start":{"line":36,"column":17},"end":{"line":36,"column":43}},"22":{"start":{"line":37,"column":4},"end":{"line":42,"column":6}},"23":{"start":{"line":45,"column":2},"end":{"line":45,"column":85}},"24":{"start":{"line":46,"column":2},"end":{"line":49,"column":4}},"25":{"start":{"line":52,"column":0},"end":{"line":52,"column":38}}},"fnMap":{"0":{"name":"(anonymous_0)","decl":{"start":{"line":7,"column":25},"end":{"line":7,"column":26}},"loc":{"start":{"line":7,"column":46},"end":{"line":50,"column":1}},"line":7},"1":{"name":"(anonymous_1)","decl":{"start":{"line":23,"column":36},"end":{"line":23,"column":37}},"loc":{"start":{"line":23,"column":44},"end":{"line":23,"column":57}},"line":23},"2":{"name":"(anonymous_2)","decl":{"start":{"line":30,"column":43},"end":{"line":30,"column":44}},"loc":{"start":{"line":30,"column":61},"end":{"line":33,"column":3}},"line":30},"3":{"name":"(anonymous_3)","decl":{"start":{"line":35,"column":44},"end":{"line":35,"column":45}},"loc":{"start":{"line":35,"column":52},"end":{"line":43,"column":3}},"line":35}},"branchMap":{"0":{"loc":{"start":{"line":10,"column":2},"end":{"line":15,"column":3}},"type":"if","locations":[{"start":{"line":10,"column":2},"end":{"line":15,"column":3}},{"start":{},"end":{}}],"line":10},"1":{"loc":{"start":{"line":39,"column":17},"end":{"line":39,"column":38}},"type":"binary-expr","locations":[{"start":{"line":39,"column":17},"end":{"line":39,"column":32}},{"start":{"line":39,"column":36},"end":{"line":39,"column":38}}],"line":39},"2":{"loc":{"start":{"line":40,"column":16},"end":{"line":40,"column":36}},"type":"binary-expr","locations":[{"start":{"line":40,"column":16},"end":{"line":40,"column":30}},{"start":{"line":40,"column":34},"end":{"line":40,"column":36}}],"line":40},"3":{"loc":{"start":{"line":41,"column":11},"end":{"line":41,"column":26}},"type":"binary-expr","locations":[{"start":{"line":41,"column":11},"end":{"line":41,"column":20}},{"start":{"line":41,"column":24},"end":{"line":41,"column":26}}],"line":41}},"s":{"0":2,"1":2,"2":2,"3":2,"4":2,"5":2,"6":3,"7":3,"8":3,"9":1,"10":1,"11":1,"12":1,"13":2,"14":2,"15":2,"16":2,"17":2,"18":1,"19":1,"20":2,"21":2,"22":2,"23":2,"24":2,"25":2},"f":{"0":3,"1":2,"2":1,"3":2},"b":{"0":[1,2],"1":[2,1],"2":[2,1],"3":[2,1]},"_coverageSchema":"1a1c01bbd47fc00a2c39e90264f33305004495a9","hash":"9699a20a0a5bb79bd8943efa2132e157305fb76f"}
,"D:\\MAGANG PT REVELWARE TECHNOLOGY\\PROJECT\\backend-api\\template-backend-yogiravelware\\src\\services\\inbound\\get-inbounds-service.js": {"path":"D:\\MAGANG PT REVELWARE TECHNOLOGY\\PROJECT\\backend-api\\template-backend-yogiravelware\\src\\services\\inbound\\get-inbounds-service.js","statementMap":{"0":{"start":{"line":1,"column":18},"end":{"line":1,"column":49}},"1":{"start":{"line":2,"column":16},"end":{"line":2,"column":47}},"2":{"start":{"line":3,"column":20},"end":{"line":3,"column":55}},"3":{"start":{"line":4,"column":15},"end":{"line":4,"column":44}},"4":{"start":{"line":6,"column":20},"end":{"line":46,"column":1}},"5":{"start":{"line":7,"column":2},"end":{"line":7,"column":61}},"6":{"start":{"line":8,"column":19},"end":{"line":12,"column":4}},"7":{"start":{"line":14,"column":16},"end":{"line":23,"column":4}},"8":{"start":{"line":25,"column":19},"end":{"line":28,"column":8}},"9":{"start":{"line":26,"column":4},"end":{"line":26,"column":32}},"10":{"start":{"line":27,"column":4},"end":{"line":27,"column":15}},"11":{"start":{"line":30,"column":17},"end":{"line":42,"column":4}},"12":{"start":{"line":31,"column":14},"end":{"line":31,"column":40}},"13":{"start":{"line":32,"column":24},"end":{"line":32,"column":64}},"14":{"start":{"line":33,"column":26},"end":{"line":33,"column":68}},"15":{"start":{"line":35,"column":4},"end":{"line":41,"column":6}},"16":{"start":{"line":44,"column":2},"end":{"line":44,"column":49}},"17":{"start":{"line":45,"column":2},"end":{"line":45,"column":16}},"18":{"start":{"line":48,"column":0},"end":{"line":48,"column":33}}},"fnMap":{"0":{"name":"(anonymous_0)","decl":{"start":{"line":6,"column":20},"end":{"line":6,"column":21}},"loc":{"start":{"line":6,"column":32},"end":{"line":46,"column":1}},"line":6},"1":{"name":"(anonymous_1)","decl":{"start":{"line":25,"column":32},"end":{"line":25,"column":33}},"loc":{"start":{"line":25,"column":47},"end":{"line":28,"column":3}},"line":25},"2":{"name":"(anonymous_2)","decl":{"start":{"line":30,"column":30},"end":{"line":30,"column":31}},"loc":{"start":{"line":30,"column":43},"end":{"line":42,"column":3}},"line":30}},"branchMap":{"0":{"loc":{"start":{"line":31,"column":14},"end":{"line":31,"column":40}},"type":"binary-expr","locations":[{"start":{"line":31,"column":14},"end":{"line":31,"column":34}},{"start":{"line":31,"column":38},"end":{"line":31,"column":40}}],"line":31},"1":{"loc":{"start":{"line":32,"column":40},"end":{"line":32,"column":63}},"type":"binary-expr","locations":[{"start":{"line":32,"column":40},"end":{"line":32,"column":58}},{"start":{"line":32,"column":62},"end":{"line":32,"column":63}}],"line":32},"2":{"loc":{"start":{"line":33,"column":42},"end":{"line":33,"column":67}},"type":"binary-expr","locations":[{"start":{"line":33,"column":42},"end":{"line":33,"column":62}},{"start":{"line":33,"column":66},"end":{"line":33,"column":67}}],"line":33},"3":{"loc":{"start":{"line":37,"column":34},"end":{"line":37,"column":51}},"type":"binary-expr","locations":[{"start":{"line":37,"column":34},"end":{"line":37,"column":46}},{"start":{"line":37,"column":50},"end":{"line":37,"column":51}}],"line":37},"4":{"loc":{"start":{"line":40,"column":27},"end":{"line":40,"column":96}},"type":"cond-expr","locations":[{"start":{"line":40,"column":45},"end":{"line":40,"column":92}},{"start":{"line":40,"column":95},"end":{"line":40,"column":96}}],"line":40}},"s":{"0":2,"1":2,"2":2,"3":2,"4":2,"5":1,"6":1,"7":1,"8":1,"9":2,"10":2,"11":1,"12":3,"13":3,"14":3,"15":3,"16":1,"17":1,"18":2},"f":{"0":1,"1":2,"2":3},"b":{"0":[3,1],"1":[3,2],"2":[3,2],"3":[3,2],"4":[1,2]},"_coverageSchema":"1a1c01bbd47fc00a2c39e90264f33305004495a9","hash":"adeb7401760fa7615b08e616a85e1f56ae0040dd"}
,"D:\\MAGANG PT REVELWARE TECHNOLOGY\\PROJECT\\backend-api\\template-backend-yogiravelware\\src\\services\\inbound\\index.js": {"path":"D:\\MAGANG PT REVELWARE TECHNOLOGY\\PROJECT\\backend-api\\template-backend-yogiravelware\\src\\services\\inbound\\index.js","statementMap":{"0":{"start":{"line":1,"column":26},"end":{"line":1,"column":61}},"1":{"start":{"line":2,"column":24},"end":{"line":2,"column":57}},"2":{"start":{"line":3,"column":29},"end":{"line":3,"column":68}},"3":{"start":{"line":4,"column":21},"end":{"line":4,"column":51}},"4":{"start":{"line":5,"column":24},"end":{"line":5,"column":57}},"5":{"start":{"line":7,"column":0},"end":{"line":13,"column":2}}},"fnMap":{},"branchMap":{},"s":{"0":1,"1":1,"2":1,"3":1,"4":1,"5":1},"f":{},"b":{},"_coverageSchema":"1a1c01bbd47fc00a2c39e90264f33305004495a9","hash":"7a3a7f399ce37f8e87f74be929812683a0c8bd5b"}
,"D:\\MAGANG PT REVELWARE TECHNOLOGY\\PROJECT\\backend-api\\template-backend-yogiravelware\\src\\services\\inbound\\scan-item-service.js": {"path":"D:\\MAGANG PT REVELWARE TECHNOLOGY\\PROJECT\\backend-api\\template-backend-yogiravelware\\src\\services\\inbound\\scan-item-service.js","statementMap":{"0":{"start":{"line":1,"column":13},"end":{"line":1,"column":41}},"1":{"start":{"line":2,"column":16},"end":{"line":2,"column":47}},"2":{"start":{"line":3,"column":20},"end":{"line":3,"column":55}},"3":{"start":{"line":4,"column":26},"end":{"line":4,"column":57}},"4":{"start":{"line":5,"column":15},"end":{"line":5,"column":44}},"5":{"start":{"line":7,"column":17},"end":{"line":80,"column":1}},"6":{"start":{"line":8,"column":2},"end":{"line":8,"column":83}},"7":{"start":{"line":9,"column":2},"end":{"line":79,"column":3}},"8":{"start":{"line":10,"column":20},"end":{"line":10,"column":53}},"9":{"start":{"line":11,"column":4},"end":{"line":14,"column":5}},"10":{"start":{"line":12,"column":6},"end":{"line":12,"column":73}},"11":{"start":{"line":13,"column":6},"end":{"line":13,"column":56}},"12":{"start":{"line":16,"column":4},"end":{"line":19,"column":5}},"13":{"start":{"line":17,"column":6},"end":{"line":17,"column":76}},"14":{"start":{"line":18,"column":6},"end":{"line":18,"column":67}},"15":{"start":{"line":21,"column":17},"end":{"line":23,"column":6}},"16":{"start":{"line":25,"column":4},"end":{"line":28,"column":5}},"17":{"start":{"line":26,"column":6},"end":{"line":26,"column":74}},"18":{"start":{"line":27,"column":6},"end":{"line":27,"column":64}},"19":{"start":{"line":30,"column":24},"end":{"line":35,"column":6}},"20":{"start":{"line":37,"column":4},"end":{"line":40,"column":5}},"21":{"start":{"line":38,"column":6},"end":{"line":38,"column":88}},"22":{"start":{"line":39,"column":6},"end":{"line":39,"column":74}},"23":{"start":{"line":42,"column":4},"end":{"line":45,"column":5}},"24":{"start":{"line":43,"column":6},"end":{"line":43,"column":105}},"25":{"start":{"line":44,"column":6},"end":{"line":44,"column":74}},"26":{"start":{"line":48,"column":4},"end":{"line":48,"column":112}},"27":{"start":{"line":49,"column":4},"end":{"line":70,"column":6}},"28":{"start":{"line":72,"column":4},"end":{"line":72,"column":83}},"29":{"start":{"line":73,"column":4},"end":{"line":78,"column":6}},"30":{"start":{"line":82,"column":0},"end":{"line":82,"column":30}}},"fnMap":{"0":{"name":"(anonymous_0)","decl":{"start":{"line":7,"column":17},"end":{"line":7,"column":18}},"loc":{"start":{"line":7,"column":47},"end":{"line":80,"column":1}},"line":7}},"branchMap":{"0":{"loc":{"start":{"line":11,"column":4},"end":{"line":14,"column":5}},"type":"if","locations":[{"start":{"line":11,"column":4},"end":{"line":14,"column":5}},{"start":{},"end":{}}],"line":11},"1":{"loc":{"start":{"line":16,"column":4},"end":{"line":19,"column":5}},"type":"if","locations":[{"start":{"line":16,"column":4},"end":{"line":19,"column":5}},{"start":{},"end":{}}],"line":16},"2":{"loc":{"start":{"line":25,"column":4},"end":{"line":28,"column":5}},"type":"if","locations":[{"start":{"line":25,"column":4},"end":{"line":28,"column":5}},{"start":{},"end":{}}],"line":25},"3":{"loc":{"start":{"line":37,"column":4},"end":{"line":40,"column":5}},"type":"if","locations":[{"start":{"line":37,"column":4},"end":{"line":40,"column":5}},{"start":{},"end":{}}],"line":37},"4":{"loc":{"start":{"line":42,"column":4},"end":{"line":45,"column":5}},"type":"if","locations":[{"start":{"line":42,"column":4},"end":{"line":45,"column":5}},{"start":{},"end":{}}],"line":42}},"s":{"0":2,"1":2,"2":2,"3":2,"4":2,"5":2,"6":7,"7":7,"8":7,"9":6,"10":1,"11":1,"12":5,"13":1,"14":1,"15":4,"16":4,"17":1,"18":1,"19":3,"20":3,"21":1,"22":1,"23":2,"24":1,"25":1,"26":1,"27":1,"28":1,"29":1,"30":2},"f":{"0":7},"b":{"0":[1,5],"1":[1,4],"2":[1,3],"3":[1,2],"4":[1,1]},"_coverageSchema":"1a1c01bbd47fc00a2c39e90264f33305004495a9","hash":"39efb8ef1ad931e5734b3c8675704c02eed92482"}
,"D:\\MAGANG PT REVELWARE TECHNOLOGY\\PROJECT\\backend-api\\template-backend-yogiravelware\\src\\services\\inbound\\set-location-service.js": {"path":"D:\\MAGANG PT REVELWARE TECHNOLOGY\\PROJECT\\backend-api\\template-backend-yogiravelware\\src\\services\\inbound\\set-location-service.js","statementMap":{"0":{"start":{"line":1,"column":13},"end":{"line":1,"column":41}},"1":{"start":{"line":2,"column":17},"end":{"line":2,"column":49}},"2":{"start":{"line":3,"column":16},"end":{"line":3,"column":47}},"3":{"start":{"line":4,"column":20},"end":{"line":4,"column":55}},"4":{"start":{"line":5,"column":28},"end":{"line":5,"column":71}},"5":{"start":{"line":6,"column":26},"end":{"line":6,"column":67}},"6":{"start":{"line":7,"column":21},"end":{"line":7,"column":57}},"7":{"start":{"line":8,"column":26},"end":{"line":8,"column":57}},"8":{"start":{"line":9,"column":15},"end":{"line":9,"column":44}},"9":{"start":{"line":10,"column":18},"end":{"line":10,"column":49}},"10":{"start":{"line":11,"column":31},"end":{"line":11,"column":68}},"11":{"start":{"line":13,"column":20},"end":{"line":183,"column":1}},"12":{"start":{"line":14,"column":2},"end":{"line":14,"column":120}},"13":{"start":{"line":17,"column":2},"end":{"line":182,"column":3}},"14":{"start":{"line":18,"column":4},"end":{"line":18,"column":48}},"15":{"start":{"line":19,"column":21},"end":{"line":22,"column":6}},"16":{"start":{"line":24,"column":4},"end":{"line":28,"column":5}},"17":{"start":{"line":25,"column":6},"end":{"line":25,"column":88}},"18":{"start":{"line":26,"column":6},"end":{"line":26,"column":35}},"19":{"start":{"line":27,"column":6},"end":{"line":27,"column":62}},"20":{"start":{"line":30,"column":4},"end":{"line":34,"column":5}},"21":{"start":{"line":31,"column":6},"end":{"line":31,"column":89}},"22":{"start":{"line":32,"column":6},"end":{"line":32,"column":35}},"23":{"start":{"line":33,"column":6},"end":{"line":33,"column":70}},"24":{"start":{"line":36,"column":20},"end":{"line":36,"column":70}},"25":{"start":{"line":37,"column":4},"end":{"line":41,"column":5}},"26":{"start":{"line":38,"column":6},"end":{"line":38,"column":81}},"27":{"start":{"line":39,"column":6},"end":{"line":39,"column":35}},"28":{"start":{"line":40,"column":6},"end":{"line":40,"column":56}},"29":{"start":{"line":43,"column":24},"end":{"line":49,"column":6}},"30":{"start":{"line":51,"column":4},"end":{"line":55,"column":5}},"31":{"start":{"line":52,"column":6},"end":{"line":52,"column":114}},"32":{"start":{"line":53,"column":6},"end":{"line":53,"column":35}},"33":{"start":{"line":54,"column":6},"end":{"line":54,"column":61}},"34":{"start":{"line":57,"column":4},"end":{"line":61,"column":5}},"35":{"start":{"line":58,"column":6},"end":{"line":58,"column":103}},"36":{"start":{"line":59,"column":6},"end":{"line":59,"column":35}},"37":{"start":{"line":60,"column":6},"end":{"line":60,"column":74}},"38":{"start":{"line":63,"column":4},"end":{"line":63,"column":34}},"39":{"start":{"line":64,"column":4},"end":{"line":64,"column":44}},"40":{"start":{"line":65,"column":4},"end":{"line":65,"column":97}},"41":{"start":{"line":67,"column":4},"end":{"line":72,"column":24}},"42":{"start":{"line":73,"column":4},"end":{"line":73,"column":110}},"43":{"start":{"line":75,"column":17},"end":{"line":78,"column":6}},"44":{"start":{"line":80,"column":4},"end":{"line":111,"column":5}},"45":{"start":{"line":81,"column":20},"end":{"line":84,"column":8}},"46":{"start":{"line":86,"column":6},"end":{"line":95,"column":7}},"47":{"start":{"line":87,"column":8},"end":{"line":87,"column":27}},"48":{"start":{"line":88,"column":8},"end":{"line":88,"column":44}},"49":{"start":{"line":90,"column":8},"end":{"line":94,"column":28}},"50":{"start":{"line":96,"column":6},"end":{"line":96,"column":96}},"51":{"start":{"line":98,"column":6},"end":{"line":98,"column":53}},"52":{"start":{"line":99,"column":6},"end":{"line":99,"column":74}},"53":{"start":{"line":101,"column":6},"end":{"line":109,"column":26}},"54":{"start":{"line":110,"column":6},"end":{"line":110,"column":80}},"55":{"start":{"line":113,"column":28},"end":{"line":116,"column":6}},"56":{"start":{"line":118,"column":24},"end":{"line":120,"column":5}},"57":{"start":{"line":119,"column":14},"end":{"line":119,"column":46}},"58":{"start":{"line":123,"column":4},"end":{"line":131,"column":5}},"59":{"start":{"line":124,"column":6},"end":{"line":124,"column":30}},"60":{"start":{"line":125,"column":6},"end":{"line":125,"column":42}},"61":{"start":{"line":126,"column":6},"end":{"line":126,"column":65}},"62":{"start":{"line":127,"column":11},"end":{"line":131,"column":5}},"63":{"start":{"line":128,"column":6},"end":{"line":128,"column":32}},"64":{"start":{"line":129,"column":6},"end":{"line":129,"column":42}},"65":{"start":{"line":130,"column":6},"end":{"line":130,"column":67}},"66":{"start":{"line":133,"column":4},"end":{"line":133,"column":31}},"67":{"start":{"line":134,"column":4},"end":{"line":134,"column":79}},"68":{"start":{"line":137,"column":27},"end":{"line":139,"column":12}},"69":{"start":{"line":138,"column":14},"end":{"line":138,"column":46}},"70":{"start":{"line":141,"column":4},"end":{"line":172,"column":6}},"71":{"start":{"line":174,"column":4},"end":{"line":174,"column":50}},"72":{"start":{"line":174,"column":21},"end":{"line":174,"column":50}},"73":{"start":{"line":175,"column":4},"end":{"line":175,"column":86}},"74":{"start":{"line":176,"column":4},"end":{"line":181,"column":6}},"75":{"start":{"line":185,"column":0},"end":{"line":185,"column":33}}},"fnMap":{"0":{"name":"(anonymous_0)","decl":{"start":{"line":13,"column":20},"end":{"line":13,"column":21}},"loc":{"start":{"line":13,"column":66},"end":{"line":183,"column":1}},"line":13},"1":{"name":"(anonymous_1)","decl":{"start":{"line":119,"column":6},"end":{"line":119,"column":7}},"loc":{"start":{"line":119,"column":14},"end":{"line":119,"column":46}},"line":119},"2":{"name":"(anonymous_2)","decl":{"start":{"line":138,"column":6},"end":{"line":138,"column":7}},"loc":{"start":{"line":138,"column":14},"end":{"line":138,"column":46}},"line":138}},"branchMap":{"0":{"loc":{"start":{"line":24,"column":4},"end":{"line":28,"column":5}},"type":"if","locations":[{"start":{"line":24,"column":4},"end":{"line":28,"column":5}},{"start":{},"end":{}}],"line":24},"1":{"loc":{"start":{"line":30,"column":4},"end":{"line":34,"column":5}},"type":"if","locations":[{"start":{"line":30,"column":4},"end":{"line":34,"column":5}},{"start":{},"end":{}}],"line":30},"2":{"loc":{"start":{"line":37,"column":4},"end":{"line":41,"column":5}},"type":"if","locations":[{"start":{"line":37,"column":4},"end":{"line":41,"column":5}},{"start":{},"end":{}}],"line":37},"3":{"loc":{"start":{"line":51,"column":4},"end":{"line":55,"column":5}},"type":"if","locations":[{"start":{"line":51,"column":4},"end":{"line":55,"column":5}},{"start":{},"end":{}}],"line":51},"4":{"loc":{"start":{"line":57,"column":4},"end":{"line":61,"column":5}},"type":"if","locations":[{"start":{"line":57,"column":4},"end":{"line":61,"column":5}},{"start":{},"end":{}}],"line":57},"5":{"loc":{"start":{"line":80,"column":4},"end":{"line":111,"column":5}},"type":"if","locations":[{"start":{"line":80,"column":4},"end":{"line":111,"column":5}},{"start":{},"end":{}}],"line":80},"6":{"loc":{"start":{"line":86,"column":6},"end":{"line":95,"column":7}},"type":"if","locations":[{"start":{"line":86,"column":6},"end":{"line":95,"column":7}},{"start":{"line":89,"column":13},"end":{"line":95,"column":7}}],"line":86},"7":{"loc":{"start":{"line":123,"column":4},"end":{"line":131,"column":5}},"type":"if","locations":[{"start":{"line":123,"column":4},"end":{"line":131,"column":5}},{"start":{"line":127,"column":11},"end":{"line":131,"column":5}}],"line":123},"8":{"loc":{"start":{"line":127,"column":11},"end":{"line":131,"column":5}},"type":"if","locations":[{"start":{"line":127,"column":11},"end":{"line":131,"column":5}},{"start":{},"end":{}}],"line":127},"9":{"loc":{"start":{"line":174,"column":4},"end":{"line":174,"column":50}},"type":"if","locations":[{"start":{"line":174,"column":4},"end":{"line":174,"column":50}},{"start":{},"end":{}}],"line":174}},"s":{"0":2,"1":2,"2":2,"3":2,"4":2,"5":2,"6":2,"7":2,"8":2,"9":2,"10":2,"11":2,"12":12,"13":12,"14":12,"15":11,"16":10,"17":1,"18":1,"19":1,"20":9,"21":1,"22":1,"23":1,"24":8,"25":8,"26":1,"27":1,"28":1,"29":7,"30":7,"31":1,"32":1,"33":1,"34":6,"35":1,"36":1,"37":1,"38":5,"39":5,"40":5,"41":5,"42":5,"43":5,"44":5,"45":4,"46":4,"47":3,"48":3,"49":1,"50":4,"51":4,"52":4,"53":4,"54":4,"55":5,"56":5,"57":6,"58":5,"59":1,"60":1,"61":1,"62":4,"63":1,"64":1,"65":1,"66":5,"67":5,"68":5,"69":7,"70":5,"71":2,"72":1,"73":2,"74":2,"75":2},"f":{"0":12,"1":6,"2":7},"b":{"0":[1,9],"1":[1,8],"2":[1,7],"3":[1,6],"4":[1,5],"5":[4,1],"6":[3,1],"7":[1,4],"8":[1,3],"9":[1,1]},"_coverageSchema":"1a1c01bbd47fc00a2c39e90264f33305004495a9","hash":"f84467714dcf4ddbc05912a13dab86476766c90a
[...]
,"D:\\MAGANG PT REVELWARE TECHNOLOGY\\PROJECT\\backend-api\\template-backend-yogiravelware\\src\\utils\\item-validator.js": {"path":"D:\\MAGANG PT REVELWARE TECHNOLOGY\\PROJECT\\backend-api\\template-backend-yogiravelware\\src\\utils\\item-validator.js","statementMap":{"0":{"start":{"line":1,"column":15},"end":{"line":1,"column":35}},"1":{"start":{"line":2,"column":13},"end":{"line":2,"column":38}},"2":{"start":{"line":3,"column":15},"end":{"line":3,"column":34}},"3":{"start":{"line":12,"column":26},"end":{"line":30,"column":1}},"4":{"start":{"line":13,"column":19},"end":{"line":13,"column":65}},"5":{"start":{"line":13,"column":49},"end":{"line":13,"column":62}},"6":{"start":{"line":15,"column":24},"end":{"line":19,"column":4}},"7":{"start":{"line":21,"column":2},"end":{"line":29,"column":3}},"8":{"start":{"line":22,"column":22},"end":{"line":22,"column":65}},"9":{"start":{"line":22,"column":53},"end":{"line":22,"column":63}},"10":{"start":{"line":23,"column":24},"end":{"line":23,"column":67}},"11":{"start":{"line":23,"column":47},"end":{"line":23,"column":66}},"12":{"start":{"line":25,"column":4},"end":{"line":25,"column":77}},"13":{"start":{"line":26,"column":16},"end":{"line":26,"column":94}},"14":{"start":{"line":27,"column":4},"end":{"line":27,"column":21}},"15":{"start":{"line":28,"column":4},"end":{"line":28,"column":14}},"16":{"start":{"line":32,"column":0},"end":{"line":34,"column":2}}},"fnMap":{"0":{"name":"(anonymous_0)","decl":{"start":{"line":12,"column":26},"end":{"line":12,"column":27}},"loc":{"start":{"line":12,"column":43},"end":{"line":30,"column":1}},"line":12},"1":{"name":"(anonymous_1)","decl":{"start":{"line":13,"column":41},"end":{"line":13,"column":42}},"loc":{"start":{"line":13,"column":49},"end":{"line":13,"column":62}},"line":13},"2":{"name":"(anonymous_2)","decl":{"start":{"line":22,"column":48},"end":{"line":22,"column":49}},"loc":{"start":{"line":22,"column":53},"end":{"line":22,"column":63}},"line":22},"3":{"name":"(anonymous_3)","decl":{"start":{"line":23,"column":40},"end":{"line":23,"column":41}},"loc":{"start":{"line":23,"column":47},"end":{"line":23,"column":66}},"line":23}},"branchMap":{"0":{"loc":{"start":{"line":21,"column":2},"end":{"line":29,"column":3}},"type":"if","locations":[{"start":{"line":21,"column":2},"end":{"line":29,"column":3}},{"start":{},"end":{}}],"line":21}},"s":{"0":2,"1":2,"2":2,"3":2,"4":4,"5":4,"6":4,"7":4,"8":2,"9":0,"10":2,"11":2,"12":2,"13":2,"14":2,"15":2,"16":2},"f":{"0":4,"1":4,"2":0,"3":2},"b":{"0":[2,2]},"_coverageSchema":"1a1c01bbd47fc00a2c39e90264f33305004495a9","hash":"3bdc6ab763840f0f588ae37bd44277c49963748f"}
,"D:\\MAGANG PT REVELWARE TECHNOLOGY\\PROJECT\\backend-api\\template-backend-yogiravelware\\src\\utils\\logger.js": {"path":"D:\\MAGANG PT REVELWARE TECHNOLOGY\\PROJECT\\backend-api\\template-backend-yogiravelware\\src\\utils\\logger.js","statementMap":{"0":{"start":{"line":2,"column":45},"end":{"line":2,"column":63}},"1":{"start":{"line":4,"column":21},"end":{"line":19,"column":1}},"2":{"start":{"line":21,"column":15},"end":{"line":26,"column":2}},"3":{"start":{"line":28,"column":0},"end":{"line":28,"column":24}}},"fnMap":{},"branchMap":{},"s":{"0":41,"1":41,"2":41,"3":41},"f":{},"b":{},"_coverageSchema":"1a1c01bbd47fc00a2c39e90264f33305004495a9","hash":"6bd25ceab607e5043b8955f748b1ea75c6eaed87"}
,"D:\\MAGANG PT REVELWARE TECHNOLOGY\\PROJECT\\backend-api\\template-backend-yogiravelware\\src\\utils\\permission.js": {"path":"D:\\MAGANG PT REVELWARE TECHNOLOGY\\PROJECT\\backend-api\\template-backend-yogiravelware\\src\\utils\\permission.js","statementMap":{"0":{"start":{"line":5,"column":20},"end":{"line":40,"column":1}},"1":{"start":{"line":42,"column":0},"end":{"line":42,"column":29}}},"fnMap":{},"branchMap":{},"s":{"0":1,"1":1},"f":{},"b":{},"_coverageSchema":"1a1c01bbd47fc00a2c39e90264f33305004495a9","hash":"120ccfa419e73a47c337dd341b29737a4d4f60a0"}
,"D:\\MAGANG PT REVELWARE TECHNOLOGY\\PROJECT\\backend-api\\template-backend-yogiravelware\\src\\utils\\reconciliation.js": {"path":"D:\\MAGANG PT REVELWARE TECHNOLOGY\\PROJECT\\backend-api\\template-backend-yogiravelware\\src\\utils\\reconciliation.js","statementMap":{"0":{"start":{"line":1,"column":13},"end":{"line":1,"column":38}},"1":{"start":{"line":2,"column":21},"end":{"line":2,"column":54}},"2":{"start":{"line":3,"column":15},"end":{"line":3,"column":34}},"3":{"start":{"line":12,"column":27},"end":{"line":41,"column":1}},"4":{"start":{"line":13,"column":2},"end":{"line":40,"column":3}},"5":{"start":{"line":14,"column":4},"end":{"line":14,"column":71}},"6":{"start":{"line":17,"column":23},"end":{"line":20,"column":11}},"7":{"start":{"line":23,"column":17},"end":{"line":23,"column":61}},"8":{"start":{"line":24,"column":4},"end":{"line":34,"column":5}},"9":{"start":{"line":25,"column":23},"end":{"line":25,"column":41}},"10":{"start":{"line":26,"column":6},"end":{"line":26,"column":38}},"11":{"start":{"line":27,"column":6},"end":{"line":27,"column":39}},"12":{"start":{"line":29,"column":6},"end":{"line":33,"column":7}},"13":{"start":{"line":30,"column":8},"end":{"line":30,"column":91}},"14":{"start":{"line":32,"column":8},"end":{"line":32,"column":156}},"15":{"start":{"line":36,"column":4},"end":{"line":36,"column":22}},"16":{"start":{"line":38,"column":4},"end":{"line":38,"column":82}},"17":{"start":{"line":39,"column":4},"end":{"line":39,"column":16}},"18":{"start":{"line":43,"column":0},"end":{"line":43,"column":40}}},"fnMap":{"0":{"name":"(anonymous_0)","decl":{"start":{"line":12,"column":27},"end":{"line":12,"column":28}},"loc":{"start":{"line":12,"column":58},"end":{"line":41,"column":1}},"line":12}},"branchMap":{"0":{"loc":{"start":{"line":17,"column":23},"end":{"line":20,"column":11}},"type":"binary-expr","locations":[{"start":{"line":17,"column":23},"end":{"line":20,"column":6}},{"start":{"line":20,"column":10},"end":{"line":20,"column":11}}],"line":17},"1":{"loc":{"start":{"line":24,"column":4},"end":{"line":34,"column":5}},"type":"if","locations":[{"start":{"line":24,"column":4},"end":{"line":34,"column":5}},{"start":{},"end":{}}],"line":24},"2":{"loc":{"start":{"line":29,"column":6},"end":{"line":33,"column":7}},"type":"if","locations":[{"start":{"line":29,"column":6},"end":{"line":33,"column":7}},{"start":{"line":31,"column":13},"end":{"line":33,"column":7}}],"line":29}},"s":{"0":3,"1":3,"2":3,"3":3,"4":5,"5":5,"6":5,"7":4,"8":4,"9":3,"10":3,"11":3,"12":3,"13":1,"14":2,"15":4,"16":1,"17":1,"18":3},"f":{"0":5},"b":{"0":[5,1],"1":[3,1],"2":[1,2]},"_coverageSchema":"1a1c01bbd47fc00a2c39e90264f33305004495a9","hash":"345f36aa6037f09cd213a38577fb4c7449839c8b"}
,"D:\\MAGANG PT REVELWARE TECHNOLOGY\\PROJECT\\backend-api\\template-backend-yogiravelware\\src\\utils\\response.js": {"path":"D:\\MAGANG PT REVELWARE TECHNOLOGY\\PROJECT\\backend-api\\template-backend-yogiravelware\\src\\utils\\response.js","statementMap":{"0":{"start":{"line":2,"column":16},"end":{"line":7,"column":1}},"1":{"start":{"line":3,"column":2},"end":{"line":6,"column":4}},"2":{"start":{"line":9,"column":14},"end":{"line":15,"column":1}},"3":{"start":{"line":10,"column":21},"end":{"line":10,"column":75}},"4":{"start":{"line":11,"column":2},"end":{"line":14,"column":4}},"5":{"start":{"line":17,"column":24},"end":{"line":23,"column":1}},"6":{"start":{"line":18,"column":2},"end":{"line":22,"column":4}},"7":{"start":{"line":25,"column":22},"end":{"line":32,"column":1}},"8":{"start":{"line":26,"column":2},"end":{"line":31,"column":4}},"9":{"start":{"line":34,"column":0},"end":{"line":39,"column":2}}},"fnMap":{"0":{"name":"(anonymous_0)","decl":{"start":{"line":2,"column":16},"end":{"line":2,"column":17}},"loc":{"start":{"line":2,"column":26},"end":{"line":7,"column":1}},"line":2},"1":{"name":"(anonymous_1)","decl":{"start":{"line":9,"column":14},"end":{"line":9,"column":15}},"loc":{"start":{"line":9,"column":26},"end":{"line":15,"column":1}},"line":9},"2":{"name":"(anonymous_2)","decl":{"start":{"line":17,"column":24},"end":{"line":17,"column":25}},"loc":{"start":{"line":17,"column":55},"end":{"line":23,"column":1}},"line":17},"3":{"name":"(anonymous_3)","decl":{"start":{"line":25,"column":22},"end":{"line":25,"column":23}},"loc":{"start":{"line":25,"column":61},"end":{"line":32,"column":1}},"line":25}},"branchMap":{"0":{"loc":{"start":{"line":10,"column":21},"end":{"line":10,"column":75}},"type":"cond-expr","locations":[{"start":{"line":10,"column":45},"end":{"line":10,"column":51}},{"start":{"line":10,"column":54},"end":{"line":10,"column":75}}],"line":10},"1":{"loc":{"start":{"line":17,"column":31},"end":{"line":17,"column":50}},"type":"default-arg","locations":[{"start":{"line":17,"column":41},"end":{"line":17,"column":50}}],"line":17},"2":{"loc":{"start":{"line":25,"column":44},"end":{"line":25,"column":56}},"type":"default-arg","locations":[{"start":{"line":25,"column":54},"end":{"line":25,"column":56}}],"line":25}},"s":{"0":8,"1":10,"2":8,"3":17,"4":17,"5":8,"6":8,"7":8,"8":24,"9":8},"f":{"0":10,"1":17,"2":8,"3":24},"b":{"0":[1,16],"1":[1],"2":[11]},"_coverageSchema":"1a1c01bbd47fc00a2c39e90264f33305004495a9","hash":"3390714861e55727712bb733f837f7ff7d77e7b4"}
,"D:\\MAGANG PT REVELWARE TECHNOLOGY\\PROJECT\\backend-api\\template-backend-yogiravelware\\src\\utils\\rfid-validator.js": {"path":"D:\\MAGANG PT REVELWARE TECHNOLOGY\\PROJECT\\backend-api\\template-backend-yogiravelware\\src\\utils\\rfid-validator.js","statementMap":{"0":{"start":{"line":8,"column":19},"end":{"line":24,"column":1}},"1":{"start":{"line":9,"column":2},"end":{"line":9,"column":26}},"2":{"start":{"line":9,"column":13},"end":{"line":9,"column":26}},"3":{"start":{"line":12,"column":2},"end":{"line":12,"column":39}},"4":{"start":{"line":12,"column":26},"end":{"line":12,"column":39}},"5":{"start":{"line":15,"column":19},"end":{"line":15,"column":38}},"6":{"start":{"line":16,"column":2},"end":{"line":16,"column":41}},"7":{"start":{"line":16,"column":28},"end":{"line":16,"column":41}},"8":{"start":{"line":21,"column":2},"end":{"line":21,"column":43}},"9":{"start":{"line":21,"column":30},"end":{"line":21,"column":43}},"10":{"start":{"line":23,"column":2},"end":{"line":23,"column":14}},"11":{"start":{"line":26,"column":0},"end":{"line":28,"column":2}}},"fnMap":{"0":{"name":"(anonymous_0)","decl":{"start":{"line":8,"column":19},"end":{"line":8,"column":20}},"loc":{"start":{"line":8,"column":29},"end":{"line":24,"column":1}},"line":8}},"branchMap":{"0":{"loc":{"start":{"line":9,"column":2},"end":{"line":9,"column":26}},"type":"if","locations":[{"start":{"line":9,"column":2},"end":{"line":9,"column":26}},{"start":{},"end":{}}],"line":9},"1":{"loc":{"start":{"line":12,"column":2},"end":{"line":12,"column":39}},"type":"if","locations":[{"start":{"line":12,"column":2},"end":{"line":12,"column":39}},{"start":{},"end":{}}],"line":12},"2":{"loc":{"start":{"line":16,"column":2},"end":{"line":16,"column":41}},"type":"if","locations":[{"start":{"line":16,"column":2},"end":{"line":16,"column":41}},{"start":{},"end":{}}],"line":16},"3":{"loc":{"start":{"line":21,"column":2},"end":{"line":21,"column":43}},"type":"if","locations":[{"start":{"line":21,"column":2},"end":{"line":21,"column":43}},{"start":{},"end":{}}],"line":21}},"s":{"0":11,"1":51,"2":2,"3":49,"4":7,"5":42,"6":42,"7":2,"8":40,"9":3,"10":37,"11":11},"f":{"0":51},"b":{"0":[2,49],"1":[7,42],"2":[2,40],"3":[3,37]},"_coverageSchema":"1a1c01bbd47fc00a2c39e90264f33305004495a9","hash":"9ce1156158808d36034e06c68eeafeca938d4c64"}
,"D:\\MAGANG PT REVELWARE TECHNOLOGY\\PROJECT\\backend-api\\template-backend-yogiravelware\\src\\validations\\inbound-validation.js": {"path":"D:\\MAGANG PT REVELWARE TECHNOLOGY\\PROJECT\\backend-api\\template-backend-yogiravelware\\src\\validations\\inbound-validation.js","statementMap":{"0":{"start":{"line":1,"column":12},"end":{"line":1,"column":26}},"1":{"start":{"line":2,"column":23},"end":{"line":2,"column":57}},"2":{"start":{"line":4,"column":28},"end":{"line":15,"column":2}},"3":{"start":{"line":17,"column":23},"end":{"line":24,"column":2}},"4":{"start":{"line":19,"column":4},"end":{"line":21,"column":5}},"5":{"start":{"line":20,"column":6},"end":{"line":20,"column":123}},"6":{"start":{"line":22,"column":4},"end":{"line":22,"column":17}},"7":{"start":{"line":26,"column":26},"end":{"line":29,"column":2}},"8":{"start":{"line":31,"column":0},"end":{"line":35,"column":2}}},"fnMap":{"0":{"name":"(anonymous_0)","decl":{"start":{"line":18,"column":43},"end":{"line":18,"column":44}},"loc":{"start":{"line":18,"column":63},"end":{"line":23,"column":3}},"line":18}},"branchMap":{"0":{"loc":{"start":{"line":19,"column":4},"end":{"line":21,"column":5}},"type":"if","locations":[{"start":{"line":19,"column":4},"end":{"line":21,"column":5}},{"start":{},"end":{}}],"line":19}},"s":{"0":2,"1":2,"2":2,"3":2,"4":2,"5":1,"6":1,"7":2,"8":2},"f":{"0":2},"b":{"0":[1,1]},"_coverageSchema":"1a1c01bbd47fc00a2c39e90264f33305004495a9","hash":"549a40dc7281f76af51d5ad7ce94ea599b77c56b"}
,"D:\\MAGANG PT REVELWARE TECHNOLOGY\\PROJECT\\backend-api\\template-backend-yogiravelware\\src\\validations\\inventory-validation.js": {"path":"D:\\MAGANG PT REVELWARE TECHNOLOGY\\PROJECT\\backend-api\\template-backend-yogiravelware\\src\\validations\\inventory-validation.js","statementMap":{"0":{"start":{"line":1,"column":12},"end":{"line":1,"column":26}},"1":{"start":{"line":3,"column":31},"end":{"line":8,"column":2}},"2":{"start":{"line":10,"column":0},"end":{"line":12,"column":2}}},"fnMap":{},"branchMap":{},"s":{"0":2,"1":2,"2":2},"f":{},"b":{},"_coverageSchema":"1a1c01bbd47fc00a2c39e90264f33305004495a9","hash":"d52145855c7bdc4ff1cb432c7a22da47cbaddbbe"}
,"D:\\MAGANG PT REVELWARE TECHNOLOGY\\PROJECT\\backend-api\\template-backend-yogiravelware\\src\\validations\\item-validation.js": {"path":"D:\\MAGANG PT REVELWARE TECHNOLOGY\\PROJECT\\backend-api\\template-backend-yogiravelware\\src\\validations\\item-validation.js","statementMap":{"0":{"start":{"line":1,"column":12},"end":{"line":1,"column":26}},"1":{"start":{"line":2,"column":23},"end":{"line":2,"column":57}},"2":{"start":{"line":4,"column":27},"end":{"line":17,"column":2}},"3":{"start":{"line":6,"column":4},"end":{"line":8,"column":5}},"4":{"start":{"line":7,"column":6},"end":{"line":7,"column":123}},"5":{"start":{"line":9,"column":4},"end":{"line":9,"column":17}},"6":{"start":{"line":19,"column":25},"end":{"line":31,"column":2}},"7":{"start":{"line":21,"column":4},"end":{"line":23,"column":5}},"8":{"start":{"line":22,"column":6},"end":{"line":22,"column":123}},"9":{"start":{"line":24,"column":4},"end":{"line":24,"column":17}},"10":{"start":{"line":33,"column":0},"end":{"line":36,"column":2}}},"fnMap":{"0":{"name":"(anonymous_0)","decl":{"start":{"line":5,"column":43},"end":{"line":5,"column":44}},"loc":{"start":{"line":5,"column":63},"end":{"line":10,"column":3}},"line":5},"1":{"name":"(anonymous_1)","decl":{"start":{"line":20,"column":43},"end":{"line":20,"column":44}},"loc":{"start":{"line":20,"column":63},"end":{"line":25,"column":3}},"line":20}},"branchMap":{"0":{"loc":{"start":{"line":6,"column":4},"end":{"line":8,"column":5}},"type":"if","locations":[{"start":{"line":6,"column":4},"end":{"line":8,"column":5}},{"start":{},"end":{}}],"line":6},"1":{"loc":{"start":{"line":21,"column":4},"end":{"line":23,"column":5}},"type":"if","locations":[{"start":{"line":21,"column":4},"end":{"line":23,"column":5}},{"start":{},"end":{}}],"line":21}},"s":{"0":4,"1":4,"2":4,"3":9,"4":1,"5":8,"6":4,"7":4,"8":1,"9":3,"10":4},"f":{"0":9,"1":4},"b":{"0":[1,8],"1":[1,3]},"_coverageSchema":"1a1c01bbd47fc00a2c39e90264f33305004495a9","hash":"96d290693e6a5b7e37a47a04ae0164ce7acd6454"}
,"D:\\MAGANG PT REVELWARE TECHNOLOGY\\PROJECT\\backend-api\\template-backend-yogiravelware\\src\\validations\\location-validation.js": {"path":"D:\\MAGANG PT REVELWARE TECHNOLOGY\\PROJECT\\backend-api\\template-backend-yogiravelware\\src\\validations\\location-validation.js","statementMap":{"0":{"start":{"line":1,"column":12},"end":{"line":1,"column":26}},"1":{"start":{"line":3,"column":29},"end":{"line":10,"column":2}},"2":{"start":{"line":12,"column":29},"end":{"line":20,"column":2}},"3":{"start":{"line":22,"column":0},"end":{"line":25,"column":2}}},"fnMap":{},"branchMap":{},"s":{"0":2,"1":2,"2":2,"3":2},"f":{},"b":{},"_coverageSchema":"1a1c01bbd47fc00a2c39e90264f33305004495a9","hash":"820b4003cdb91b169a96ac24276795ad244f84a4"}
,"D:\\MAGANG PT REVELWARE TECHNOLOGY\\PROJECT\\backend-api\\template-backend-yogiravelware\\src\\validations\\outbound-validation.js": {"path":"D:\\MAGANG PT REVELWARE TECHNOLOGY\\PROJECT\\backend-api\\template-backend-yogiravelware\\src\\validations\\outbound-validation.js","statementMap":{"0":{"start":{"line":1,"column":12},"end":{"line":1,"column":26}},"1":{"start":{"line":2,"column":23},"end":{"line":2,"column":57}},"2":{"start":{"line":4,"column":29},"end":{"line":16,"column":2}},"3":{"start":{"line":18,"column":23},"end":{"line":26,"column":2}},"4":{"start":{"line":20,"column":4},"end":{"line":22,"column":5}},"5":{"start":{"line":21,"column":6},"end":{"line":21,"column":123}},"6":{"start":{"line":23,"column":4},"end":{"line":23,"column":17}},"7":{"start":{"line":28,"column":0},"end":{"line":31,"column":2}}},"fnMap":{"0":{"name":"(anonymous_0)","decl":{"start":{"line":19,"column":43},"end":{"line":19,"column":44}},"loc":{"start":{"line":19,"column":63},"end":{"line":24,"column":3}},"line":19}},"branchMap":{"0":{"loc":{"start":{"line":20,"column":4},"end":{"line":22,"column":5}},"type":"if","locations":[{"start":{"line":20,"column":4},"end":{"line":22,"column":5}},{"start":{},"end":{}}],"line":20}},"s":{"0":4,"1":4,"2":4,"3":4,"4":15,"5":1,"6":14,"7":4},"f":{"0":15},"b":{"0":[1,14]},"_coverageSchema":"1a1c01bbd47fc00a2c39e90264f33305004495a9","hash":"a7cf957ef7990e6ceeae60024e4985886e742122"}
,"D:\\MAGANG PT REVELWARE TECHNOLOGY\\PROJECT\\backend-api\\template-backend-yogiravelware\\src\\validations\\user-validation.js": {"path":"D:\\MAGANG PT REVELWARE TECHNOLOGY\\PROJECT\\backend-api\\template-backend-yogiravelware\\src\\validations\\user-validation.js","statementMap":{"0":{"start":{"line":2,"column":12},"end":{"line":2,"column":26}},"1":{"start":{"line":4,"column":23},"end":{"line":9,"column":2}},"2":{"start":{"line":11,"column":20},"end":{"line":14,"column":2}},"3":{"start":{"line":16,"column":25},"end":{"line":20,"column":2}},"4":{"start":{"line":22,"column":25},"end":{"line":24,"column":2}},"5":{"start":{"line":26,"column":0},"end":{"line":31,"column":2}}},"fnMap":{},"branchMap":{},"s":{"0":6,"1":6,"2":6,"3":6,"4":6,"5":6},"f":{},"b":{},"_coverageSchema":"1a1c01bbd47fc00a2c39e90264f33305004495a9","hash":"8cf1f917e9b6653088c0cdbbefaaeffe67403529"}
}
