{"D:\\MAGANG PT REVELWARE TECHNOLOGY\\PROJECT\\backend-api\\template-backend-yogiravelware\\src\\controllers\\inbound.js": {"path":"D:\\MAGANG PT REVELWARE TECHNOLOGY\\PROJECT\\backend-api\\template-backend-yogiravelware\\src\\controllers\\inbound.js","statementMap":{"0":{"start":{"line":1,"column":23},"end":{"line":1,"column":53}},"1":{"start":{"line":2,"column":17},"end":{"line":2,"column":45}},"2":{"start":{"line":3,"column":15},"end":{"line":3,"column":41}},"3":{"start":{"line":5,"column":22},"end":{"line":13,"column":1}},"4":{"start":{"line":6,"column":2},"end":{"line":6,"column":43}},"5":{"start":{"line":7,"column":2},"end":{"line":12,"column":3}},"6":{"start":{"line":8,"column":19},"end":{"line":8,"column":63}},"7":{"start":{"line":9,"column":4},"end":{"line":9,"column":86}},"8":{"start":{"line":11,"column":4},"end":{"line":11,"column":14}},"9":{"start":{"line":15,"column":20},"end":{"line":24,"column":1}},"10":{"start":{"line":16,"column":26},"end":{"line":16,"column":35}},"11":{"start":{"line":17,"column":2},"end":{"line":17,"column":79}},"12":{"start":{"line":18,"column":2},"end":{"line":23,"column":3}},"13":{"start":{"line":19,"column":19},"end":{"line":19,"column":68}},"14":{"start":{"line":20,"column":4},"end":{"line":20,"column":112}},"15":{"start":{"line":22,"column":4},"end":{"line":22,"column":14}},"16":{"start":{"line":26,"column":25},"end":{"line":34,"column":1}},"17":{"start":{"line":27,"column":2},"end":{"line":27,"column":66}},"18":{"start":{"line":28,"column":2},"end":{"line":33,"column":3}},"19":{"start":{"line":29,"column":19},"end":{"line":29,"column":71}},"20":{"start":{"line":30,"column":4},"end":{"line":30,"column":78}},"21":{"start":{"line":32,"column":4},"end":{"line":32,"column":14}},"22":{"start":{"line":36,"column":25},"end":{"line":54,"column":1}},"23":{"start":{"line":37,"column":2},"end":{"line":37,"column":84}},"24":{"start":{"line":38,"column":2},"end":{"line":53,"column":3}},"25":{"start":{"line":39,"column":19},"end":{"line":44,"column":5}},"26":{"start":{"line":46,"column":4},"end":{"line":48,"column":5}},"27":{"start":{"line":47,"column":6},"end":{"line":47,"column":63}},"28":{"start":{"line":50,"column":4},"end":{"line":50,"column":85}},"29":{"start":{"line":52,"column":4},"end":{"line":52,"column":14}},"30":{"start":{"line":56,"column":21},"end":{"line":73,"column":1}},"31":{"start":{"line":57,"column":2},"end":{"line":57,"column":48}},"32":{"start":{"line":58,"column":2},"end":{"line":72,"column":3}},"33":{"start":{"line":59,"column":19},"end":{"line":63,"column":5}},"34":{"start":{"line":65,"column":4},"end":{"line":67,"column":5}},"35":{"start":{"line":66,"column":6},"end":{"line":66,"column":63}},"36":{"start":{"line":69,"column":4},"end":{"line":69,"column":79}},"37":{"start":{"line":71,"column":4},"end":{"line":71,"column":14}},"38":{"start":{"line":75,"column":0},"end":{"line":81,"column":2}}},"fnMap":{"0":{"name":"(anonymous_0)","decl":{"start":{"line":5,"column":22},"end":{"line":5,"column":23}},"loc":{"start":{"line":5,"column":48},"end":{"line":13,"column":1}},"line":5},"1":{"name":"(anonymous_1)","decl":{"start":{"line":15,"column":20},"end":{"line":15,"column":21}},"loc":{"start":{"line":15,"column":46},"end":{"line":24,"column":1}},"line":15},"2":{"name":"(anonymous_2)","decl":{"start":{"line":26,"column":25},"end":{"line":26,"column":26}},"loc":{"start":{"line":26,"column":51},"end":{"line":34,"column":1}},"line":26},"3":{"name":"(anonymous_3)","decl":{"start":{"line":36,"column":25},"end":{"line":36,"column":26}},"loc":{"start":{"line":36,"column":51},"end":{"line":54,"column":1}},"line":36},"4":{"name":"(anonymous_4)","decl":{"start":{"line":56,"column":21},"end":{"line":56,"column":22}},"loc":{"start":{"line":56,"column":47},"end":{"line":73,"column":1}},"line":56}},"branchMap":{"0":{"loc":{"start":{"line":17,"column":43},"end":{"line":17,"column":52}},"type":"binary-expr","locations":[{"start":{"line":17,"column":43},"end":{"line":17,"column":47}},{"start":{"line":17,"column":51},"end":{"line":17,"column":52}}],"line":17},"1":{"loc":{"start":{"line":17,"column":64},"end":{"line":17,"column":75}},"type":"binary-expr","locations":[{"start":{"line":17,"column":64},"end":{"line":17,"column":69}},{"start":{"line":17,"column":73},"end":{"line":17,"column":75}}],"line":17},"2":{"loc":{"start":{"line":43,"column":6},"end":{"line":43,"column":35}},"type":"cond-expr","locations":[{"start":{"line":43,"column":17},"end":{"line":43,"column":28}},{"start":{"line":43,"column":31},"end":{"line":43,"column":35}}],"line":43},"3":{"loc":{"start":{"line":46,"column":4},"end":{"line":48,"column":5}},"type":"if","locations":[{"start":{"line":46,"column":4},"end":{"line":48,"column":5}},{"start":{},"end":{}}],"line":46},"4":{"loc":{"start":{"line":46,"column":8},"end":{"line":46,"column":42}},"type":"binary-expr","locations":[{"start":{"line":46,"column":8},"end":{"line":46,"column":14}},{"start":{"line":46,"column":18},"end":{"line":46,"column":42}}],"line":46},"5":{"loc":{"start":{"line":47,"column":24},"end":{"line":47,"column":48}},"type":"binary-expr","locations":[{"start":{"line":47,"column":24},"end":{"line":47,"column":41}},{"start":{"line":47,"column":45},"end":{"line":47,"column":48}}],"line":47},"6":{"loc":{"start":{"line":62,"column":6},"end":{"line":62,"column":35}},"type":"cond-expr","locations":[{"start":{"line":62,"column":17},"end":{"line":62,"column":28}},{"start":{"line":62,"column":31},"end":{"line":62,"column":35}}],"line":62},"7":{"loc":{"start":{"line":65,"column":4},"end":{"line":67,"column":5}},"type":"if","locations":[{"start":{"line":65,"column":4},"end":{"line":67,"column":5}},{"start":{},"end":{}}],"line":65},"8":{"loc":{"start":{"line":65,"column":8},"end":{"line":65,"column":42}},"type":"binary-expr","locations":[{"start":{"line":65,"column":8},"end":{"line":65,"column":14}},{"start":{"line":65,"column":18},"end":{"line":65,"column":42}}],"line":65},"9":{"loc":{"start":{"line":66,"column":24},"end":{"line":66,"column":48}},"type":"binary-expr","locations":[{"start":{"line":66,"column":24},"end":{"line":66,"column":41}},{"start":{"line":66,"column":45},"end":{"line":66,"column":48}}],"line":66}},"s":{"0":1,"1":1,"2":1,"3":1,"4":2,"5":2,"6":2,"7":1,"8":1,"9":1,"10":2,"11":2,"12":2,"13":2,"14":1,"15":1,"16":1,"17":2,"18":2,"19":2,"20":1,"21":1,"22":1,"23":5,"24":5,"25":5,"26":4,"27":2,"28":2,"29":1,"30":1,"31":5,"32":5,"33":5,"34":4,"35":2,"36":2,"37":1,"38":1},"f":{"0":2,"1":2,"2":2,"3":5,"4":5},"b":{"0":[2,2],"1":[2,2],"2":[1,4],"3":[2,2],"4":[4,4],"5":[2,1],"6":[1,4],"7":[2,2],"8":[4,4],"9":[2,1]},"_coverageSchema":"1a1c01bbd47fc00a2c39e90264f33305004495a9","hash":"1ae61cce2a20610ea7d7f69d341f9e6e82c921f0"}
,"D:\\MAGANG PT REVELWARE TECHNOLOGY\\PROJECT\\backend-api\\template-backend-yogiravelware\\src\\controllers\\item.js": {"path":"D:\\MAGANG PT REVELWARE TECHNOLOGY\\PROJECT\\backend-api\\template-backend-yogiravelware\\src\\controllers\\item.js","statementMap":{"0":{"start":{"line":1,"column":20},"end":{"line":1,"column":47}},"1":{"start":{"line":2,"column":17},"end":{"line":2,"column":45}},"2":{"start":{"line":3,"column":15},"end":{"line":3,"column":41}},"3":{"start":{"line":6,"column":21},"end":{"line":14,"column":1}},"4":{"start":{"line":7,"column":2},"end":{"line":7,"column":40}},"5":{"start":{"line":8,"column":2},"end":{"line":13,"column":3}},"6":{"start":{"line":9,"column":19},"end":{"line":9,"column":59}},"7":{"start":{"line":10,"column":4},"end":{"line":10,"column":51}},"8":{"start":{"line":12,"column":4},"end":{"line":12,"column":14}},"9":{"start":{"line":17,"column":17},"end":{"line":25,"column":1}},"10":{"start":{"line":18,"column":2},"end":{"line":18,"column":36}},"11":{"start":{"line":19,"column":2},"end":{"line":24,"column":3}},"12":{"start":{"line":20,"column":18},"end":{"line":20,"column":46}},"13":{"start":{"line":21,"column":4},"end":{"line":21,"column":38}},"14":{"start":{"line":23,"column":4},"end":{"line":23,"column":14}},"15":{"start":{"line":28,"column":20},"end":{"line":36,"column":1}},"16":{"start":{"line":29,"column":2},"end":{"line":29,"column":57}},"17":{"start":{"line":30,"column":2},"end":{"line":35,"column":3}},"18":{"start":{"line":31,"column":17},"end":{"line":31,"column":61}},"19":{"start":{"line":32,"column":4},"end":{"line":32,"column":37}},"20":{"start":{"line":34,"column":4},"end":{"line":34,"column":14}},"21":{"start":{"line":39,"column":19},"end":{"line":47,"column":1}},"22":{"start":{"line":40,"column":2},"end":{"line":40,"column":57}},"23":{"start":{"line":41,"column":2},"end":{"line":46,"column":3}},"24":{"start":{"line":42,"column":19},"end":{"line":42,"column":72}},"25":{"start":{"line":43,"column":4},"end":{"line":43,"column":39}},"26":{"start":{"line":45,"column":4},"end":{"line":45,"column":14}},"27":{"start":{"line":50,"column":19},"end":{"line":58,"column":1}},"28":{"start":{"line":51,"column":2},"end":{"line":51,"column":57}},"29":{"start":{"line":52,"column":2},"end":{"line":57,"column":3}},"30":{"start":{"line":53,"column":19},"end":{"line":53,"column":62}},"31":{"start":{"line":54,"column":4},"end":{"line":54,"column":39}},"32":{"start":{"line":56,"column":4},"end":{"line":56,"column":14}},"33":{"start":{"line":61,"column":23},"end":{"line":70,"column":1}},"34":{"start":{"line":62,"column":2},"end":{"line":62,"column":41}},"35":{"start":{"line":63,"column":2},"end":{"line":69,"column":3}},"36":{"start":{"line":64,"column":19},"end":{"line":64,"column":54}},"37":{"start":{"line":65,"column":19},"end":{"line":65,"column":69}},"38":{"start":{"line":66,"column":4},"end":{"line":66,"column":39}},"39":{"start":{"line":68,"column":4},"end":{"line":68,"column":14}},"40":{"start":{"line":73,"column":23},"end":{"line":81,"column":1}},"41":{"start":{"line":74,"column":2},"end":{"line":74,"column":64}},"42":{"start":{"line":75,"column":2},"end":{"line":80,"column":3}},"43":{"start":{"line":76,"column":19},"end":{"line":76,"column":66}},"44":{"start":{"line":77,"column":4},"end":{"line":77,"column":39}},"45":{"start":{"line":79,"column":4},"end":{"line":79,"column":14}},"46":{"start":{"line":84,"column":26},"end":{"line":92,"column":1}},"47":{"start":{"line":85,"column":2},"end":{"line":85,"column":54}},"48":{"start":{"line":86,"column":2},"end":{"line":91,"column":3}},"49":{"start":{"line":87,"column":19},"end":{"line":87,"column":62}},"50":{"start":{"line":88,"column":4},"end":{"line":88,"column":39}},"51":{"start":{"line":90,"column":4},"end":{"line":90,"column":14}},"52":{"start":{"line":94,"column":0},"end":{"line":103,"column":2}}},"fnMap":{"0":{"name":"(anonymous_0)","decl":{"start":{"line":6,"column":21},"end":{"line":6,"column":22}},"loc":{"start":{"line":6,"column":47},"end":{"line":14,"column":1}},"line":6},"1":{"name":"(anonymous_1)","decl":{"start":{"line":17,"column":17},"end":{"line":17,"column":18}},"loc":{"start":{"line":17,"column":43},"end":{"line":25,"column":1}},"line":17},"2":{"name":"(anonymous_2)","decl":{"start":{"line":28,"column":20},"end":{"line":28,"column":21}},"loc":{"start":{"line":28,"column":46},"end":{"line":36,"column":1}},"line":28},"3":{"name":"(anonymous_3)","decl":{"start":{"line":39,"column":19},"end":{"line":39,"column":20}},"loc":{"start":{"line":39,"column":45},"end":{"line":47,"column":1}},"line":39},"4":{"name":"(anonymous_4)","decl":{"start":{"line":50,"column":19},"end":{"line":50,"column":20}},"loc":{"start":{"line":50,"column":45},"end":{"line":58,"column":1}},"line":50},"5":{"name":"(anonymous_5)","decl":{"start":{"line":61,"column":23},"end":{"line":61,"column":24}},"loc":{"start":{"line":61,"column":49},"end":{"line":70,"column":1}},"line":61},"6":{"name":"(anonymous_6)","decl":{"start":{"line":73,"column":23},"end":{"line":73,"column":24}},"loc":{"start":{"line":73,"column":49},"end":{"line":81,"column":1}},"line":73},"7":{"name":"(anonymous_7)","decl":{"start":{"line":84,"column":26},"end":{"line":84,"column":27}},"loc":{"start":{"line":84,"column":52},"end":{"line":92,"column":1}},"line":84}},"branchMap":{"0":{"loc":{"start":{"line":64,"column":19},"end":{"line":64,"column":54}},"type":"cond-expr","locations":[{"start":{"line":64,"column":30},"end":{"line":64,"column":47}},{"start":{"line":64,"column":50},"end":{"line":64,"column":54}}],"line":64}},"s":{"0":1,"1":1,"2":1,"3":1,"4":2,"5":2,"6":2,"7":1,"8":1,"9":1,"10":2,"11":2,"12":2,"13":1,"14":1,"15":1,"16":2,"17":2,"18":2,"19":1,"20":1,"21":1,"22":2,"23":2,"24":2,"25":1,"26":1,"27":1,"28":2,"29":2,"30":2,"31":1,"32":1,"33":1,"34":3,"35":3,"36":3,"37":3,"38":2,"39":1,"40":1,"41":2,"42":2,"43":2,"44":1,"45":1,"46":1,"47":2,"48":2,"49":2,"50":1,"51":1,"52":1},"f":{"0":2,"1":2,"2":2,"3":2,"4":2,"5":3,"6":2,"7":2},"b":{"0":[1,2]},"_coverageSchema":"1a1c01bbd47fc00a2c39e90264f33305004495a9","hash":"a8a00d7682508ecbf81b86be82758e72da19232f"}
,"D:\\MAGANG PT REVELWARE TECHNOLOGY\\PROJECT\\backend-api\\template-backend-yogiravelware\\src\\controllers\\location.js": {"path":"D:\\MAGANG PT REVELWARE TECHNOLOGY\\PROJECT\\backend-api\\template-backend-yogiravelware\\src\\controllers\\location.js","statementMap":{"0":{"start":{"line":1,"column":21},"end":{"line":1,"column":41}},"1":{"start":{"line":2,"column":43},"end":{"line":2,"column":71}},"2":{"start":{"line":3,"column":15},"end":{"line":3,"column":41}},"3":{"start":{"line":7,"column":4},"end":{"line":7,"column":49}},"4":{"start":{"line":10,"column":23},"end":{"line":80,"column":1}},"5":{"start":{"line":11,"column":2},"end":{"line":11,"column":53}},"6":{"start":{"line":12,"column":2},"end":{"line":79,"column":3}},"7":{"start":{"line":14,"column":29},"end":{"line":14,"column":68}},"8":{"start":{"line":15,"column":4},"end":{"line":21,"column":5}},"9":{"start":{"line":16,"column":6},"end":{"line":20,"column":8}},"10":{"start":{"line":24,"column":6},"end":{"line":24,"column":11}},"11":{"start":{"line":26,"column":27},"end":{"line":28,"column":6}},"12":{"start":{"line":30,"column":4},"end":{"line":36,"column":5}},"13":{"start":{"line":31,"column":6},"end":{"line":35,"column":8}},"14":{"start":{"line":38,"column":25},"end":{"line":40,"column":6}},"15":{"start":{"line":42,"column":4},"end":{"line":48,"column":5}},"16":{"start":{"line":43,"column":6},"end":{"line":47,"column":8}},"17":{"start":{"line":50,"column":21},"end":{"line":60,"column":6}},"18":{"start":{"line":62,"column":4},"end":{"line":76,"column":6}},"19":{"start":{"line":78,"column":4},"end":{"line":78,"column":14}},"20":{"start":{"line":83,"column":21},"end":{"line":110,"column":1}},"21":{"start":{"line":84,"column":2},"end":{"line":84,"column":40}},"22":{"start":{"line":85,"column":2},"end":{"line":109,"column":3}},"23":{"start":{"line":86,"column":22},"end":{"line":99,"column":6}},"24":{"start":{"line":101,"column":4},"end":{"line":106,"column":6}},"25":{"start":{"line":108,"column":4},"end":{"line":108,"column":14}},"26":{"start":{"line":113,"column":24},"end":{"line":144,"column":1}},"27":{"start":{"line":114,"column":2},"end":{"line":114,"column":61}},"28":{"start":{"line":115,"column":2},"end":{"line":143,"column":3}},"29":{"start":{"line":116,"column":21},"end":{"line":128,"column":6}},"30":{"start":{"line":130,"column":4},"end":{"line":136,"column":5}},"31":{"start":{"line":131,"column":6},"end":{"line":135,"column":8}},"32":{"start":{"line":138,"column":4},"end":{"line":140,"column":6}},"33":{"start":{"line":142,"column":4},"end":{"line":142,"column":14}},"34":{"start":{"line":147,"column":23},"end":{"line":228,"column":1}},"35":{"start":{"line":148,"column":2},"end":{"line":148,"column":73}},"36":{"start":{"line":149,"column":2},"end":{"line":227,"column":3}},"37":{"start":{"line":151,"column":29},"end":{"line":151,"column":68}},"38":{"start":{"line":152,"column":4},"end":{"line":158,"column":5}},"39":{"start":{"line":153,"column":6},"end":{"line":157,"column":8}},"40":{"start":{"line":160,"column":21},"end":{"line":160,"column":59}},"41":{"start":{"line":162,"column":4},"end":{"line":168,"column":5}},"42":{"start":{"line":163,"column":6},"end":{"line":167,"column":8}},"43":{"start":{"line":170,"column":86},"end":{"line":170,"column":91}},"44":{"start":{"line":172,"column":4},"end":{"line":183,"column":5}},"45":{"start":{"line":173,"column":23},"end":{"line":175,"column":8}},"46":{"start":{"line":176,"column":6},"end":{"line":182,"column":7}},"47":{"start":{"line":177,"column":8},"end":{"line":181,"column":10}},"48":{"start":{"line":185,"column":4},"end":{"line":196,"column":5}},"49":{"start":{"line":186,"column":23},"end":{"line":188,"column":8}},"50":{"start":{"line":189,"column":6},"end":{"line":195,"column":7}},"51":{"start":{"line":190,"column":8},"end":{"line":194,"column":10}},"52":{"start":{"line":198,"column":4},"end":{"line":208,"column":7}},"53":{"start":{"line":210,"column":4},"end":{"line":224,"column":6}},"54":{"start":{"line":226,"column":4},"end":{"line":226,"column":14}},"55":{"start":{"line":231,"column":23},"end":{"line":252,"column":1}},"56":{"start":{"line":232,"column":2},"end":{"line":232,"column":73}},"57":{"start":{"line":233,"column":2},"end":{"line":251,"column":3}},"58":{"start":{"line":234,"column":21},"end":{"line":234,"column":59}},"59":{"start":{"line":236,"column":4},"end":{"line":242,"column":5}},"60":{"start":{"line":237,"column":6},"end":{"line":241,"column":8}},"61":{"start":{"line":244,"column":4},"end":{"line":244,"column":29}},"62":{"start":{"line":246,"column":4},"end":{"line":248,"column":6}},"63":{"start":{"line":250,"column":4},"end":{"line":250,"column":14}},"64":{"start":{"line":254,"column":0},"end":{"line":260,"column":2}}},"fnMap":{"0":{"name":"(anonymous_0)","decl":{"start":{"line":10,"column":23},"end":{"line":10,"column":24}},"loc":{"start":{"line":10,"column":49},"end":{"line":80,"column":1}},"line":10},"1":{"name":"(anonymous_1)","decl":{"start":{"line":83,"column":21},"end":{"line":83,"column":22}},"loc":{"start":{"line":83,"column":47},"end":{"line":110,"column":1}},"line":83},"2":{"name":"(anonymous_2)","decl":{"start":{"line":113,"column":24},"end":{"line":113,"column":25}},"loc":{"start":{"line":113,"column":50},"end":{"line":144,"column":1}},"line":113},"3":{"name":"(anonymous_3)","decl":{"start":{"line":147,"column":23},"end":{"line":147,"column":24}},"loc":{"start":{"line":147,"column":49},"end":{"line":228,"column":1}},"line":147},"4":{"name":"(anonymous_4)","decl":{"start":{"line":231,"column":23},"end":{"line":231,"column":24}},"loc":{"start":{"line":231,"column":49},"end":{"line":252,"column":1}},"line":231}},"branchMap":{"0":{"loc":{"start":{"line":15,"column":4},"end":{"line":21,"column":5}},"type":"if","locations":[{"start":{"line":15,"column":4},"end":{"line":21,"column":5}},{"start":{},"end":{}}],"line":15},"1":{"loc":{"start":{"line":30,"column":4},"end":{"line":36,"column":5}},"type":"if","locations":[{"start":{"line":30,"column":4},"end":{"line":36,"column":5}},{"start":{},"end":{}}],"line":30},"2":{"loc":{"start":{"line":42,"column":4},"end":{"line":48,"column":5}},"type":"if","locations":[{"start":{"line":42,"column":4},"end":{"line":48,"column":5}},{"start":{},"end":{}}],"line":42},"3":{"loc":{"start":{"line":57,"column":8},"end":{"line":58,"column":48}},"type":"binary-expr","locations":[{"start":{"line":57,"column":8},"end":{"line":57,"column":21}},{"start":{"line":58,"column":8},"end":{"line":58,"column":48}}],"line":57},"4":{"loc":{"start":{"line":130,"column":4},"end":{"line":136,"column":5}},"type":"if","locations":[{"start":{"line":130,"column":4},"end":{"line":136,"column":5}},{"start":{},"end":{}}],"line":130},"5":{"loc":{"start":{"line":152,"column":4},"end":{"line":158,"column":5}},"type":"if","locations":[{"start":{"line":152,"column":4},"end":{"line":158,"column":5}},{"start":{},"end":{}}],"line":152},"6":{"loc":{"start":{"line":162,"column":4},"end":{"line":168,"column":5}},"type":"if","locations":[{"start":{"line":162,"column":4},"end":{"line":168,"column":5}},{"start":{},"end":{}}],"line":162},"7":{"loc":{"start":{"line":172,"column":4},"end":{"line":183,"column":5}},"type":"if","locations":[{"start":{"line":172,"column":4},"end":{"line":183,"column":5}},{"start":{},"end":{}}],"line":172},"8":{"loc":{"start":{"line":172,"column":8},"end":{"line":172,"column":65}},"type":"binary-expr","locations":[{"start":{"line":172,"column":8},"end":{"line":172,"column":21}},{"start":{"line":172,"column":25},"end":{"line":172,"column":65}}],"line":172},"9":{"loc":{"start":{"line":176,"column":6},"end":{"line":182,"column":7}},"type":"if","locations":[{"start":{"line":176,"column":6},"end":{"line":182,"column":7}},{"start":{},"end":{}}],"line":176},"10":{"loc":{"start":{"line":185,"column":4},"end":{"line":196,"column":5}},"type":"if","locations":[{"start":{"line":185,"column":4},"end":{"line":196,"column":5}},{"start":{},"end":{}}],"line":185},"11":{"loc":{"start":{"line":185,"column":8},"end":{"line":185,"column":53}},"type":"binary-expr","locations":[{"start":{"line":185,"column":8},"end":{"line":185,"column":17}},{"start":{"line":185,"column":21},"end":{"line":185,"column":53}}],"line":185},"12":{"loc":{"start":{"line":189,"column":6},"end":{"line":195,"column":7}},"type":"if","locations":[{"start":{"line":189,"column":6},"end":{"line":195,"column":7}},{"start":{},"end":{}}],"line":189},"13":{"loc":{"start":{"line":199,"column":21},"end":{"line":199,"column":60}},"type":"binary-expr","locations":[{"start":{"line":199,"column":21},"end":{"line":199,"column":34}},{"start":{"line":199,"column":38},"end":{"line":199,"column":60}}],"line":199},"14":{"loc":{"start":{"line":200,"column":17},"end":{"line":200,"column":48}},"type":"binary-expr","locations":[{"start":{"line":200,"column":17},"end":{"line":200,"column":26}},{"start":{"line":200,"column":30},"end":{"line":200,"column":48}}],"line":200},"15":{"loc":{"start":{"line":201,"column":17},"end":{"line":201,"column":48}},"type":"binary-expr","locations":[{"start":{"line":201,"column":17},"end":{"line":201,"column":26}},{"start":{"line":201,"column":30},"end":{"line":201,"column":48}}],"line":201},"16":{"loc":{"start":{"line":202,"column":12},"end":{"line":202,"column":33}},"type":"binary-expr","locations":[{"start":{"line":202,"column":12},"end":{"line":202,"column":16}},{"start":{"line":202,"column":20},"end":{"line":202,"column":33}}],"line":202},"17":{"loc":{"start":{"line":203,"column":11},"end":{"line":203,"column":30}},"type":"binary-expr","locations":[{"start":{"line":203,"column":11},"end":{"line":203,"column":14}},{"start":{"line":203,"column":18},"end":{"line":203,"column":30}}],"line":203},"18":{"loc":{"start":{"line":205,"column":8},"end":{"line":206,"column":103}},"type":"binary-expr","locations":[{"start":{"line":205,"column":8},"end":{"line":205,"column":21}},{"start":{"line":206,"column":8},"end":{"line":206,"column":103}}],"line":205},"19":{"loc":{"start":{"line":206,"column":11},"end":{"line":206,"column":42}},"type":"binary-expr","locations":[{"start":{"line":206,"column":11},"end":{"line":206,"column":20}},{"start":{"line":206,"column":24},"end":{"line":206,"column":42}}],"line":206},"20":{"loc":{"start":{"line":206,"column":48},"end":{"line":206,"column":69}},"type":"binary-expr","locations":[{"start":{"line":206,"column":48},"end":{"line":206,"column":52}},{"start":{"line":206,"column":56},"end":{"line":206,"column":69}}],"line":206},"21":{"loc":{"start":{"line":206,"column":75},"end":{"line":206,"column":94}},"type":"binary-expr","locations":[{"start":{"line":206,"column":75},"end":{"line":206,"column":78}},{"start":{"line":206,"column":82},"end":{"line":206,"column":94}}],"line":206},"22":{"loc":{"start":{"line":207,"column":14},"end":{"line":207,"column":39}},"type":"binary-expr","locations":[{"start":{"line":207,"column":14},"end":{"line":207,"column":20}},{"start":{"line":207,"column":24},"end":{"line":207,"column":39}}],"line":207},"23":{"loc":{"start":{"line":236,"column":4},"end":{"line":242,"column":5}},"type":"if","locations":[{"start":{"line":236,"column":4},"end":{"line":242,"column":5}},{"start":{},"end":{}}],"line":236}},"s":{"0":1,"1":1,"2":1,"3":1,"4":1,"5":5,"6":5,"7":5,"8":5,"9":1,"10":4,"11":4,"12":4,"13":1,"14":3,"15":3,"16":1,"17":2,"18":1,"19":1,"20":1,"21":2,"22":2,"23":2,"24":1,"25":1,"26":1,"27":3,"28":3,"29":3,"30":2,"31":1,"32":1,"33":1,"34":1,"35":7,"36":7,"37":7,"38":7,"39":1,"40":6,"41":5,"42":1,"43":4,"44":4,"45":2,"46":2,"47":1,"48":3,"49":2,"50":2,"51":1,"52":2,"53":2,"54":1,"55":1,"56":3,"57":3,"58":3,"59":2,"60":1,"61":1,"62":1,"63":1,"64":1},"f":{"0":5,"1":2,"2":3,"3":7,"4":3},"b":{"0":[1,4],"1":[1,3],"2":[1,2],"3":[2,2],"4":[1,1],"5":[1,6],"6":[1,4],"7":[2,2],"8":[4,2],"9":[1,1],"10":[2,1],"11":[3,2],"12":[1,1],"13":[2,1],"14":[2,1],"15":[2,2],"16":[2,2],"17":[2,2],"18":[2,2],"19":[2,2],"20":[2,2],"21":[2,2],"22":[2,2],"23":[1,1]},"_coverageSchema":"1a1c01bbd47fc00a2c39e90264f33305004495a9","hash":"d22558a9b027b0a2fb2a75015b4a9296bc7faafe"}
,"D:\\MAGANG PT REVELWARE TECHNOLOGY\\PROJECT\\backend-api\\template-backend-yogiravelware\\src\\controllers\\outbound.js": {"path":"D:\\MAGANG PT REVELWARE TECHNOLOGY\\PROJECT\\backend-api\\template-backend-yogiravelware\\src\\controllers\\outbound.js","statementMap":{"0":{"start":{"line":1,"column":24},"end":{"line":1,"column":55}},"1":{"start":{"line":2,"column":17},"end":{"line":2,"column":45}},"2":{"start":{"line":3,"column":15},"end":{"line":3,"column":41}},"3":{"start":{"line":5,"column":23},"end":{"line":13,"column":1}},"4":{"start":{"line":6,"column":2},"end":{"line":6,"column":47}},"5":{"start":{"line":7,"column":2},"end":{"line":12,"column":3}},"6":{"start":{"line":8,"column":19},"end":{"line":8,"column":65}},"7":{"start":{"line":9,"column":4},"end":{"line":9,"column":90}},"8":{"start":{"line":11,"column":4},"end":{"line":11,"column":14}},"9":{"start":{"line":15,"column":21},"end":{"line":24,"column":1}},"10":{"start":{"line":16,"column":26},"end":{"line":16,"column":35}},"11":{"start":{"line":17,"column":2},"end":{"line":17,"column":80}},"12":{"start":{"line":18,"column":2},"end":{"line":23,"column":3}},"13":{"start":{"line":19,"column":19},"end":{"line":19,"column":70}},"14":{"start":{"line":20,"column":4},"end":{"line":20,"column":113}},"15":{"start":{"line":22,"column":4},"end":{"line":22,"column":14}},"16":{"start":{"line":26,"column":26},"end":{"line":34,"column":1}},"17":{"start":{"line":27,"column":2},"end":{"line":27,"column":67}},"18":{"start":{"line":28,"column":2},"end":{"line":33,"column":3}},"19":{"start":{"line":29,"column":19},"end":{"line":29,"column":73}},"20":{"start":{"line":30,"column":4},"end":{"line":30,"column":79}},"21":{"start":{"line":32,"column":4},"end":{"line":32,"column":14}},"22":{"start":{"line":36,"column":22},"end":{"line":53,"column":1}},"23":{"start":{"line":37,"column":2},"end":{"line":37,"column":81}},"24":{"start":{"line":38,"column":2},"end":{"line":52,"column":3}},"25":{"start":{"line":39,"column":19},"end":{"line":43,"column":5}},"26":{"start":{"line":45,"column":4},"end":{"line":47,"column":5}},"27":{"start":{"line":46,"column":6},"end":{"line":46,"column":63}},"28":{"start":{"line":49,"column":4},"end":{"line":49,"column":67}},"29":{"start":{"line":51,"column":4},"end":{"line":51,"column":14}},"30":{"start":{"line":55,"column":24},"end":{"line":68,"column":1}},"31":{"start":{"line":56,"column":2},"end":{"line":56,"column":65}},"32":{"start":{"line":57,"column":2},"end":{"line":67,"column":3}},"33":{"start":{"line":58,"column":19},"end":{"line":58,"column":75}},"34":{"start":{"line":60,"column":4},"end":{"line":62,"column":5}},"35":{"start":{"line":61,"column":6},"end":{"line":61,"column":63}},"36":{"start":{"line":64,"column":4},"end":{"line":64,"column":67}},"37":{"start":{"line":66,"column":4},"end":{"line":66,"column":14}},"38":{"start":{"line":70,"column":25},"end":{"line":83,"column":1}},"39":{"start":{"line":71,"column":2},"end":{"line":71,"column":61}},"40":{"start":{"line":72,"column":2},"end":{"line":82,"column":3}},"41":{"start":{"line":73,"column":19},"end":{"line":73,"column":86}},"42":{"start":{"line":75,"column":4},"end":{"line":77,"column":5}},"43":{"start":{"line":76,"column":6},"end":{"line":76,"column":63}},"44":{"start":{"line":79,"column":4},"end":{"line":79,"column":99}},"45":{"start":{"line":81,"column":4},"end":{"line":81,"column":14}},"46":{"start":{"line":85,"column":0},"end":{"line":92,"column":2}}},"fnMap":{"0":{"name":"(anonymous_0)","decl":{"start":{"line":5,"column":23},"end":{"line":5,"column":24}},"loc":{"start":{"line":5,"column":49},"end":{"line":13,"column":1}},"line":5},"1":{"name":"(anonymous_1)","decl":{"start":{"line":15,"column":21},"end":{"line":15,"column":22}},"loc":{"start":{"line":15,"column":47},"end":{"line":24,"column":1}},"line":15},"2":{"name":"(anonymous_2)","decl":{"start":{"line":26,"column":26},"end":{"line":26,"column":27}},"loc":{"start":{"line":26,"column":52},"end":{"line":34,"column":1}},"line":26},"3":{"name":"(anonymous_3)","decl":{"start":{"line":36,"column":22},"end":{"line":36,"column":23}},"loc":{"start":{"line":36,"column":48},"end":{"line":53,"column":1}},"line":36},"4":{"name":"(anonymous_4)","decl":{"start":{"line":55,"column":24},"end":{"line":55,"column":25}},"loc":{"start":{"line":55,"column":50},"end":{"line":68,"column":1}},"line":55},"5":{"name":"(anonymous_5)","decl":{"start":{"line":70,"column":25},"end":{"line":70,"column":26}},"loc":{"start":{"line":70,"column":51},"end":{"line":83,"column":1}},"line":70}},"branchMap":{"0":{"loc":{"start":{"line":17,"column":44},"end":{"line":17,"column":53}},"type":"binary-expr","locations":[{"start":{"line":17,"column":44},"end":{"line":17,"column":48}},{"start":{"line":17,"column":52},"end":{"line":17,"column":53}}],"line":17},"1":{"loc":{"start":{"line":17,"column":65},"end":{"line":17,"column":76}},"type":"binary-expr","locations":[{"start":{"line":17,"column":65},"end":{"line":17,"column":70}},{"start":{"line":17,"column":74},"end":{"line":17,"column":76}}],"line":17},"2":{"loc":{"start":{"line":45,"column":4},"end":{"line":47,"column":5}},"type":"if","locations":[{"start":{"line":45,"column":4},"end":{"line":47,"column":5}},{"start":{},"end":{}}],"line":45},"3":{"loc":{"start":{"line":45,"column":8},"end":{"line":45,"column":42}},"type":"binary-expr","locations":[{"start":{"line":45,"column":8},"end":{"line":45,"column":14}},{"start":{"line":45,"column":18},"end":{"line":45,"column":42}}],"line":45},"4":{"loc":{"start":{"line":46,"column":24},"end":{"line":46,"column":48}},"type":"binary-expr","locations":[{"start":{"line":46,"column":24},"end":{"line":46,"column":41}},{"start":{"line":46,"column":45},"end":{"line":46,"column":48}}],"line":46},"5":{"loc":{"start":{"line":60,"column":4},"end":{"line":62,"column":5}},"type":"if","locations":[{"start":{"line":60,"column":4},"end":{"line":62,"column":5}},{"start":{},"end":{}}],"line":60},"6":{"loc":{"start":{"line":60,"column":8},"end":{"line":60,"column":42}},"type":"binary-expr","locations":[{"start":{"line":60,"column":8},"end":{"line":60,"column":14}},{"start":{"line":60,"column":18},"end":{"line":60,"column":42}}],"line":60},"7":{"loc":{"start":{"line":61,"column":24},"end":{"line":61,"column":48}},"type":"binary-expr","locations":[{"start":{"line":61,"column":24},"end":{"line":61,"column":41}},{"start":{"line":61,"column":45},"end":{"line":61,"column":48}}],"line":61},"8":{"loc":{"start":{"line":75,"column":4},"end":{"line":77,"column":5}},"type":"if","locations":[{"start":{"line":75,"column":4},"end":{"line":77,"column":5}},{"start":{},"end":{}}],"line":75},"9":{"loc":{"start":{"line":75,"column":8},"end":{"line":75,"column":42}},"type":"binary-expr","locations":[{"start":{"line":75,"column":8},"end":{"line":75,"column":14}},{"start":{"line":75,"column":18},"end":{"line":75,"column":42}}],"line":75},"10":{"loc":{"start":{"line":76,"column":24},"end":{"line":76,"column":48}},"type":"binary-expr","locations":[{"start":{"line":76,"column":24},"end":{"line":76,"column":41}},{"start":{"line":76,"column":45},"end":{"line":76,"column":48}}],"line":76}},"s":{"0":1,"1":1,"2":1,"3":1,"4":2,"5":2,"6":2,"7":1,"8":1,"9":1,"10":2,"11":2,"12":2,"13":2,"14":1,"15":1,"16":1,"17":2,"18":2,"19":2,"20":1,"21":1,"22":1,"23":4,"24":4,"25":4,"26":3,"27":2,"28":1,"29":1,"30":1,"31":4,"32":4,"33":4,"34":3,"35":1,"36":2,"37":1,"38":1,"39":6,"40":6,"41":6,"42":5,"43":2,"44":3,"45":1,"46":1},"f":{"0":2,"1":2,"2":2,"3":4,"4":4,"5":6},"b":{"0":[2,2],"1":[2,2],"2":[2,1],"3":[3,3],"4":[2,1],"5":[1,2],"6":[3,2],"7":[1,1],"8":[2,3],"9":[5,5],"10":[2,1]},"_coverageSchema":"1a1c01bbd47fc00a2c39e90264f33305004495a9","hash":"d5d08f733a9ee9b82ea3cc3faa54e405a2c35b2c"}
,"D:\\MAGANG PT REVELWARE TECHNOLOGY\\PROJECT\\backend-api\\template-backend-yogiravelware\\src\\controllers\\role.js": {"path":"D:\\MAGANG PT REVELWARE TECHNOLOGY\\PROJECT\\backend-api\\template-backend-yogiravelware\\src\\controllers\\role.js","statementMap":{"0":{"start":{"line":1,"column":29},"end":{"line":1,"column":49}},"1":{"start":{"line":2,"column":30},"end":{"line":2,"column":81}},"2":{"start":{"line":3,"column":37},"end":{"line":3,"column":96}},"3":{"start":{"line":4,"column":17},"end":{"line":4,"column":45}},"4":{"start":{"line":5,"column":15},"end":{"line":5,"column":41}},"5":{"start":{"line":7,"column":17},"end":{"line":32,"column":1}},"6":{"start":{"line":8,"column":2},"end":{"line":31,"column":3}},"7":{"start":{"line":9,"column":18},"end":{"line":17,"column":6}},"8":{"start":{"line":20,"column":31},"end":{"line":25,"column":6}},"9":{"start":{"line":21,"column":23},"end":{"line":21,"column":36}},"10":{"start":{"line":22,"column":6},"end":{"line":22,"column":69}},"11":{"start":{"line":22,"column":61},"end":{"line":22,"column":67}},"12":{"start":{"line":23,"column":6},"end":{"line":23,"column":34}},"13":{"start":{"line":24,"column":6},"end":{"line":24,"column":22}},"14":{"start":{"line":27,"column":4},"end":{"line":27,"column":70}},"15":{"start":{"line":29,"column":4},"end":{"line":29,"column":67}},"16":{"start":{"line":30,"column":4},"end":{"line":30,"column":73}},"17":{"start":{"line":34,"column":23},"end":{"line":42,"column":1}},"18":{"start":{"line":35,"column":2},"end":{"line":41,"column":3}},"19":{"start":{"line":36,"column":24},"end":{"line":36,"column":53}},"20":{"start":{"line":37,"column":4},"end":{"line":37,"column":63}},"21":{"start":{"line":39,"column":4},"end":{"line":39,"column":73}},"22":{"start":{"line":40,"column":4},"end":{"line":40,"column":73}},"23":{"start":{"line":44,"column":26},"end":{"line":56,"column":1}},"24":{"start":{"line":45,"column":17},"end":{"line":45,"column":27}},"25":{"start":{"line":46,"column":28},"end":{"line":46,"column":36}},"26":{"start":{"line":48,"column":2},"end":{"line":55,"column":3}},"27":{"start":{"line":49,"column":19},"end":{"line":49,"column":72}},"28":{"start":{"line":50,"column":4},"end":{"line":50,"column":58}},"29":{"start":{"line":52,"column":4},"end":{"line":52,"column":76}},"30":{"start":{"line":53,"column":19},"end":{"line":53,"column":38}},"31":{"start":{"line":54,"column":4},"end":{"line":54,"column":66}},"32":{"start":{"line":58,"column":0},"end":{"line":62,"column":2}}},"fnMap":{"0":{"name":"(anonymous_0)","decl":{"start":{"line":7,"column":17},"end":{"line":7,"column":18}},"loc":{"start":{"line":7,"column":37},"end":{"line":32,"column":1}},"line":7},"1":{"name":"(anonymous_1)","decl":{"start":{"line":20,"column":41},"end":{"line":20,"column":42}},"loc":{"start":{"line":20,"column":51},"end":{"line":25,"column":5}},"line":20},"2":{"name":"(anonymous_2)","decl":{"start":{"line":22,"column":54},"end":{"line":22,"column":55}},"loc":{"start":{"line":22,"column":61},"end":{"line":22,"column":67}},"line":22},"3":{"name":"(anonymous_3)","decl":{"start":{"line":34,"column":23},"end":{"line":34,"column":24}},"loc":{"start":{"line":34,"column":43},"end":{"line":42,"column":1}},"line":34},"4":{"name":"(anonymous_4)","decl":{"start":{"line":44,"column":26},"end":{"line":44,"column":27}},"loc":{"start":{"line":44,"column":46},"end":{"line":56,"column":1}},"line":44}},"branchMap":{"0":{"loc":{"start":{"line":53,"column":19},"end":{"line":53,"column":38}},"type":"binary-expr","locations":[{"start":{"line":53,"column":19},"end":{"line":53,"column":31}},{"start":{"line":53,"column":35},"end":{"line":53,"column":38}}],"line":53}},"s":{"0":1,"1":1,"2":1,"3":1,"4":1,"5":1,"6":2,"7":2,"8":1,"9":1,"10":1,"11":1,"12":1,"13":1,"14":1,"15":1,"16":1,"17":1,"18":2,"19":2,"20":1,"21":1,"22":1,"23":1,"24":3,"25":3,"26":3,"27":3,"28":1,"29":2,"30":2,"31":2,"32":1},"f":{"0":2,"1":1,"2":1,"3":2,"4":3},"b":{"0":[2,1]},"_coverageSchema":"1a1c01bbd47fc00a2c39e90264f33305004495a9","hash":"9aa01b81c4aa328712be2ca33587d1a71d8d6ee7"}
,"D:\\MAGANG PT REVELWARE TECHNOLOGY\\PROJECT\\backend-api\\template-backend-yogiravelware\\src\\controllers\\user.js": {"path":"D:\\MAGANG PT REVELWARE TECHNOLOGY\\PROJECT\\backend-api\\template-backend-yogiravelware\\src\\controllers\\user.js","statementMap":{"0":{"start":{"line":1,"column":20},"end":{"line":1,"column":47}},"1":{"start":{"line":2,"column":17},"end":{"line":2,"column":45}},"2":{"start":{"line":3,"column":15},"end":{"line":3,"column":41}},"3":{"start":{"line":5,"column":21},"end":{"line":13,"column":1}},"4":{"start":{"line":6,"column":2},"end":{"line":6,"column":40}},"5":{"start":{"line":7,"column":2},"end":{"line":12,"column":3}},"6":{"start":{"line":8,"column":19},"end":{"line":8,"column":59}},"7":{"start":{"line":9,"column":4},"end":{"line":9,"column":80}},"8":{"start":{"line":11,"column":4},"end":{"line":11,"column":14}},"9":{"start":{"line":15,"column":18},"end":{"line":23,"column":1}},"10":{"start":{"line":16,"column":2},"end":{"line":16,"column":36}},"11":{"start":{"line":17,"column":2},"end":{"line":22,"column":3}},"12":{"start":{"line":18,"column":19},"end":{"line":18,"column":56}},"13":{"start":{"line":19,"column":4},"end":{"line":19,"column":57}},"14":{"start":{"line":21,"column":4},"end":{"line":21,"column":14}},"15":{"start":{"line":25,"column":17},"end":{"line":34,"column":1}},"16":{"start":{"line":26,"column":26},"end":{"line":26,"column":35}},"17":{"start":{"line":27,"column":2},"end":{"line":27,"column":76}},"18":{"start":{"line":28,"column":2},"end":{"line":33,"column":3}},"19":{"start":{"line":29,"column":19},"end":{"line":29,"column":62}},"20":{"start":{"line":30,"column":4},"end":{"line":30,"column":111}},"21":{"start":{"line":32,"column":4},"end":{"line":32,"column":14}},"22":{"start":{"line":36,"column":20},"end":{"line":44,"column":1}},"23":{"start":{"line":37,"column":2},"end":{"line":37,"column":57}},"24":{"start":{"line":38,"column":2},"end":{"line":43,"column":3}},"25":{"start":{"line":39,"column":17},"end":{"line":39,"column":61}},"26":{"start":{"line":40,"column":4},"end":{"line":40,"column":67}},"27":{"start":{"line":42,"column":4},"end":{"line":42,"column":14}},"28":{"start":{"line":46,"column":19},"end":{"line":54,"column":1}},"29":{"start":{"line":47,"column":2},"end":{"line":47,"column":57}},"30":{"start":{"line":48,"column":2},"end":{"line":53,"column":3}},"31":{"start":{"line":49,"column":19},"end":{"line":49,"column":72}},"32":{"start":{"line":50,"column":4},"end":{"line":50,"column":72}},"33":{"start":{"line":52,"column":4},"end":{"line":52,"column":14}},"34":{"start":{"line":56,"column":19},"end":{"line":64,"column":1}},"35":{"start":{"line":57,"column":2},"end":{"line":57,"column":57}},"36":{"start":{"line":58,"column":2},"end":{"line":63,"column":3}},"37":{"start":{"line":59,"column":19},"end":{"line":59,"column":62}},"38":{"start":{"line":60,"column":4},"end":{"line":60,"column":64}},"39":{"start":{"line":62,"column":4},"end":{"line":62,"column":14}},"40":{"start":{"line":66,"column":19},"end":{"line":74,"column":1}},"41":{"start":{"line":67,"column":2},"end":{"line":67,"column":66}},"42":{"start":{"line":68,"column":2},"end":{"line":73,"column":3}},"43":{"start":{"line":69,"column":19},"end":{"line":69,"column":72}},"44":{"start":{"line":70,"column":4},"end":{"line":70,"column":72}},"45":{"start":{"line":72,"column":4},"end":{"line":72,"column":14}},"46":{"start":{"line":76,"column":21},"end":{"line":85,"column":1}},"47":{"start":{"line":77,"column":2},"end":{"line":77,"column":39}},"48":{"start":{"line":78,"column":2},"end":{"line":84,"column":3}},"49":{"start":{"line":79,"column":36},"end":{"line":79,"column":44}},"50":{"start":{"line":80,"column":19},"end":{"line":80,"column":56}},"51":{"start":{"line":81,"column":4},"end":{"line":81,"column":68}},"52":{"start":{"line":83,"column":4},"end":{"line":83,"column":14}},"53":{"start":{"line":87,"column":0},"end":{"line":96,"column":2}}},"fnMap":{"0":{"name":"(anonymous_0)","decl":{"start":{"line":5,"column":21},"end":{"line":5,"column":22}},"loc":{"start":{"line":5,"column":47},"end":{"line":13,"column":1}},"line":5},"1":{"name":"(anonymous_1)","decl":{"start":{"line":15,"column":18},"end":{"line":15,"column":19}},"loc":{"start":{"line":15,"column":44},"end":{"line":23,"column":1}},"line":15},"2":{"name":"(anonymous_2)","decl":{"start":{"line":25,"column":17},"end":{"line":25,"column":18}},"loc":{"start":{"line":25,"column":43},"end":{"line":34,"column":1}},"line":25},"3":{"name":"(anonymous_3)","decl":{"start":{"line":36,"column":20},"end":{"line":36,"column":21}},"loc":{"start":{"line":36,"column":46},"end":{"line":44,"column":1}},"line":36},"4":{"name":"(anonymous_4)","decl":{"start":{"line":46,"column":19},"end":{"line":46,"column":20}},"loc":{"start":{"line":46,"column":45},"end":{"line":54,"column":1}},"line":46},"5":{"name":"(anonymous_5)","decl":{"start":{"line":56,"column":19},"end":{"line":56,"column":20}},"loc":{"start":{"line":56,"column":45},"end":{"line":64,"column":1}},"line":56},"6":{"name":"(anonymous_6)","decl":{"start":{"line":66,"column":19},"end":{"line":66,"column":20}},"loc":{"start":{"line":66,"column":45},"end":{"line":74,"column":1}},"line":66},"7":{"name":"(anonymous_7)","decl":{"start":{"line":76,"column":21},"end":{"line":76,"column":22}},"loc":{"start":{"line":76,"column":47},"end":{"line":85,"column":1}},"line":76}},"branchMap":{"0":{"loc":{"start":{"line":27,"column":40},"end":{"line":27,"column":49}},"type":"binary-expr","locations":[{"start":{"line":27,"column":40},"end":{"line":27,"column":44}},{"start":{"line":27,"column":48},"end":{"line":27,"column":49}}],"line":27},"1":{"loc":{"start":{"line":27,"column":61},"end":{"line":27,"column":72}},"type":"binary-expr","locations":[{"start":{"line":27,"column":61},"end":{"line":27,"column":66}},{"start":{"line":27,"column":70},"end":{"line":27,"column":72}}],"line":27}},"s":{"0":1,"1":1,"2":1,"3":1,"4":2,"5":2,"6":2,"7":1,"8":1,"9":1,"10":2,"11":2,"12":2,"13":1,"14":1,"15":1,"16":2,"17":2,"18":2,"19":2,"20":1,"21":1,"22":1,"23":2,"24":2,"25":2,"26":1,"27":1,"28":1,"29":2,"30":2,"31":2,"32":1,"33":1,"34":1,"35":2,"36":2,"37":2,"38":1,"39":1,"40":1,"41":2,"42":2,"43":2,"44":1,"45":1,"46":1,"47":2,"48":2,"49":2,"50":2,"51":1,"52":1,"53":1},"f":{"0":2,"1":2,"2":2,"3":2,"4":2,"5":2,"6":2,"7":2},"b":{"0":[2,2],"1":[2,2]},"_coverageSchema":"1a1c01bbd47fc00a2c39e90264f33305004495a9","hash":"5975a3f65bef2b546de018063e93369a9da6cb8c"}
,"D:\\MAGANG PT REVELWARE TECHNOLOGY\\PROJECT\\backend-api\\template-backend-yogiravelware\\src\\middlewares\\auth-middleware.js": {"path":"D:\\MAGANG PT REVELWARE TECHNOLOGY\\PROJECT\\backend-api\\template-backend-yogiravelware\\src\\middlewares\\auth-middleware.js","statementMap":{"0":{"start":{"line":2,"column":12},"end":{"line":2,"column":35}},"1":{"start":{"line":3,"column":17},"end":{"line":3,"column":45}},"2":{"start":{"line":4,"column":15},"end":{"line":4,"column":41}},"3":{"start":{"line":6,"column":23},"end":{"line":27,"column":1}},"4":{"start":{"line":7,"column":21},"end":{"line":7,"column":46}},"5":{"start":{"line":9,"column":2},"end":{"line":11,"column":3}},"6":{"start":{"line":10,"column":4},"end":{"line":10,"column":74}},"7":{"start":{"line":13,"column":16},"end":{"line":13,"column":40}},"8":{"start":{"line":15,"column":2},"end":{"line":26,"column":3}},"9":{"start":{"line":16,"column":20},"end":{"line":16,"column":61}},"10":{"start":{"line":17,"column":4},"end":{"line":21,"column":6}},"11":{"start":{"line":22,"column":4},"end":{"line":22,"column":11}},"12":{"start":{"line":24,"column":4},"end":{"line":24,"column":61}},"13":{"start":{"line":25,"column":4},"end":{"line":25,"column":74}},"14":{"start":{"line":29,"column":0},"end":{"line":29,"column":32}}},"fnMap":{"0":{"name":"(anonymous_0)","decl":{"start":{"line":6,"column":23},"end":{"line":6,"column":24}},"loc":{"start":{"line":6,"column":43},"end":{"line":27,"column":1}},"line":6}},"branchMap":{"0":{"loc":{"start":{"line":9,"column":2},"end":{"line":11,"column":3}},"type":"if","locations":[{"start":{"line":9,"column":2},"end":{"line":11,"column":3}},{"start":{},"end":{}}],"line":9}},"s":{"0":1,"1":1,"2":1,"3":1,"4":4,"5":4,"6":2,"7":2,"8":2,"9":2,"10":1,"11":1,"12":1,"13":1,"14":1},"f":{"0":4},"b":{"0":[2,2]},"_coverageSchema":"1a1c01bbd47fc00a2c39e90264f33305004495a9","hash":"128b98ea0e3150259b678a61efb21dc988bcddac"}
,"D:\\MAGANG PT REVELWARE TECHNOLOGY\\PROJECT\\backend-api\\template-backend-yogiravelware\\src\\middlewares\\error-middleware.js": {"path":"D:\\MAGANG PT REVELWARE TECHNOLOGY\\PROJECT\\backend-api\\template-backend-yogiravelware\\src\\middlewares\\error-middleware.js","statementMap":{"0":{"start":{"line":1,"column":17},"end":{"line":1,"column":45}},"1":{"start":{"line":2,"column":15},"end":{"line":2,"column":41}},"2":{"start":{"line":7,"column":24},"end":{"line":36,"column":1}},"3":{"start":{"line":8,"column":15},"end":{"line":8,"column":50}},"4":{"start":{"line":9,"column":16},"end":{"line":9,"column":54}},"5":{"start":{"line":10,"column":16},"end":{"line":10,"column":34}},"6":{"start":{"line":13,"column":2},"end":{"line":27,"column":3}},"7":{"start":{"line":14,"column":4},"end":{"line":14,"column":17}},"8":{"start":{"line":15,"column":4},"end":{"line":15,"column":36}},"9":{"start":{"line":16,"column":4},"end":{"line":16,"column":75}},"10":{"start":{"line":16,"column":35},"end":{"line":16,"column":72}},"11":{"start":{"line":17,"column":9},"end":{"line":27,"column":3}},"12":{"start":{"line":18,"column":4},"end":{"line":18,"column":17}},"13":{"start":{"line":19,"column":4},"end":{"line":19,"column":39}},"14":{"start":{"line":20,"column":4},"end":{"line":20,"column":75}},"15":{"start":{"line":20,"column":35},"end":{"line":20,"column":72}},"16":{"start":{"line":21,"column":9},"end":{"line":27,"column":3}},"17":{"start":{"line":23,"column":4},"end":{"line":23,"column":42}},"18":{"start":{"line":24,"column":4},"end":{"line":26,"column":5}},"19":{"start":{"line":25,"column":8},"end":{"line":25,"column":30}},"20":{"start":{"line":30,"column":2},"end":{"line":30,"column":90}},"21":{"start":{"line":31,"column":2},"end":{"line":33,"column":3}},"22":{"start":{"line":32,"column":4},"end":{"line":32,"column":28}},"23":{"start":{"line":35,"column":2},"end":{"line":35,"column":68}},"24":{"start":{"line":38,"column":0},"end":{"line":38,"column":33}}},"fnMap":{"0":{"name":"(anonymous_0)","decl":{"start":{"line":7,"column":24},"end":{"line":7,"column":25}},"loc":{"start":{"line":7,"column":49},"end":{"line":36,"column":1}},"line":7},"1":{"name":"(anonymous_1)","decl":{"start":{"line":16,"column":29},"end":{"line":16,"column":30}},"loc":{"start":{"line":16,"column":35},"end":{"line":16,"column":72}},"line":16},"2":{"name":"(anonymous_2)","decl":{"start":{"line":20,"column":29},"end":{"line":20,"column":30}},"loc":{"start":{"line":20,"column":35},"end":{"line":20,"column":72}},"line":20}},"branchMap":{"0":{"loc":{"start":{"line":8,"column":15},"end":{"line":8,"column":50}},"type":"binary-expr","locations":[{"start":{"line":8,"column":15},"end":{"line":8,"column":25}},{"start":{"line":8,"column":29},"end":{"line":8,"column":43}},{"start":{"line":8,"column":47},"end":{"line":8,"column":50}}],"line":8},"1":{"loc":{"start":{"line":9,"column":16},"end":{"line":9,"column":54}},"type":"binary-expr","locations":[{"start":{"line":9,"column":16},"end":{"line":9,"column":27}},{"start":{"line":9,"column":31},"end":{"line":9,"column":54}}],"line":9},"2":{"loc":{"start":{"line":10,"column":16},"end":{"line":10,"column":34}},"type":"binary-expr","locations":[{"start":{"line":10,"column":16},"end":{"line":10,"column":26}},{"start":{"line":10,"column":30},"end":{"line":10,"column":34}}],"line":10},"3":{"loc":{"start":{"line":13,"column":2},"end":{"line":27,"column":3}},"type":"if","locations":[{"start":{"line":13,"column":2},"end":{"line":27,"column":3}},{"start":{"line":17,"column":9},"end":{"line":27,"column":3}}],"line":13},"4":{"loc":{"start":{"line":17,"column":9},"end":{"line":27,"column":3}},"type":"if","locations":[{"start":{"line":17,"column":9},"end":{"line":27,"column":3}},{"start":{"line":21,"column":9},"end":{"line":27,"column":3}}],"line":17},"5":{"loc":{"start":{"line":21,"column":9},"end":{"line":27,"column":3}},"type":"if","locations":[{"start":{"line":21,"column":9},"end":{"line":27,"column":3}},{"start":{},"end":{}}],"line":21},"6":{"loc":{"start":{"line":24,"column":4},"end":{"line":26,"column":5}},"type":"if","locations":[{"start":{"line":24,"column":4},"end":{"line":26,"column":5}},{"start":{},"end":{}}],"line":24},"7":{"loc":{"start":{"line":31,"column":2},"end":{"line":33,"column":3}},"type":"if","locations":[{"start":{"line":31,"column":2},"end":{"line":33,"column":3}},{"start":{},"end":{}}],"line":31},"8":{"loc":{"start":{"line":31,"column":6},"end":{"line":31,"column":61}},"type":"binary-expr","locations":[{"start":{"line":31,"column":6},"end":{"line":31,"column":20}},{"start":{"line":31,"column":24},"end":{"line":31,"column":61}}],"line":31}},"s":{"0":1,"1":1,"2":1,"3":6,"4":6,"5":6,"6":6,"7":1,"8":1,"9":1,"10":1,"11":5,"12":1,"13":1,"14":1,"15":1,"16":4,"17":2,"18":2,"19":1,"20":6,"21":6,"22":2,"23":6,"24":1},"f":{"0":6,"1":1,"2":1},"b":{"0":[6,5,5],"1":[6,3],"2":[6,4],"3":[1,5],"4":[1,4],"5":[2,2],"6":[1,1],"7":[2,4],"8":[6,3]},"_coverageSchema":"1a1c01bbd47fc00a2c39e90264f33305004495a9","hash":"3a2832d301c852d559e98ae23f65a0b98bfeb5b6"}
,"D:\\MAGANG PT REVELWARE TECHNOLOGY\\PROJECT\\backend-api\\template-backend-yogiravelware\\src\\middlewares\\permission-middleware.js": {"path":"D:\\MAGANG PT REVELWARE TECHNOLOGY\\PROJECT\\backend-api\\template-backend-yogiravelware\\src\\middlewares\\permission-middleware.js","statementMap":{"0":{"start":{"line":1,"column":28},"end":{"line":1,"column":85}},"1":{"start":{"line":2,"column":17},"end":{"line":2,"column":45}},"2":{"start":{"line":3,"column":15},"end":{"line":3,"column":41}},"3":{"start":{"line":5,"column":18},"end":{"line":28,"column":1}},"4":{"start":{"line":6,"column":2},"end":{"line":27,"column":4}},"5":{"start":{"line":7,"column":4},"end":{"line":26,"column":5}},"6":{"start":{"line":8,"column":6},"end":{"line":11,"column":7}},"7":{"start":{"line":9,"column":8},"end":{"line":9,"column":78}},"8":{"start":{"line":10,"column":8},"end":{"line":10,"column":68}},"9":{"start":{"line":13,"column":28},"end":{"line":13,"column":83}},"10":{"start":{"line":15,"column":6},"end":{"line":20,"column":7}},"11":{"start":{"line":16,"column":8},"end":{"line":16,"column":99}},"12":{"start":{"line":17,"column":8},"end":{"line":19,"column":88}},"13":{"start":{"line":22,"column":6},"end":{"line":22,"column":13}},"14":{"start":{"line":24,"column":6},"end":{"line":24,"column":67}},"15":{"start":{"line":25,"column":6},"end":{"line":25,"column":75}},"16":{"start":{"line":30,"column":0},"end":{"line":30,"column":27}}},"fnMap":{"0":{"name":"(anonymous_0)","decl":{"start":{"line":5,"column":18},"end":{"line":5,"column":19}},"loc":{"start":{"line":5,"column":42},"end":{"line":28,"column":1}},"line":5},"1":{"name":"(anonymous_1)","decl":{"start":{"line":6,"column":9},"end":{"line":6,"column":10}},"loc":{"start":{"line":6,"column":35},"end":{"line":27,"column":3}},"line":6}},"branchMap":{"0":{"loc":{"start":{"line":8,"column":6},"end":{"line":11,"column":7}},"type":"if","locations":[{"start":{"line":8,"column":6},"end":{"line":11,"column":7}},{"start":{},"end":{}}],"line":8},"1":{"loc":{"start":{"line":15,"column":6},"end":{"line":20,"column":7}},"type":"if","locations":[{"start":{"line":15,"column":6},"end":{"line":20,"column":7}},{"start":{},"end":{}}],"line":15}},"s":{"0":1,"1":1,"2":1,"3":1,"4":4,"5":4,"6":4,"7":1,"8":1,"9":3,"10":2,"11":1,"12":1,"13":1,"14":1,"15":1,"16":1},"f":{"0":4,"1":4},"b":{"0":[1,3],"1":[1,1]},"_coverageSchema":"1a1c01bbd47fc00a2c39e90264f33305004495a9","hash":"02679c04c9f88614126b0500c3c263c208f8f78c"}
,"D:\\MAGANG PT REVELWARE TECHNOLOGY\\PROJECT\\backend-api\\template-backend-yogiravelware\\src\\middlewares\\request-logger.js": {"path":"D:\\MAGANG PT REVELWARE TECHNOLOGY\\PROJECT\\backend-api\\template-backend-yogiravelware\\src\\middlewares\\request-logger.js","statementMap":{"0":{"start":{"line":1,"column":15},"end":{"line":1,"column":41}},"1":{"start":{"line":3,"column":22},"end":{"line":12,"column":1}},"2":{"start":{"line":4,"column":16},"end":{"line":4,"column":26}},"3":{"start":{"line":5,"column":2},"end":{"line":10,"column":5}},"4":{"start":{"line":6,"column":21},"end":{"line":6,"column":39}},"5":{"start":{"line":7,"column":4},"end":{"line":9,"column":6}},"6":{"start":{"line":11,"column":2},"end":{"line":11,"column":9}},"7":{"start":{"line":14,"column":0},"end":{"line":14,"column":31}}},"fnMap":{"0":{"name":"(anonymous_0)","decl":{"start":{"line":3,"column":22},"end":{"line":3,"column":23}},"loc":{"start":{"line":3,"column":42},"end":{"line":12,"column":1}},"line":3},"1":{"name":"(anonymous_1)","decl":{"start":{"line":5,"column":19},"end":{"line":5,"column":20}},"loc":{"start":{"line":5,"column":25},"end":{"line":10,"column":3}},"line":5}},"branchMap":{},"s":{"0":1,"1":1,"2":1,"3":1,"4":1,"5":1,"6":1,"7":1},"f":{"0":1,"1":1},"b":{},"_coverageSchema":"1a1c01bbd47fc00a2c39e90264f33305004495a9","hash":"838d9eb14888141c426d89aec68a9abdd8a8bb26"}
,"D:\\MAGANG PT REVELWARE TECHNOLOGY\\PROJECT\\backend-api\\template-backend-yogiravelware\\src\\models\\Inbound.js": {"path":"D:\\MAGANG PT REVELWARE TECHNOLOGY\\PROJECT\\backend-api\\template-backend-yogiravelware\\src\\models\\Inbound.js","statementMap":{"0":{"start":{"line":1,"column":22},"end":{"line":1,"column":42}},"1":{"start":{"line":2,"column":18},"end":{"line":2,"column":46}},"2":{"start":{"line":4,"column":16},"end":{"line":38,"column":1}},"3":{"start":{"line":41,"column":0},"end":{"line":46,"column":2}},"4":{"start":{"line":42,"column":2},"end":{"line":45,"column":5}},"5":{"start":{"line":48,"column":0},"end":{"line":48,"column":25}}},"fnMap":{"0":{"name":"(anonymous_0)","decl":{"start":{"line":41,"column":20},"end":{"line":41,"column":21}},"loc":{"start":{"line":41,"column":32},"end":{"line":46,"column":1}},"line":41}},"branchMap":{},"s":{"0":13,"1":13,"2":13,"3":13,"4":13,"5":13},"f":{"0":13},"b":{},"_coverageSchema":"1a1c01bbd47fc00a2c39e90264f33305004495a9","hash":"689d71ed07cf9c942db84c543cbbe8db2c40ede4"}
,"D:\\MAGANG PT REVELWARE TECHNOLOGY\\PROJECT\\backend-api\\template-backend-yogiravelware\\src\\models\\InboundItem.js": {"path":"D:\\MAGANG PT REVELWARE TECHNOLOGY\\PROJECT\\backend-api\\template-backend-yogiravelware\\src\\models\\InboundItem.js","statementMap":{"0":{"start":{"line":1,"column":22},"end":{"line":1,"column":42}},"1":{"start":{"line":2,"column":18},"end":{"line":2,"column":46}},"2":{"start":{"line":4,"column":20},"end":{"line":42,"column":1}},"3":{"start":{"line":45,"column":0},"end":{"line":55,"column":2}},"4":{"start":{"line":46,"column":2},"end":{"line":49,"column":5}},"5":{"start":{"line":50,"column":2},"end":{"line":54,"column":5}},"6":{"start":{"line":57,"column":0},"end":{"line":57,"column":29}}},"fnMap":{"0":{"name":"(anonymous_0)","decl":{"start":{"line":45,"column":24},"end":{"line":45,"column":25}},"loc":{"start":{"line":45,"column":36},"end":{"line":55,"column":1}},"line":45}},"branchMap":{},"s":{"0":13,"1":13,"2":13,"3":13,"4":13,"5":13,"6":13},"f":{"0":13},"b":{},"_coverageSchema":"1a1c01bbd47fc00a2c39e90264f33305004495a9","hash":"d74b12f7b7f344504c8ae69544b6cd013e72e52a"}
,"D:\\MAGANG PT REVELWARE TECHNOLOGY\\PROJECT\\backend-api\\template-backend-yogiravelware\\src\\models\\InboundLog.js": {"path":"D:\\MAGANG PT REVELWARE TECHNOLOGY\\PROJECT\\backend-api\\template-backend-yogiravelware\\src\\models\\InboundLog.js","statementMap":{"0":{"start":{"line":1,"column":22},"end":{"line":1,"column":42}},"1":{"start":{"line":2,"column":18},"end":{"line":2,"column":46}},"2":{"start":{"line":4,"column":19},"end":{"line":45,"column":1}},"3":{"start":{"line":47,"column":0},"end":{"line":56,"column":2}},"4":{"start":{"line":48,"column":2},"end":{"line":51,"column":5}},"5":{"start":{"line":52,"column":2},"end":{"line":55,"column":5}},"6":{"start":{"line":58,"column":0},"end":{"line":58,"column":28}}},"fnMap":{"0":{"name":"(anonymous_0)","decl":{"start":{"line":47,"column":23},"end":{"line":47,"column":24}},"loc":{"start":{"line":47,"column":35},"end":{"line":56,"column":1}},"line":47}},"branchMap":{},"s":{"0":13,"1":13,"2":13,"3":13,"4":13,"5":13,"6":13},"f":{"0":13},"b":{},"_coverageSchema":"1a1c01bbd47fc00a2c39e90264f33305004495a9","hash":"cfa276db37633eb1c08a83b983ff9656d9130a75"}
,"D:\\MAGANG PT REVELWARE TECHNOLOGY\\PROJECT\\backend-api\\template-backend-yogiravelware\\src\\models\\InventoryMovement.js": {"path":"D:\\MAGANG PT REVELWARE TECHNOLOGY\\PROJECT\\backend-api\\template-backend-yogiravelware\\src\\models\\InventoryMovement.js","statementMap":{"0":{"start":{"line":1,"column":22},"end":{"line":1,"column":42}},"1":{"start":{"line":2,"column":18},"end":{"line":2,"column":46}},"2":{"start":{"line":4,"column":26},"end":{"line":61,"column":1}},"3":{"start":{"line":64,"column":0},"end":{"line":73,"column":2}},"4":{"start":{"line":65,"column":2},"end":{"line":68,"column":5}},"5":{"start":{"line":69,"column":2},"end":{"line":72,"column":5}},"6":{"start":{"line":75,"column":0},"end":{"line":75,"column":35}}},"fnMap":{"0":{"name":"(anonymous_0)","decl":{"start":{"line":64,"column":30},"end":{"line":64,"column":31}},"loc":{"start":{"line":64,"column":42},"end":{"line":73,"column":1}},"line":64}},"branchMap":{},"s":{"0":13,"1":13,"2":13,"3":13,"4":13,"5":13,"6":13},"f":{"0":13},"b":{},"_coverageSchema":"1a1c01bbd47fc00a2c39e90264f33305004495a9","hash":"ff893d5678acd864ed6b008b1a4b2b8f6e7ad678"}
,"D:\\MAGANG PT REVELWARE TECHNOLOGY\\PROJECT\\backend-api\\template-backend-yogiravelware\\src\\models\\Item.js": {"path":"D:\\MAGANG PT REVELWARE TECHNOLOGY\\PROJECT\\backend-api\\template-backend-yogiravelware\\src\\models\\Item.js","statementMap":{"0":{"start":{"line":1,"column":22},"end":{"line":1,"column":42}},"1":{"start":{"line":2,"column":18},"end":{"line":2,"column":46}},"2":{"start":{"line":4,"column":13},"end":{"line":57,"column":1}},"3":{"start":{"line":60,"column":0},"end":{"line":71,"column":2}},"4":{"start":{"line":61,"column":2},"end":{"line":66,"column":5}},"5":{"start":{"line":67,"column":2},"end":{"line":70,"column":5}},"6":{"start":{"line":73,"column":0},"end":{"line":73,"column":22}}},"fnMap":{"0":{"name":"(anonymous_0)","decl":{"start":{"line":60,"column":17},"end":{"line":60,"column":18}},"loc":{"start":{"line":60,"column":29},"end":{"line":71,"column":1}},"line":60}},"branchMap":{},"s":{"0":13,"1":13,"2":13,"3":13,"4":13,"5":13,"6":13},"f":{"0":13},"b":{},"_coverageSchema":"1a1c01bbd47fc00a2c39e90264f33305004495a9","hash":"9030cbd96887e18eb271d795cd9d3cd1503c08bc"}
,"D:\\MAGANG PT REVELWARE TECHNOLOGY\\PROJECT\\backend-api\\template-backend-yogiravelware\\src\\models\\ItemLocation.js": {"path":"D:\\MAGANG PT REVELWARE TECHNOLOGY\\PROJECT\\backend-api\\template-backend-yogiravelware\\src\\models\\ItemLocation.js","statementMap":{"0":{"start":{"line":1,"column":22},"end":{"line":1,"column":42}},"1":{"start":{"line":2,"column":18},"end":{"line":2,"column":46}},"2":{"start":{"line":4,"column":21},"end":{"line":46,"column":1}},"3":{"start":{"line":49,"column":0},"end":{"line":58,"column":2}},"4":{"start":{"line":50,"column":2},"end":{"line":53,"column":5}},"5":{"start":{"line":54,"column":2},"end":{"line":57,"column":5}},"6":{"start":{"line":60,"column":0},"end":{"line":60,"column":30}}},"fnMap":{"0":{"name":"(anonymous_0)","decl":{"start":{"line":49,"column":25},"end":{"line":49,"column":26}},"loc":{"start":{"line":49,"column":37},"end":{"line":58,"column":1}},"line":49}},"branchMap":{},"s":{"0":13,"1":13,"2":13,"3":13,"4":13,"5":13,"6":13},"f":{"0":13},"b":{},"_coverageSchema":"1a1c01bbd47fc00a2c39e90264f33305004495a9","hash":"74e70cb0c9c3651b8c475d5891b2ba06f06e6c55"}
,"D:\\MAGANG PT REVELWARE TECHNOLOGY\\PROJECT\\backend-api\\template-backend-yogiravelware\\src\\models\\Location.js": {"path":"D:\\MAGANG PT REVELWARE TECHNOLOGY\\PROJECT\\backend-api\\template-backend-yogiravelware\\src\\models\\Location.js","statementMap":{"0":{"start":{"line":1,"column":22},"end":{"line":1,"column":42}},"1":{"start":{"line":2,"column":18},"end":{"line":2,"column":46}},"2":{"start":{"line":4,"column":17},"end":{"line":56,"column":1}},"3":{"start":{"line":59,"column":0},"end":{"line":66,"column":2}},"4":{"start":{"line":60,"column":2},"end":{"line":65,"column":5}},"5":{"start":{"line":68,"column":0},"end":{"line":68,"column":26}}},"fnMap":{"0":{"name":"(anonymous_0)","decl":{"start":{"line":59,"column":21},"end":{"line":59,"column":22}},"loc":{"start":{"line":59,"column":33},"end":{"line":66,"column":1}},"line":59}},"branchMap":{},"s":{"0":13,"1":13,"2":13,"3":13,"4":13,"5":13},"f":{"0":13},"b":{},"_coverageSchema":"1a1c01bbd47fc00a2c39e90264f33305004495a9","hash":"40788839fa9b53a2b3862636cb906760205d6f2a"}
,"D:\\MAGANG PT REVELWARE TECHNOLOGY\\PROJECT\\backend-api\\template-backend-yogiravelware\\src\\models\\ModelWithoutAssociate.js": {"path":"D:\\MAGANG PT REVELWARE TECHNOLOGY\\PROJECT\\backend-api\\template-backend-yogiravelware\\src\\models\\ModelWithoutAssociate.js","statementMap":{"0":{"start":{"line":1,"column":22},"end":{"line":1,"column":42}},"1":{"start":{"line":2,"column":18},"end":{"line":2,"column":46}},"2":{"start":{"line":4,"column":30},"end":{"line":17,"column":1}},"3":{"start":{"line":19,"column":0},"end":{"line":19,"column":39}}},"fnMap":{},"branchMap":{},"s":{"0":13,"1":13,"2":13,"3":13},"f":{},"b":{},"_coverageSchema":"1a1c01bbd47fc00a2c39e90264f33305004495a9","hash":"4ff9c1fa8d14ce4b540354fea61652a51ad8b010"}
,"D:\\MAGANG PT REVELWARE TECHNOLOGY\\PROJECT\\backend-api\\template-backend-yogiravelware\\src\\models\\Outbound.js": {"path":"D:\\MAGANG PT REVELWARE TECHNOLOGY\\PROJECT\\backend-api\\template-backend-yogiravelware\\src\\models\\Outbound.js","statementMap":{"0":{"start":{"line":1,"column":22},"end":{"line":1,"column":42}},"1":{"start":{"line":2,"column":18},"end":{"line":2,"column":46}},"2":{"start":{"line":4,"column":17},"end":{"line":45,"column":1}},"3":{"start":{"line":48,"column":0},"end":{"line":53,"column":2}},"4":{"start":{"line":49,"column":2},"end":{"line":52,"column":5}},"5":{"start":{"line":55,"column":0},"end":{"line":55,"column":26}}},"fnMap":{"0":{"name":"(anonymous_0)","decl":{"start":{"line":48,"column":21},"end":{"line":48,"column":22}},"loc":{"start":{"line":48,"column":33},"end":{"line":53,"column":1}},"line":48}},"branchMap":{},"s":{"0":13,"1":13,"2":13,"3":13,"4":13,"5":13},"f":{"0":13},"b":{},"_coverageSchema":"1a1c01bbd47fc00a2c39e90264f33305004495a9","hash":"14813b0161f52d4bb73804a506a0a69f00a047d8"}
,"D:\\MAGANG PT REVELWARE TECHNOLOGY\\PROJECT\\backend-api\\template-backend-yogiravelware\\src\\models\\OutboundItem.js": {"path":"D:\\MAGANG PT REVELWARE TECHNOLOGY\\PROJECT\\backend-api\\template-backend-yogiravelware\\src\\models\\OutboundItem.js","statementMap":{"0":{"start":{"line":1,"column":22},"end":{"line":1,"column":42}},"1":{"start":{"line":2,"column":18},"end":{"line":2,"column":46}},"2":{"start":{"line":4,"column":21},"end":{"line":42,"column":1}},"3":{"start":{"line":45,"column":0},"end":{"line":55,"column":2}},"4":{"start":{"line":46,"column":2},"end":{"line":49,"column":5}},"5":{"start":{"line":50,"column":2},"end":{"line":54,"column":5}},"6":{"start":{"line":57,"column":0},"end":{"line":57,"column":30}}},"fnMap":{"0":{"name":"(anonymous_0)","decl":{"start":{"line":45,"column":25},"end":{"line":45,"column":26}},"loc":{"start":{"line":45,"column":37},"end":{"line":55,"column":1}},"line":45}},"branchMap":{},"s":{"0":13,"1":13,"2":13,"3":13,"4":13,"5":13,"6":13},"f":{"0":13},"b":{},"_coverageSchema":"1a1c01bbd47fc00a2c39e90264f33305004495a9","hash":"8c6754def002a3770ffabb17cea54e1595d3d808"}
,"D:\\MAGANG PT REVELWARE TECHNOLOGY\\PROJECT\\backend-api\\template-backend-yogiravelware\\src\\models\\OutboundLog.js": {"path":"D:\\MAGANG PT REVELWARE TECHNOLOGY\\PROJECT\\backend-api\\template-backend-yogiravelware\\src\\models\\OutboundLog.js","statementMap":{"0":{"start":{"line":1,"column":22},"end":{"line":1,"column":42}},"1":{"start":{"line":2,"column":18},"end":{"line":2,"column":46}},"2":{"start":{"line":4,"column":20},"end":{"line":45,"column":1}},"3":{"start":{"line":47,"column":0},"end":{"line":56,"column":2}},"4":{"start":{"line":48,"column":2},"end":{"line":51,"column":5}},"5":{"start":{"line":52,"column":2},"end":{"line":55,"column":5}},"6":{"start":{"line":58,"column":0},"end":{"line":58,"column":29}}},"fnMap":{"0":{"name":"(anonymous_0)","decl":{"start":{"line":47,"column":24},"end":{"line":47,"column":25}},"loc":{"start":{"line":47,"column":36},"end":{"line":56,"column":1}},"line":47}},"branchMap":{},"s":{"0":13,"1":13,"2":13,"3":13,"4":13,"5":13,"6":13},"f":{"0":13},"b":{},"_coverageSchema":"1a1c01bbd47fc00a2c39e90264f33305004495a9","hash":"611a048ee043017d314b7335409e3b285533c5c3"}
,"D:\\MAGANG PT REVELWARE TECHNOLOGY\\PROJECT\\backend-api\\template-backend-yogiravelware\\src\\models\\Permission.js": {"path":"D:\\MAGANG PT REVELWARE TECHNOLOGY\\PROJECT\\backend-api\\template-backend-yogiravelware\\src\\models\\Permission.js","statementMap":{"0":{"start":{"line":1,"column":22},"end":{"line":1,"column":42}},"1":{"start":{"line":2,"column":18},"end":{"line":2,"column":46}},"2":{"start":{"line":4,"column":19},"end":{"line":33,"column":1}},"3":{"start":{"line":36,"column":0},"end":{"line":43,"column":2}},"4":{"start":{"line":37,"column":2},"end":{"line":42,"column":5}},"5":{"start":{"line":45,"column":0},"end":{"line":45,"column":28}}},"fnMap":{"0":{"name":"(anonymous_0)","decl":{"start":{"line":36,"column":23},"end":{"line":36,"column":24}},"loc":{"start":{"line":36,"column":35},"end":{"line":43,"column":1}},"line":36}},"branchMap":{},"s":{"0":13,"1":13,"2":13,"3":13,"4":13,"5":13},"f":{"0":13},"b":{},"_coverageSchema":"1a1c01bbd47fc00a2c39e90264f33305004495a9","hash":"5764f148783bf21ba26df1cb8837b1d4520c2017"}
,"D:\\MAGANG PT REVELWARE TECHNOLOGY\\PROJECT\\backend-api\\template-backend-yogiravelware\\src\\models\\Role.js": {"path":"D:\\MAGANG PT REVELWARE TECHNOLOGY\\PROJECT\\backend-api\\template-backend-yogiravelware\\src\\models\\Role.js","statementMap":{"0":{"start":{"line":1,"column":22},"end":{"line":1,"column":42}},"1":{"start":{"line":2,"column":18},"end":{"line":2,"column":46}},"2":{"start":{"line":4,"column":13},"end":{"line":29,"column":1}},"3":{"start":{"line":32,"column":0},"end":{"line":40,"column":2}},"4":{"start":{"line":33,"column":2},"end":{"line":33,"column":68}},"5":{"start":{"line":34,"column":2},"end":{"line":39,"column":5}},"6":{"start":{"line":42,"column":0},"end":{"line":42,"column":22}}},"fnMap":{"0":{"name":"(anonymous_0)","decl":{"start":{"line":32,"column":17},"end":{"line":32,"column":18}},"loc":{"start":{"line":32,"column":29},"end":{"line":40,"column":1}},"line":32}},"branchMap":{},"s":{"0":13,"1":13,"2":13,"3":13,"4":13,"5":13,"6":13},"f":{"0":13},"b":{},"_coverageSchema":"1a1c01bbd47fc00a2c39e90264f33305004495a9","hash":"61294c143f810cc235a87fdcdf650158da5f769c"}
,"D:\\MAGANG PT REVELWARE TECHNOLOGY\\PROJECT\\backend-api\\template-backend-yogiravelware\\src\\models\\RolePermission.js": {"path":"D:\\MAGANG PT REVELWARE TECHNOLOGY\\PROJECT\\backend-api\\template-backend-yogiravelware\\src\\models\\RolePermission.js","statementMap":{"0":{"start":{"line":1,"column":22},"end":{"line":1,"column":42}},"1":{"start":{"line":2,"column":18},"end":{"line":2,"column":46}},"2":{"start":{"line":4,"column":23},"end":{"line":25,"column":1}},"3":{"start":{"line":28,"column":0},"end":{"line":31,"column":2}},"4":{"start":{"line":29,"column":2},"end":{"line":29,"column":67}},"5":{"start":{"line":30,"column":2},"end":{"line":30,"column":79}},"6":{"start":{"line":33,"column":0},"end":{"line":33,"column":32}}},"fnMap":{"0":{"name":"(anonymous_0)","decl":{"start":{"line":28,"column":27},"end":{"line":28,"column":28}},"loc":{"start":{"line":28,"column":39},"end":{"line":31,"column":1}},"line":28}},"branchMap":{},"s":{"0":14,"1":14,"2":14,"3":14,"4":13,"5":13,"6":14},"f":{"0":13},"b":{},"_coverageSchema":"1a1c01bbd47fc00a2c39e90264f33305004495a9","hash":"9c44ba9214ae09d8686407a879e4da0259a4f1b5"}
,"D:\\MAGANG PT REVELWARE TECHNOLOGY\\PROJECT\\backend-api\\template-backend-yogiravelware\\src\\models\\User.js": {"path":"D:\\MAGANG PT REVELWARE TECHNOLOGY\\PROJECT\\backend-api\\template-backend-yogiravelware\\src\\models\\User.js","statementMap":{"0":{"start":{"line":1,"column":22},"end":{"line":1,"column":42}},"1":{"start":{"line":2,"column":18},"end":{"line":2,"column":46}},"2":{"start":{"line":4,"column":13},"end":{"line":41,"column":1}},"3":{"start":{"line":44,"column":0},"end":{"line":46,"column":2}},"4":{"start":{"line":45,"column":2},"end":{"line":45,"column":76}},"5":{"start":{"line":48,"column":0},"end":{"line":48,"column":22}}},"fnMap":{"0":{"name":"(anonymous_0)","decl":{"start":{"line":44,"column":17},"end":{"line":44,"column":18}},"loc":{"start":{"line":44,"column":29},"end":{"line":46,"column":1}},"line":44}},"branchMap":{},"s":{"0":13,"1":13,"2":13,"3":13,"4":13,"5":13},"f":{"0":13},"b":{},"_coverageSchema":"1a1c01bbd47fc00a2c39e90264f33305004495a9","hash":"47c400c028db8ab4d7a0d3e6ab7b51a922acd7a9"}
,"D:\\MAGANG PT REVELWARE TECHNOLOGY\\PROJECT\\backend-api\\template-backend-yogiravelware\\src\\models\\index.js": {"path":"D:\\MAGANG PT REVELWARE TECHNOLOGY\\PROJECT\\backend-api\\template-backend-yogiravelware\\src\\models\\index.js","statementMap":{"0":{"start":{"line":2,"column":11},"end":{"line":2,"column":24}},"1":{"start":{"line":3,"column":13},"end":{"line":3,"column":28}},"2":{"start":{"line":4,"column":18},"end":{"line":4,"column":38}},"3":{"start":{"line":5,"column":18},"end":{"line":5,"column":46}},"4":{"start":{"line":6,"column":11},"end":{"line":6,"column":13}},"5":{"start":{"line":9,"column":0},"end":{"line":16,"column":5}},"6":{"start":{"line":11,"column":4},"end":{"line":11,"column":92}},"7":{"start":{"line":14,"column":18},"end":{"line":14,"column":53}},"8":{"start":{"line":15,"column":4},"end":{"line":15,"column":27}},"9":{"start":{"line":19,"column":0},"end":{"line":23,"column":3}},"10":{"start":{"line":20,"column":2},"end":{"line":22,"column":3}},"11":{"start":{"line":21,"column":4},"end":{"line":21,"column":32}},"12":{"start":{"line":25,"column":0},"end":{"line":25,"column":25}},"13":{"start":{"line":26,"column":0},"end":{"line":26,"column":25}},"14":{"start":{"line":27,"column":0},"end":{"line":27,"column":21}},"15":{"start":{"line":29,"column":0},"end":{"line":29,"column":20}}},"fnMap":{"0":{"name":"(anonymous_0)","decl":{"start":{"line":10,"column":10},"end":{"line":10,"column":11}},"loc":{"start":{"line":10,"column":18},"end":{"line":12,"column":3}},"line":10},"1":{"name":"(anonymous_1)","decl":{"start":{"line":13,"column":11},"end":{"line":13,"column":12}},"loc":{"start":{"line":13,"column":19},"end":{"line":16,"column":3}},"line":13},"2":{"name":"(anonymous_2)","decl":{"start":{"line":19,"column":24},"end":{"line":19,"column":25}},"loc":{"start":{"line":19,"column":37},"end":{"line":23,"column":1}},"line":19}},"branchMap":{"0":{"loc":{"start":{"line":11,"column":11},"end":{"line":11,"column":91}},"type":"binary-expr","locations":[{"start":{"line":11,"column":12},"end":{"line":11,"column":35}},{"start":{"line":11,"column":41},"end":{"line":11,"column":60}},{"start":{"line":11,"column":66},"end":{"line":11,"column":90}}],"line":11},"1":{"loc":{"start":{"line":20,"column":2},"end":{"line":22,"column":3}},"type":"if","locations":[{"start":{"line":20,"column":2},"end":{"line":22,"column":3}},{"start":{},"end":{}}],"line":20}},"s":{"0":13,"1":13,"2":13,"3":13,"4":13,"5":13,"6":208,"7":195,"8":195,"9":13,"10":195,"11":182,"12":13,"13":13,"14":13,"15":13},"f":{"0":208,"1":195,"2":195},"b":{"0":[208,208,195],"1":[182,13]},"_coverageSchema":"1a1c01bbd47fc00a2c39e90264f33305004495a9","hash":"c4f919eddc7af7398ed0fdc3da12e2085dfec908"}
,"D:\\MAGANG PT REVELWARE TECHNOLOGY\\PROJECT\\backend-api\\template-backend-yogiravelware\\src\\services\\inbound\\create-inbound-service.js": {"path":"D:\\MAGANG PT REVELWARE TECHNOLOGY\\PROJECT\\backend-api\\template-backend-yogiravelware\\src\\services\\inbound\\create-inbound-service.js","statementMap":{"0":{"start":{"line":1,"column":44},"end":{"line":1,"column":67}},"1":{"start":{"line":2,"column":15},"end":{"line":2,"column":44}},"2":{"start":{"line":3,"column":30},"end":{"line":3,"column":67}},"3":{"start":{"line":10,"column":22},"end":{"line":50,"column":1}},"4":{"start":{"line":11,"column":2},"end":{"line":11,"column":55}},"5":{"start":{"line":13,"column":31},"end":{"line":13,"column":42}},"6":{"start":{"line":15,"column":22},"end":{"line":15,"column":51}},"7":{"start":{"line":16,"column":2},"end":{"line":49,"column":3}},"8":{"start":{"line":17,"column":23},"end":{"line":17,"column":83}},"9":{"start":{"line":18,"column":4},"end":{"line":23,"column":5}},"10":{"start":{"line":19,"column":6},"end":{"line":19,"column":76}},"11":{"start":{"line":20,"column":18},"end":{"line":20,"column":55}},"12":{"start":{"line":21,"column":6},"end":{"line":21,"column":23}},"13":{"start":{"line":22,"column":6},"end":{"line":22,"column":16}},"14":{"start":{"line":25,"column":4},"end":{"line":25,"column":35}},"15":{"start":{"line":27,"column":20},"end":{"line":30,"column":23}},"16":{"start":{"line":32,"column":4},"end":{"line":32,"column":70}},"17":{"start":{"line":34,"column":4},"end":{"line":39,"column":26}},"18":{"start":{"line":34,"column":52},"end":{"line":39,"column":5}},"19":{"start":{"line":41,"column":4},"end":{"line":41,"column":69}},"20":{"start":{"line":43,"column":4},"end":{"line":43,"column":31}},"21":{"start":{"line":44,"column":4},"end":{"line":44,"column":19}},"22":{"start":{"line":46,"column":4},"end":{"line":46,"column":50}},"23":{"start":{"line":46,"column":21},"end":{"line":46,"column":50}},"24":{"start":{"line":47,"column":4},"end":{"line":47,"column":65}},"25":{"start":{"line":48,"column":4},"end":{"line":48,"column":16}},"26":{"start":{"line":52,"column":0},"end":{"line":52,"column":35}}},"fnMap":{"0":{"name":"(anonymous_0)","decl":{"start":{"line":10,"column":22},"end":{"line":10,"column":23}},"loc":{"start":{"line":10,"column":45},"end":{"line":50,"column":1}},"line":10},"1":{"name":"(anonymous_1)","decl":{"start":{"line":34,"column":43},"end":{"line":34,"column":44}},"loc":{"start":{"line":34,"column":52},"end":{"line":39,"column":5}},"line":34}},"branchMap":{"0":{"loc":{"start":{"line":18,"column":4},"end":{"line":23,"column":5}},"type":"if","locations":[{"start":{"line":18,"column":4},"end":{"line":23,"column":5}},{"start":{},"end":{}}],"line":18},"1":{"loc":{"start":{"line":46,"column":4},"end":{"line":46,"column":50}},"type":"if","locations":[{"start":{"line":46,"column":4},"end":{"line":46,"column":50}},{"start":{},"end":{}}],"line":46}},"s":{"0":2,"1":2,"2":2,"3":2,"4":6,"5":6,"6":6,"7":5,"8":5,"9":4,"10":1,"11":1,"12":1,"13":1,"14":3,"15":2,"16":1,"17":1,"18":1,"19":1,"20":1,"21":1,"22":4,"23":3,"24":4,"25":4,"26":2},"f":{"0":6,"1":1},"b":{"0":[1,3],"1":[3,1]},"_coverageSchema":"1a1c01bbd47fc00a2c39e90264f33305004495a9","hash":"9d8ca2d3413df380e2d87801a876cd4a705858b0"}
,"D:\\MAGANG PT REVELWARE TECHNOLOGY\\PROJECT\\backend-api\\template-backend-yogiravelware\\src\\services\\inbound\\get-inbound-detail-service.js": {"path":"D:\\MAGANG PT REVELWARE TECHNOLOGY\\PROJECT\\backend-api\\template-backend-yogiravelware\\src\\services\\inbound\\get-inbound-detail-service.js","statementMap":{"0":{"start":{"line":1,"column":39},"end":{"line":1,"column":62}},"1":{"start":{"line":2,"column":15},"end":{"line":2,"column":44}},"2":{"start":{"line":9,"column":25},"end":{"line":50,"column":1}},"3":{"start":{"line":10,"column":2},"end":{"line":10,"column":62}},"4":{"start":{"line":12,"column":18},"end":{"line":27,"column":4}},"5":{"start":{"line":29,"column":2},"end":{"line":34,"column":3}},"6":{"start":{"line":30,"column":4},"end":{"line":30,"column":59}},"7":{"start":{"line":31,"column":16},"end":{"line":31,"column":49}},"8":{"start":{"line":32,"column":4},"end":{"line":32,"column":21}},"9":{"start":{"line":33,"column":4},"end":{"line":33,"column":14}},"10":{"start":{"line":37,"column":17},"end":{"line":37,"column":33}},"11":{"start":{"line":38,"column":2},"end":{"line":46,"column":6}},"12":{"start":{"line":38,"column":43},"end":{"line":46,"column":3}},"13":{"start":{"line":48,"column":2},"end":{"line":48,"column":81}},"14":{"start":{"line":49,"column":2},"end":{"line":49,"column":16}},"15":{"start":{"line":52,"column":0},"end":{"line":52,"column":38}}},"fnMap":{"0":{"name":"(anonymous_0)","decl":{"start":{"line":9,"column":25},"end":{"line":9,"column":26}},"loc":{"start":{"line":9,"column":46},"end":{"line":50,"column":1}},"line":9},"1":{"name":"(anonymous_1)","decl":{"start":{"line":38,"column":34},"end":{"line":38,"column":35}},"loc":{"start":{"line":38,"column":43},"end":{"line":46,"column":3}},"line":38}},"branchMap":{"0":{"loc":{"start":{"line":29,"column":2},"end":{"line":34,"column":3}},"type":"if","locations":[{"start":{"line":29,"column":2},"end":{"line":34,"column":3}},{"start":{},"end":{}}],"line":29},"1":{"loc":{"start":{"line":43,"column":15},"end":{"line":43,"column":45}},"type":"binary-expr","locations":[{"start":{"line":43,"column":15},"end":{"line":43,"column":39}},{"start":{"line":43,"column":43},"end":{"line":43,"column":45}}],"line":43},"2":{"loc":{"start":{"line":44,"column":14},"end":{"line":44,"column":43}},"type":"binary-expr","locations":[{"start":{"line":44,"column":14},"end":{"line":44,"column":37}},{"start":{"line":44,"column":41},"end":{"line":44,"column":43}}],"line":44},"3":{"loc":{"start":{"line":45,"column":9},"end":{"line":45,"column":33}},"type":"binary-expr","locations":[{"start":{"line":45,"column":9},"end":{"line":45,"column":27}},{"start":{"line":45,"column":31},"end":{"line":45,"column":33}}],"line":45}},"s":{"0":2,"1":2,"2":2,"3":3,"4":3,"5":3,"6":1,"7":1,"8":1,"9":1,"10":2,"11":2,"12":2,"13":2,"14":2,"15":2},"f":{"0":3,"1":2},"b":{"0":[1,2],"1":[2,1],"2":[2,1],"3":[2,1]},"_coverageSchema":"1a1c01bbd47fc00a2c39e90264f33305004495a9","hash":"67928434f8086db1e3c4997a5f61192f3636b140"}
[...]
\\item-validator.js","statementMap":{"0":{"start":{"line":1,"column":15},"end":{"line":1,"column":35}},"1":{"start":{"line":2,"column":17},"end":{"line":2,"column":37}},"2":{"start":{"line":3,"column":15},"end":{"line":3,"column":34}},"3":{"start":{"line":12,"column":26},"end":{"line":30,"column":1}},"4":{"start":{"line":13,"column":19},"end":{"line":13,"column":65}},"5":{"start":{"line":13,"column":49},"end":{"line":13,"column":62}},"6":{"start":{"line":15,"column":24},"end":{"line":19,"column":4}},"7":{"start":{"line":21,"column":2},"end":{"line":29,"column":3}},"8":{"start":{"line":22,"column":22},"end":{"line":22,"column":65}},"9":{"start":{"line":22,"column":53},"end":{"line":22,"column":63}},"10":{"start":{"line":23,"column":24},"end":{"line":23,"column":67}},"11":{"start":{"line":23,"column":47},"end":{"line":23,"column":66}},"12":{"start":{"line":25,"column":4},"end":{"line":25,"column":77}},"13":{"start":{"line":26,"column":16},"end":{"line":26,"column":94}},"14":{"start":{"line":27,"column":4},"end":{"line":27,"column":21}},"15":{"start":{"line":28,"column":4},"end":{"line":28,"column":14}},"16":{"start":{"line":32,"column":0},"end":{"line":34,"column":2}}},"fnMap":{"0":{"name":"(anonymous_0)","decl":{"start":{"line":12,"column":26},"end":{"line":12,"column":27}},"loc":{"start":{"line":12,"column":43},"end":{"line":30,"column":1}},"line":12},"1":{"name":"(anonymous_1)","decl":{"start":{"line":13,"column":41},"end":{"line":13,"column":42}},"loc":{"start":{"line":13,"column":49},"end":{"line":13,"column":62}},"line":13},"2":{"name":"(anonymous_2)","decl":{"start":{"line":22,"column":48},"end":{"line":22,"column":49}},"loc":{"start":{"line":22,"column":53},"end":{"line":22,"column":63}},"line":22},"3":{"name":"(anonymous_3)","decl":{"start":{"line":23,"column":40},"end":{"line":23,"column":41}},"loc":{"start":{"line":23,"column":47},"end":{"line":23,"column":66}},"line":23}},"branchMap":{"0":{"loc":{"start":{"line":21,"column":2},"end":{"line":29,"column":3}},"type":"if","locations":[{"start":{"line":21,"column":2},"end":{"line":29,"column":3}},{"start":{},"end":{}}],"line":21}},"s":{"0":5,"1":5,"2":5,"3":5,"4":8,"5":11,"6":8,"7":8,"8":3,"9":1,"10":3,"11":4,"12":3,"13":3,"14":3,"15":3,"16":5},"f":{"0":8,"1":11,"2":1,"3":4},"b":{"0":[3,5]},"_coverageSchema":"1a1c01bbd47fc00a2c39e90264f33305004495a9","hash":"e8e86772a7f8791e2bebec0c646cf8f00221a53e"}
,"D:\\MAGANG PT REVELWARE TECHNOLOGY\\PROJECT\\backend-api\\template-backend-yogiravelware\\src\\utils\\logger.js": {"path":"D:\\MAGANG PT REVELWARE TECHNOLOGY\\PROJECT\\backend-api\\template-backend-yogiravelware\\src\\utils\\logger.js","statementMap":{"0":{"start":{"line":2,"column":45},"end":{"line":2,"column":63}},"1":{"start":{"line":4,"column":21},"end":{"line":19,"column":1}},"2":{"start":{"line":21,"column":15},"end":{"line":26,"column":2}},"3":{"start":{"line":28,"column":0},"end":{"line":28,"column":24}}},"fnMap":{},"branchMap":{},"s":{"0":43,"1":43,"2":43,"3":43},"f":{},"b":{},"_coverageSchema":"1a1c01bbd47fc00a2c39e90264f33305004495a9","hash":"6bd25ceab607e5043b8955f748b1ea75c6eaed87"}
,"D:\\MAGANG PT REVELWARE TECHNOLOGY\\PROJECT\\backend-api\\template-backend-yogiravelware\\src\\utils\\permission.js": {"path":"D:\\MAGANG PT REVELWARE TECHNOLOGY\\PROJECT\\backend-api\\template-backend-yogiravelware\\src\\utils\\permission.js","statementMap":{"0":{"start":{"line":5,"column":20},"end":{"line":40,"column":1}},"1":{"start":{"line":42,"column":0},"end":{"line":42,"column":29}}},"fnMap":{},"branchMap":{},"s":{"0":1,"1":1},"f":{},"b":{},"_coverageSchema":"1a1c01bbd47fc00a2c39e90264f33305004495a9","hash":"120ccfa419e73a47c337dd341b29737a4d4f60a0"}
,"D:\\MAGANG PT REVELWARE TECHNOLOGY\\PROJECT\\backend-api\\template-backend-yogiravelware\\src\\utils\\reconciliation.js": {"path":"D:\\MAGANG PT REVELWARE TECHNOLOGY\\PROJECT\\backend-api\\template-backend-yogiravelware\\src\\utils\\reconciliation.js","statementMap":{"0":{"start":{"line":1,"column":42},"end":{"line":1,"column":62}},"1":{"start":{"line":2,"column":15},"end":{"line":2,"column":34}},"2":{"start":{"line":11,"column":27},"end":{"line":40,"column":1}},"3":{"start":{"line":12,"column":2},"end":{"line":39,"column":3}},"4":{"start":{"line":13,"column":4},"end":{"line":13,"column":71}},"5":{"start":{"line":16,"column":23},"end":{"line":19,"column":11}},"6":{"start":{"line":22,"column":17},"end":{"line":22,"column":61}},"7":{"start":{"line":23,"column":4},"end":{"line":33,"column":5}},"8":{"start":{"line":24,"column":23},"end":{"line":24,"column":41}},"9":{"start":{"line":25,"column":6},"end":{"line":25,"column":38}},"10":{"start":{"line":26,"column":6},"end":{"line":26,"column":39}},"11":{"start":{"line":28,"column":6},"end":{"line":32,"column":7}},"12":{"start":{"line":29,"column":8},"end":{"line":29,"column":91}},"13":{"start":{"line":31,"column":8},"end":{"line":31,"column":156}},"14":{"start":{"line":35,"column":4},"end":{"line":35,"column":22}},"15":{"start":{"line":37,"column":4},"end":{"line":37,"column":82}},"16":{"start":{"line":38,"column":4},"end":{"line":38,"column":16}},"17":{"start":{"line":42,"column":0},"end":{"line":42,"column":40}}},"fnMap":{"0":{"name":"(anonymous_0)","decl":{"start":{"line":11,"column":27},"end":{"line":11,"column":28}},"loc":{"start":{"line":11,"column":58},"end":{"line":40,"column":1}},"line":11}},"branchMap":{"0":{"loc":{"start":{"line":16,"column":23},"end":{"line":19,"column":11}},"type":"binary-expr","locations":[{"start":{"line":16,"column":23},"end":{"line":19,"column":6}},{"start":{"line":19,"column":10},"end":{"line":19,"column":11}}],"line":16},"1":{"loc":{"start":{"line":23,"column":4},"end":{"line":33,"column":5}},"type":"if","locations":[{"start":{"line":23,"column":4},"end":{"line":33,"column":5}},{"start":{},"end":{}}],"line":23},"2":{"loc":{"start":{"line":28,"column":6},"end":{"line":32,"column":7}},"type":"if","locations":[{"start":{"line":28,"column":6},"end":{"line":32,"column":7}},{"start":{"line":30,"column":13},"end":{"line":32,"column":7}}],"line":28}},"s":{"0":2,"1":2,"2":2,"3":5,"4":5,"5":5,"6":4,"7":4,"8":3,"9":3,"10":3,"11":3,"12":1,"13":2,"14":4,"15":1,"16":1,"17":2},"f":{"0":5},"b":{"0":[5,1],"1":[3,1],"2":[1,2]},"_coverageSchema":"1a1c01bbd47fc00a2c39e90264f33305004495a9","hash":"27a9c3d35eb57c307e20a3e69a3636cd24bbb6aa"}
,"D:\\MAGANG PT REVELWARE TECHNOLOGY\\PROJECT\\backend-api\\template-backend-yogiravelware\\src\\utils\\response.js": {"path":"D:\\MAGANG PT REVELWARE TECHNOLOGY\\PROJECT\\backend-api\\template-backend-yogiravelware\\src\\utils\\response.js","statementMap":{"0":{"start":{"line":2,"column":16},"end":{"line":9,"column":1}},"1":{"start":{"line":3,"column":2},"end":{"line":8,"column":4}},"2":{"start":{"line":11,"column":14},"end":{"line":18,"column":1}},"3":{"start":{"line":12,"column":2},"end":{"line":17,"column":4}},"4":{"start":{"line":20,"column":0},"end":{"line":26,"column":2}},"5":{"start":{"line":25,"column":51},"end":{"line":25,"column":86}}},"fnMap":{"0":{"name":"(anonymous_0)","decl":{"start":{"line":2,"column":16},"end":{"line":2,"column":17}},"loc":{"start":{"line":2,"column":72},"end":{"line":9,"column":1}},"line":2},"1":{"name":"(anonymous_1)","decl":{"start":{"line":11,"column":14},"end":{"line":11,"column":15}},"loc":{"start":{"line":11,"column":83},"end":{"line":18,"column":1}},"line":11},"2":{"name":"(anonymous_2)","decl":{"start":{"line":25,"column":17},"end":{"line":25,"column":18}},"loc":{"start":{"line":25,"column":51},"end":{"line":25,"column":86}},"line":25}},"branchMap":{"0":{"loc":{"start":{"line":2,"column":23},"end":{"line":2,"column":55}},"type":"default-arg","locations":[{"start":{"line":2,"column":33},"end":{"line":2,"column":55}}],"line":2},"1":{"loc":{"start":{"line":2,"column":57},"end":{"line":2,"column":67}},"type":"default-arg","locations":[{"start":{"line":2,"column":65},"end":{"line":2,"column":67}}],"line":2},"2":{"loc":{"start":{"line":11,"column":15},"end":{"line":11,"column":44}},"type":"default-arg","locations":[{"start":{"line":11,"column":25},"end":{"line":11,"column":44}}],"line":11},"3":{"loc":{"start":{"line":11,"column":46},"end":{"line":11,"column":60}},"type":"default-arg","locations":[{"start":{"line":11,"column":56},"end":{"line":11,"column":60}}],"line":11},"4":{"loc":{"start":{"line":11,"column":62},"end":{"line":11,"column":78}},"type":"default-arg","locations":[{"start":{"line":11,"column":75},"end":{"line":11,"column":78}}],"line":11},"5":{"loc":{"start":{"line":15,"column":12},"end":{"line":15,"column":73}},"type":"cond-expr","locations":[{"start":{"line":15,"column":37},"end":{"line":15,"column":44}},{"start":{"line":15,"column":48},"end":{"line":15,"column":72}}],"line":15},"6":{"loc":{"start":{"line":15,"column":48},"end":{"line":15,"column":72}},"type":"cond-expr","locations":[{"start":{"line":15,"column":58},"end":{"line":15,"column":67}},{"start":{"line":15,"column":70},"end":{"line":15,"column":72}}],"line":15}},"s":{"0":6,"1":18,"2":6,"3":35,"4":6,"5":10},"f":{"0":18,"1":35,"2":10},"b":{"0":[10],"1":[18],"2":[1],"3":[14],"4":[16],"5":[3,32],"6":[13,19]},"_coverageSchema":"1a1c01bbd47fc00a2c39e90264f33305004495a9","hash":"3bca349a690490f035b94e33b69e644dcba91091"}
,"D:\\MAGANG PT REVELWARE TECHNOLOGY\\PROJECT\\backend-api\\template-backend-yogiravelware\\src\\utils\\rfid-validator.js": {"path":"D:\\MAGANG PT REVELWARE TECHNOLOGY\\PROJECT\\backend-api\\template-backend-yogiravelware\\src\\utils\\rfid-validator.js","statementMap":{"0":{"start":{"line":8,"column":19},"end":{"line":24,"column":1}},"1":{"start":{"line":9,"column":2},"end":{"line":9,"column":26}},"2":{"start":{"line":9,"column":13},"end":{"line":9,"column":26}},"3":{"start":{"line":12,"column":2},"end":{"line":12,"column":39}},"4":{"start":{"line":12,"column":26},"end":{"line":12,"column":39}},"5":{"start":{"line":15,"column":19},"end":{"line":15,"column":38}},"6":{"start":{"line":16,"column":2},"end":{"line":16,"column":41}},"7":{"start":{"line":16,"column":28},"end":{"line":16,"column":41}},"8":{"start":{"line":21,"column":2},"end":{"line":21,"column":43}},"9":{"start":{"line":21,"column":30},"end":{"line":21,"column":43}},"10":{"start":{"line":23,"column":2},"end":{"line":23,"column":14}},"11":{"start":{"line":26,"column":0},"end":{"line":28,"column":2}}},"fnMap":{"0":{"name":"(anonymous_0)","decl":{"start":{"line":8,"column":19},"end":{"line":8,"column":20}},"loc":{"start":{"line":8,"column":29},"end":{"line":24,"column":1}},"line":8}},"branchMap":{"0":{"loc":{"start":{"line":9,"column":2},"end":{"line":9,"column":26}},"type":"if","locations":[{"start":{"line":9,"column":2},"end":{"line":9,"column":26}},{"start":{},"end":{}}],"line":9},"1":{"loc":{"start":{"line":12,"column":2},"end":{"line":12,"column":39}},"type":"if","locations":[{"start":{"line":12,"column":2},"end":{"line":12,"column":39}},{"start":{},"end":{}}],"line":12},"2":{"loc":{"start":{"line":16,"column":2},"end":{"line":16,"column":41}},"type":"if","locations":[{"start":{"line":16,"column":2},"end":{"line":16,"column":41}},{"start":{},"end":{}}],"line":16},"3":{"loc":{"start":{"line":21,"column":2},"end":{"line":21,"column":43}},"type":"if","locations":[{"start":{"line":21,"column":2},"end":{"line":21,"column":43}},{"start":{},"end":{}}],"line":21}},"s":{"0":7,"1":31,"2":2,"3":29,"4":9,"5":20,"6":20,"7":2,"8":18,"9":3,"10":15,"11":7},"f":{"0":31},"b":{"0":[2,29],"1":[9,20],"2":[2,18],"3":[3,15]},"_coverageSchema":"1a1c01bbd47fc00a2c39e90264f33305004495a9","hash":"9ce1156158808d36034e06c68eeafeca938d4c64"}
,"D:\\MAGANG PT REVELWARE TECHNOLOGY\\PROJECT\\backend-api\\template-backend-yogiravelware\\src\\validations\\inbound-validation.js": {"path":"D:\\MAGANG PT REVELWARE TECHNOLOGY\\PROJECT\\backend-api\\template-backend-yogiravelware\\src\\validations\\inbound-validation.js","statementMap":{"0":{"start":{"line":1,"column":12},"end":{"line":1,"column":26}},"1":{"start":{"line":2,"column":23},"end":{"line":2,"column":57}},"2":{"start":{"line":4,"column":28},"end":{"line":15,"column":2}},"3":{"start":{"line":17,"column":31},"end":{"line":25,"column":2}},"4":{"start":{"line":19,"column":4},"end":{"line":21,"column":5}},"5":{"start":{"line":20,"column":6},"end":{"line":20,"column":123}},"6":{"start":{"line":22,"column":4},"end":{"line":22,"column":17}},"7":{"start":{"line":27,"column":27},"end":{"line":35,"column":2}},"8":{"start":{"line":30,"column":4},"end":{"line":32,"column":5}},"9":{"start":{"line":31,"column":6},"end":{"line":31,"column":123}},"10":{"start":{"line":33,"column":4},"end":{"line":33,"column":17}},"11":{"start":{"line":37,"column":0},"end":{"line":41,"column":2}}},"fnMap":{"0":{"name":"(anonymous_0)","decl":{"start":{"line":18,"column":43},"end":{"line":18,"column":44}},"loc":{"start":{"line":18,"column":63},"end":{"line":23,"column":3}},"line":18},"1":{"name":"(anonymous_1)","decl":{"start":{"line":29,"column":43},"end":{"line":29,"column":44}},"loc":{"start":{"line":29,"column":63},"end":{"line":34,"column":3}},"line":29}},"branchMap":{"0":{"loc":{"start":{"line":19,"column":4},"end":{"line":21,"column":5}},"type":"if","locations":[{"start":{"line":19,"column":4},"end":{"line":21,"column":5}},{"start":{},"end":{}}],"line":19},"1":{"loc":{"start":{"line":30,"column":4},"end":{"line":32,"column":5}},"type":"if","locations":[{"start":{"line":30,"column":4},"end":{"line":32,"column":5}},{"start":{},"end":{}}],"line":30}},"s":{"0":1,"1":1,"2":1,"3":1,"4":2,"5":1,"6":1,"7":1,"8":2,"9":1,"10":1,"11":1},"f":{"0":2,"1":2},"b":{"0":[1,1],"1":[1,1]},"_coverageSchema":"1a1c01bbd47fc00a2c39e90264f33305004495a9","hash":"bb2b8220ef2483ca9ef9477ba0e13f77af2edcbd"}
,"D:\\MAGANG PT REVELWARE TECHNOLOGY\\PROJECT\\backend-api\\template-backend-yogiravelware\\src\\validations\\inventory-validation.js": {"path":"D:\\MAGANG PT REVELWARE TECHNOLOGY\\PROJECT\\backend-api\\template-backend-yogiravelware\\src\\validations\\inventory-validation.js","statementMap":{"0":{"start":{"line":1,"column":12},"end":{"line":1,"column":26}},"1":{"start":{"line":3,"column":31},"end":{"line":8,"column":2}},"2":{"start":{"line":10,"column":0},"end":{"line":12,"column":2}}},"fnMap":{},"branchMap":{},"s":{"0":1,"1":1,"2":1},"f":{},"b":{},"_coverageSchema":"1a1c01bbd47fc00a2c39e90264f33305004495a9","hash":"d52145855c7bdc4ff1cb432c7a22da47cbaddbbe"}
,"D:\\MAGANG PT REVELWARE TECHNOLOGY\\PROJECT\\backend-api\\template-backend-yogiravelware\\src\\validations\\item-validation.js": {"path":"D:\\MAGANG PT REVELWARE TECHNOLOGY\\PROJECT\\backend-api\\template-backend-yogiravelware\\src\\validations\\item-validation.js","statementMap":{"0":{"start":{"line":1,"column":12},"end":{"line":1,"column":26}},"1":{"start":{"line":2,"column":23},"end":{"line":2,"column":57}},"2":{"start":{"line":4,"column":27},"end":{"line":17,"column":2}},"3":{"start":{"line":6,"column":4},"end":{"line":8,"column":5}},"4":{"start":{"line":7,"column":6},"end":{"line":7,"column":123}},"5":{"start":{"line":9,"column":4},"end":{"line":9,"column":17}},"6":{"start":{"line":19,"column":25},"end":{"line":31,"column":2}},"7":{"start":{"line":21,"column":4},"end":{"line":23,"column":5}},"8":{"start":{"line":22,"column":6},"end":{"line":22,"column":123}},"9":{"start":{"line":24,"column":4},"end":{"line":24,"column":17}},"10":{"start":{"line":33,"column":0},"end":{"line":36,"column":2}}},"fnMap":{"0":{"name":"(anonymous_0)","decl":{"start":{"line":5,"column":43},"end":{"line":5,"column":44}},"loc":{"start":{"line":5,"column":63},"end":{"line":10,"column":3}},"line":5},"1":{"name":"(anonymous_1)","decl":{"start":{"line":20,"column":43},"end":{"line":20,"column":44}},"loc":{"start":{"line":20,"column":63},"end":{"line":25,"column":3}},"line":20}},"branchMap":{"0":{"loc":{"start":{"line":6,"column":4},"end":{"line":8,"column":5}},"type":"if","locations":[{"start":{"line":6,"column":4},"end":{"line":8,"column":5}},{"start":{},"end":{}}],"line":6},"1":{"loc":{"start":{"line":21,"column":4},"end":{"line":23,"column":5}},"type":"if","locations":[{"start":{"line":21,"column":4},"end":{"line":23,"column":5}},{"start":{},"end":{}}],"line":21}},"s":{"0":1,"1":1,"2":1,"3":2,"4":1,"5":1,"6":1,"7":2,"8":1,"9":1,"10":1},"f":{"0":2,"1":2},"b":{"0":[1,1],"1":[1,1]},"_coverageSchema":"1a1c01bbd47fc00a2c39e90264f33305004495a9","hash":"96d290693e6a5b7e37a47a04ae0164ce7acd6454"}
,"D:\\MAGANG PT REVELWARE TECHNOLOGY\\PROJECT\\backend-api\\template-backend-yogiravelware\\src\\validations\\location-validation.js": {"path":"D:\\MAGANG PT REVELWARE TECHNOLOGY\\PROJECT\\backend-api\\template-backend-yogiravelware\\src\\validations\\location-validation.js","statementMap":{"0":{"start":{"line":1,"column":12},"end":{"line":1,"column":26}},"1":{"start":{"line":3,"column":29},"end":{"line":10,"column":2}},"2":{"start":{"line":12,"column":29},"end":{"line":20,"column":2}},"3":{"start":{"line":22,"column":0},"end":{"line":25,"column":2}}},"fnMap":{},"branchMap":{},"s":{"0":2,"1":2,"2":2,"3":2},"f":{},"b":{},"_coverageSchema":"1a1c01bbd47fc00a2c39e90264f33305004495a9","hash":"820b4003cdb91b169a96ac24276795ad244f84a4"}
,"D:\\MAGANG PT REVELWARE TECHNOLOGY\\PROJECT\\backend-api\\template-backend-yogiravelware\\src\\validations\\outbound-validation.js": {"path":"D:\\MAGANG PT REVELWARE TECHNOLOGY\\PROJECT\\backend-api\\template-backend-yogiravelware\\src\\validations\\outbound-validation.js","statementMap":{"0":{"start":{"line":1,"column":12},"end":{"line":1,"column":26}},"1":{"start":{"line":2,"column":23},"end":{"line":2,"column":57}},"2":{"start":{"line":4,"column":29},"end":{"line":16,"column":2}},"3":{"start":{"line":18,"column":28},"end":{"line":26,"column":2}},"4":{"start":{"line":20,"column":4},"end":{"line":22,"column":5}},"5":{"start":{"line":21,"column":6},"end":{"line":21,"column":123}},"6":{"start":{"line":23,"column":4},"end":{"line":23,"column":17}},"7":{"start":{"line":28,"column":30},"end":{"line":35,"column":2}},"8":{"start":{"line":30,"column":4},"end":{"line":32,"column":5}},"9":{"start":{"line":31,"column":6},"end":{"line":31,"column":123}},"10":{"start":{"line":33,"column":4},"end":{"line":33,"column":17}},"11":{"start":{"line":37,"column":0},"end":{"line":41,"column":2}}},"fnMap":{"0":{"name":"(anonymous_0)","decl":{"start":{"line":19,"column":43},"end":{"line":19,"column":44}},"loc":{"start":{"line":19,"column":63},"end":{"line":24,"column":3}},"line":19},"1":{"name":"(anonymous_1)","decl":{"start":{"line":29,"column":43},"end":{"line":29,"column":44}},"loc":{"start":{"line":29,"column":63},"end":{"line":34,"column":3}},"line":29}},"branchMap":{"0":{"loc":{"start":{"line":20,"column":4},"end":{"line":22,"column":5}},"type":"if","locations":[{"start":{"line":20,"column":4},"end":{"line":22,"column":5}},{"start":{},"end":{}}],"line":20},"1":{"loc":{"start":{"line":30,"column":4},"end":{"line":32,"column":5}},"type":"if","locations":[{"start":{"line":30,"column":4},"end":{"line":32,"column":5}},{"start":{},"end":{}}],"line":30}},"s":{"0":1,"1":1,"2":1,"3":1,"4":2,"5":1,"6":1,"7":1,"8":2,"9":1,"10":1,"11":1},"f":{"0":2,"1":2},"b":{"0":[1,1],"1":[1,1]},"_coverageSchema":"1a1c01bbd47fc00a2c39e90264f33305004495a9","hash":"1607c3e68d8cd09da574fbc2bb7a36f85a117003"}
,"D:\\MAGANG PT REVELWARE TECHNOLOGY\\PROJECT\\backend-api\\template-backend-yogiravelware\\src\\validations\\user-validation.js": {"path":"D:\\MAGANG PT REVELWARE TECHNOLOGY\\PROJECT\\backend-api\\template-backend-yogiravelware\\src\\validations\\user-validation.js","statementMap":{"0":{"start":{"line":2,"column":12},"end":{"line":2,"column":26}},"1":{"start":{"line":4,"column":23},"end":{"line":9,"column":2}},"2":{"start":{"line":11,"column":20},"end":{"line":14,"column":2}},"3":{"start":{"line":16,"column":25},"end":{"line":20,"column":2}},"4":{"start":{"line":22,"column":25},"end":{"line":24,"column":2}},"5":{"start":{"line":26,"column":0},"end":{"line":31,"column":2}}},"fnMap":{},"branchMap":{},"s":{"0":1,"1":1,"2":1,"3":1,"4":1,"5":1},"f":{},"b":{},"_coverageSchema":"1a1c01bbd47fc00a2c39e90264f33305004495a9","hash":"8cf1f917e9b6653088c0cdbbefaaeffe67403529"}
}
