TN:
SF:src\controllers\item.js
FN:6,(anonymous_0)
FN:17,(anonymous_1)
FN:28,(anonymous_2)
FN:39,(anonymous_3)
FN:50,(anonymous_4)
FNF:5
FNH:5
FNDA:2,(anonymous_0)
FNDA:1,(anonymous_1)
FNDA:1,(anonymous_2)
FNDA:1,(anonymous_3)
FNDA:1,(anonymous_4)
DA:1,1
DA:2,1
DA:3,1
DA:6,1
DA:7,2
DA:8,2
DA:9,2
DA:10,1
DA:12,1
DA:17,1
DA:18,1
DA:19,1
DA:20,1
DA:21,1
DA:23,0
DA:28,1
DA:29,1
DA:30,1
DA:31,1
DA:32,1
DA:34,0
DA:39,1
DA:40,1
DA:41,1
DA:42,1
DA:43,1
DA:45,0
DA:50,1
DA:51,1
DA:52,1
DA:53,1
DA:54,1
DA:56,0
DA:60,1
LF:34
LH:30
BRF:0
BRH:0
end_of_record
TN:
SF:src\controllers\location.js
FN:10,(anonymous_0)
FN:85,(anonymous_1)
FN:115,(anonymous_2)
FN:149,(anonymous_3)
FN:235,(anonymous_4)
FNF:5
FNH:5
FNDA:1,(anonymous_0)
FNDA:2,(anonymous_1)
FNDA:1,(anonymous_2)
FNDA:1,(anonymous_3)
FNDA:1,(anonymous_4)
DA:1,1
DA:2,1
DA:3,1
DA:7,1
DA:10,1
DA:11,1
DA:12,1
DA:14,1
DA:15,1
DA:16,0
DA:24,1
DA:27,1
DA:31,1
DA:32,0
DA:40,1
DA:44,1
DA:45,0
DA:52,1
DA:64,1
DA:80,0
DA:85,1
DA:86,2
DA:87,2
DA:88,2
DA:103,1
DA:110,1
DA:115,1
DA:116,1
DA:117,1
DA:118,1
DA:132,1
DA:133,0
DA:140,1
DA:144,0
DA:149,1
DA:150,1
DA:151,1
DA:153,1
DA:154,1
DA:155,0
DA:162,1
DA:164,1
DA:165,0
DA:172,1
DA:175,1
DA:176,1
DA:179,1
DA:180,0
DA:189,1
DA:190,0
DA:193,0
DA:194,0
DA:202,1
DA:214,1
DA:230,0
DA:235,1
DA:236,1
DA:237,1
DA:238,1
DA:240,1
DA:241,0
DA:248,1
DA:250,1
DA:254,0
DA:258,1
LF:65
LH:50
BRDA:15,0,0,0
BRDA:15,0,1,1
BRDA:31,1,0,0
BRDA:31,1,1,1
BRDA:44,2,0,0
BRDA:44,2,1,1
BRDA:59,3,0,1
BRDA:59,3,1,1
BRDA:132,4,0,0
BRDA:132,4,1,1
BRDA:154,5,0,0
BRDA:154,5,1,1
BRDA:164,6,0,0
BRDA:164,6,1,1
BRDA:175,7,0,1
BRDA:175,7,1,0
BRDA:175,8,0,1
BRDA:175,8,1,1
BRDA:179,9,0,0
BRDA:179,9,1,1
BRDA:189,10,0,0
BRDA:189,10,1,1
BRDA:189,11,0,1
BRDA:189,11,1,0
BRDA:193,12,0,0
BRDA:193,12,1,0
BRDA:203,13,0,1
BRDA:203,13,1,0
BRDA:204,14,0,1
BRDA:204,14,1,1
BRDA:205,15,0,1
BRDA:205,15,1,1
BRDA:206,16,0,1
BRDA:206,16,1,1
BRDA:207,17,0,1
BRDA:207,17,1,1
BRDA:209,18,0,1
BRDA:209,18,1,1
BRDA:210,19,0,1
BRDA:210,19,1,1
BRDA:210,20,0,1
BRDA:210,20,1,1
BRDA:210,21,0,1
BRDA:210,21,1,1
BRDA:211,22,0,1
BRDA:211,22,1,1
BRDA:240,23,0,0
BRDA:240,23,1,1
BRF:48
BRH:34
end_of_record
TN:
SF:src\controllers\outbound.js
FN:6,(anonymous_0)
FN:17,(anonymous_1)
FN:28,(anonymous_2)
FN:39,(anonymous_3)
FNF:4
FNH:4
FNDA:1,(anonymous_0)
FNDA:1,(anonymous_1)
FNDA:1,(anonymous_2)
FNDA:3,(anonymous_3)
DA:1,1
DA:2,1
DA:3,1
DA:6,1
DA:7,1
DA:8,1
DA:9,1
DA:10,1
DA:12,0
DA:17,1
DA:18,1
DA:19,1
DA:20,1
DA:21,1
DA:23,0
DA:28,1
DA:29,1
DA:30,1
DA:31,1
DA:32,1
DA:34,0
DA:39,1
DA:40,3
DA:41,3
DA:42,3
DA:43,2
DA:45,1
DA:49,1
LF:28
LH:25
BRF:0
BRH:0
end_of_record
TN:
SF:src\middlewares\auth-middleware.js
FN:5,(anonymous_0)
FNF:1
FNH:1
FNDA:4,(anonymous_0)
DA:2,1
DA:3,1
DA:5,1
DA:6,4
DA:8,4
DA:9,2
DA:12,2
DA:14,2
DA:15,2
DA:16,1
DA:21,1
DA:23,1
DA:24,1
DA:28,1
LF:14
LH:14
BRDA:8,0,0,2
BRDA:8,0,1,2
BRF:2
BRH:2
end_of_record
TN:
SF:src\middlewares\error-middleware.js
FN:5,(anonymous_0)
FNF:1
FNH:1
FNDA:2,(anonymous_0)
DA:2,1
DA:3,1
DA:5,1
DA:6,2
DA:7,2
DA:9,2
DA:11,2
DA:14,1
LF:8
LH:8
BRDA:6,0,0,2
BRDA:6,0,1,1
BRDA:6,0,2,1
BRDA:7,1,0,2
BRDA:7,1,1,1
BRF:5
BRH:5
end_of_record
TN:
SF:src\middlewares\permission-middleware.js
FN:5,(anonymous_0)
FN:6,(anonymous_1)
FNF:2
FNH:2
FNDA:4,(anonymous_0)
FNDA:4,(anonymous_1)
DA:1,1
DA:2,1
DA:3,1
DA:5,1
DA:6,4
DA:7,4
DA:8,4
DA:9,1
DA:10,1
DA:13,3
DA:15,2
DA:16,1
DA:17,1
DA:22,1
DA:24,1
DA:25,1
DA:30,1
LF:17
LH:17
BRDA:8,0,0,1
BRDA:8,0,1,3
BRDA:15,1,0,1
BRDA:15,1,1,1
BRF:4
BRH:4
end_of_record
TN:
SF:src\middlewares\request-logger.js
FN:3,(anonymous_0)
FN:5,(anonymous_1)
FNF:2
FNH:2
FNDA:1,(anonymous_0)
FNDA:1,(anonymous_1)
DA:1,1
DA:3,1
DA:4,1
DA:5,1
DA:6,1
DA:7,1
DA:11,1
DA:14,1
LF:8
LH:8
BRF:0
BRH:0
end_of_record
TN:
SF:src\models\Inbound.js
FNF:0
FNH:0
DA:1,5
DA:2,5
DA:4,5
DA:37,5
LF:4
LH:4
BRF:0
BRH:0
end_of_record
TN:
SF:src\models\InboundItem.js
FNF:0
FNH:0
DA:1,5
DA:2,5
DA:4,5
DA:44,5
LF:4
LH:4
BRF:0
BRH:0
end_of_record
TN:
SF:src\models\InboundReceivingLog.js
FNF:0
FNH:0
DA:1,1
DA:2,1
DA:4,1
DA:36,1
LF:4
LH:4
BRF:0
BRH:0
end_of_record
TN:
SF:src\models\Item.js
FNF:0
FNH:0
DA:1,15
DA:2,15
DA:4,15
DA:55,15
LF:4
LH:4
BRF:0
BRH:0
end_of_record
TN:
SF:src\models\Location.js
FNF:0
FNH:0
DA:1,2
DA:2,2
DA:4,2
DA:58,2
LF:4
LH:4
BRF:0
BRH:0
end_of_record
TN:
SF:src\models\Outbound.js
FNF:0
FNH:0
DA:1,5
DA:2,5
DA:4,5
DA:41,5
LF:4
LH:4
BRF:0
BRH:0
end_of_record
TN:
SF:src\models\OutboundItem.js
FNF:0
FNH:0
DA:1,5
DA:2,5
DA:4,5
DA:44,5
LF:4
LH:4
BRF:0
BRH:0
end_of_record
TN:
SF:src\models\Permission.js
FNF:0
FNH:0
DA:1,6
DA:2,6
DA:4,6
DA:35,6
LF:4
LH:4
BRF:0
BRH:0
end_of_record
TN:
SF:src\models\Role.js
FNF:0
FNH:0
DA:1,10
DA:2,10
DA:4,10
DA:31,10
LF:4
LH:4
BRF:0
BRH:0
end_of_record
TN:
SF:src\models\User.js
FNF:0
FNH:0
DA:1,6
DA:2,6
DA:3,6
DA:5,6
DA:50,6
DA:51,6
DA:53,6
LF:7
LH:7
BRF:0
BRH:0
end_of_record
TN:
SF:src\services\inbound\create-inbound-service.js
FN:8,(anonymous_0)
FNF:1
FNH:1
FNDA:4,(anonymous_0)
DA:1,1
DA:2,1
DA:3,1
DA:4,1
DA:5,1
DA:8,1
DA:9,4
DA:10,4
DA:11,4
DA:12,1
DA:13,1
DA:14,1
DA:15,1
DA:18,3
DA:21,3
DA:22,3
DA:23,1
DA:24,1
DA:25,1
DA:26,1
DA:30,2
DA:34,2
DA:37,2
DA:38,2
DA:39,2
DA:40,1
DA:41,1
DA:42,1
DA:43,1
DA:48,1
DA:49,1
DA:56,1
DA:58,1
DA:61,1
LF:34
LH:34
BRDA:11,0,0,1
BRDA:11,0,1,3
BRDA:22,1,0,1
BRDA:22,1,1,2
BRDA:39,2,0,1
BRDA:39,2,1,1
BRF:6
BRH:6
end_of_record
TN:
SF:src\services\inbound\get-inbound-detail-service.js
FN:7,(anonymous_0)
FN:24,(anonymous_1)
FNF:2
FNH:2
FNDA:2,(anonymous_0)
FNDA:1,(anonymous_1)
DA:1,1
DA:2,1
DA:3,1
DA:4,1
DA:7,1
DA:8,2
DA:9,2
DA:10,2
DA:11,1
DA:12,1
DA:13,1
DA:14,1
DA:17,1
DA:23,1
DA:25,1
DA:29,1
DA:37,1
DA:38,1
DA:44,1
LF:19
LH:19
BRDA:10,0,0,1
BRDA:10,0,1,1
BRDA:31,1,0,1
BRDA:31,1,1,0
BRDA:32,2,0,1
BRDA:32,2,1,0
BRDA:33,3,0,1
BRDA:33,3,1,0
BRF:8
BRH:5
end_of_record
TN:
SF:src\services\inbound\get-inbounds-service.js
FN:7,(anonymous_0)
FN:16,(anonymous_1)
FNF:2
FNH:2
FNDA:1,(anonymous_0)
FNDA:2,(anonymous_1)
DA:1,1
DA:2,1
DA:3,1
DA:4,1
DA:7,1
DA:8,1
DA:9,1
DA:15,1
DA:17,2
DA:20,2
DA:26,1
DA:27,1
DA:30,1
LF:13
LH:13
BRF:0
BRH:0
end_of_record
TN:
SF:src\services\inbound\scan-item-service.js
FN:7,(anonymous_0)
FNF:1
FNH:1
FNDA:4,(anonymous_0)
DA:1,1
DA:2,1
DA:3,1
DA:4,1
DA:5,1
DA:7,1
DA:8,4
DA:9,4
DA:11,4
DA:12,4
DA:13,1
DA:14,1
DA:19,3
DA:20,1
DA:21,1
DA:27,2
DA:31,2
DA:32,1
DA:33,1
DA:39,1
DA:46,1
DA:47,1
DA:48,1
DA:54,0
DA:55,0
DA:56,0
DA:62,0
DA:63,0
DA:86,0
DA:87,0
DA:96,1
LF:31
LH:24
BRDA:12,0,0,1
BRDA:12,0,1,3
BRDA:19,1,0,1
BRDA:19,1,1,2
BRDA:31,2,0,1
BRDA:31,2,1,1
BRDA:46,3,0,1
BRDA:46,3,1,0
BRDA:54,4,0,0
BRDA:54,4,1,0
BRF:10
BRH:7
end_of_record
TN:
SF:src\services\inbound\set-location-service.js
FN:9,(anonymous_0)
FN:93,(anonymous_1)
FN:110,(anonymous_2)
FNF:3
FNH:1
FNDA:3,(anonymous_0)
FNDA:0,(anonymous_1)
FNDA:0,(anonymous_2)
DA:1,1
DA:2,1
DA:3,1
DA:4,1
DA:5,1
DA:6,1
DA:7,1
DA:9,1
DA:10,3
DA:11,3
DA:13,3
DA:17,3
DA:18,1
DA:19,1
DA:24,2
DA:25,1
DA:26,1
DA:32,1
DA:33,1
DA:34,1
DA:35,1
DA:40,0
DA:47,0
DA:48,0
DA:49,0
DA:55,0
DA:56,0
DA:57,0
DA:63,0
DA:64,0
DA:65,0
DA:68,0
DA:74,0
DA:77,0
DA:81,0
DA:82,0
DA:83,0
DA:84,0
DA:88,0
DA:92,0
DA:93,0
DA:97,0
DA:98,0
DA:99,0
DA:100,0
DA:101,0
DA:103,0
DA:104,0
DA:105,0
DA:109,0
DA:110,0
DA:113,0
DA:114,0
DA:147,0
DA:148,0
DA:157,1
LF:56
LH:22
BRDA:17,0,0,1
BRDA:17,0,1,2
BRDA:24,1,0,1
BRDA:24,1,1,1
BRDA:33,2,0,1
BRDA:33,2,1,0
BRDA:47,3,0,0
BRDA:47,3,1,0
BRDA:55,4,0,0
BRDA:55,4,1,0
BRDA:81,5,0,0
BRDA:81,5,1,0
BRDA:97,6,0,0
BRDA:97,6,1,0
BRDA:101,7,0,0
BRDA:101,7,1,0
BRF:16
BRH:5
end_of_record
TN:
SF:src\services\item\delete-item-service.js
FN:5,(anonymous_0)
FNF:1
FNH:1
FNDA:2,(anonymous_0)
DA:1,2
DA:2,2
DA:5,2
DA:6,2
DA:7,2
DA:8,2
DA:9,1
DA:10,1
DA:11,1
DA:12,1
DA:15,1
DA:16,1
DA:17,1
DA:20,2
LF:14
LH:14
BRDA:8,0,0,1
BRDA:8,0,1,1
BRF:2
BRH:2
end_of_record
TN:
SF:src\services\item\get-item-by-id-service.js
FN:5,(anonymous_0)
FNF:1
FNH:1
FNDA:2,(anonymous_0)
DA:1,2
DA:2,2
DA:5,2
DA:6,2
DA:7,2
DA:20,2
DA:21,1
DA:22,1
DA:23,1
DA:24,1
DA:26,1
DA:27,1
DA:30,2
LF:13
LH:13
BRDA:20,0,0,1
BRDA:20,0,1,1
BRF:2
BRH:2
end_of_record
TN:
SF:src\services\item\get-items-service.js
FN:5,(anonymous_0)
FNF:1
FNH:1
FNDA:1,(anonymous_0)
DA:1,2
DA:2,2
DA:5,2
DA:6,1
DA:7,1
DA:21,1
DA:22,1
DA:25,2
LF:8
LH:8
BRF:0
BRH:0
end_of_record
TN:
SF:src\services\item\index.js
FNF:0
FNH:0
DA:1,1
DA:2,1
DA:3,1
DA:4,1
DA:5,1
DA:7,1
LF:6
LH:6
BRF:0
BRH:0
end_of_record
TN:
SF:src\services\item\register-item-service.js
FN:6,(anonymous_0)
FNF:1
FNH:1
FNDA:4,(anonymous_0)
DA:1,2
DA:2,2
DA:3,2
DA:6,2
DA:7,4
DA:8,4
DA:9,4
DA:10,1
DA:11,1
DA:12,1
DA:13,1
DA:16,3
DA:19,3
DA:20,3
DA:21,1
DA:22,1
DA:23,1
DA:24,1
DA:28,2
DA:29,2
DA:30,1
DA:31,1
DA:32,1
DA:33,1
DA:36,1
DA:37,1
DA:39,1
DA:42,2
LF:28
LH:28
BRDA:9,0,0,1
BRDA:9,0,1,3
BRDA:20,1,0,1
BRDA:20,1,1,2
BRDA:29,2,0,1
BRDA:29,2,1,1
BRF:6
BRH:6
end_of_record
TN:
SF:src\services\item\update-item-service.js
FN:6,(anonymous_0)
FNF:1
FNH:1
FNDA:5,(anonymous_0)
DA:1,2
DA:2,2
DA:3,2
DA:6,2
DA:7,5
DA:8,5
DA:9,5
DA:10,1
DA:11,1
DA:12,1
DA:13,1
DA:16,4
DA:17,4
DA:18,1
DA:19,1
DA:20,1
DA:21,1
DA:25,3
DA:26,1
DA:27,1
DA:28,1
DA:29,1
DA:30,1
DA:31,1
DA:36,2
DA:37,1
DA:38,1
DA:39,1
DA:40,1
DA:41,1
DA:42,1
DA:46,1
DA:47,1
DA:48,1
DA:51,2
LF:35
LH:35
BRDA:9,0,0,1
BRDA:9,0,1,4
BRDA:17,1,0,1
BRDA:17,1,1,3
BRDA:25,2,0,1
BRDA:25,2,1,2
BRDA:25,3,0,3
BRDA:25,3,1,1
BRDA:27,4,0,1
BRDA:27,4,1,0
BRDA:36,5,0,1
BRDA:36,5,1,1
BRDA:36,6,0,2
BRDA:36,6,1,1
BRDA:38,7,0,1
BRDA:38,7,1,0
BRF:16
BRH:14
end_of_record
TN:
SF:src\services\outbound\create-outbound-service.js
FN:8,(anonymous_0)
FNF:1
FNH:1
FNDA:4,(anonymous_0)
DA:1,2
DA:2,2
DA:3,2
DA:4,2
DA:5,2
DA:8,2
DA:9,4
DA:10,4
DA:11,4
DA:12,1
DA:13,1
DA:14,1
DA:15,1
DA:18,3
DA:21,3
DA:22,3
DA:23,1
DA:24,1
DA:25,1
DA:26,1
DA:30,2
DA:35,2
DA:38,2
DA:39,2
DA:40,2
DA:41,1
DA:42,1
DA:43,1
DA:44,1
DA:49,1
DA:50,1
DA:57,1
DA:59,1
DA:62,2
LF:34
LH:34
BRDA:11,0,0,1
BRDA:11,0,1,3
BRDA:22,1,0,1
BRDA:22,1,1,2
BRDA:40,2,0,1
BRDA:40,2,1,1
BRF:6
BRH:6
end_of_record
TN:
SF:src\services\outbound\get-outbound-detail-service.js
FN:7,(anonymous_0)
FN:25,(anonymous_1)
FNF:2
FNH:1
FNDA:1,(anonymous_0)
FNDA:0,(anonymous_1)
DA:1,2
DA:2,2
DA:3,2
DA:4,2
DA:7,2
DA:8,1
DA:9,1
DA:10,1
DA:11,1
DA:12,1
DA:13,1
DA:14,1
DA:17,0
DA:21,0
DA:24,0
DA:26,0
DA:30,0
DA:40,0
DA:46,2
LF:19
LH:13
BRDA:10,0,0,1
BRDA:10,0,1,0
BRDA:32,1,0,0
BRDA:32,1,1,0
BRDA:33,2,0,0
BRDA:33,2,1,0
BRDA:34,3,0,0
BRDA:34,3,1,0
BRDA:35,4,0,0
BRDA:35,4,1,0
BRF:10
BRH:1
end_of_record
TN:
SF:src\services\outbound\get-outbounds-service.js
FN:6,(anonymous_0)
FN:15,(anonymous_1)
FNF:2
FNH:1
FNDA:1,(anonymous_0)
FNDA:0,(anonymous_1)
DA:1,2
DA:2,2
DA:3,2
DA:6,2
DA:7,1
DA:8,1
DA:14,1
DA:16,0
DA:19,0
DA:25,1
DA:26,1
DA:29,2
LF:12
LH:10
BRF:0
BRH:0
end_of_record
TN:
SF:src\services\outbound\index.js
FNF:0
FNH:0
DA:1,1
DA:2,1
DA:3,1
DA:4,1
DA:6,1
LF:5
LH:5
BRF:0
BRH:0
end_of_record
TN:
SF:src\services\outbound\scan-rfid-picking-service.js
FN:8,(anonymous_0)
FN:85,(anonymous_1)
FNF:2
FNH:2
FNDA:6,(anonymous_0)
FNDA:1,(anonymous_1)
DA:1,2
DA:2,2
DA:3,2
DA:4,2
DA:5,2
DA:8,2
DA:9,6
DA:10,6
DA:11,6
DA:12,1
DA:13,1
DA:14,1
DA:15,1
DA:18,5
DA:21,5
DA:22,5
DA:23,1
DA:24,1
DA:25,1
DA:26,1
DA:30,4
DA:31,1
DA:32,1
DA:33,1
DA:34,1
DA:38,3
DA:39,3
DA:40,1
DA:41,1
DA:42,1
DA:43,1
DA:45,2
DA:48,2
DA:55,2
DA:56,1
DA:57,1
DA:58,1
DA:59,1
DA:63,1
DA:64,0
DA:65,0
DA:66,0
DA:67,0
DA:71,1
DA:72,1
DA:73,1
DA:76,1
DA:77,1
DA:78,1
DA:81,1
DA:85,1
DA:88,1
DA:89,1
DA:90,1
DA:91,1
DA:92,0
DA:93,0
DA:94,0
DA:95,0
DA:98,1
DA:115,2
LF:61
LH:53
BRDA:11,0,0,1
BRDA:11,0,1,5
BRDA:22,1,0,1
BRDA:22,1,1,4
BRDA:30,2,0,1
BRDA:30,2,1,3
BRDA:39,3,0,1
BRDA:39,3,1,2
BRDA:55,4,0,1
BRDA:55,4,1,1
BRDA:63,5,0,0
BRDA:63,5,1,1
BRDA:88,6,0,1
BRDA:88,6,1,0
BRDA:92,7,0,0
BRDA:92,7,1,0
BRF:16
BRH:12
end_of_record
TN:
SF:src\services\role\assign-role-permissions-service.js
FN:7,(anonymous_0)
FN:29,(anonymous_1)
FNF:2
FNH:2
FNDA:3,(anonymous_0)
FNDA:2,(anonymous_1)
DA:1,1
DA:2,1
DA:3,1
DA:4,1
DA:5,1
DA:7,1
DA:8,3
DA:10,3
DA:11,3
DA:12,1
DA:13,1
DA:14,1
DA:15,1
DA:18,2
DA:20,2
DA:22,2
DA:28,1
DA:29,2
DA:33,1
DA:36,1
DA:37,1
DA:38,1
DA:40,1
DA:41,1
DA:42,1
DA:46,1
LF:26
LH:26
BRDA:11,0,0,1
BRDA:11,0,1,2
BRDA:28,1,0,1
BRDA:28,1,1,0
BRDA:28,2,0,1
BRDA:28,2,1,1
BRF:6
BRH:5
end_of_record
TN:
SF:src\services\role\check-user-permission-service.js
FN:5,(anonymous_0)
FNF:1
FNH:1
FNDA:5,(anonymous_0)
DA:1,2
DA:2,2
DA:3,2
DA:5,2
DA:6,5
DA:7,1
DA:8,1
DA:12,4
DA:14,3
DA:15,3
DA:25,2
DA:27,1
DA:28,1
DA:32,2
LF:14
LH:14
BRDA:6,0,0,1
BRDA:6,0,1,4
BRDA:6,1,0,5
BRDA:6,1,1,4
BRDA:6,1,2,1
BRDA:12,2,0,1
BRDA:12,2,1,3
BRF:7
BRH:7
end_of_record
TN:
SF:src\services\role\get-permissions-service.js
FN:4,(anonymous_0)
FN:12,(anonymous_1)
FNF:2
FNH:2
FNDA:2,(anonymous_0)
FNDA:3,(anonymous_1)
DA:1,1
DA:2,1
DA:4,1
DA:5,2
DA:6,2
DA:7,2
DA:12,1
DA:13,3
DA:14,2
DA:16,3
DA:22,3
DA:25,1
DA:27,1
DA:28,1
DA:32,1
LF:15
LH:15
BRDA:13,0,0,2
BRDA:13,0,1,1
BRF:2
BRH:2
end_of_record
TN:
SF:src\services\role\get-user-permissions-service.js
FN:8,(anonymous_0)
FN:17,(anonymous_1)
FN:32,(anonymous_2)
FNF:3
FNH:3
FNDA:4,(anonymous_0)
FNDA:2,(anonymous_1)
FNDA:1,(anonymous_2)
DA:1,2
DA:2,2
DA:3,2
DA:8,2
DA:9,4
DA:10,1
DA:15,3
DA:16,1
DA:17,2
DA:20,2
DA:21,2
DA:31,1
DA:32,1
DA:34,1
DA:35,1
DA:39,2
LF:16
LH:16
BRDA:9,0,0,1
BRDA:9,0,1,3
BRDA:9,1,0,4
BRDA:9,1,1,4
BRDA:9,1,2,2
BRDA:15,2,0,1
BRDA:15,2,1,2
BRDA:31,3,0,0
BRDA:31,3,1,1
BRF:9
BRH:8
end_of_record
TN:
SF:src\services\user\assign-role-service.js
FN:6,(anonymous_0)
FNF:1
FNH:1
FNDA:3,(anonymous_0)
DA:1,1
DA:2,1
DA:3,1
DA:6,1
DA:7,3
DA:8,3
DA:9,3
DA:10,1
DA:11,1
DA:12,1
DA:13,1
DA:16,2
DA:17,2
DA:18,1
DA:19,1
DA:20,1
DA:21,1
DA:24,1
DA:25,1
DA:27,1
DA:28,1
DA:31,1
LF:22
LH:22
BRDA:9,0,0,1
BRDA:9,0,1,2
BRDA:17,1,0,1
BRDA:17,1,1,1
BRF:4
BRH:4
end_of_record
TN:
SF:src\services\user\delete-user-service.js
FN:5,(anonymous_0)
FNF:1
FNH:1
FNDA:2,(anonymous_0)
DA:1,1
DA:2,1
DA:5,1
DA:6,2
DA:7,2
DA:8,2
DA:9,1
DA:10,1
DA:11,1
DA:12,1
DA:15,1
DA:16,1
DA:17,1
DA:20,1
LF:14
LH:14
BRDA:8,0,0,1
BRDA:8,0,1,1
BRF:2
BRH:2
end_of_record
TN:
SF:src\services\user\get-user-by-id-service.js
FN:5,(anonymous_0)
FNF:1
FNH:1
FNDA:2,(anonymous_0)
DA:1,1
DA:2,1
DA:5,1
DA:6,2
DA:7,2
DA:10,2
DA:11,1
DA:12,1
DA:13,1
DA:14,1
DA:16,1
DA:17,1
DA:20,1
LF:13
LH:13
BRDA:10,0,0,1
BRDA:10,0,1,1
BRF:2
BRH:2
end_of_record
TN:
SF:src\services\user\get-users-service.js
FN:5,(anonymous_0)
FNF:1
FNH:1
FNDA:1,(anonymous_0)
DA:1,1
DA:2,1
DA:5,1
DA:6,1
DA:7,1
DA:10,1
DA:11,1
DA:14,1
LF:8
LH:8
BRF:0
BRH:0
end_of_record
TN:
SF:src\services\user\login-service.js
FN:8,(anonymous_0)
FNF:1
FNH:1
FNDA:4,(anonymous_0)
DA:1,1
DA:2,1
DA:3,1
DA:4,1
DA:5,1
DA:8,1
DA:9,4
DA:10,4
DA:11,4
DA:12,1
DA:13,1
DA:14,1
DA:15,1
DA:18,3
DA:20,3
DA:21,3
DA:22,1
DA:23,1
DA:24,1
DA:25,1
DA:28,2
DA:29,2
DA:30,1
DA:31,1
DA:32,1
DA:33,1
DA:36,1
DA:42,1
DA:43,1
DA:45,1
DA:46,1
DA:59,1
LF:32
LH:32
BRDA:11,0,0,1
BRDA:11,0,1,3
BRDA:21,1,0,1
BRDA:21,1,1,2
BRDA:29,2,0,1
BRDA:29,2,1,1
BRF:6
BRH:6
end_of_record
TN:
SF:src\services\user\register-service.js
FN:8,(anonymous_0)
FNF:1
FNH:1
FNDA:4,(anonymous_0)
DA:1,1
DA:2,1
DA:3,1
DA:4,1
DA:5,1
DA:8,1
DA:9,4
DA:10,4
DA:11,4
DA:12,1
DA:13,1
DA:14,1
DA:15,1
DA:18,3
DA:20,3
DA:21,3
DA:22,1
DA:23,1
DA:24,1
DA:25,1
DA:28,2
DA:31,2
DA:32,2
DA:34,2
DA:35,1
DA:36,1
DA:37,1
DA:40,1
DA:41,1
DA:44,2
DA:51,2
DA:52,2
DA:55,1
LF:33
LH:33
BRDA:11,0,0,1
BRDA:11,0,1,3
BRDA:21,1,0,1
BRDA:21,1,1,2
BRDA:34,2,0,1
BRDA:34,2,1,1
BRDA:36,3,0,1
BRDA:36,3,1,0
BRDA:41,4,0,1
BRDA:41,4,1,0
BRF:10
BRH:8
end_of_record
TN:
SF:src\services\user\update-user-service.js
FN:6,(anonymous_0)
FNF:1
FNH:1
FNDA:3,(anonymous_0)
DA:1,1
DA:2,1
DA:3,1
DA:6,1
DA:7,3
DA:8,3
DA:9,3
DA:10,1
DA:11,1
DA:12,1
DA:13,1
DA:16,2
DA:17,2
DA:18,1
DA:19,1
DA:20,1
DA:21,1
DA:24,1
DA:25,1
DA:26,1
DA:29,1
LF:21
LH:21
BRDA:9,0,0,1
BRDA:9,0,1,2
BRDA:17,1,0,1
BRDA:17,1,1,1
BRF:4
BRH:4
end_of_record
TN:
SF:src\utils\database.js
FNF:0
FNH:0
DA:1,50
DA:2,50
DA:4,50
DA:26,50
LF:4
LH:4
BRDA:10,0,0,50
BRDA:10,0,1,0
BRDA:11,1,0,50
BRDA:11,1,1,0
BRDA:11,2,0,0
BRDA:11,2,1,0
BRDA:17,3,0,50
BRDA:17,3,1,0
BRF:8
BRH:3
end_of_record
TN:
SF:src\utils\logger.js
FNF:0
FNH:0
DA:2,33
DA:4,33
DA:21,33
DA:28,33
LF:4
LH:4
BRF:0
BRH:0
end_of_record
TN:
SF:src\utils\permission.js
FNF:0
FNH:0
DA:5,1
DA:41,1
LF:2
LH:2
BRF:0
BRH:0
end_of_record
TN:
SF:src\utils\response.js
FN:2,(anonymous_0)
FN:9,(anonymous_1)
FN:17,(anonymous_2)
FN:25,(anonymous_3)
FNF:4
FNH:4
FNDA:11,(anonymous_0)
FNDA:17,(anonymous_1)
FNDA:6,(anonymous_2)
FNDA:8,(anonymous_3)
DA:2,9
DA:3,11
DA:9,9
DA:10,17
DA:11,17
DA:17,9
DA:18,6
DA:25,9
DA:26,8
DA:34,9
LF:10
LH:10
BRDA:10,0,0,1
BRDA:10,0,1,16
BRDA:17,1,0,0
BRDA:25,2,0,0
BRF:4
BRH:2
end_of_record
TN:
SF:src\validations\inbound-validation.js
FNF:0
FNH:0
DA:1,2
DA:3,2
DA:16,2
DA:20,2
DA:24,2
LF:5
LH:5
BRF:0
BRH:0
end_of_record
TN:
SF:src\validations\item-validation.js
FNF:0
FNH:0
DA:1,4
DA:3,4
DA:12,4
DA:21,4
LF:4
LH:4
BRF:0
BRH:0
end_of_record
TN:
SF:src\validations\location-validation.js
FNF:0
FNH:0
DA:1,2
DA:3,2
DA:12,2
DA:22,2
LF:4
LH:4
BRF:0
BRH:0
end_of_record
TN:
SF:src\validations\outbound-validation.js
FNF:0
FNH:0
DA:1,4
DA:3,4
DA:17,4
DA:21,4
LF:4
LH:4
BRF:0
BRH:0
end_of_record
TN:
SF:src\validations\user-validation.js
FNF:0
FNH:0
DA:2,5
DA:4,5
DA:11,5
DA:16,5
DA:22,5
DA:26,5
LF:6
LH:6
BRF:0
BRH:0
end_of_record
