TN:
SF:src\controllers\inbound.js
FN:5,(anonymous_0)
FN:15,(anonymous_1)
FN:26,(anonymous_2)
FN:36,(anonymous_3)
FN:56,(anonymous_4)
FN:75,(anonymous_5)
FNF:6
FNH:6
FNDA:2,(anonymous_0)
FNDA:2,(anonymous_1)
FNDA:2,(anonymous_2)
FNDA:5,(anonymous_3)
FNDA:5,(anonymous_4)
FNDA:3,(anonymous_5)
DA:1,1
DA:2,1
DA:3,1
DA:5,1
DA:6,2
DA:7,2
DA:8,2
DA:9,1
DA:11,1
DA:15,1
DA:16,2
DA:17,2
DA:18,2
DA:19,2
DA:20,1
DA:22,1
DA:26,1
DA:27,2
DA:28,2
DA:29,2
DA:30,1
DA:32,1
DA:36,1
DA:37,5
DA:38,5
DA:39,5
DA:46,4
DA:47,2
DA:50,2
DA:52,1
DA:56,1
DA:57,5
DA:58,5
DA:59,5
DA:65,4
DA:66,2
DA:69,2
DA:71,1
DA:75,1
DA:76,3
DA:77,3
DA:78,3
DA:82,2
DA:84,1
DA:88,1
LF:45
LH:45
BRDA:17,0,0,2
BRDA:17,0,1,2
BRDA:17,1,0,2
BRDA:17,1,1,2
BRDA:43,2,0,1
BRDA:43,2,1,4
BRDA:46,3,0,2
BRDA:46,3,1,2
BRDA:47,4,0,2
BRDA:47,4,1,1
BRDA:62,5,0,1
BRDA:62,5,1,4
BRDA:65,6,0,2
BRDA:65,6,1,2
BRDA:66,7,0,2
BRDA:66,7,1,1
BRDA:80,8,0,1
BRDA:80,8,1,2
BRF:18
BRH:18
end_of_record
TN:
SF:src\controllers\item.js
FN:6,(anonymous_0)
FN:17,(anonymous_1)
FN:28,(anonymous_2)
FN:39,(anonymous_3)
FN:50,(anonymous_4)
FN:61,(anonymous_5)
FN:73,(anonymous_6)
FN:84,(anonymous_7)
FNF:8
FNH:8
FNDA:2,(anonymous_0)
FNDA:2,(anonymous_1)
FNDA:2,(anonymous_2)
FNDA:2,(anonymous_3)
FNDA:2,(anonymous_4)
FNDA:3,(anonymous_5)
FNDA:2,(anonymous_6)
FNDA:2,(anonymous_7)
DA:1,1
DA:2,1
DA:3,1
DA:6,1
DA:7,2
DA:8,2
DA:9,2
DA:10,1
DA:12,1
DA:17,1
DA:18,2
DA:19,2
DA:20,2
DA:21,1
DA:23,1
DA:28,1
DA:29,2
DA:30,2
DA:31,2
DA:32,1
DA:34,1
DA:39,1
DA:40,2
DA:41,2
DA:42,2
DA:43,1
DA:45,1
DA:50,1
DA:51,2
DA:52,2
DA:53,2
DA:54,1
DA:56,1
DA:61,1
DA:62,3
DA:63,3
DA:64,3
DA:65,3
DA:66,2
DA:68,1
DA:73,1
DA:74,2
DA:75,2
DA:76,2
DA:77,1
DA:79,1
DA:84,1
DA:85,2
DA:86,2
DA:87,2
DA:88,1
DA:90,1
DA:94,1
LF:53
LH:53
BRDA:64,0,0,1
BRDA:64,0,1,2
BRF:2
BRH:2
end_of_record
TN:
SF:src\controllers\location.js
FN:10,(anonymous_0)
FN:83,(anonymous_1)
FN:113,(anonymous_2)
FN:147,(anonymous_3)
FN:231,(anonymous_4)
FNF:5
FNH:5
FNDA:5,(anonymous_0)
FNDA:2,(anonymous_1)
FNDA:3,(anonymous_2)
FNDA:7,(anonymous_3)
FNDA:3,(anonymous_4)
DA:1,1
DA:2,1
DA:3,1
DA:7,1
DA:10,1
DA:11,5
DA:12,5
DA:14,5
DA:15,5
DA:16,1
DA:24,4
DA:26,4
DA:30,4
DA:31,1
DA:38,3
DA:42,3
DA:43,1
DA:50,2
DA:62,1
DA:78,1
DA:83,1
DA:84,2
DA:85,2
DA:86,2
DA:101,1
DA:108,1
DA:113,1
DA:114,3
DA:115,3
DA:116,3
DA:130,2
DA:131,1
DA:138,1
DA:142,1
DA:147,1
DA:148,7
DA:149,7
DA:151,7
DA:152,7
DA:153,1
DA:160,6
DA:162,5
DA:163,1
DA:170,4
DA:172,4
DA:173,2
DA:176,2
DA:177,1
DA:185,3
DA:186,2
DA:189,2
DA:190,1
DA:198,2
DA:210,2
DA:226,1
DA:231,1
DA:232,3
DA:233,3
DA:234,3
DA:236,2
DA:237,1
DA:244,1
DA:246,1
DA:250,1
DA:254,1
LF:65
LH:65
BRDA:15,0,0,1
BRDA:15,0,1,4
BRDA:30,1,0,1
BRDA:30,1,1,3
BRDA:42,2,0,1
BRDA:42,2,1,2
BRDA:57,3,0,2
BRDA:57,3,1,2
BRDA:130,4,0,1
BRDA:130,4,1,1
BRDA:152,5,0,1
BRDA:152,5,1,6
BRDA:162,6,0,1
BRDA:162,6,1,4
BRDA:172,7,0,2
BRDA:172,7,1,2
BRDA:172,8,0,4
BRDA:172,8,1,2
BRDA:176,9,0,1
BRDA:176,9,1,1
BRDA:185,10,0,2
BRDA:185,10,1,1
BRDA:185,11,0,3
BRDA:185,11,1,2
BRDA:189,12,0,1
BRDA:189,12,1,1
BRDA:199,13,0,2
BRDA:199,13,1,1
BRDA:200,14,0,2
BRDA:200,14,1,1
BRDA:201,15,0,2
BRDA:201,15,1,2
BRDA:202,16,0,2
BRDA:202,16,1,2
BRDA:203,17,0,2
BRDA:203,17,1,2
BRDA:205,18,0,2
BRDA:205,18,1,2
BRDA:206,19,0,2
BRDA:206,19,1,2
BRDA:206,20,0,2
BRDA:206,20,1,2
BRDA:206,21,0,2
BRDA:206,21,1,2
BRDA:207,22,0,2
BRDA:207,22,1,2
BRDA:236,23,0,1
BRDA:236,23,1,1
BRF:48
BRH:48
end_of_record
TN:
SF:src\controllers\outbound.js
FN:5,(anonymous_0)
FN:15,(anonymous_1)
FN:26,(anonymous_2)
FN:36,(anonymous_3)
FN:55,(anonymous_4)
FN:70,(anonymous_5)
FNF:6
FNH:6
FNDA:2,(anonymous_0)
FNDA:2,(anonymous_1)
FNDA:2,(anonymous_2)
FNDA:4,(anonymous_3)
FNDA:4,(anonymous_4)
FNDA:6,(anonymous_5)
DA:1,1
DA:2,1
DA:3,1
DA:5,1
DA:6,2
DA:7,2
DA:8,2
DA:9,1
DA:11,1
DA:15,1
DA:16,2
DA:17,2
DA:18,2
DA:19,2
DA:20,1
DA:22,1
DA:26,1
DA:27,2
DA:28,2
DA:29,2
DA:30,1
DA:32,1
DA:36,1
DA:37,4
DA:38,4
DA:39,4
DA:45,3
DA:46,2
DA:49,1
DA:51,1
DA:55,1
DA:56,4
DA:57,4
DA:58,4
DA:60,3
DA:61,1
DA:64,2
DA:66,1
DA:70,1
DA:71,6
DA:72,6
DA:73,6
DA:75,5
DA:76,2
DA:79,3
DA:81,1
DA:85,1
LF:47
LH:47
BRDA:17,0,0,2
BRDA:17,0,1,2
BRDA:17,1,0,2
BRDA:17,1,1,2
BRDA:45,2,0,2
BRDA:45,2,1,1
BRDA:46,3,0,2
BRDA:46,3,1,1
BRDA:60,4,0,1
BRDA:60,4,1,2
BRDA:61,5,0,1
BRDA:61,5,1,1
BRDA:75,6,0,2
BRDA:75,6,1,3
BRDA:76,7,0,2
BRDA:76,7,1,1
BRF:16
BRH:16
end_of_record
TN:
SF:src\controllers\role.js
FN:7,(anonymous_0)
FN:21,(anonymous_1)
FN:23,(anonymous_2)
FN:34,(anonymous_3)
FN:44,(anonymous_4)
FNF:5
FNH:5
FNDA:3,(anonymous_0)
FNDA:2,(anonymous_1)
FNDA:1,(anonymous_2)
FNDA:2,(anonymous_3)
FNDA:3,(anonymous_4)
DA:1,1
DA:2,1
DA:3,1
DA:4,1
DA:5,1
DA:7,1
DA:8,3
DA:9,3
DA:21,2
DA:22,2
DA:23,2
DA:24,2
DA:27,2
DA:29,1
DA:30,1
DA:34,1
DA:35,2
DA:36,2
DA:37,1
DA:39,1
DA:40,1
DA:44,1
DA:45,3
DA:46,3
DA:48,3
DA:49,3
DA:50,1
DA:52,2
DA:53,2
DA:54,2
DA:58,1
LF:31
LH:31
BRDA:23,0,0,2
BRDA:23,0,1,1
BRDA:53,1,0,2
BRDA:53,1,1,1
BRF:4
BRH:4
end_of_record
TN:
SF:src\controllers\user.js
FN:5,(anonymous_0)
FN:15,(anonymous_1)
FN:25,(anonymous_2)
FN:36,(anonymous_3)
FN:46,(anonymous_4)
FN:56,(anonymous_5)
FN:66,(anonymous_6)
FN:76,(anonymous_7)
FNF:8
FNH:8
FNDA:2,(anonymous_0)
FNDA:2,(anonymous_1)
FNDA:2,(anonymous_2)
FNDA:2,(anonymous_3)
FNDA:2,(anonymous_4)
FNDA:2,(anonymous_5)
FNDA:2,(anonymous_6)
FNDA:2,(anonymous_7)
DA:1,1
DA:2,1
DA:3,1
DA:5,1
DA:6,2
DA:7,2
DA:8,2
DA:9,1
DA:11,1
DA:15,1
DA:16,2
DA:17,2
DA:18,2
DA:19,1
DA:21,1
DA:25,1
DA:26,2
DA:27,2
DA:28,2
DA:29,2
DA:30,1
DA:32,1
DA:36,1
DA:37,2
DA:38,2
DA:39,2
DA:40,1
DA:42,1
DA:46,1
DA:47,2
DA:48,2
DA:49,2
DA:50,1
DA:52,1
DA:56,1
DA:57,2
DA:58,2
DA:59,2
DA:60,1
DA:62,1
DA:66,1
DA:67,2
DA:68,2
DA:69,2
DA:70,1
DA:72,1
DA:76,1
DA:77,2
DA:78,2
DA:79,2
DA:80,2
DA:81,1
DA:83,1
DA:87,1
LF:54
LH:54
BRDA:27,0,0,2
BRDA:27,0,1,2
BRDA:27,1,0,2
BRDA:27,1,1,2
BRF:4
BRH:4
end_of_record
TN:
SF:src\middlewares\auth-middleware.js
FN:6,(anonymous_0)
FNF:1
FNH:1
FNDA:4,(anonymous_0)
DA:2,1
DA:3,1
DA:4,1
DA:6,1
DA:7,4
DA:9,4
DA:10,2
DA:13,2
DA:15,2
DA:16,2
DA:17,1
DA:22,1
DA:24,1
DA:25,1
DA:29,1
LF:15
LH:15
BRDA:9,0,0,2
BRDA:9,0,1,2
BRF:2
BRH:2
end_of_record
TN:
SF:src\middlewares\error-middleware.js
FN:7,(anonymous_0)
FN:16,(anonymous_1)
FN:20,(anonymous_2)
FNF:3
FNH:3
FNDA:6,(anonymous_0)
FNDA:1,(anonymous_1)
FNDA:1,(anonymous_2)
DA:1,1
DA:2,1
DA:7,1
DA:8,6
DA:9,6
DA:10,6
DA:13,6
DA:14,1
DA:15,1
DA:16,1
DA:17,5
DA:18,1
DA:19,1
DA:20,1
DA:21,4
DA:23,2
DA:24,2
DA:25,1
DA:30,6
DA:31,6
DA:32,2
DA:35,6
DA:38,1
LF:23
LH:23
BRDA:8,0,0,6
BRDA:8,0,1,5
BRDA:8,0,2,5
BRDA:9,1,0,6
BRDA:9,1,1,3
BRDA:10,2,0,6
BRDA:10,2,1,4
BRDA:13,3,0,1
BRDA:13,3,1,5
BRDA:17,4,0,1
BRDA:17,4,1,4
BRDA:21,5,0,2
BRDA:21,5,1,2
BRDA:24,6,0,1
BRDA:24,6,1,1
BRDA:31,7,0,2
BRDA:31,7,1,4
BRDA:31,8,0,6
BRDA:31,8,1,3
BRF:19
BRH:19
end_of_record
TN:
SF:src\middlewares\permission-middleware.js
FN:5,(anonymous_0)
FN:6,(anonymous_1)
FNF:2
FNH:2
FNDA:4,(anonymous_0)
FNDA:4,(anonymous_1)
DA:1,1
DA:2,1
DA:3,1
DA:5,1
DA:6,4
DA:7,4
DA:8,4
DA:9,1
DA:10,1
DA:13,3
DA:15,2
DA:16,1
DA:17,1
DA:22,1
DA:24,1
DA:25,1
DA:30,1
LF:17
LH:17
BRDA:8,0,0,1
BRDA:8,0,1,3
BRDA:15,1,0,1
BRDA:15,1,1,1
BRF:4
BRH:4
end_of_record
TN:
SF:src\middlewares\request-logger.js
FN:3,(anonymous_0)
FN:5,(anonymous_1)
FNF:2
FNH:2
FNDA:1,(anonymous_0)
FNDA:1,(anonymous_1)
DA:1,1
DA:3,1
DA:4,1
DA:5,1
DA:6,1
DA:7,1
DA:11,1
DA:14,1
LF:8
LH:8
BRF:0
BRH:0
end_of_record
TN:
SF:src\models\Inbound.js
FN:41,(anonymous_0)
FNF:1
FNH:1
FNDA:13,(anonymous_0)
DA:1,13
DA:2,13
DA:4,13
DA:41,13
DA:42,13
DA:46,13
DA:52,13
LF:7
LH:7
BRF:0
BRH:0
end_of_record
TN:
SF:src\models\InboundItem.js
FN:45,(anonymous_0)
FNF:1
FNH:1
FNDA:13,(anonymous_0)
DA:1,13
DA:2,13
DA:4,13
DA:45,13
DA:46,13
DA:50,13
DA:57,13
LF:7
LH:7
BRF:0
BRH:0
end_of_record
TN:
SF:src\models\InboundLog.js
FN:51,(anonymous_0)
FNF:1
FNH:1
FNDA:13,(anonymous_0)
DA:1,13
DA:2,13
DA:4,13
DA:51,13
DA:52,13
DA:56,13
DA:60,13
DA:66,13
LF:8
LH:8
BRF:0
BRH:0
end_of_record
TN:
SF:src\models\InventoryMovement.js
FN:64,(anonymous_0)
FNF:1
FNH:1
FNDA:13,(anonymous_0)
DA:1,13
DA:2,13
DA:4,13
DA:64,13
DA:65,13
DA:69,13
DA:75,13
LF:7
LH:7
BRF:0
BRH:0
end_of_record
TN:
SF:src\models\Item.js
FN:60,(anonymous_0)
FNF:1
FNH:1
FNDA:13,(anonymous_0)
DA:1,13
DA:2,13
DA:4,13
DA:60,13
DA:61,13
DA:67,13
DA:73,13
LF:7
LH:7
BRF:0
BRH:0
end_of_record
TN:
SF:src\models\ItemLocation.js
FN:49,(anonymous_0)
FNF:1
FNH:1
FNDA:13,(anonymous_0)
DA:1,13
DA:2,13
DA:4,13
DA:49,13
DA:50,13
DA:54,13
DA:60,13
LF:7
LH:7
BRF:0
BRH:0
end_of_record
TN:
SF:src\models\Location.js
FN:59,(anonymous_0)
FNF:1
FNH:1
FNDA:13,(anonymous_0)
DA:1,13
DA:2,13
DA:4,13
DA:59,13
DA:60,13
DA:68,13
LF:6
LH:6
BRF:0
BRH:0
end_of_record
TN:
SF:src\models\ModelWithoutAssociate.js
FNF:0
FNH:0
DA:1,13
DA:2,13
DA:4,13
DA:19,13
LF:4
LH:4
BRF:0
BRH:0
end_of_record
TN:
SF:src\models\Outbound.js
FN:48,(anonymous_0)
FNF:1
FNH:1
FNDA:13,(anonymous_0)
DA:1,13
DA:2,13
DA:4,13
DA:48,13
DA:49,13
DA:55,13
LF:6
LH:6
BRF:0
BRH:0
end_of_record
TN:
SF:src\models\OutboundItem.js
FN:45,(anonymous_0)
FNF:1
FNH:1
FNDA:13,(anonymous_0)
DA:1,13
DA:2,13
DA:4,13
DA:45,13
DA:46,13
DA:50,13
DA:57,13
LF:7
LH:7
BRF:0
BRH:0
end_of_record
TN:
SF:src\models\OutboundLog.js
FN:47,(anonymous_0)
FNF:1
FNH:1
FNDA:13,(anonymous_0)
DA:1,13
DA:2,13
DA:4,13
DA:47,13
DA:48,13
DA:52,13
DA:58,13
LF:7
LH:7
BRF:0
BRH:0
end_of_record
TN:
SF:src\models\Permission.js
FN:36,(anonymous_0)
FNF:1
FNH:1
FNDA:13,(anonymous_0)
DA:1,13
DA:2,13
DA:4,13
DA:36,13
DA:37,13
DA:45,13
LF:6
LH:6
BRF:0
BRH:0
end_of_record
TN:
SF:src\models\Role.js
FN:32,(anonymous_0)
FNF:1
FNH:1
FNDA:13,(anonymous_0)
DA:1,13
DA:2,13
DA:4,13
DA:32,13
DA:33,13
DA:34,13
DA:42,13
LF:7
LH:7
BRF:0
BRH:0
end_of_record
TN:
SF:src\models\RolePermission.js
FN:28,(anonymous_0)
FNF:1
FNH:1
FNDA:13,(anonymous_0)
DA:1,14
DA:2,14
DA:4,14
DA:28,14
DA:29,13
DA:30,13
DA:33,14
LF:7
LH:7
BRF:0
BRH:0
end_of_record
TN:
SF:src\models\User.js
FN:49,(anonymous_0)
FNF:1
FNH:1
FNDA:13,(anonymous_0)
DA:1,13
DA:2,13
DA:4,13
DA:49,13
DA:50,13
DA:53,13
LF:6
LH:6
BRF:0
BRH:0
end_of_record
TN:
SF:src\models\index.js
FN:9,(anonymous_0)
FN:12,(anonymous_1)
FN:18,(anonymous_2)
FNF:3
FNH:3
FNDA:208,(anonymous_0)
FNDA:195,(anonymous_1)
FNDA:195,(anonymous_2)
DA:1,13
DA:2,13
DA:3,13
DA:4,13
DA:5,13
DA:8,13
DA:10,208
DA:13,195
DA:14,195
DA:18,13
DA:19,195
DA:20,182
DA:24,13
DA:25,13
DA:26,13
DA:28,13
LF:16
LH:16
BRDA:10,0,0,208
BRDA:10,0,1,208
BRDA:10,0,2,195
BRDA:19,1,0,182
BRDA:19,1,1,13
BRF:5
BRH:5
end_of_record
TN:
SF:src\services\inbound\create-inbound-service.js
FN:10,(anonymous_0)
FN:34,(anonymous_1)
FNF:2
FNH:2
FNDA:6,(anonymous_0)
FNDA:1,(anonymous_1)
DA:1,2
DA:2,2
DA:3,2
DA:10,2
DA:11,6
DA:13,6
DA:15,6
DA:16,5
DA:17,5
DA:18,4
DA:19,1
DA:20,1
DA:21,1
DA:22,1
DA:25,3
DA:27,2
DA:32,1
DA:34,1
DA:41,1
DA:43,1
DA:44,1
DA:46,4
DA:47,4
DA:48,4
DA:52,2
LF:25
LH:25
BRDA:18,0,0,1
BRDA:18,0,1,3
BRDA:46,1,0,3
BRDA:46,1,1,1
BRF:4
BRH:4
end_of_record
TN:
SF:src\services\inbound\finalize-inbound-service.js
FN:13,(anonymous_0)
FN:50,(anonymous_1)
FN:56,(anonymous_2)
FN:83,(anonymous_3)
FNF:4
FNH:4
FNDA:6,(anonymous_0)
FNDA:2,(anonymous_1)
FNDA:2,(anonymous_2)
FNDA:1,(anonymous_3)
DA:1,2
DA:2,2
DA:3,2
DA:13,2
DA:14,6
DA:17,6
DA:18,6
DA:20,5
DA:25,5
DA:26,1
DA:27,1
DA:28,1
DA:31,4
DA:32,1
DA:33,1
DA:34,1
DA:38,3
DA:43,2
DA:44,1
DA:45,1
DA:46,1
DA:50,2
DA:51,1
DA:56,2
DA:59,1
DA:60,2
DA:61,2
DA:65,1
DA:66,1
DA:69,1
DA:70,1
DA:73,1
DA:75,1
DA:83,1
DA:92,5
DA:93,5
DA:94,5
DA:98,2
LF:38
LH:38
BRDA:25,0,0,1
BRDA:25,0,1,4
BRDA:31,1,0,1
BRDA:31,1,1,3
BRDA:43,2,0,1
BRDA:43,2,1,1
BRDA:92,3,0,4
BRDA:92,3,1,1
BRF:8
BRH:8
end_of_record
TN:
SF:src\services\inbound\get-inbound-detail-service.js
FN:9,(anonymous_0)
FN:38,(anonymous_1)
FNF:2
FNH:2
FNDA:3,(anonymous_0)
FNDA:2,(anonymous_1)
DA:1,2
DA:2,2
DA:9,2
DA:10,3
DA:12,3
DA:29,3
DA:30,1
DA:31,1
DA:32,1
DA:33,1
DA:37,2
DA:38,2
DA:48,2
DA:49,2
DA:52,2
LF:15
LH:15
BRDA:29,0,0,1
BRDA:29,0,1,2
BRDA:43,1,0,2
BRDA:43,1,1,1
BRDA:44,2,0,2
BRDA:44,2,1,1
BRDA:45,3,0,2
BRDA:45,3,1,1
BRF:8
BRH:8
end_of_record
TN:
SF:src\services\inbound\get-inbounds-service.js
FN:11,(anonymous_0)
FN:32,(anonymous_1)
FN:47,(anonymous_2)
FN:52,(anonymous_3)
FNF:4
FNH:4
FNDA:2,(anonymous_0)
FNDA:2,(anonymous_1)
FNDA:1,(anonymous_2)
FNDA:2,(anonymous_3)
DA:1,2
DA:2,2
DA:11,2
DA:12,2
DA:14,2
DA:17,2
DA:25,2
DA:26,1
DA:32,2
DA:35,1
DA:47,1
DA:48,1
DA:49,1
DA:52,1
DA:53,2
DA:54,2
DA:55,2
DA:57,2
DA:66,1
DA:67,1
DA:78,2
LF:21
LH:21
BRDA:11,0,0,2
BRDA:11,1,0,2
BRDA:11,2,0,2
BRDA:25,3,0,1
BRDA:25,3,1,1
BRDA:53,4,0,2
BRDA:53,4,1,1
BRDA:54,5,0,2
BRDA:54,5,1,1
BRDA:55,6,0,2
BRDA:55,6,1,1
BRDA:59,7,0,2
BRDA:59,7,1,1
BRDA:62,8,0,1
BRDA:62,8,1,1
BRF:15
BRH:15
end_of_record
TN:
SF:src\services\inbound\index.js
FNF:0
FNH:0
DA:1,1
DA:2,1
DA:3,1
DA:4,1
DA:5,1
DA:6,1
DA:8,1
LF:7
LH:7
BRF:0
BRH:0
end_of_record
TN:
SF:src\services\inbound\scan-qr-stored-service.js
FN:13,(anonymous_0)
FNF:1
FNH:1
FNDA:9,(anonymous_0)
DA:1,2
DA:2,2
DA:13,2
DA:14,9
DA:17,9
DA:18,9
DA:19,8
DA:24,7
DA:25,1
DA:26,1
DA:27,1
DA:30,6
DA:31,1
DA:32,1
DA:33,1
DA:36,5
DA:37,5
DA:38,1
DA:39,1
DA:40,1
DA:44,4
DA:49,4
DA:50,1
DA:51,1
DA:52,1
DA:56,3
DA:57,3
DA:58,3
DA:59,3
DA:62,3
DA:67,3
DA:68,2
DA:69,2
DA:71,1
DA:79,3
DA:89,3
DA:91,3
DA:104,6
DA:105,6
DA:106,6
DA:110,2
LF:41
LH:41
BRDA:24,0,0,1
BRDA:24,0,1,6
BRDA:30,1,0,1
BRDA:30,1,1,5
BRDA:37,2,0,1
BRDA:37,2,1,4
BRDA:49,3,0,1
BRDA:49,3,1,3
BRDA:67,4,0,2
BRDA:67,4,1,1
BRDA:86,5,0,2
BRDA:86,5,1,1
BRDA:104,6,0,5
BRDA:104,6,1,1
BRF:14
BRH:14
end_of_record
TN:
SF:src\services\inbound\scan-rfid-received-service.js
FN:14,(anonymous_0)
FNF:1
FNH:1
FNDA:11,(anonymous_0)
DA:1,2
DA:2,2
DA:14,2
DA:15,11
DA:18,11
DA:19,11
DA:20,10
DA:21,9
DA:22,1
DA:23,1
DA:24,1
DA:27,8
DA:28,1
DA:29,1
DA:30,1
DA:33,7
DA:34,7
DA:35,1
DA:36,1
DA:37,1
DA:40,6
DA:45,6
DA:46,1
DA:47,1
DA:48,1
DA:52,5
DA:57,5
DA:58,1
DA:59,1
DA:60,1
DA:63,4
DA:64,1
DA:65,1
DA:66,1
DA:70,3
DA:71,3
DA:72,1
DA:73,1
DA:74,1
DA:78,2
DA:79,2
DA:82,2
DA:83,1
DA:84,1
DA:88,2
DA:97,2
DA:99,2
DA:111,9
DA:112,9
DA:113,9
DA:117,2
LF:51
LH:51
BRDA:21,0,0,1
BRDA:21,0,1,8
BRDA:27,1,0,1
BRDA:27,1,1,7
BRDA:34,2,0,1
BRDA:34,2,1,6
BRDA:45,3,0,1
BRDA:45,3,1,5
BRDA:57,4,0,1
BRDA:57,4,1,4
BRDA:63,5,0,1
BRDA:63,5,1,3
BRDA:71,6,0,1
BRDA:71,6,1,2
BRDA:82,7,0,1
BRDA:82,7,1,1
BRDA:92,8,0,2
BRDA:92,8,1,1
BRDA:93,9,0,2
BRDA:93,9,1,1
BRDA:111,10,0,8
BRDA:111,10,1,1
BRF:22
BRH:22
end_of_record
TN:
SF:src\services\item\delete-item-service.js
FN:9,(anonymous_0)
FNF:1
FNH:1
FNDA:2,(anonymous_0)
DA:1,2
DA:2,2
DA:9,2
DA:10,2
DA:11,2
DA:12,2
DA:13,1
DA:14,1
DA:15,1
DA:16,1
DA:19,1
DA:20,1
DA:21,1
DA:24,2
LF:14
LH:14
BRDA:12,0,0,1
BRDA:12,0,1,1
BRF:2
BRH:2
end_of_record
TN:
SF:src\services\item\get-item-by-id-service.js
FN:9,(anonymous_0)
FNF:1
FNH:1
FNDA:2,(anonymous_0)
DA:1,2
DA:2,2
DA:9,2
DA:10,2
DA:11,2
DA:31,2
DA:32,1
DA:33,1
DA:34,1
DA:35,1
DA:37,1
DA:38,1
DA:41,2
LF:13
LH:13
BRDA:31,0,0,1
BRDA:31,0,1,1
BRF:2
BRH:2
end_of_record
TN:
SF:src\services\item\get-item-history-service.js
FN:9,(anonymous_0)
FNF:1
FNH:1
FNDA:2,(anonymous_0)
DA:1,2
DA:2,2
DA:9,2
DA:10,2
DA:12,2
DA:13,2
DA:14,1
DA:15,1
DA:16,1
DA:19,1
DA:31,1
DA:34,2
LF:12
LH:12
BRDA:13,0,0,1
BRDA:13,0,1,1
BRF:2
BRH:2
end_of_record
TN:
SF:src\services\item\get-items-service.js
FN:11,(anonymous_0)
FNF:1
FNH:1
FNDA:2,(anonymous_0)
DA:1,2
DA:2,2
DA:11,2
DA:12,2
DA:14,2
DA:16,2
DA:41,2
DA:43,2
DA:54,2
LF:9
LH:9
BRDA:11,0,0,1
BRDA:11,1,0,1
BRDA:11,2,0,1
BRF:3
BRH:3
end_of_record
TN:
SF:src\services\item\get-reconciliation-service.js
FN:8,(anonymous_0)
FNF:1
FNH:1
FNDA:2,(anonymous_0)
DA:1,2
DA:2,2
DA:8,2
DA:9,2
DA:11,2
DA:12,2
DA:24,1
DA:25,1
DA:27,1
DA:28,1
DA:32,2
LF:11
LH:11
BRF:0
BRH:0
end_of_record
TN:
SF:src\services\item\index.js
FNF:0
FNH:0
DA:1,1
DA:2,1
DA:3,1
DA:4,1
DA:5,1
DA:6,1
DA:7,1
DA:8,1
DA:10,1
LF:9
LH:9
BRF:0
BRH:0
end_of_record
TN:
SF:src\services\item\register-item-service.js
FN:10,(anonymous_0)
FNF:1
FNH:1
FNDA:7,(anonymous_0)
DA:1,2
DA:2,2
DA:3,2
DA:10,2
DA:11,7
DA:14,7
DA:15,1
DA:16,1
DA:17,1
DA:20,6
DA:21,1
DA:22,1
DA:23,1
DA:26,5
DA:28,5
DA:30,4
DA:31,4
DA:32,3
DA:33,1
DA:34,1
DA:35,1
DA:38,2
DA:39,2
DA:40,1
DA:41,1
DA:42,1
DA:45,1
DA:47,1
DA:48,1
DA:50,1
DA:52,3
DA:53,3
DA:54,3
DA:58,2
LF:34
LH:34
BRDA:14,0,0,1
BRDA:14,0,1,6
BRDA:20,1,0,1
BRDA:20,1,1,5
BRDA:32,2,0,1
BRDA:32,2,1,2
BRDA:39,3,0,1
BRDA:39,3,1,1
BRDA:52,4,0,2
BRDA:52,4,1,1
BRF:10
BRH:10
end_of_record
TN:
SF:src\services\item\set-stock-opname-service.js
FN:11,(anonymous_0)
FNF:1
FNH:1
FNDA:11,(anonymous_0)
DA:1,2
DA:2,2
DA:11,2
DA:12,11
DA:13,11
DA:17,11
DA:18,11
DA:19,9
DA:20,7
DA:21,1
DA:22,1
DA:23,1
DA:26,6
DA:27,6
DA:28,1
DA:29,1
DA:30,1
DA:33,5
DA:38,5
DA:39,5
DA:40,4
DA:42,1
DA:49,5
DA:51,5
DA:52,1
DA:53,1
DA:54,1
DA:57,4
DA:58,4
DA:61,4
DA:66,4
DA:67,4
DA:69,4
DA:70,4
DA:80,4
DA:81,4
DA:83,4
DA:89,7
DA:90,7
DA:91,7
DA:95,2
LF:41
LH:41
BRDA:20,0,0,1
BRDA:20,0,1,6
BRDA:27,1,0,1
BRDA:27,1,1,5
BRDA:39,2,0,4
BRDA:39,2,1,1
BRDA:51,3,0,1
BRDA:51,3,1,4
BRDA:69,4,0,1
BRDA:69,4,1,3
BRDA:77,5,0,4
BRDA:77,5,1,2
BRDA:89,6,0,4
BRDA:89,6,1,3
BRF:14
BRH:14
end_of_record
TN:
SF:src\services\item\update-item-service.js
FN:11,(anonymous_0)
FNF:1
FNH:1
FNDA:6,(anonymous_0)
DA:1,2
DA:2,2
DA:3,2
DA:11,2
DA:12,6
DA:14,6
DA:15,1
DA:16,1
DA:17,1
DA:20,5
DA:21,5
DA:22,1
DA:23,1
DA:24,1
DA:25,1
DA:29,4
DA:30,2
DA:31,2
DA:32,1
DA:33,1
DA:34,1
DA:35,1
DA:40,3
DA:41,2
DA:42,2
DA:43,1
DA:44,1
DA:45,1
DA:46,1
DA:50,2
DA:51,2
DA:53,2
DA:56,2
LF:33
LH:33
BRDA:14,0,0,1
BRDA:14,0,1,5
BRDA:14,1,0,6
BRDA:14,1,1,3
BRDA:21,2,0,1
BRDA:21,2,1,4
BRDA:29,3,0,2
BRDA:29,3,1,2
BRDA:29,4,0,4
BRDA:29,4,1,2
BRDA:31,5,0,1
BRDA:31,5,1,1
BRDA:40,6,0,2
BRDA:40,6,1,1
BRDA:40,7,0,3
BRDA:40,7,1,2
BRDA:42,8,0,1
BRDA:42,8,1,1
BRF:18
BRH:18
end_of_record
TN:
SF:src\services\outbound\create-outbound-service.js
FN:11,(anonymous_0)
FN:36,(anonymous_1)
FNF:2
FNH:2
FNDA:6,(anonymous_0)
FNDA:1,(anonymous_1)
DA:1,2
DA:2,2
DA:3,2
DA:11,2
DA:12,6
DA:14,6
DA:16,6
DA:17,5
DA:18,5
DA:19,4
DA:20,1
DA:21,1
DA:22,1
DA:23,1
DA:26,3
DA:28,2
DA:34,1
DA:36,1
DA:43,1
DA:45,1
DA:46,1
DA:48,4
DA:49,4
DA:50,4
DA:54,2
LF:25
LH:25
BRDA:19,0,0,1
BRDA:19,0,1,3
BRDA:48,1,0,3
BRDA:48,1,1,1
BRF:4
BRH:4
end_of_record
TN:
SF:src\services\outbound\finalize-outbound-service.js
FN:17,(anonymous_0)
FN:76,(anonymous_1)
FN:123,(anonymous_2)
FN:139,(anonymous_3)
FNF:4
FNH:4
FNDA:5,(anonymous_0)
FNDA:10,(anonymous_1)
FNDA:3,(anonymous_2)
FNDA:3,(anonymous_3)
DA:9,2
DA:10,2
DA:11,2
DA:17,2
DA:18,5
DA:19,5
DA:22,4
DA:27,4
DA:28,3
DA:29,3
DA:33,4
DA:38,4
DA:39,3
DA:40,3
DA:42,3
DA:43,2
DA:45,1
DA:49,3
DA:60,3
DA:64,4
DA:65,4
DA:76,2
DA:77,10
DA:80,10
DA:81,10
DA:82,9
DA:87,8
DA:88,1
DA:89,1
DA:90,1
DA:93,7
DA:94,1
DA:95,1
DA:96,1
DA:100,6
DA:105,6
DA:106,1
DA:107,1
DA:108,1
DA:112,5
DA:113,5
DA:118,5
DA:123,5
DA:125,5
DA:126,5
DA:128,5
DA:130,5
DA:139,3
DA:148,5
DA:149,5
DA:150,5
DA:154,2
LF:52
LH:52
BRDA:19,0,0,1
BRDA:19,0,1,4
BRDA:27,1,0,3
BRDA:27,1,1,1
BRDA:38,2,0,3
BRDA:38,2,1,1
BRDA:42,3,0,2
BRDA:42,3,1,1
BRDA:56,4,0,2
BRDA:56,4,1,1
BRDA:87,5,0,1
BRDA:87,5,1,7
BRDA:93,6,0,1
BRDA:93,6,1,6
BRDA:105,7,0,1
BRDA:105,7,1,5
BRDA:125,8,0,4
BRDA:125,8,1,1
BRDA:148,9,0,4
BRDA:148,9,1,1
BRF:20
BRH:20
end_of_record
TN:
SF:src\services\outbound\get-outbound-detail-service.js
FN:9,(anonymous_0)
FN:42,(anonymous_1)
FNF:2
FNH:2
FNDA:6,(anonymous_0)
FNDA:4,(anonymous_1)
DA:1,2
DA:2,2
DA:9,2
DA:10,6
DA:12,6
DA:29,6
DA:30,1
DA:31,1
DA:32,1
DA:33,1
DA:36,5
DA:39,5
DA:40,5
DA:42,5
DA:43,4
DA:44,4
DA:46,4
DA:47,4
DA:49,4
DA:61,5
DA:63,5
DA:65,5
DA:73,2
LF:23
LH:23
BRDA:29,0,0,1
BRDA:29,0,1,5
BRDA:43,1,0,4
BRDA:43,1,1,1
BRDA:44,2,0,4
BRDA:44,2,1,1
BRDA:54,3,0,4
BRDA:54,3,1,1
BRDA:55,4,0,4
BRDA:55,4,1,3
BRDA:56,5,0,4
BRDA:56,5,1,3
BRDA:57,6,0,4
BRDA:57,6,1,3
BRDA:61,7,0,3
BRDA:61,7,1,2
BRF:16
BRH:16
end_of_record
TN:
SF:src\services\outbound\get-outbounds-service.js
FN:11,(anonymous_0)
FN:32,(anonymous_1)
FN:47,(anonymous_2)
FN:52,(anonymous_3)
FNF:4
FNH:4
FNDA:2,(anonymous_0)
FNDA:3,(anonymous_1)
FNDA:2,(anonymous_2)
FNDA:3,(anonymous_3)
DA:1,2
DA:2,2
DA:11,2
DA:12,2
DA:14,2
DA:17,2
DA:25,2
DA:26,1
DA:32,3
DA:35,1
DA:47,1
DA:48,2
DA:49,2
DA:52,1
DA:53,3
DA:54,3
DA:55,3
DA:57,3
DA:66,1
DA:67,1
DA:78,2
LF:21
LH:21
BRDA:11,0,0,2
BRDA:11,1,0,2
BRDA:11,2,0,2
BRDA:25,3,0,1
BRDA:25,3,1,1
BRDA:53,4,0,3
BRDA:53,4,1,1
BRDA:54,5,0,3
BRDA:54,5,1,2
BRDA:55,6,0,3
BRDA:55,6,1,2
BRDA:59,7,0,3
BRDA:59,7,1,2
BRDA:62,8,0,1
BRDA:62,8,1,2
BRF:15
BRH:15
end_of_record
TN:
SF:src\services\outbound\index.js
FNF:0
FNH:0
DA:1,1
DA:2,1
DA:3,1
DA:4,1
DA:5,1
DA:6,1
DA:8,1
LF:7
LH:7
BRF:0
BRH:0
end_of_record
TN:
SF:src\services\outbound\scan-qr-picking-service.js
FN:21,(anonymous_0)
FN:96,(anonymous_1)
FNF:2
FNH:2
FNDA:15,(anonymous_0)
FNDA:2,(anonymous_1)
DA:9,2
DA:10,2
DA:21,2
DA:22,15
DA:25,15
DA:26,15
DA:27,14
DA:28,13
DA:29,1
DA:30,1
DA:31,1
DA:34,12
DA:35,1
DA:36,1
DA:37,1
DA:40,11
DA:45,11
DA:46,1
DA:47,1
DA:48,1
DA:51,10
DA:56,10
DA:57,1
DA:58,1
DA:59,1
DA:62,9
DA:70,9
DA:71,1
DA:72,1
DA:73,1
DA:77,8
DA:82,8
DA:83,1
DA:84,1
DA:85,1
DA:91,7
DA:96,7
DA:97,7
DA:98,2
DA:102,2
DA:103,1
DA:104,1
DA:105,1
DA:109,6
DA:114,6
DA:115,2
DA:116,2
DA:117,2
DA:121,4
DA:128,4
DA:129,2
DA:130,2
DA:133,4
DA:135,4
DA:141,11
DA:142,11
DA:143,11
DA:147,2
LF:58
LH:58
BRDA:28,0,0,1
BRDA:28,0,1,12
BRDA:34,1,0,1
BRDA:34,1,1,11
BRDA:45,2,0,1
BRDA:45,2,1,10
BRDA:56,3,0,1
BRDA:56,3,1,9
BRDA:70,4,0,1
BRDA:70,4,1,8
BRDA:82,5,0,1
BRDA:82,5,1,7
BRDA:97,6,0,2
BRDA:97,6,1,5
BRDA:102,7,0,1
BRDA:102,7,1,1
BRDA:114,8,0,2
BRDA:114,8,1,4
BRDA:114,9,0,6
BRDA:114,9,1,5
BRDA:128,10,0,2
BRDA:128,10,1,2
BRDA:141,11,0,10
BRDA:141,11,1,1
BRF:24
BRH:24
end_of_record
TN:
SF:src\services\outbound\scan-rfid-staging-service.js
FN:13,(anonymous_0)
FNF:1
FNH:1
FNDA:4,(anonymous_0)
DA:4,2
DA:5,2
DA:13,2
DA:14,4
DA:17,4
DA:18,4
DA:20,3
DA:25,2
DA:26,1
DA:27,1
DA:28,1
DA:31,1
DA:32,1
DA:33,1
DA:35,1
DA:37,1
DA:43,3
DA:44,3
DA:45,3
DA:49,2
LF:20
LH:20
BRDA:25,0,0,1
BRDA:25,0,1,1
BRDA:43,1,0,2
BRDA:43,1,1,1
BRF:4
BRH:4
end_of_record
TN:
SF:src\services\role\assign-role-permissions-service.js
FN:11,(anonymous_0)
FN:34,(anonymous_1)
FNF:2
FNH:2
FNDA:5,(anonymous_0)
FNDA:2,(anonymous_1)
DA:1,2
DA:2,2
DA:11,2
DA:12,5
DA:14,5
DA:15,5
DA:16,1
DA:17,1
DA:18,1
DA:19,1
DA:22,4
DA:24,4
DA:26,4
DA:32,3
DA:33,3
DA:34,2
DA:38,1
DA:39,1
DA:42,3
DA:43,3
DA:45,3
DA:51,1
DA:52,1
DA:53,1
DA:57,2
LF:25
LH:25
BRDA:15,0,0,1
BRDA:15,0,1,4
BRDA:33,1,0,1
BRDA:33,1,1,2
BRDA:33,2,0,3
BRDA:33,2,1,2
BRF:6
BRH:6
end_of_record
TN:
SF:src\services\role\check-user-permission-service.js
FN:11,(anonymous_0)
FNF:1
FNH:1
FNDA:5,(anonymous_0)
DA:1,2
DA:2,2
DA:11,2
DA:12,5
DA:13,1
DA:14,1
DA:18,4
DA:20,3
DA:21,3
DA:32,2
DA:34,1
DA:35,1
DA:39,2
LF:13
LH:13
BRDA:12,0,0,1
BRDA:12,0,1,4
BRDA:12,1,0,5
BRDA:12,1,1,4
BRDA:12,1,2,1
BRDA:18,2,0,1
BRDA:18,2,1,3
BRF:7
BRH:7
end_of_record
TN:
SF:src\services\role\get-permissions-service.js
FN:8,(anonymous_0)
FN:16,(anonymous_1)
FNF:2
FNH:2
FNDA:2,(anonymous_0)
FNDA:3,(anonymous_1)
DA:1,2
DA:2,2
DA:8,2
DA:9,2
DA:10,2
DA:11,2
DA:16,1
DA:17,3
DA:18,2
DA:20,3
DA:26,3
DA:29,1
DA:31,1
DA:32,1
DA:36,2
LF:15
LH:15
BRDA:17,0,0,2
BRDA:17,0,1,1
BRF:2
BRH:2
end_of_record
TN:
SF:src\services\role\get-user-permissions-service.js
FN:10,(anonymous_0)
FN:18,(anonymous_1)
FN:35,(anonymous_2)
FNF:3
FNH:3
FNDA:6,(anonymous_0)
FNDA:2,(anonymous_1)
FNDA:1,(anonymous_2)
DA:1,3
DA:2,3
DA:10,3
DA:11,6
DA:12,2
DA:16,4
DA:17,1
DA:18,2
DA:21,3
DA:22,3
DA:33,2
DA:35,1
DA:37,1
DA:38,1
DA:42,3
LF:15
LH:15
BRDA:11,0,0,2
BRDA:11,0,1,4
BRDA:11,1,0,6
BRDA:11,1,1,5
BRDA:11,1,2,2
BRDA:16,2,0,1
BRDA:16,2,1,3
BRDA:33,3,0,1
BRDA:33,3,1,1
BRF:9
BRH:9
end_of_record
TN:
SF:src\services\user\assign-role-service.js
FN:10,(anonymous_0)
FNF:1
FNH:1
FNDA:2,(anonymous_0)
DA:1,2
DA:2,2
DA:10,2
DA:11,2
DA:13,2
DA:15,2
DA:16,1
DA:17,1
DA:18,1
DA:19,1
DA:22,1
DA:23,1
DA:25,1
DA:27,1
DA:37,2
LF:15
LH:15
BRDA:15,0,0,1
BRDA:15,0,1,1
BRF:2
BRH:2
end_of_record
TN:
SF:src\services\user\delete-user-service.js
FN:9,(anonymous_0)
FNF:1
FNH:1
FNDA:2,(anonymous_0)
DA:1,2
DA:2,2
DA:9,2
DA:10,2
DA:12,2
DA:14,2
DA:15,1
DA:16,1
DA:17,1
DA:18,1
DA:21,1
DA:23,1
DA:25,1
DA:28,2
LF:14
LH:14
BRDA:14,0,0,1
BRDA:14,0,1,1
BRF:2
BRH:2
end_of_record
TN:
SF:src\services\user\get-user-by-id-service.js
FN:9,(anonymous_0)
FNF:1
FNH:1
FNDA:2,(anonymous_0)
DA:1,2
DA:2,2
DA:9,2
DA:10,2
DA:12,2
DA:23,2
DA:24,1
DA:25,1
DA:26,1
DA:27,1
DA:30,1
DA:32,1
DA:35,2
LF:13
LH:13
BRDA:23,0,0,1
BRDA:23,0,1,1
BRF:2
BRH:2
end_of_record
TN:
SF:src\services\user\get-users-service.js
FN:11,(anonymous_0)
FNF:1
FNH:1
FNDA:2,(anonymous_0)
DA:1,2
DA:2,2
DA:11,2
DA:12,2
DA:14,2
DA:16,2
DA:30,2
DA:32,2
DA:43,2
LF:9
LH:9
BRDA:11,0,0,1
BRDA:11,1,0,1
BRDA:11,2,0,1
BRF:3
BRH:3
end_of_record
TN:
SF:src\services\user\index.js
FNF:0
FNH:0
DA:1,1
DA:2,1
DA:3,1
DA:4,1
DA:5,1
DA:6,1
DA:7,1
DA:8,1
DA:10,1
LF:9
LH:9
BRF:0
BRH:0
end_of_record
TN:
SF:src\services\user\login-service.js
FN:12,(anonymous_0)
FNF:1
FNH:1
FNDA:4,(anonymous_0)
DA:1,2
DA:2,2
DA:3,2
DA:4,2
DA:5,2
DA:12,2
DA:13,4
DA:14,4
DA:17,4
DA:19,4
DA:20,1
DA:21,1
DA:22,1
DA:23,1
DA:26,3
DA:27,3
DA:28,1
DA:29,1
DA:30,1
DA:31,1
DA:34,2
DA:36,2
DA:46,2
DA:52,2
DA:54,2
DA:68,2
LF:26
LH:26
BRDA:19,0,0,1
BRDA:19,0,1,3
BRDA:27,1,0,1
BRDA:27,1,1,2
BRDA:43,2,0,2
BRDA:43,2,1,2
BRDA:49,3,0,2
BRDA:49,3,1,2
BRF:8
BRH:8
end_of_record
TN:
SF:src\services\user\refresh-token-service.js
FN:10,(anonymous_0)
FNF:1
FNH:1
FNDA:5,(anonymous_0)
DA:1,2
DA:2,2
DA:3,2
DA:10,2
DA:11,5
DA:12,1
DA:13,1
DA:14,1
DA:17,4
DA:18,4
DA:20,3
DA:22,3
DA:23,1
DA:24,1
DA:25,1
DA:29,2
DA:39,2
DA:41,2
DA:42,1
DA:43,1
DA:44,1
DA:45,1
DA:49,2
LF:23
LH:23
BRDA:11,0,0,1
BRDA:11,0,1,4
BRDA:22,1,0,1
BRDA:22,1,1,2
BRDA:36,2,0,2
BRDA:36,2,1,1
BRDA:41,3,0,1
BRDA:41,3,1,1
BRF:8
BRH:8
end_of_record
TN:
SF:src\services\user\register-service.js
FN:10,(anonymous_0)
FNF:1
FNH:1
FNDA:6,(anonymous_0)
DA:1,2
DA:2,2
DA:3,2
DA:10,2
DA:11,6
DA:13,6
DA:15,6
DA:16,6
DA:17,1
DA:18,1
DA:19,1
DA:20,1
DA:23,5
DA:25,5
DA:26,5
DA:28,5
DA:29,3
DA:30,3
DA:31,1
DA:34,2
DA:35,2
DA:38,2
DA:39,2
DA:40,2
DA:43,5
DA:51,5
DA:54,5
DA:55,5
DA:57,5
DA:60,2
LF:30
LH:30
BRDA:16,0,0,1
BRDA:16,0,1,5
BRDA:28,1,0,3
BRDA:28,1,1,2
BRDA:30,2,0,1
BRDA:30,2,1,2
BRDA:35,3,0,1
BRDA:35,3,1,1
BRDA:39,4,0,1
BRDA:39,4,1,1
BRDA:40,5,0,1
BRDA:40,5,1,1
BRF:12
BRH:12
end_of_record
TN:
SF:src\services\user\update-user-service.js
FN:10,(anonymous_0)
FNF:1
FNH:1
FNDA:2,(anonymous_0)
DA:1,2
DA:2,2
DA:10,2
DA:11,2
DA:13,2
DA:15,2
DA:16,1
DA:17,1
DA:18,1
DA:19,1
DA:23,1
DA:25,1
DA:27,1
DA:29,1
DA:32,2
LF:15
LH:15
BRDA:15,0,0,1
BRDA:15,0,1,1
BRF:2
BRH:2
end_of_record
TN:
SF:src\utils\database.js
FNF:0
FNH:0
DA:1,19
DA:2,19
DA:4,19
DA:32,19
LF:4
LH:4
BRDA:10,0,0,19
BRDA:10,0,1,3
BRDA:11,1,0,19
BRDA:11,1,1,4
BRDA:11,2,0,1
BRDA:11,2,1,3
BRDA:17,3,0,15
BRDA:17,3,1,4
BRDA:25,4,0,18
BRDA:25,4,1,1
BRF:10
BRH:10
end_of_record
TN:
SF:src\utils\item-validator.js
FN:12,(anonymous_0)
FN:13,(anonymous_1)
FN:22,(anonymous_2)
FN:23,(anonymous_3)
FNF:4
FNH:4
FNDA:8,(anonymous_0)
FNDA:11,(anonymous_1)
FNDA:1,(anonymous_2)
FNDA:4,(anonymous_3)
DA:1,5
DA:2,5
DA:3,5
DA:12,5
DA:13,11
DA:15,8
DA:21,8
DA:22,3
DA:23,4
DA:25,3
DA:26,3
DA:27,3
DA:28,3
DA:32,5
LF:14
LH:14
BRDA:21,0,0,3
BRDA:21,0,1,5
BRF:2
BRH:2
end_of_record
TN:
SF:src\utils\logger.js
FNF:0
FNH:0
DA:2,43
DA:4,43
DA:21,43
DA:28,43
LF:4
LH:4
BRF:0
BRH:0
end_of_record
TN:
SF:src\utils\permission.js
FNF:0
FNH:0
DA:5,1
DA:42,1
LF:2
LH:2
BRF:0
BRH:0
end_of_record
TN:
SF:src\utils\reconciliation.js
FN:11,(anonymous_0)
FNF:1
FNH:1
FNDA:5,(anonymous_0)
DA:1,3
DA:2,3
DA:11,3
DA:12,5
DA:13,5
DA:16,5
DA:22,4
DA:23,4
DA:24,3
DA:25,3
DA:26,3
DA:28,3
DA:29,1
DA:31,2
DA:35,4
DA:37,1
DA:38,1
DA:42,3
LF:18
LH:18
BRDA:16,0,0,5
BRDA:16,0,1,1
BRDA:23,1,0,3
BRDA:23,1,1,1
BRDA:28,2,0,1
BRDA:28,2,1,2
BRF:6
BRH:6
end_of_record
TN:
SF:src\utils\response.js
FN:2,(anonymous_0)
FN:11,(anonymous_1)
FN:32,(anonymous_2)
FNF:3
FNH:3
FNDA:18,(anonymous_0)
FNDA:35,(anonymous_1)
FNDA:10,(anonymous_2)
DA:2,6
DA:3,18
DA:11,6
DA:12,35
DA:13,35
DA:14,3
DA:15,32
DA:16,13
DA:19,35
DA:27,6
DA:32,10
LF:11
LH:11
BRDA:2,0,0,10
BRDA:2,1,0,18
BRDA:11,2,0,1
BRDA:11,3,0,14
BRDA:11,4,0,16
BRDA:13,5,0,3
BRDA:13,5,1,32
BRDA:15,6,0,13
BRDA:15,6,1,19
BRF:9
BRH:9
end_of_record
TN:
SF:src\utils\rfid-validator.js
FN:8,(anonymous_0)
FNF:1
FNH:1
FNDA:31,(anonymous_0)
DA:8,7
DA:9,31
DA:12,29
DA:15,20
DA:16,20
DA:21,18
DA:23,15
DA:26,7
LF:8
LH:8
BRDA:9,0,0,2
BRDA:9,0,1,29
BRDA:12,1,0,9
BRDA:12,1,1,20
BRDA:16,2,0,2
BRDA:16,2,1,18
BRDA:21,3,0,3
BRDA:21,3,1,15
BRF:8
BRH:8
end_of_record
TN:
SF:src\validations\inbound-validation.js
FN:18,(anonymous_0)
FN:29,(anonymous_1)
FNF:2
FNH:2
FNDA:2,(anonymous_0)
FNDA:2,(anonymous_1)
DA:1,1
DA:2,1
DA:4,1
DA:17,1
DA:19,2
DA:20,1
DA:22,1
DA:27,1
DA:30,2
DA:31,1
DA:33,1
DA:37,1
DA:39,1
LF:13
LH:13
BRDA:19,0,0,1
BRDA:19,0,1,1
BRDA:30,1,0,1
BRDA:30,1,1,1
BRF:4
BRH:4
end_of_record
TN:
SF:src\validations\inventory-validation.js
FNF:0
FNH:0
DA:1,1
DA:3,1
DA:10,1
LF:3
LH:3
BRF:0
BRH:0
end_of_record
TN:
SF:src\validations\item-validation.js
FN:5,(anonymous_0)
FN:20,(anonymous_1)
FNF:2
FNH:2
FNDA:2,(anonymous_0)
FNDA:2,(anonymous_1)
DA:1,1
DA:2,1
DA:4,1
DA:6,2
DA:7,1
DA:9,1
DA:19,1
DA:21,2
DA:22,1
DA:24,1
DA:33,1
LF:11
LH:11
BRDA:6,0,0,1
BRDA:6,0,1,1
BRDA:21,1,0,1
BRDA:21,1,1,1
BRF:4
BRH:4
end_of_record
TN:
SF:src\validations\location-validation.js
FNF:0
FNH:0
DA:1,2
DA:3,2
DA:12,2
DA:22,2
LF:4
LH:4
BRF:0
BRH:0
end_of_record
TN:
SF:src\validations\outbound-validation.js
FN:19,(anonymous_0)
FN:29,(anonymous_1)
FNF:2
FNH:2
FNDA:2,(anonymous_0)
FNDA:2,(anonymous_1)
DA:1,1
DA:2,1
DA:4,1
DA:18,1
DA:20,2
DA:21,1
DA:23,1
DA:28,1
DA:30,2
DA:31,1
DA:33,1
DA:37,1
LF:12
LH:12
BRDA:20,0,0,1
BRDA:20,0,1,1
BRDA:30,1,0,1
BRDA:30,1,1,1
BRF:4
BRH:4
end_of_record
TN:
SF:src\validations\user-validation.js
FNF:0
FNH:0
DA:2,1
DA:4,1
DA:11,1
DA:16,1
DA:22,1
DA:26,1
LF:6
LH:6
BRF:0
BRH:0
end_of_record
